"../../../Engine/Content/Functions/Engine_MaterialFunctions02/Utility/BlendAngleCorrectedNormals.uasset" 0
"../../../Engine/Content/Functions/MaterialLayerFunctions/MatLayerBlend_NormalBlend.uasset" 1
"../../../Engine/Content/Functions/MaterialLayerFunctions/MatLayerBlend_Simple.uasset" 2
"../../../SchoolRunner/Content/Mannequin/Character/Materials/MaterialLayers/T_ML_Rubber_Blue_01_D.uasset" 3
"../../../SchoolRunner/Content/Mannequin/Character/Materials/MaterialLayers/T_ML_Rubber_Blue_01_N.uasset" 4
"../../../SchoolRunner/Content/Mannequin/Character/Materials/MaterialLayers/ML_GlossyBlack_Latex_UE4.uasset" 5
"../../../SchoolRunner/Content/Mannequin/Character/Materials/MaterialLayers/ML_Plastic_Shiny_Beige.uasset" 6
"../../../SchoolRunner/Content/Mannequin/Character/Textures/UE4_LOGO_CARD.uasset" 7
"../../../SchoolRunner/Content/Mannequin/Character/Materials/MaterialLayers/ML_Plastic_Shiny_Beige_LOGO.uasset" 8
"../../../SchoolRunner/Content/Mannequin/Character/Materials/MaterialLayers/T_ML_Aluminum01.uasset" 9
"../../../SchoolRunner/Content/Mannequin/Character/Materials/MaterialLayers/T_ML_Aluminum01_N.uasset" 10
"../../../SchoolRunner/Content/Mannequin/Character/Materials/MaterialLayers/ML_SoftMetal_UE4.uasset" 11
"../../../SchoolRunner/Content/Mannequin/Character/Textures/UE4_Mannequin__normals.uasset" 12
"../../../SchoolRunner/Content/Mannequin/Character/Textures/UE4_Mannequin_MAT_MASKA.uasset" 13
"../../../SchoolRunner/Content/Mannequin/Character/Materials/M_UE4Man_Body.uasset" 14
"../../../SchoolRunner/Content/Mannequin/Character/Textures/UE4Man_Logo_N.uasset" 15
"../../../SchoolRunner/Content/Mannequin/Character/Materials/M_UE4Man_ChestLogo.uasset" 16
"../../../SchoolRunner/Content/Mannequin/Character/Mesh/SK_Mannequin.uasset" 17
"../../../SchoolRunner/Content/Mannequin/Character/Mesh/UE4_Mannequin_Skeleton.uasset" 18
"../../../SchoolRunner/Content/Mannequin/Animations/ThirdPerson_Jump.uasset" 19
"../../../SchoolRunner/Content/Mannequin/Animations/ThirdPersonJump_Loop.uasset" 20
"../../../SchoolRunner/Content/Mannequin/Animations/ThirdPersonJump_Start.uasset" 21
"../../../SchoolRunner/Content/Mannequin/Animations/ThirdPersonIdle.uasset" 22
"../../../SchoolRunner/Content/Mannequin/Animations/ThirdPersonRun.uasset" 23
"../../../SchoolRunner/Content/Mannequin/Animations/ThirdPersonWalk.uasset" 24
"../../../SchoolRunner/Content/Mannequin/Animations/ThirdPerson_IdleRun_2D.uasset" 25
"../../../Engine/Content/EditorBlueprintResources/StandardMacros.uasset" 26
"../../../SchoolRunner/Content/Mannequin/Animations/ThirdPerson_AnimBP.uasset" 27
"../../../SchoolRunner/Content/ThirdPersonBP/Blueprints/ThirdPersonCharacter.uasset" 28
"../../../Engine/Content/EngineSky/C_Sky_Cloud_Color.uasset" 29
"../../../Engine/Content/EngineSky/C_Sky_Horizon_Color.uasset" 30
"../../../Engine/Content/EngineSky/C_Sky_Zenith_Color.uasset" 31
"../../../Engine/Content/EngineSky/T_Sky_Blue.uasset" 32
"../../../Engine/Content/EngineSky/T_Sky_Clouds_M.uasset" 33
"../../../Engine/Content/EngineSky/T_Sky_Stars.uasset" 34
"../../../Engine/Content/EngineSky/SM_SkySphere.uasset" 35
"../../../Engine/Content/EngineSky/M_Sky_Panning_Clouds2.uasset" 36
"../../../Engine/Content/EngineSky/BP_Sky_Sphere.uasset" 37
"../../../SchoolRunner/Content/StarterContent/Architecture/TILE_OPT3.uasset" 38
"../../../SchoolRunner/Content/StarterContent/Architecture/TILE_OPT2.uasset" 39
"../../../SchoolRunner/Content/StarterContent/Materials/M_AssetPlatform.uasset" 40
"../../../SchoolRunner/Content/StarterContent/Architecture/CeilingTile.uasset" 41
"../../../SchoolRunner/Content/StarterContent/Architecture/_Light_EMIT_Flour_Bulb.uasset" 42
"../../../SchoolRunner/Content/StarterContent/Architecture/_Light_Glass_Frosted.uasset" 43
"../../../SchoolRunner/Content/StarterContent/Architecture/_Light_Metal2.uasset" 44
"../../../SchoolRunner/Content/StarterContent/Architecture/_Light_Metal.uasset" 45
"../../../SchoolRunner/Content/StarterContent/Architecture/FrontColor.uasset" 46
"../../../SchoolRunner/Content/StarterContent/Architecture/DownLight-2x4+Fluor.uasset" 47
"../../../SchoolRunner/Content/StarterContent/Architecture/Ceiling.uasset" 48
"../../../SchoolRunner/Content/StarterContent/Architecture/CeilingWOLight.uasset" 49
"../../../Engine/Content/Functions/Engine_MaterialFunctions01/Opacity/CameraDepthFade.uasset" 50
"../../../Engine/Content/EngineMaterials/T_Default_Material_Grid_M.uasset" 51
"../../../Engine/Content/EngineMaterials/T_Default_Material_Grid_N.uasset" 52
"../../../Engine/Content/EngineMaterials/WorldGridMaterial.uasset" 53
"../../../SchoolRunner/Content/StarterContent/Materials/M_Basic_Floor.uasset" 54
"../../../SchoolRunner/Content/StarterContent/Materials/M_Basic_Wall.uasset" 55
"../../../SchoolRunner/Content/StarterContent/Textures/T_Brick_Clay_New_D.uasset" 56
"../../../SchoolRunner/Content/StarterContent/Textures/T_Brick_Clay_New_M.uasset" 57
"../../../SchoolRunner/Content/StarterContent/Textures/T_Brick_Clay_New_N.uasset" 58
"../../../SchoolRunner/Content/StarterContent/Textures/T_Detail_Rocky_N.uasset" 59
"../../../SchoolRunner/Content/StarterContent/Textures/T_MacroVariation.uasset" 60
"../../../SchoolRunner/Content/StarterContent/Materials/M_Brick_Clay_New.uasset" 61
"../../../SchoolRunner/Content/StarterContent/Textures/T_Ceramic_Tile_M.uasset" 62
"../../../SchoolRunner/Content/StarterContent/Textures/T_Ceramic_Tile_N.uasset" 63
"../../../SchoolRunner/Content/StarterContent/Textures/T_Perlin_Noise_M.uasset" 64
"../../../SchoolRunner/Content/StarterContent/Textures/T_Rock_Marble_Polished_D.uasset" 65
"../../../SchoolRunner/Content/StarterContent/Materials/M_Ceramic_Tile_Checker.uasset" 66
"../../../SchoolRunner/Content/StarterContent/Textures/T_Concrete_Poured_D.uasset" 67
"../../../SchoolRunner/Content/StarterContent/Textures/T_Concrete_Poured_N.uasset" 68
"../../../SchoolRunner/Content/StarterContent/Materials/M_Concrete_Poured.uasset" 69
"../../../SchoolRunner/Content/StarterContent/Textures/T_Metal_Steel_D.uasset" 70
"../../../SchoolRunner/Content/StarterContent/Textures/T_Metal_Steel_N.uasset" 71
"../../../SchoolRunner/Content/StarterContent/Materials/M_Metal_Steel.uasset" 72
"../../../SchoolRunner/Content/StarterContent/Textures/T_Wood_Oak_D.uasset" 73
"../../../SchoolRunner/Content/StarterContent/Textures/T_Wood_Oak_N.uasset" 74
"../../../SchoolRunner/Content/StarterContent/Materials/M_Wood_Oak.uasset" 75
"../../../SchoolRunner/Content/ThirdPersonBP/Maps/ThirdPersonExampleMap.umap" 76
"../../../Engine/Content/EngineMaterials/DefaultMaterial.uasset" 77
"../../../Engine/Content/EngineMaterials/DefaultDiffuse.uasset" 78
"../../../Engine/Content/EngineMaterials/DefaultNormal.uasset" 79
"../../../Engine/Content/Maps/Entry.umap" 80
"../../../SchoolRunner/Content/StarterContent/Audio/Fire01.uasset" 81
"../../../SchoolRunner/Content/StarterContent/Audio/Fire01_Cue.uasset" 82
"../../../SchoolRunner/Content/StarterContent/Textures/T_Fire_SubUV.uasset" 83
"../../../SchoolRunner/Content/StarterContent/Textures/T_Fire_Tiled_D.uasset" 84
"../../../SchoolRunner/Content/StarterContent/Particles/Materials/M_Fire_SubUV.uasset" 85
"../../../SchoolRunner/Content/StarterContent/Textures/T_Water_N.uasset" 86
"../../../SchoolRunner/Content/StarterContent/Particles/Materials/M_Heat_Distortion.uasset" 87
"../../../Engine/Content/Functions/Engine_MaterialFunctions01/Gradient/RadialGradient.uasset" 88
"../../../SchoolRunner/Content/StarterContent/Particles/Materials/M_Radial_Gradient.uasset" 89
"../../../SchoolRunner/Content/StarterContent/Textures/T_Smoke_SubUV.uasset" 90
"../../../SchoolRunner/Content/StarterContent/Textures/T_Smoke_Tiled_D.uasset" 91
"../../../SchoolRunner/Content/StarterContent/Particles/Materials/M_smoke_subUV.uasset" 92
"../../../SchoolRunner/Content/StarterContent/Particles/P_Fire.uasset" 93
"../../../SchoolRunner/Content/StarterContent/Blueprints/Blueprint_Effect_Fire.uasset" 94
"../../../SchoolRunner/Content/StarterContent/Audio/Smoke01.uasset" 95
"../../../SchoolRunner/Content/StarterContent/Audio/Smoke01_Cue.uasset" 96
"../../../SchoolRunner/Content/StarterContent/Particles/P_Smoke.uasset" 97
"../../../SchoolRunner/Content/StarterContent/Blueprints/Blueprint_Effect_Smoke.uasset" 98
"../../../SchoolRunner/Content/StarterContent/Audio/Fire_Sparks01.uasset" 99
"../../../SchoolRunner/Content/StarterContent/Audio/Fire_Sparks01_Cue.uasset" 100
"../../../SchoolRunner/Content/StarterContent/Textures/T_Spark_Core.uasset" 101
"../../../SchoolRunner/Content/StarterContent/Particles/Materials/M_Spark.uasset" 102
"../../../SchoolRunner/Content/StarterContent/Particles/P_Sparks.uasset" 103
"../../../SchoolRunner/Content/StarterContent/Blueprints/Blueprint_Effect_Sparks.uasset" 104
"../../../SchoolRunner/Content/StarterContent/Audio/Steam01.uasset" 105
"../../../SchoolRunner/Content/StarterContent/Audio/Steam01_Cue.uasset" 106
"../../../SchoolRunner/Content/StarterContent/Particles/P_Steam_Lit.uasset" 107
"../../../SchoolRunner/Content/StarterContent/Blueprints/Blueprint_Effect_Steam.uasset" 108
"../../../SchoolRunner/Content/StarterContent/Textures/T_Lamp_M.uasset" 109
"../../../SchoolRunner/Content/StarterContent/Textures/T_Lamp_N.uasset" 110
"../../../SchoolRunner/Content/StarterContent/Props/Materials/M_Lamp.uasset" 111
"../../../SchoolRunner/Content/StarterContent/Props/SM_Lamp_Ceiling.uasset" 112
"../../../SchoolRunner/Content/StarterContent/Blueprints/Blueprint_CeilingLight.uasset" 113
"../../../SchoolRunner/Content/StarterContent/Props/SM_Lamp_Wall.uasset" 114
"../../../SchoolRunner/Content/StarterContent/Blueprints/Blueprint_WallSconce.uasset" 115
"../../../Engine/Content/EngineFonts/RobotoDistanceField.uasset" 116
"../../../Engine/Content/Functions/Engine_MaterialFunctions03/Procedurals/ComputeFilterWidth.uasset" 117
"../../../Engine/Content/EngineMaterials/AntiAliasedTextMaterialTranslucent.uasset" 118
"../../../Engine/Content/EditorMaterials/Cascade/CASC_Cross.uasset" 119
"../../../Engine/Content/EditorMaterials/Cascade/CASC_None.uasset" 120
"../../../Engine/Content/Functions/Engine_MaterialFunctions03/Blends/Blend_Overlay.uasset" 121
"../../../SchoolRunner/Content/StarterContent/Textures/T_Brick_Clay_Beveled_D.uasset" 122
"../../../SchoolRunner/Content/StarterContent/Textures/T_Brick_Clay_Beveled_M.uasset" 123
"../../../SchoolRunner/Content/StarterContent/Textures/T_Brick_Clay_Beveled_N.uasset" 124
"../../../SchoolRunner/Content/StarterContent/Materials/M_Brick_Clay_Beveled.uasset" 125
"../../../SchoolRunner/Content/StarterContent/Textures/T_Brick_Clay_Old_D.uasset" 126
"../../../SchoolRunner/Content/StarterContent/Textures/T_Brick_Clay_Old_N.uasset" 127
"../../../SchoolRunner/Content/StarterContent/Materials/M_Brick_Clay_Old.uasset" 128
"../../../SchoolRunner/Content/StarterContent/Textures/T_Brick_Cut_Stone_D.uasset" 129
"../../../SchoolRunner/Content/StarterContent/Textures/T_Brick_Cut_Stone_N.uasset" 130
"../../../SchoolRunner/Content/StarterContent/Materials/M_Brick_Cut_Stone.uasset" 131
"../../../SchoolRunner/Content/StarterContent/Textures/T_Brick_Hewn_Stone_D.uasset" 132
"../../../SchoolRunner/Content/StarterContent/Textures/T_Brick_Hewn_Stone_M.uasset" 133
"../../../SchoolRunner/Content/StarterContent/Textures/T_Brick_Hewn_Stone_N.uasset" 134
"../../../SchoolRunner/Content/StarterContent/Materials/M_Brick_Hewn_Stone.uasset" 135
"../../../SchoolRunner/Content/StarterContent/Textures/T_CobbleStone_Pebble_D.uasset" 136
"../../../SchoolRunner/Content/StarterContent/Textures/T_CobbleStone_Pebble_M.uasset" 137
"../../../SchoolRunner/Content/StarterContent/Textures/T_CobbleStone_Pebble_N.uasset" 138
"../../../SchoolRunner/Content/StarterContent/Materials/M_CobbleStone_Pebble.uasset" 139
"../../../SchoolRunner/Content/StarterContent/Textures/T_CobbleStone_Rough_D.uasset" 140
"../../../SchoolRunner/Content/StarterContent/Textures/T_CobbleStone_Rough_N.uasset" 141
"../../../SchoolRunner/Content/StarterContent/Textures/T_Gradinet_01.uasset" 142
"../../../SchoolRunner/Content/StarterContent/Textures/T_Rock_Smooth_Granite_D.uasset" 143
"../../../SchoolRunner/Content/StarterContent/Materials/M_CobbleStone_Rough.uasset" 144
"../../../SchoolRunner/Content/StarterContent/Textures/T_CobbleStone_Smooth_D.uasset" 145
"../../../SchoolRunner/Content/StarterContent/Textures/T_CobbleStone_Smooth_M.uasset" 146
"../../../SchoolRunner/Content/StarterContent/Textures/T_CobbleStone_Smooth_N.uasset" 147
"../../../SchoolRunner/Content/StarterContent/Materials/M_CobbleStone_Smooth.uasset" 148
"../../../SchoolRunner/Content/StarterContent/Textures/T_Concrete_Grime_D.uasset" 149
"../../../SchoolRunner/Content/StarterContent/Textures/T_Metal_Rust_N.uasset" 150
"../../../SchoolRunner/Content/StarterContent/Materials/M_Concrete_Grime.uasset" 151
"../../../SchoolRunner/Content/StarterContent/Textures/T_Concrete_Panels_D.uasset" 152
"../../../SchoolRunner/Content/StarterContent/Textures/T_Concrete_Panels_N.uasset" 153
"../../../SchoolRunner/Content/StarterContent/Materials/M_Concrete_Panels.uasset" 154
"../../../SchoolRunner/Content/StarterContent/Textures/T_Concrete_Tiles_D.uasset" 155
"../../../SchoolRunner/Content/StarterContent/Textures/T_Concrete_Tiles_M.uasset" 156
"../../../SchoolRunner/Content/StarterContent/Textures/T_Concrete_Tiles_N.uasset" 157
"../../../SchoolRunner/Content/StarterContent/Textures/T_Concrete_Tiles_Variation_M.uasset" 158
"../../../SchoolRunner/Content/StarterContent/Materials/M_Concrete_Tiles.uasset" 159
"../../../SchoolRunner/Content/StarterContent/Textures/T_Ground_Grass_D.uasset" 160
"../../../SchoolRunner/Content/StarterContent/Textures/T_Ground_Grass_N.uasset" 161
"../../../SchoolRunner/Content/StarterContent/Materials/M_Ground_Grass.uasset" 162
"../../../SchoolRunner/Content/StarterContent/Textures/T_Ground_Gravel_D.uasset" 163
"../../../SchoolRunner/Content/StarterContent/Textures/T_Ground_Gravel_N.uasset" 164
"../../../SchoolRunner/Content/StarterContent/Materials/M_Ground_Gravel.uasset" 165
"../../../SchoolRunner/Content/StarterContent/Textures/T_ground_Moss_D.uasset" 166
"../../../SchoolRunner/Content/StarterContent/Textures/T_Ground_Moss_N.uasset" 167
"../../../SchoolRunner/Content/StarterContent/Materials/M_Ground_Moss.uasset" 168
"../../../SchoolRunner/Content/StarterContent/Materials/M_Metal_Brushed_Nickel.uasset" 169
"../../../SchoolRunner/Content/StarterContent/Textures/T_Metal_Aluminum_D.uasset" 170
"../../../SchoolRunner/Content/StarterContent/Textures/T_Metal_Gold_N.uasset" 171
"../../../SchoolRunner/Content/StarterContent/Materials/M_Metal_Burnished_Steel.uasset" 172
"../../../SchoolRunner/Content/StarterContent/Materials/M_Metal_Chrome.uasset" 173
"../../../SchoolRunner/Content/StarterContent/Textures/T_Metal_Copper_D.uasset" 174
"../../../SchoolRunner/Content/StarterContent/Materials/M_Metal_Copper.uasset" 175
"../../../SchoolRunner/Content/StarterContent/Textures/T_Metal_Gold_D.uasset" 176
"../../../SchoolRunner/Content/StarterContent/Materials/M_Metal_Gold.uasset" 177
"../../../SchoolRunner/Content/StarterContent/Textures/T_Metal_Rust_D.uasset" 178
"../../../SchoolRunner/Content/StarterContent/Materials/M_Metal_Rust.uasset" 179
"../../../SchoolRunner/Content/StarterContent/Textures/T_Rock_Basalt_D.uasset" 180
"../../../SchoolRunner/Content/StarterContent/Textures/T_Rock_Basalt_N.uasset" 181
"../../../SchoolRunner/Content/StarterContent/Materials/M_Rock_Basalt.uasset" 182
"../../../SchoolRunner/Content/StarterContent/Materials/M_Rock_Marble_Polished.uasset" 183
"../../../SchoolRunner/Content/StarterContent/Textures/T_Rock_Sandstone_D.uasset" 184
"../../../SchoolRunner/Content/StarterContent/Textures/T_Rock_Sandstone_N.uasset" 185
"../../../SchoolRunner/Content/StarterContent/Materials/M_Rock_Sandstone.uasset" 186
"../../../SchoolRunner/Content/StarterContent/Textures/T_Rock_Slate_D.uasset" 187
"../../../SchoolRunner/Content/StarterContent/Textures/T_Rock_Slate_N.uasset" 188
"../../../SchoolRunner/Content/StarterContent/Materials/M_Rock_Slate.uasset" 189
"../../../SchoolRunner/Content/StarterContent/Textures/T_Checker_Noise_M.uasset" 190
"../../../SchoolRunner/Content/StarterContent/Textures/T_Single_Tile_N.uasset" 191
"../../../SchoolRunner/Content/StarterContent/Textures/T_Tech_Dot_M.uasset" 192
"../../../SchoolRunner/Content/StarterContent/Textures/T_Tech_Dot_N.uasset" 193
"../../../SchoolRunner/Content/StarterContent/Materials/M_Tech_Checker_Dot.uasset" 194
"../../../SchoolRunner/Content/StarterContent/Textures/T_Tech_Hex_Tile_M.uasset" 195
"../../../SchoolRunner/Content/StarterContent/Textures/T_Tech_Hex_Tile_N.uasset" 196
"../../../SchoolRunner/Content/StarterContent/Materials/M_Tech_Hex_Tile.uasset" 197
"../../../SchoolRunner/Content/StarterContent/Materials/M_Tech_Hex_Tile_Pulse.uasset" 198
"../../../SchoolRunner/Content/StarterContent/Textures/T_Tech_Panel_M.uasset" 199
"../../../SchoolRunner/Content/StarterContent/Textures/T_Tech_Panel_N.uasset" 200
"../../../SchoolRunner/Content/StarterContent/Materials/M_Tech_Panel.uasset" 201
"../../../SchoolRunner/Content/StarterContent/Materials/M_Water_Lake.uasset" 202
"../../../SchoolRunner/Content/StarterContent/Textures/T_Water_M.uasset" 203
"../../../SchoolRunner/Content/StarterContent/Materials/M_Water_Ocean.uasset" 204
"../../../SchoolRunner/Content/StarterContent/Textures/T_Wood_Floor_Walnut_D.uasset" 205
"../../../SchoolRunner/Content/StarterContent/Textures/T_Wood_Floor_Walnut_M.uasset" 206
"../../../SchoolRunner/Content/StarterContent/Textures/T_Wood_Floor_Walnut_N.uasset" 207
"../../../SchoolRunner/Content/StarterContent/Materials/M_Wood_Floor_Walnut_Polished.uasset" 208
"../../../Engine/Content/Functions/Engine_MaterialFunctions01/Opacity/AlphaOffset.uasset" 209
"../../../SchoolRunner/Content/StarterContent/Materials/M_Wood_Floor_Walnut_Worn.uasset" 210
"../../../SchoolRunner/Content/StarterContent/Textures/T_Wood_Pine_D.uasset" 211
"../../../SchoolRunner/Content/StarterContent/Textures/T_Wood_Pine_N.uasset" 212
"../../../SchoolRunner/Content/StarterContent/Materials/M_Wood_Pine.uasset" 213
"../../../SchoolRunner/Content/StarterContent/Textures/T_Wood_Walnut_D.uasset" 214
"../../../SchoolRunner/Content/StarterContent/Textures/T_Wood_Walnut_N.uasset" 215
"../../../SchoolRunner/Content/StarterContent/Materials/M_Wood_Walnut.uasset" 216
"../../../SchoolRunner/Content/StarterContent/Textures/T_Chair_M.uasset" 217
"../../../SchoolRunner/Content/StarterContent/Textures/T_Chair_N.uasset" 218
"../../../SchoolRunner/Content/StarterContent/Props/Materials/M_Chair.uasset" 219
"../../../SchoolRunner/Content/StarterContent/Architecture/Floor_400x400.uasset" 220
"../../../SchoolRunner/Content/StarterContent/Architecture/Wall_400x200.uasset" 221
"../../../SchoolRunner/Content/StarterContent/Architecture/Wall_Door_400x300.uasset" 222
"../../../SchoolRunner/Content/StarterContent/Architecture/Wall_Window_400x300.uasset" 223
"../../../SchoolRunner/Content/StarterContent/Audio/Collapse01.uasset" 224
"../../../SchoolRunner/Content/StarterContent/Audio/Collapse02.uasset" 225
"../../../SchoolRunner/Content/StarterContent/Audio/Collapse_Cue.uasset" 226
"../../../SchoolRunner/Content/StarterContent/Audio/Starter_Birds01.uasset" 227
"../../../SchoolRunner/Content/StarterContent/Audio/Starter_Wind05.uasset" 228
"../../../SchoolRunner/Content/StarterContent/Audio/Starter_Wind06.uasset" 229
"../../../SchoolRunner/Content/StarterContent/Audio/Starter_Background_Cue.uasset" 230
"../../../SchoolRunner/Content/StarterContent/Audio/Starter_Music01.uasset" 231
"../../../SchoolRunner/Content/StarterContent/Audio/Starter_Music_Cue.uasset" 232
"../../../SchoolRunner/Content/StarterContent/Textures/T_Dust_Particle_D.uasset" 233
"../../../SchoolRunner/Content/StarterContent/Particles/Materials/M_Dust_Particle.uasset" 234
"../../../SchoolRunner/Content/StarterContent/Particles/P_Ambient_Dust.uasset" 235
"../../../SchoolRunner/Content/StarterContent/Props/MaterialSphere.uasset" 236
"../../../SchoolRunner/Content/StarterContent/Props/SM_Chair.uasset" 237
"../../../SchoolRunner/Content/StarterContent/Textures/T_Frame_M.uasset" 238
"../../../SchoolRunner/Content/StarterContent/Textures/T_Frame_N.uasset" 239
"../../../SchoolRunner/Content/StarterContent/Props/Materials/M_Frame.uasset" 240
"../../../SchoolRunner/Content/StarterContent/Props/SM_CornerFrame.uasset" 241
"../../../SchoolRunner/Content/StarterContent/Props/SM_DoorFrame.uasset" 242
"../../../SchoolRunner/Content/StarterContent/Materials/M_Glass.uasset" 243
"../../../SchoolRunner/Content/StarterContent/Props/SM_GlassWindow.uasset" 244
"../../../SchoolRunner/Content/StarterContent/Props/SM_PillarFrame.uasset" 245
"../../../SchoolRunner/Content/StarterContent/Props/SM_PillarFrame300.uasset" 246
"../../../SchoolRunner/Content/StarterContent/Textures/T_Statue_M.uasset" 247
"../../../SchoolRunner/Content/StarterContent/Textures/T_Statue_N.uasset" 248
"../../../SchoolRunner/Content/StarterContent/Props/Materials/M_Statue.uasset" 249
"../../../SchoolRunner/Content/StarterContent/Props/Materials/M_StatueGlass.uasset" 250
"../../../SchoolRunner/Content/StarterContent/Props/SM_Statue.uasset" 251
"../../../SchoolRunner/Content/StarterContent/Textures/T_TableRound_M.uasset" 252
"../../../SchoolRunner/Content/StarterContent/Textures/T_TableRound_N.uasset" 253
"../../../SchoolRunner/Content/StarterContent/Props/Materials/M_TableRound.uasset" 254
"../../../SchoolRunner/Content/StarterContent/Props/SM_TableRound.uasset" 255
"../../../SchoolRunner/Content/StarterContent/Props/SM_WindowFrame.uasset" 256
"../../../SchoolRunner/Content/StarterContent/Shapes/Shape_Cube.uasset" 257
"../../../SchoolRunner/Content/StarterContent/Shapes/Shape_QuadPyramid.uasset" 258
"../../../SchoolRunner/Content/StarterContent/Shapes/Shape_Sphere.uasset" 259
"../../../SchoolRunner/Content/StarterContent/Maps/StarterMap.umap" 260
"../../../SchoolRunner/Content/StarterContent/Blueprints/Assets/FogBrightnessLUT.uasset" 261
"../../../SchoolRunner/Content/StarterContent/Blueprints/Assets/SunlightColorLUT.uasset" 262
"../../../SchoolRunner/Content/StarterContent/Blueprints/Assets/M_LightStage_Arrows.uasset" 263
"../../../Engine/Content/MapTemplates/Sky/DaylightAmbientCubemap.uasset" 264
"../../../SchoolRunner/Content/StarterContent/Blueprints/Assets/M_LightStage_Skybox_Master.uasset" 265
"../../../SchoolRunner/Content/StarterContent/Blueprints/Assets/M_LightStage_Skybox_Black.uasset" 266
"../../../SchoolRunner/Content/StarterContent/Blueprints/Assets/M_LightStage_Skybox_HDRI.uasset" 267
"../../../Engine/Content/EditorMaterials/Thumbnails/SkySphereMaterial.uasset" 268
"../../../SchoolRunner/Content/StarterContent/Blueprints/Assets/Skybox.uasset" 269
"../../../SchoolRunner/Content/StarterContent/Blueprints/Assets/SM_Arrows.uasset" 270
"../../../SchoolRunner/Content/StarterContent/HDRI/HDRI_Epic_Courtyard_Daylight.uasset" 271
"../../../SchoolRunner/Content/StarterContent/Blueprints/BP_LightStudio.uasset" 272
"../../../Engine/Content/EditorMeshes/ColorCalibrator/M_ChromeBall.uasset" 273
"../../../Engine/Content/EditorMeshes/ColorCalibrator/M_ClearCoat.uasset" 274
"../../../Engine/Content/EditorMeshes/ColorCalibrator/M_ClearCoatBlack.uasset" 275
"../../../Engine/Content/EditorMeshes/ColorCalibrator/T_ColorGrid.uasset" 276
"../../../Engine/Content/EditorMeshes/ColorCalibrator/M_ColorGrid.uasset" 277
"../../../Engine/Content/EditorMeshes/ColorCalibrator/M_GreyBall.uasset" 278
"../../../Engine/Content/EditorMeshes/ColorCalibrator/SM_ColorCalibrator.uasset" 279
"../../../SchoolRunner/Content/StarterContent/Architecture/SM_AssetPlatform.uasset" 280
"../../../SchoolRunner/Content/StarterContent/Maps/Advanced_Lighting.umap" 281
"../../../SchoolRunner/Content/StarterContent/Maps/Minimal_Default.umap" 282
"../../../Engine/Content/EditorResources/S_Actor.uasset" 283
"../../../Engine/Content/Maps/Templates/Thumbnails/Default.uasset" 284
"../../../Engine/Content/EditorMaterials/ParticleSystems/PSysThumbnail_NoImage.uasset" 285
"../../../Engine/Content/EditorMaterials/ParticleSystems/PSysThumbnail_OOD.uasset" 286
"../../../Engine/Content/EditorLandscapeResources/DataLayer.uasset" 287
"../../../Engine/Content/EngineFonts/Roboto.uasset" 288
"../../../Engine/Content/Functions/Engine_MaterialFunctions01/Shading/PowerToRoughness.uasset" 289
"../../../Engine/Content/EngineMaterials/DefaultDeferredDecalMaterial.uasset" 290
"../../../Engine/Content/EngineMaterials/DefaultLightFunctionMaterial.uasset" 291
"../../../Engine/Content/Functions/Engine_MaterialFunctions02/Utility/BreakOutFloat2Components.uasset" 292
"../../../Engine/Content/EngineMaterials/DefaultPostProcessMaterial.uasset" 293
"../../../Engine/Content/EngineResources/DefaultTexture.uasset" 294
"../../../Engine/Content/Functions/Engine_MaterialFunctions02/Texturing/ScreenAlignedUVs.uasset" 295
"../../../Engine/Content/EngineResources/WhiteSquareTexture.uasset" 296
"../../../Engine/Content/EngineMaterials/Widget3DPassThrough.uasset" 297
"../../../Engine/Content/EngineMaterials/Widget3DPassThrough_Translucent.uasset" 298
"../../../Engine/Content/EngineMaterials/Widget3DPassThrough_Translucent_OneSided.uasset" 299
"../../../Engine/Content/EngineMaterials/Widget3DPassThrough_Opaque.uasset" 300
"../../../Engine/Content/EngineMaterials/Widget3DPassThrough_Opaque_OneSided.uasset" 301
"../../../Engine/Content/EngineMaterials/Widget3DPassThrough_Masked.uasset" 302
"../../../Engine/Content/EngineMaterials/Widget3DPassThrough_Masked_OneSided.uasset" 303
"../../../Engine/Content/EngineDamageTypes/DmgTypeBP_Environmental.uasset" 304
"../../../Engine/Content/EngineMeshes/Sphere.uasset" 305
"../../../Engine/Content/EngineMaterials/DefaultTextMaterialOpaque.uasset" 306
"../../../Engine/Content/EditorResources/S_Trigger.uasset" 307
"../../../Engine/Content/EngineResources/GradientTexture0.uasset" 308
"../../../Engine/Content/EngineResources/Black.uasset" 309
"../../../Engine/Content/EditorMaterials/MatineeGroups/MAT_Groups_Float.uasset" 310
"../../../Engine/Content/EditorMaterials/MatineeGroups/MAT_Groups_Director.uasset" 311
"../../../Engine/Content/EditorMaterials/MatineeGroups/MAT_Groups_Event.uasset" 312
"../../../Engine/Content/EditorMaterials/MatineeGroups/MAT_Groups_Anim.uasset" 313
"../../../Engine/Content/EditorMaterials/MatineeGroups/MAT_Groups_Fade.uasset" 314
"../../../Engine/Content/EditorMaterials/MatineeGroups/MAT_Groups_Move.uasset" 315
"../../../Engine/Content/EditorMaterials/MatineeGroups/MAT_Groups_Slomo.uasset" 316
"../../../Engine/Content/EditorMaterials/MatineeGroups/MAT_ColorTrack.uasset" 317
"../../../Engine/Content/EditorMaterials/MAT_Groups_Toggle.uasset" 318
"../../../Engine/Content/EditorMaterials/MatineeGroups/MAT_Groups_AudioMaster.uasset" 319
"../../../Engine/Content/EditorMaterials/MatineeGroups/MAT_Groups_Sound.uasset" 320
"../../../Engine/Content/EditorMaterials/MatineeGroups/MAT_Groups_Vector.uasset" 321
"../../../Engine/Content/EditorMaterials/MAT_Groups_Visibility.uasset" 322
"../../../Engine/Content/EngineResources/DefaultTextureCube.uasset" 323
"../../../Engine/Content/EngineMeshes/Cylinder.uasset" 324
"../../../Engine/Content/EngineTireTypes/DefaultTireType.uasset" 325
"../../../Engine/Content/EngineResources/AICON-Red.uasset" 326
"../../../Engine/Content/EngineResources/AICON-Green.uasset" 327
"../../../Engine/Content/Tutorial/Basics/LevelEditorAttract.uasset" 328
"../../../Engine/Content/Tutorial/ContentIntroCurve.uasset" 329
"../../../Engine/Plugins/2D/Paper2D/Content/PlaceholderTextures/DummySpriteTexture.uasset" 330
"../../../Engine/Plugins/2D/Paper2D/Content/DummySpriteTexture.uasset" 331
"../../../Engine/Plugins/2D/Paper2D/Content/DefaultSpriteMaterial.uasset" 332
"../../../Engine/Plugins/2D/Paper2D/Content/MaskedUnlitSpriteMaterial.uasset" 333
"../../../Engine/Plugins/2D/Paper2D/Content/OpaqueUnlitSpriteMaterial.uasset" 334
"../../../Engine/Plugins/2D/Paper2D/Content/DummySprite.uasset" 335
"../../../Engine/Plugins/2D/Paper2D/Content/DefaultPaperTerrainMaterial.uasset" 336
"../../../Engine/Plugins/Runtime/LeapMotionController/Content/LM_CapsuleMesh.uasset" 337
"../../../Engine/Plugins/Runtime/LeapMotionController/Content/LM_TorusMesh.uasset" 338
"../../../Engine/Plugins/Runtime/LeapMotionController/Content/LM_HandColor.uasset" 339
"../../../Engine/Plugins/Runtime/LeapMotionController/Content/LM_SampleDistortion.uasset" 340
"../../../Engine/Plugins/Runtime/LeapMotionController/Content/LM_TestTexture.uasset" 341
"../../../Engine/Plugins/Runtime/LeapMotionController/Content/LM_PassthroughMaterial.uasset" 342
"../../../Engine/Content/BasicShapes/Cube.uasset" 343
"../../../Engine/Content/EngineMaterials/RemoveSurfaceMaterial.uasset" 344
"../../../Engine/Content/EngineDebugMaterials/DebugMeshMaterial.uasset" 345
"../../../Engine/Content/EngineMaterials/InvalidLightmapSettings.uasset" 346
"../../../Engine/Content/EngineMaterials/M_InvalidLightmapSettings.uasset" 347
"../../../Engine/Content/EditorMaterials/GizmoMaterial.uasset" 348
"../../../Engine/Content/EngineMaterials/Good64x64TilingNoiseHighFreq.uasset" 349
"../../../Engine/Content/EngineMaterials/DefaultBokeh.uasset" 350
"../../../Engine/Content/EngineMaterials/PreintegratedSkinBRDF.uasset" 351
"../../../Engine/Content/EngineMaterials/MiniFont.uasset" 352
"../../../Engine/Content/EngineMaterials/WeightMapPlaceholderTexture.uasset" 353
"../../../Engine/Content/EngineMaterials/DefaultPhysicalMaterial.uasset" 354
"../../../Engine/Content/EngineFonts/RobotoTiny.uasset" 355
"../../../Engine/Content/MobileResources/HUD/VirtualJoystick_Background.uasset" 356
"../../../Engine/Content/MobileResources/HUD/VirtualJoystick_Thumb.uasset" 357
"../../../Engine/Content/MobileResources/HUD/LeftVirtualJoystickOnly.uasset" 358
"../../../SchoolRunner/Content/StarterContent/Shapes/Shape_Wedge_A.uasset" 359
"../../../SchoolRunner/Content/StarterContent/Shapes/Shape_Wedge_B.uasset" 360
"../../../SchoolRunner/Content/StarterContent/Shapes/Shape_WideCapsule.uasset" 361
"../../../Engine/Content/EditorResources/AudioIcons/S_AudioComponent_AutoActivate.uasset" 362
"../../../Engine/Content/MobileResources/T_MobileMenu2.uasset" 363
"../../../Engine/Content/MobileResources/HUD/DefaultVirtualJoysticks.uasset" 364
"../../../Engine/Content/MobileResources/HUD/MobileHUDButton1_on.uasset" 365
"../../../SchoolRunner/Content/StarterContent/Shapes/Shape_Torus.uasset" 366
"../../../SchoolRunner/Content/StarterContent/Shapes/Shape_Trim.uasset" 367
"../../../SchoolRunner/Content/StarterContent/Shapes/Shape_Trim_90_In.uasset" 368
"../../../SchoolRunner/Content/StarterContent/Shapes/Shape_Trim_90_Out.uasset" 369
"../../../SchoolRunner/Content/StarterContent/Shapes/Shape_TriPyramid.uasset" 370
"../../../SchoolRunner/Content/StarterContent/Shapes/Shape_Tube.uasset" 371
"../../../SchoolRunner/Content/StarterContent/Architecture/Wall_Window_400x400.uasset" 372
"../../../SchoolRunner/Content/StarterContent/Architecture/DownLight-2x4+Fluor/_Light_Glass_Frosted.uasset" 373
"../../../SchoolRunner/Content/ThirdPerson/Meshes/RampMaterial.uasset" 374
"../../../SchoolRunner/Content/ThirdPerson/Meshes/Bump_StaticMesh.uasset" 375
"../../../SchoolRunner/Content/ThirdPerson/Meshes/LeftArm_StaticMesh.uasset" 376
"../../../SchoolRunner/Content/ThirdPerson/Meshes/Linear_Stair_StaticMesh.uasset" 377
"../../../SchoolRunner/Content/ThirdPerson/Meshes/Ramp_StaticMesh.uasset" 378
"../../../SchoolRunner/Content/ThirdPerson/Meshes/RightArm_StaticMesh.uasset" 379
"../../../SchoolRunner/Content/ThirdPersonBP/ThirdPersonOverview.uasset" 380
"../../../SchoolRunner/Content/Brakground_Grunge_1.uasset" 381
"../../../SchoolRunner/Content/UMG/MainMenu.uasset" 382
"../../../Engine/Content/EditorResources/LightIcons/S_LightError.uasset" 383
"../../../Engine/Content/EditorResources/EmptyActor.uasset" 384
"../../../Engine/Content/MobileResources/T_MobileControls_texture.uasset" 385
"../../../Engine/Content/MobileResources/HUD/AnalogHat.uasset" 386
"../../../Engine/Content/MobileResources/HUD/MobileHUDButton1_off.uasset" 387
"../../../Engine/Content/MobileResources/HUD/MobileHUDButton2_off.uasset" 388
"../../../Engine/Content/MobileResources/HUD/MobileHUDButton3.uasset" 389
"../../../Engine/Content/MobileResources/HUD/MobileHUDDirectionPad.uasset" 390
"../../../Engine/Content/MobileResources/HUD/MobileHUDDirectionPad3.uasset" 391
"../../../Engine/Content/MobileResources/HUD/T_Castle_ThumbstickInner.uasset" 392
"../../../SchoolRunner/Content/Mannequin/Character/Mesh/SK_Mannequin_PhysicsAsset.uasset" 393
"../../../SchoolRunner/Content/StarterContent/Architecture/8659-v3.uasset" 394
"../../../SchoolRunner/Content/StarterContent/Architecture/HallCeiling.uasset" 395
"../../../SchoolRunner/Content/StarterContent/Architecture/Pillar_50x500.uasset" 396
"../../../SchoolRunner/Content/StarterContent/Architecture/Wall_400x300.uasset" 397
"../../../SchoolRunner/Content/StarterContent/Architecture/Wall_400x400.uasset" 398
"../../../SchoolRunner/Content/StarterContent/Architecture/Wall_500x500.uasset" 399
"../../../SchoolRunner/Content/StarterContent/Architecture/Wall_Door_400x400.uasset" 400
"../../../SchoolRunner/Content/StarterContent/Architecture/_Light_Glass_Frosted2.uasset" 401
"../../../SchoolRunner/Content/StarterContent/Architecture/DownLight-2x4+Fluor/_Light_Metal.uasset" 402
"../../../Engine/Content/EditorResources/AudioIcons/S_AudioComponent.uasset" 403
"../../../Engine/Content/MobileResources/HUD/MobileHUDDirectionPad2.uasset" 404
"../../../Engine/Content/MobileResources/HUD/MobileHUDButtonFire.uasset" 405
"../../../Engine/Content/MobileResources/HUD/T_Castle_ThumbstickOutter.uasset" 406
"../../../Engine/Content/MobileResources/HUD/MobileHUDDirectionStick.uasset" 407
"../../../Engine/Content/MobileResources/HUD/MobileHUDButton2_on.uasset" 408
"../../../Engine/Content/EditorMaterials/PhAT_JointLimitMaterial.uasset" 409
"../../../Engine/Content/EditorMaterials/PreviewShadowIndicator.uasset" 410
"../../../Engine/Content/EditorMaterials/PreviewShadowIndicatorMaterial.uasset" 411
"../../../Engine/Content/EditorResources/BSPVertex.uasset" 412
"../../../Engine/Content/EngineDebugMaterials/HeatmapGradient.uasset" 413
"../../../Engine/Content/EngineDebugMaterials/BoneWeightMaterial.uasset" 414
"../../../Engine/Content/EngineDebugMaterials/GeomMaterial.uasset" 415
"../../../Engine/Content/Functions/Engine_MaterialFunctions01/Shading/ConvertFromDiffSpec.uasset" 416
"../../../Engine/Content/EngineDebugMaterials/LevelColorationLitMaterial.uasset" 417
"../../../Engine/Content/EngineDebugMaterials/LevelColorationUnlitMaterial.uasset" 418
"../../../Engine/Content/EngineMaterials/DefaultWhiteGrid.uasset" 419
"../../../Engine/Content/EngineDebugMaterials/MAT_LevelColorationLitLightmapUV.uasset" 420
"../../../Engine/Content/EngineDebugMaterials/ShadedLevelColorationLitMaterial.uasset" 421
"../../../Engine/Content/EngineDebugMaterials/ShadedLevelColorationUnlitMateri.uasset" 422
"../../../Engine/Content/EngineDebugMaterials/VertexColorMaterial.uasset" 423
"../../../Engine/Content/EngineDebugMaterials/VertexColorViewMode_AlphaAsColor.uasset" 424
"../../../Engine/Content/EngineDebugMaterials/VertexColorViewMode_BlueOnly.uasset" 425
"../../../Engine/Content/EngineDebugMaterials/VertexColorViewMode_ColorOnly.uasset" 426
"../../../Engine/Content/EngineDebugMaterials/VertexColorViewMode_GreenOnly.uasset" 427
"../../../Engine/Content/EngineDebugMaterials/VertexColorViewMode_RedOnly.uasset" 428
"../../../Engine/Content/EngineDebugMaterials/WireframeMaterial.uasset" 429
"../../../Engine/Content/EngineMaterials/EditorBrushMaterial.uasset" 430
"../../../Engine/Content/Tutorial/Basics/TutorialAssets/icon_tab_Levels_40x.uasset" 431
"../../../Engine/Content/Tutorial/Basics/LevelEditorOverview.uasset" 432
"../../../Engine/Content/Tutorial/BlueprintTutorials/TutorialAssets/Blueprint_64x.uasset" 433
"../../../Engine/Content/Tutorial/BlueprintTutorials/BlueprintEditorTutorial.uasset" 434
"../../../Engine/Content/Tutorial/BlueprintTutorials/TutorialAssets/BlueprintInterface_64x.uasset" 435
"../../../Engine/Content/Tutorial/BlueprintTutorials/TutorialAssets/Tutorial_BP_Interface.uasset" 436
"../../../Engine/Content/Tutorial/BlueprintTutorials/BlueprintInterfacesEditorOverview.uasset" 437
"../../../Engine/Content/Tutorial/BlueprintTutorials/TutorialAssets/BlueprintMacroLibrary_64x.uasset" 438
"../../../Engine/Content/Tutorial/BlueprintTutorials/TutorialAssets/Tutorial_BP_MacroLib.uasset" 439
"../../../Engine/Content/Tutorial/BlueprintTutorials/BlueprintMacroLibrariesEditorOverview.uasset" 440
"../../../Engine/Content/Tutorial/BlueprintTutorials/LevelBlueprintEditorOverview.uasset" 441
"../../../Engine/Content/Tutorial/Foliage/TutorialAssets/Foliage.uasset" 442
"../../../Engine/Content/Tutorial/Foliage/Foliage_Settings_Tutorial.uasset" 443
"../../../Engine/Content/Tutorial/Foliage/Foliage_Using_The_Tool_Tutorial.uasset" 444
"../../../Engine/Content/Tutorial/Foliage/Foliage_Intro_Tutorial.uasset" 445
"../../../Engine/Content/Tutorial/Landscape/TutorialAssets/Landscape.uasset" 446
"../../../Engine/Content/Tutorial/Landscape/Landscape_Painting_Mode.uasset" 447
"../../../Engine/Content/Tutorial/Landscape/Landscape_Sculpt_Mode.uasset" 448
"../../../Engine/Content/Tutorial/Landscape/Landscape_Manage_Mode.uasset" 449
"../../../Engine/Content/Tutorial/Paper2D/TutorialAssets/Paper2DFlipbook_TutorialIcon.uasset" 450
"../../../Engine/Content/Tutorial/Paper2D/FlipbookEditorTutorial.uasset" 451
"../../../Engine/Content/Tutorial/Paper2D/TutorialAssets/Paper2DSprite_TutorialIcon.uasset" 452
"../../../Engine/Content/Tutorial/Paper2D/SpriteEditorTutorial.uasset" 453
"../../../Engine/Content/EditorMeshes/EditorCube.uasset" 454
"../../../Engine/Content/Tutorial/SubEditors/TutorialAssets/Tutorial_DM.uasset" 455
"../../../Engine/Content/Tutorial/SubEditors/DestructibleMeshEditorTutorial.uasset" 456
"../../../Engine/Content/Tutorial/SubEditors/TutorialAssets/TutorialMaterial.uasset" 457
"../../../Engine/Content/Tutorial/SubEditors/MaterialEditorTutorial.uasset" 458
"../../../Engine/Content/Tutorial/SubEditors/TutorialAssets/T_SmokeSubUV_8X8.uasset" 459
"../../../Engine/Content/Tutorial/SubEditors/TutorialAssets/T_soft_smoke.uasset" 460
"../../../Engine/Content/Tutorial/SubEditors/TutorialAssets/M_smoke_subUV_blackbody.uasset" 461
"../../../Engine/Content/Tutorial/SubEditors/TutorialAssets/TutorialParticleSystem.uasset" 462
"../../../Engine/Content/Tutorial/SubEditors/ParticleSystemEditorTutorial.uasset" 463
"../../../Engine/Content/Tutorial/SubEditors/TutorialAssets/icon_ShowSkeletalMeshes_40x.uasset" 464
"../../../Engine/Content/Tutorial/SubEditors/TutorialAssets/Character/TutorialTPP_Mat.uasset" 465
"../../../Engine/Content/Tutorial/SubEditors/TutorialAssets/Character/TutorialTPP_PhysicsAsset.uasset" 466
"../../../Engine/Content/Tutorial/SubEditors/TutorialAssets/Character/TutorialTPP.uasset" 467
"../../../Engine/Content/Tutorial/SubEditors/TutorialAssets/Character/TutorialTPP_Skeleton.uasset" 468
"../../../Engine/Content/Tutorial/SubEditors/TutorialAssets/Character/Tutorial_Idle.uasset" 469
"../../../Engine/Content/Tutorial/SubEditors/TutorialAssets/Character/Tutorial_Walk_Fwd.uasset" 470
"../../../Engine/Content/Tutorial/SubEditors/TutorialAssets/Character/NewBlendSpace1D.uasset" 471
"../../../Engine/Content/Tutorial/SubEditors/TutorialAssets/Character/TutorialCharacter.uasset" 472
"../../../Engine/Content/Tutorial/SubEditors/TutorialAssets/Character/TutorialTPP_AnimBlueprint.uasset" 473
"../../../Engine/Content/Tutorial/SubEditors/PersonaAnimBlueprintEditorWalkthrough.uasset" 474
"../../../Engine/Content/Tutorial/SubEditors/PersonaAnimEditorWalkthrough.uasset" 475
"../../../Engine/Content/Tutorial/SubEditors/PersonaAnimEditorTutorial.uasset" 476
"../../../Engine/Content/EngineMeshes/Cube.uasset" 477
"../../../Engine/Content/Tutorial/SubEditors/StaticMeshEditorTutorial.uasset" 478
"../../../Engine/Content/Tutorial/SubEditors/TutorialAssets/icon_Editor_Preferences_General_40x.uasset" 479
"../../../SchoolRunner/Content/Geometry/Meshes/CubeMaterial.uasset" 480
"../../../SchoolRunner/Content/Geometry/Meshes/1M_Cube.uasset" 481
"../../../SchoolRunner/Content/Geometry/Meshes/1M_Cube_Chamfer.uasset" 482
"../../../SchoolRunner/Content/Geometry/Meshes/TemplateFloor.uasset" 483
"../../../SchoolRunner/Content/Mannequin/Animations/ThirdPersonJump_End.uasset" 484
"../../../SchoolRunner/Content/StarterContent/Architecture/CeilingTile/TILE_OPT2.uasset" 485
"../../../SchoolRunner/Content/StarterContent/Audio/Light01.uasset" 486
"../../../SchoolRunner/Content/StarterContent/Audio/Light01_Cue.uasset" 487
"../../../SchoolRunner/Content/StarterContent/Audio/Light02.uasset" 488
"../../../SchoolRunner/Content/StarterContent/Audio/Light02_Cue.uasset" 489
"../../../SchoolRunner/Content/StarterContent/Audio/Explosion01.uasset" 490
"../../../SchoolRunner/Content/StarterContent/Audio/Explosion02.uasset" 491
"../../../SchoolRunner/Content/StarterContent/Audio/Explosion_Cue.uasset" 492
"../../../SchoolRunner/Content/StarterContent/Textures/T_Burst_M.uasset" 493
"../../../SchoolRunner/Content/StarterContent/Particles/Materials/M_Burst.uasset" 494
"../../../SchoolRunner/Content/StarterContent/Textures/T_Explosion_SubUV.uasset" 495
"../../../SchoolRunner/Content/StarterContent/Particles/Materials/M_explosion_subUV.uasset" 496
"../../../SchoolRunner/Content/StarterContent/Particles/Materials/m_flare_01.uasset" 497
"../../../SchoolRunner/Content/StarterContent/Particles/Materials/M_radial_ramp.uasset" 498
"../../../SchoolRunner/Content/StarterContent/Particles/P_Explosion.uasset" 499
"../../../SchoolRunner/Content/StarterContent/Blueprints/Blueprint_Effect_Explosion.uasset" 500
"../../../SchoolRunner/Content/StarterContent/Materials/M_ColorGrid_LowSpec.uasset" 501
"../../../SchoolRunner/Content/StarterContent/Textures/T_Bush_D.uasset" 502
"../../../SchoolRunner/Content/StarterContent/Textures/T_Bush_N.uasset" 503
"../../../SchoolRunner/Content/StarterContent/Props/Materials/M_Bush.uasset" 504
"../../../SchoolRunner/Content/StarterContent/Props/SM_Bush.uasset" 505
"../../../SchoolRunner/Content/StarterContent/Props/SM_Couch.uasset" 506
"../../../SchoolRunner/Content/StarterContent/Textures/T_Door_M.uasset" 507
"../../../SchoolRunner/Content/StarterContent/Textures/T_Door_N.uasset" 508
"../../../SchoolRunner/Content/StarterContent/Props/Materials/M_Door.uasset" 509
"../../../SchoolRunner/Content/StarterContent/Props/SM_Door.uasset" 510
"../../../SchoolRunner/Content/StarterContent/Props/Materials/M_MaterialSphere.uasset" 511
"../../../SchoolRunner/Content/StarterContent/Props/Materials/M_MaterialSphere_Plain.uasset" 512
"../../../SchoolRunner/Content/StarterContent/Props/SM_MatPreviewMesh_02.uasset" 513
"../../../SchoolRunner/Content/StarterContent/Textures/T_RockMesh_M.uasset" 514
"../../../SchoolRunner/Content/StarterContent/Textures/T_RockMesh_N.uasset" 515
"../../../SchoolRunner/Content/StarterContent/Props/Materials/M_Rock.uasset" 516
"../../../SchoolRunner/Content/StarterContent/Props/SM_Rock.uasset" 517
"../../../SchoolRunner/Content/StarterContent/Textures/T_Shelf_M.uasset" 518
"../../../SchoolRunner/Content/StarterContent/Textures/T_Shelf_N.uasset" 519
"../../../SchoolRunner/Content/StarterContent/Props/Materials/M_Shelf.uasset" 520
"../../../SchoolRunner/Content/StarterContent/Props/SM_Shelf.uasset" 521
"../../../SchoolRunner/Content/StarterContent/Props/SM_Stairs.uasset" 522
"../../../SchoolRunner/Content/StarterContent/Shapes/Shape_Cone.uasset" 523
"../../../SchoolRunner/Content/StarterContent/Shapes/Shape_Cylinder.uasset" 524
"../../../SchoolRunner/Content/StarterContent/Shapes/Shape_NarrowCapsule.uasset" 525
"../../../SchoolRunner/Content/StarterContent/Shapes/Shape_Pipe.uasset" 526
"../../../SchoolRunner/Content/StarterContent/Shapes/Shape_Pipe_180.uasset" 527
"../../../SchoolRunner/Content/StarterContent/Shapes/Shape_Pipe_90.uasset" 528
"../../../SchoolRunner/Content/StarterContent/Shapes/Shape_Plane.uasset" 529
"../../../SchoolRunner/Content/ThirdPersonBP/Blueprints/ThirdPersonGameMode.uasset" 530
