Log file open, 09/29/16 14:31:54
LogInit:Display: Running engine for game: SchoolRunner
LogPlatformFile: Not using cached read wrapper
LogInit:Display: RandInit(-1446635167) SRandInit(-1446635165).
LogTaskGraph: Started task graph with 4 named threads and 7 total threads with 1 sets of task threads.
LogStats: Stats thread started at 0.066460
LogInit: Version: 4.12.5-3039270+++UE4+Release-4.12
LogInit: API Version: 2992821
LogInit: Net Version: 3039270
LogDevObjectVersion: Number of dev versions registered: 13
LogDevObjectVersion:   Dev-Blueprints (B0D832E4-1F89-4F0D-ACCF-7EB736FD4AA2): 3
LogDevObjectVersion:   Dev-Build (E1C64328-A22C-4D53-A36C-8E866417BD8C): 0
LogDevObjectVersion:   Dev-Core (375EC13C-06E4-48FB-B500-84F0262A717E): 1
LogDevObjectVersion:   Dev-Editor (E4B068ED-F494-42E9-A231-DA0B2E46BB41): 2
LogDevObjectVersion:   Dev-Framework (CFFC743F-43B0-4480-9391-14DF171D2073): 6
LogDevObjectVersion:   Dev-Mobile (B02B49B5-BB20-44E9-A304-32B752E40360): 0
LogDevObjectVersion:   Dev-Networking (A4E4105C-59A1-49B5-A7C5-40C4547EDFEE): 0
LogDevObjectVersion:   Dev-Online (39C831C9-5AE6-47DC-9A44-9C173E1C8E7C): 0
LogDevObjectVersion:   Dev-Physics (78F01B33-EBEA-4F98-B9B4-84EACCB95AA2): 0
LogDevObjectVersion:   Dev-Platform (6631380F-2D4D-43E0-8009-CF276956A95A): 0
LogDevObjectVersion:   Dev-Rendering (12F88B9F-8875-4AFC-A67C-D90C383ABD29): 2
LogDevObjectVersion:   Dev-Sequencer (7B5AE74C-D270-4C10-A958-57980B212A5A): 0
LogDevObjectVersion:   Dev-VR (D7296918-1DD6-4BDD-9DE2-64A83CC13884): 0
LogInit: Compiled (64-bit): Jul  6 2016 09:09:46
LogInit: Compiled with Visual C++: 19.00.23026.00
LogInit: Build Configuration: Development
LogInit: Branch Name: ++UE4+Release-4.12
LogInit: Command line:  
LogInit: Base directory: C:/Program Files (x86)/Epic Games/4.12/Engine/Binaries/Win64/
LogInit: Installed Engine Build: 1
LogInit: Using libcurl 7.41.0
LogInit:  - built for x86_64-pc-win32
LogInit:  - supports SSL with WinSSL
LogInit:  - other features:
LogInit:      CURL_VERSION_SSL
LogInit:      CURL_VERSION_IPV6
LogInit:      CURL_VERSION_ASYNCHDNS
LogInit:      CURL_VERSION_LARGEFILE
LogInit:      CURL_VERSION_IDN
LogInit:  CurlRequestOptions (configurable via config and command line):
LogInit:  - bVerifyPeer = true  - Libcurl will verify peer certificate
LogInit:  - bUseHttpProxy = false  - Libcurl will NOT use HTTP proxy
LogInit:  - bDontReuseConnections = false  - Libcurl will reuse connections
LogInit:  - CertBundlePath = nullptr  - Libcurl will use whatever was configured at build time.
LogInit: Presizing for max 8388607 objects, including 0 objects not considered by GC, pre-allocating 0 bytes for permanent pool.
LogInit: Object subsystem initialized
[2016.09.29-18.31.54:853][  0]LogInit: Selected Device Profile: [Windows]
[2016.09.29-18.31.54:853][  0]LogInit: Applying CVar settings loaded from the selected device profile: [Windows]
[2016.09.29-18.31.54:861][  0]LogInit: Computer: 2016-KISER-06
[2016.09.29-18.31.54:861][  0]LogInit: User: anpaint19
[2016.09.29-18.31.54:861][  0]LogInit: CPU Page size=65536, Cores=4
[2016.09.29-18.31.54:861][  0]LogInit: High frequency timer resolution =3.328339 MHz
[2016.09.29-18.31.54:861][  0]LogMemory: Memory total: Physical=15.9GB (16GB approx)
[2016.09.29-18.31.54:861][  0]LogMemory: Platform Memory Stats for Windows
[2016.09.29-18.31.54:861][  0]LogMemory: Process Physical Memory: 191.65 MB used, 191.65 MB peak
[2016.09.29-18.31.54:861][  0]LogMemory: Process Virtual Memory: 196.98 MB used, 196.98 MB peak
[2016.09.29-18.31.54:861][  0]LogMemory: Physical Memory: 4289.04 MB used, 16304.60 MB total
[2016.09.29-18.31.54:861][  0]LogMemory: Virtual Memory: 522.00 MB used, 8388608.00 MB total
[2016.09.29-18.31.54:887][  0]LogTextLocalizationManager: No specific translations for ('en-US') exist, so ('en') translations will be used.
[2016.09.29-18.31.55:206][  0]LogD3D11RHI: D3D11 adapters:
[2016.09.29-18.31.55:221][  0]LogD3D11RHI:    0. 'NVIDIA Quadro K2200 ' (Feature Level 11_0)
[2016.09.29-18.31.55:221][  0]LogD3D11RHI:       4034/0/7896 MB DedicatedVideo/DedicatedSystem/SharedSystem, Outputs:2, VendorId:0x10de
[2016.09.29-18.31.55:221][  0]LogD3D11RHI: Chosen D3D11 Adapter: 0
[2016.09.29-18.31.55:224][  0]LogD3D11RHI: Creating new Direct3DDevice
[2016.09.29-18.31.55:224][  0]LogD3D11RHI:     GPU DeviceId: 0x13ba (for the marketing name, search the web for "GPU Device Id")
[2016.09.29-18.31.55:224][  0]LogWindows: EnumDisplayDevices:
[2016.09.29-18.31.55:224][  0]LogWindows:    0. 'NVIDIA Quadro K2200 ' (P:0 D:1)
[2016.09.29-18.31.55:225][  0]LogWindows:    1. 'NVIDIA Quadro K2200 ' (P:1 D:1)
[2016.09.29-18.31.55:225][  0]LogWindows:    2. 'NVIDIA Quadro K2200 ' (P:0 D:0)
[2016.09.29-18.31.55:225][  0]LogWindows:    3. 'NVIDIA Quadro K2200 ' (P:0 D:0)
[2016.09.29-18.31.55:225][  0]LogWindows:    4. 'RDPDD Chained DD' (P:0 D:0)
[2016.09.29-18.31.55:225][  0]LogWindows:    5. 'RDP Encoder Mirror Driver' (P:0 D:0)
[2016.09.29-18.31.55:225][  0]LogWindows:    6. 'RDP Reflector Display Driver' (P:0 D:0)
[2016.09.29-18.31.55:225][  0]LogWindows: DebugString: GetVideoDriverDetailsInvalid PrimaryIsNotTheChoosenAdapter GetVideoDriverDetailsInvalid PrimaryIsNotTheChoosenAdapter GetVideoDriverDetailsInvalid PrimaryIsNotTheChoosenAdapter FoundDriverCount:4 
[2016.09.29-18.31.55:225][  0]LogD3D11RHI:     Adapter Name: NVIDIA Quadro K2200 
[2016.09.29-18.31.55:225][  0]LogD3D11RHI:   Driver Version: 361.91 (internal:10.18.13.6191, unified:361.91)
[2016.09.29-18.31.55:225][  0]LogD3D11RHI:      Driver Date: 2-8-2016
[2016.09.29-18.31.55:225][  0]LogRHI: Texture pool is 1361 MB (70% of 1945 MB)
[2016.09.29-18.31.55:231][  0]LogD3D11RHI: Async texture creation enabled
[2016.09.29-18.31.55:245][  0]LogD3D11RHI: GPU Timing Frequency: 1000.000000 (Debug: 2 2)
[2016.09.29-18.31.55:245][  0]LogShaderCompilers: Guid format shader working directory is -15 characters bigger than the processId version (../../../../../../Users/anpaint19/Google Drive/SchoolRunner 4.12/Intermediate/Shaders/WorkingDirectory/1080/).
[2016.09.29-18.31.55:245][  0]LogShaderCompilers: Cleaned the shader compiler working directory 'C:/Users/ANPAIN~1/AppData/Local/Temp/UnrealShaderWorkingDir/1D7BBE6D49967104B1834681AB343815/'.
[2016.09.29-18.31.55:245][  0]LogShaderCompilers:Display: Using Local Shader Compiler.
[2016.09.29-18.31.55:931][  0]LogTemp:Display: Loaded TP AllDesktopTargetPlatform
[2016.09.29-18.31.55:939][  0]LogTemp:Display: Loaded TP WindowsClientTargetPlatform
[2016.09.29-18.31.55:947][  0]LogTemp:Display: Loaded TP WindowsNoEditorTargetPlatform
[2016.09.29-18.31.55:954][  0]LogTemp:Display: Loaded TP WindowsServerTargetPlatform
[2016.09.29-18.31.55:961][  0]LogTemp:Display: Loaded TP WindowsTargetPlatform
[2016.09.29-18.31.55:968][  0]LogTemp:Display: Loaded TP AndroidTargetPlatform
[2016.09.29-18.31.55:974][  0]LogTemp:Display: Loaded TP Android_ASTCTargetPlatform
[2016.09.29-18.31.55:980][  0]LogTemp:Display: Loaded TP Android_ATCTargetPlatform
[2016.09.29-18.31.55:987][  0]LogTemp:Display: Loaded TP Android_DXTTargetPlatform
[2016.09.29-18.31.55:992][  0]LogTemp:Display: Loaded TP Android_ETC1TargetPlatform
[2016.09.29-18.31.55:998][  0]LogTemp:Display: Loaded TP Android_ETC2TargetPlatform
[2016.09.29-18.31.56:011][  0]LogTemp:Display: Loaded TP Android_MultiTargetPlatform
[2016.09.29-18.31.56:011][  0]LogTemp:Display: Loaded TP Android_PVRTCTargetPlatform
[2016.09.29-18.31.56:012][  0]LogTemp:Display: Loaded TP HTML5TargetPlatform
[2016.09.29-18.31.56:030][  0]LogTemp:Display: Loaded TP IOSTargetPlatform
[2016.09.29-18.31.56:036][  0]LogTemp:Display: Loaded TP TVOSTargetPlatform
[2016.09.29-18.31.56:042][  0]LogTemp:Display: Loaded TP LinuxNoEditorTargetPlatform
[2016.09.29-18.31.56:048][  0]LogTemp:Display: Loaded TP LinuxServerTargetPlatform
[2016.09.29-18.31.56:054][  0]LogTemp:Display: Loaded TP LinuxTargetPlatform
[2016.09.29-18.31.56:054][  0]LogTargetPlatformManager:Display: Building Assets For Windows
[2016.09.29-18.31.56:110][  0]LogDerivedDataCache:Display: Max Cache Size: 512 MB
[2016.09.29-18.31.56:146][  0]LogDerivedDataCache: Loaded boot cache 0.04s 48MB C:/Users/anpaint19/AppData/Local/UnrealEngine/4.12/DerivedDataCache/Boot.ddc.
[2016.09.29-18.31.56:147][  0]LogDerivedDataCache:Display: Loaded Boot cache: C:/Users/anpaint19/AppData/Local/UnrealEngine/4.12/DerivedDataCache/Boot.ddc
[2016.09.29-18.31.56:147][  0]LogDerivedDataCache: FDerivedDataBackendGraph:  Pak pak cache file ../../../../../../Users/anpaint19/Google Drive/SchoolRunner 4.12/DerivedDataCache/DDC.ddp not found, will not use a pak cache.
[2016.09.29-18.31.56:147][  0]LogDerivedDataCache: Unable to find inner node Pak for hierarchical cache Hierarchy.
[2016.09.29-18.31.56:147][  0]LogDerivedDataCache: FDerivedDataBackendGraph:  CompressedPak pak cache file ../../../../../../Users/anpaint19/Google Drive/SchoolRunner 4.12/DerivedDataCache/Compressed.ddp not found, will not use a pak cache.
[2016.09.29-18.31.56:147][  0]LogDerivedDataCache: Unable to find inner node CompressedPak for hierarchical cache Hierarchy.
[2016.09.29-18.31.56:161][  0]LogDerivedDataCache:Display: Pak cache opened for reading ../../../Engine/DerivedDataCache/Compressed.ddp.
[2016.09.29-18.31.56:171][  0]LogDerivedDataCache: Using Local data cache path C:/Users/anpaint19/AppData/Local/UnrealEngine/Common/DerivedDataCache: Writable
[2016.09.29-18.31.56:298][  0]LogInit: Selected Device Profile: [Windows]
[2016.09.29-18.31.56:298][  0]LogContentStreaming: Texture pool size is 0.00 MB
[2016.09.29-18.31.56:420][  0]LogMeshUtilities: No automatic mesh reduction module available
[2016.09.29-18.31.56:420][  0]LogMeshUtilities: No automatic mesh merging module available
[2016.09.29-18.31.56:420][  0]LogMeshUtilities: No distributed automatic mesh merging module available
[2016.09.29-18.31.56:612][  0]LogAssetRegistry: FAssetRegistry took 0.0198 seconds to start up
[2016.09.29-18.31.56:629][  0]LogPackageLocalizationCache: Processed 3 localized package path(s) for 2 prioritized culture(s) in 0.015378 seconds
[2016.09.29-18.31.56:634][  0]LogUObjectArray: 28741 objects as part of root set at end of initial load.
[2016.09.29-18.31.56:634][  0]LogUObjectAllocator: 5855920 out of 0 bytes used by permanent object pool.
[2016.09.29-18.31.56:634][  0]LogUObjectArray: CloseDisregardForGC: 0/0 objects in disregard for GC pool
[2016.09.29-18.31.56:640][  0]LogInit: WinSock: version 1.1 (2.2), MaxSocks=32767, MaxUdp=65467
[2016.09.29-18.31.56:796][  0]LogSlate: SlateFontCache - WITH_FREETYPE: 1, WITH_HARFBUZZ: 1
[2016.09.29-18.31.56:796][  0]LogSlate: SlateFontCache - WITH_FREETYPE: 1, WITH_HARFBUZZ: 1
[2016.09.29-18.31.57:253][  0]LogUdpMessaging: Initializing bridge on interface 0.0.0.0:0 to multicast group 230.0.0.1:6666.
[2016.09.29-18.31.57:435][  0]SourceControl: Info Source control is disabled
[2016.09.29-18.31.57:588][  0]LogEngine: Initializing Engine...
[2016.09.29-18.31.57:589][  0]LogHMD: SteamVR failed to initialize.  Err: 110
[2016.09.29-18.31.57:589][  0]LogHMD: SteamVR failed to initialize.  Err: 110
[2016.09.29-18.31.57:696][  0]LogAIModule: Creating AISystem for world NewWorld
[2016.09.29-18.31.57:699][  0]LogInit: XAudio2 using 'Speakers (Realtek High Definition Audio)' : 2 channels at 48 kHz using 32 bits per sample (channel mask 0x3)
[2016.09.29-18.31.57:715][  0]LogInit: FAudioDevice initialized.
[2016.09.29-18.31.57:737][  0]LogDerivedDataCache: Saved boot cache 0.02s 48MB C:/Users/anpaint19/AppData/Local/UnrealEngine/4.12/DerivedDataCache/Boot.ddc.
[2016.09.29-18.31.57:741][  0]LogInit: Texture streaming: Enabled
[2016.09.29-18.31.57:761][  0]LogInit: Transaction tracking system initialized
[2016.09.29-18.31.57:783][  0]BlueprintLog: New page: Editor Load
[2016.09.29-18.31.57:845][  0]LocalizationService: Info Localization service is disabled
[2016.09.29-18.31.57:894][  0]LogConsoleResponse:Display: 
[2016.09.29-18.31.57:972][  0]LogCook:Display: Max memory allowance for cook 8192mb
[2016.09.29-18.31.57:972][  0]LogCook:Display: Mobile HDR setting 1
[2016.09.29-18.31.58:042][  0]LogFileCache: Scanning file cache for directory 'C:/Users/anpaint19/Google Drive/SchoolRunner 4.12/Content/' took 0.02s
[2016.09.29-18.31.58:042][  0]Cmd: MAP LOAD FILE="../../../../../../Users/anpaint19/Google Drive/SchoolRunner 4.12/Content/ThirdPersonBP/Maps/ThirdPersonExampleMap.umap" TEMPLATE=0 SHOWPROGRESS=1 FEATURELEVEL=3
[2016.09.29-18.31.58:042][  0]LightingResults: New page: Lighting Build
[2016.09.29-18.31.58:044][  0]MapCheck: New page: Map Check
[2016.09.29-18.31.58:044][  0]LightingResults: New page: Lighting Build
[2016.09.29-18.31.58:067][  0]LogLinker:Warning: Asset '../../../../../../Users/anpaint19/Google Drive/SchoolRunner 4.12/Content/Mannequin/Animations/ThirdPerson_Jump.uasset' has been saved with empty engine version. The asset will be loaded but may be incompatible.
[2016.09.29-18.31.58:068][  0]LogLinker:Warning: Asset '../../../../../../Users/anpaint19/Google Drive/SchoolRunner 4.12/Content/Mannequin/Animations/ThirdPersonJump_Loop.uasset' has been saved with empty engine version. The asset will be loaded but may be incompatible.
[2016.09.29-18.31.58:069][  0]LogLinker:Warning: Asset '../../../../../../Users/anpaint19/Google Drive/SchoolRunner 4.12/Content/Mannequin/Animations/ThirdPersonJump_Start.uasset' has been saved with empty engine version. The asset will be loaded but may be incompatible.
[2016.09.29-18.31.58:069][  0]LogLinker:Warning: Asset '../../../../../../Users/anpaint19/Google Drive/SchoolRunner 4.12/Content/Mannequin/Animations/ThirdPerson_IdleRun_2D.uasset' has been saved with empty engine version. The asset will be loaded but may be incompatible.
[2016.09.29-18.31.58:070][  0]LogLinker:Warning: Asset '../../../../../../Users/anpaint19/Google Drive/SchoolRunner 4.12/Content/Mannequin/Animations/ThirdPersonIdle.uasset' has been saved with empty engine version. The asset will be loaded but may be incompatible.
[2016.09.29-18.31.58:070][  0]LogLinker:Warning: Asset '../../../../../../Users/anpaint19/Google Drive/SchoolRunner 4.12/Content/Mannequin/Animations/ThirdPersonRun.uasset' has been saved with empty engine version. The asset will be loaded but may be incompatible.
[2016.09.29-18.31.58:071][  0]LogLinker:Warning: Asset '../../../../../../Users/anpaint19/Google Drive/SchoolRunner 4.12/Content/Mannequin/Animations/ThirdPersonWalk.uasset' has been saved with empty engine version. The asset will be loaded but may be incompatible.
[2016.09.29-18.31.58:356][  0]LogBlueprint:Error: Compiler Error This blueprint (self) is not a SceneComponent, therefore ' Target ' must have a connection.
[2016.09.29-18.31.58:357][  0]LogBlueprint:Warning: Compiler Warning [0004.11] Compile of PersistentLevel.ThirdPersonExampleMap failed. 1 Fatal Issue(s) 0 Warning(s) [in 2 ms] (/Game/ThirdPersonBP/Maps/ThirdPersonExampleMap.ThirdPersonExampleMap:PersistentLevel.ThirdPersonExampleMap)
[2016.09.29-18.31.58:358][  0]LogBlueprint:Warning: Compiler Warning [0004.11] Compile of PersistentLevel.ThirdPersonExampleMap failed. 1 Fatal Issue(s) 1 Warning(s) [in 0 ms] (/Game/ThirdPersonBP/Maps/ThirdPersonExampleMap.ThirdPersonExampleMap:PersistentLevel.ThirdPersonExampleMap)
[2016.09.29-18.31.58:358][  0]LogBlueprint:Warning: Compiler Warning [0004.11] Compile of PersistentLevel.ThirdPersonExampleMap failed. 1 Fatal Issue(s) 2 Warning(s) [in 0 ms] (/Game/ThirdPersonBP/Maps/ThirdPersonExampleMap.ThirdPersonExampleMap:PersistentLevel.ThirdPersonExampleMap)
[2016.09.29-18.31.58:919][  0]LogAIModule: Creating AISystem for world ThirdPersonExampleMap
[2016.09.29-18.31.59:219][  0]LogEditorServer: Finished looking for orphan Actors (0.000 secs)
[2016.09.29-18.31.59:220][  0]Cmd: MAP CHECKDEP NOCLEARLOG
[2016.09.29-18.31.59:248][  0]MapCheck: Info Map check complete: 0 Error(s), 0 Warning(s), took 27.762ms to complete.
[2016.09.29-18.31.59:248][  0]LogFileHelpers: Loading map 'ThirdPersonExampleMap' took 1.206
[2016.09.29-18.31.59:329][  0]LogCollectionManager: Loaded 0 collections in 0.002044 seconds
[2016.09.29-18.31.59:369][  0]LogFileCache: Scanning file cache for directory 'C:/Users/anpaint19/Google Drive/SchoolRunner 4.12/Saved/Collections/' took 0.01s
[2016.09.29-18.31.59:369][  0]LogFileCache: Scanning file cache for directory 'C:/Users/anpaint19/Google Drive/SchoolRunner 4.12/Content/Developers/anpaint19/Collections/' took 0.01s
[2016.09.29-18.31.59:369][  0]LogFileCache: Scanning file cache for directory 'C:/Users/anpaint19/Google Drive/SchoolRunner 4.12/Content/Collections/' took 0.01s
[2016.09.29-18.31.59:369][  0]LogCollectionManager: Rebuilt the GUID cache for 0 collections in 0.000002 seconds
[2016.09.29-18.31.59:379][  0]LogContentBrowser: Native class hierarchy populated in 0.0092 seconds. Added 2047 classes and 369 folders.
[2016.09.29-18.31.59:385][  0]LogStats: UGameplayTagsManager::ConstructGameplayTagTree: Construct from data asset -  0.000 s
[2016.09.29-18.31.59:385][  0]LogStats: UGameplayTagsManager::ConstructGameplayTagTree: GameplayTagTreeChangedEvent.Broadcast -  0.000 s
[2016.09.29-18.31.59:385][  0]LogContentBrowser: Native class hierarchy updated for 'GameplayTags' in 0.0005 seconds. Added 12 classes and 0 folders.
[2016.09.29-18.31.59:392][  0]LogContentBrowser: Native class hierarchy updated for 'WidgetCarousel' in 0.0004 seconds. Added 0 classes and 0 folders.
[2016.09.29-18.31.59:426][  0]LogContentBrowser: Native class hierarchy updated for 'AddContentDialog' in 0.0004 seconds. Added 0 classes and 0 folders.
[2016.09.29-18.32.00:117][  0]LogContentBrowser: Native class hierarchy updated for 'SceneOutliner' in 0.0003 seconds. Added 1 classes and 2 folders.
[2016.09.29-18.32.00:131][  0]LogCrashTracker: Crashtracker disabled due to settings.
[2016.09.29-18.32.00:142][  0]LogUObjectGlobals:Warning: Failed to find object 'Class None.'
[2016.09.29-18.32.00:167][  0]LogContentBrowser: Native class hierarchy updated for 'HierarchicalLODOutliner' in 0.0003 seconds. Added 1 classes and 2 folders.
[2016.09.29-18.32.00:167][  0]LogLoad: Full Startup: 5.92 seconds (BP compile: 0.10 seconds)
[2016.09.29-18.32.00:167][  0]LogExternalProfiler: No external profilers were discovered.  External profiling features will not be available.
[2016.09.29-18.32.00:176][  0]LogOcInput: OculusInput pre-init called
[2016.09.29-18.32.00:193][  0]LogContentStreaming: Texture pool size now 1000 MB
[2016.09.29-18.32.00:342][  0]LogRenderer: Reallocating scene render targets to support 760x868 (Frame:2).
[2016.09.29-18.32.00:619][  2]LogAssetRegistry: Asset discovery search completed in 4.0274 seconds
[2016.09.29-18.32.00:619][  2]LogCollectionManager: Rebuilt the object cache for 0 collections in 0.000001 seconds (found 0 objects)
[2016.09.29-18.32.00:619][  2]LogCollectionManager: Fixed up redirectors for 0 collections in 0.000030 seconds (updated 0 objects)
[2016.09.29-18.32.07:505][719]LogEditorViewport: Clicking on Actor (LMB): BP_Sky_Sphere_C (SkySphereBlueprint)
[2016.09.29-18.32.07:779][741]LogEditorViewport: Clicking on Component (LMB): StaticMeshComponent (Sky Sphere mesh)
[2016.09.29-18.32.17:662][595]LogBlueprintUserMessages: Early PlayInEditor Detection: Level '/Game/ThirdPersonBP/Maps/ThirdPersonExampleMap.ThirdPersonExampleMap:PersistentLevel' has LevelScriptBlueprint '/Game/ThirdPersonBP/Maps/ThirdPersonExampleMap.ThirdPersonExampleMap:PersistentLevel.ThirdPersonExampleMap' with GeneratedClass '/Game/ThirdPersonBP/Maps/ThirdPersonExampleMap.ThirdPersonExampleMap_C' with ClassGeneratedBy '/Game/ThirdPersonBP/Maps/ThirdPersonExampleMap.ThirdPersonExampleMap:PersistentLevel.ThirdPersonExampleMap'
[2016.09.29-18.32.17:662][595]BlueprintLog: New page: Pre-Play auto-recompile
[2016.09.29-18.32.17:662][595]LogPlayLevel: [PlayLevel] Compiling ThirdPersonExampleMap before play...
[2016.09.29-18.32.17:673][595]LogBlueprint:Error: Compiler Error This blueprint (self) is not a SceneComponent, therefore ' Target ' must have a connection.
[2016.09.29-18.32.17:760][595]LogBlueprint:Warning: Compiler Warning [0023.51] Compile of PersistentLevel.ThirdPersonExampleMap failed. 1 Fatal Issue(s) 0 Warning(s) [in 95 ms] (/Game/ThirdPersonBP/Maps/ThirdPersonExampleMap.ThirdPersonExampleMap:PersistentLevel.ThirdPersonExampleMap)
[2016.09.29-18.32.17:762][595]LogBlueprint:Warning: Compiler Warning [0023.51] Compile of PersistentLevel.ThirdPersonExampleMap failed. 1 Fatal Issue(s) 1 Warning(s) [in 0 ms] (/Game/ThirdPersonBP/Maps/ThirdPersonExampleMap.ThirdPersonExampleMap:PersistentLevel.ThirdPersonExampleMap)
[2016.09.29-18.32.17:762][595]LogBlueprint:Warning: Compiler Warning [0023.51] Compile of PersistentLevel.ThirdPersonExampleMap failed. 1 Fatal Issue(s) 2 Warning(s) [in 0 ms] (/Game/ThirdPersonBP/Maps/ThirdPersonExampleMap.ThirdPersonExampleMap:PersistentLevel.ThirdPersonExampleMap)
[2016.09.29-18.32.17:762][595]LogBlueprint:Warning: Compiler Warning [0023.51] Compile of PersistentLevel.ThirdPersonExampleMap failed. 1 Fatal Issue(s) 3 Warning(s) [in 0 ms] (/Game/ThirdPersonBP/Maps/ThirdPersonExampleMap.ThirdPersonExampleMap:PersistentLevel.ThirdPersonExampleMap)
[2016.09.29-18.32.17:762][595]LogBlueprint:Warning: Compiler Warning [0023.51] Compile of PersistentLevel.ThirdPersonExampleMap failed. 1 Fatal Issue(s) 4 Warning(s) [in 0 ms] (/Game/ThirdPersonBP/Maps/ThirdPersonExampleMap.ThirdPersonExampleMap:PersistentLevel.ThirdPersonExampleMap)
[2016.09.29-18.32.17:762][595]LogBlueprint:Warning: Compiler Warning [0023.51] Compile of PersistentLevel.ThirdPersonExampleMap failed. 1 Fatal Issue(s) 5 Warning(s) [in 0 ms] (/Game/ThirdPersonBP/Maps/ThirdPersonExampleMap.ThirdPersonExampleMap:PersistentLevel.ThirdPersonExampleMap)
[2016.09.29-18.32.17:763][595]LogPlayLevel: PlayLevel: Blueprint regeneration took 100 ms (1 blueprints)
[2016.09.29-18.32.17:790][595]BlueprintLog: Info Blueprint ThirdPersonExampleMap failed to compile
[2016.09.29-18.32.21:480][595]PIE: New page: PIE session: ThirdPersonExampleMap (Sep 29, 2016, 9:32:21 AM)
[2016.09.29-18.32.21:480][595]LogPlayLevel: Creating play world package: /Game/ThirdPersonBP/Maps/UEDPIE_0_ThirdPersonExampleMap
[2016.09.29-18.32.21:684][595]LogPlayLevel: PIE: StaticDuplicateObject took: (0.204200s)
[2016.09.29-18.32.21:685][595]LogAIModule: Creating AISystem for world ThirdPersonExampleMap
[2016.09.29-18.32.21:685][595]LogPlayLevel: PIE: World Init took: (0.000966s)
[2016.09.29-18.32.21:686][595]LogPlayLevel: PIE: Created PIE world by copying editor world from /Game/ThirdPersonBP/Maps/ThirdPersonExampleMap.ThirdPersonExampleMap to /Game/ThirdPersonBP/Maps/UEDPIE_0_ThirdPersonExampleMap.ThirdPersonExampleMap (0.205904s)
[2016.09.29-18.32.21:698][595]LogInit: XAudio2 using 'Speakers (Realtek High Definition Audio)' : 2 channels at 48 kHz using 32 bits per sample (channel mask 0x3)
[2016.09.29-18.32.21:703][595]LogInit: FAudioDevice initialized.
[2016.09.29-18.32.21:756][595]LogWorld: Game class is 'ThirdPersonGameMode_C'
[2016.09.29-18.32.21:831][595]LogWorld: Bringing World /Game/ThirdPersonBP/Maps/UEDPIE_0_ThirdPersonExampleMap.ThirdPersonExampleMap up for play (max tick rate 0) at 2016.09.29-14.32.21
[2016.09.29-18.32.21:848][595]LogWorld: Bringing up level for play took: 0.089792
[2016.09.29-18.32.21:851][595]LogContentBrowser: Native class hierarchy updated for 'MovieSceneCapture' in 0.0004 seconds. Added 11 classes and 0 folders.
[2016.09.29-18.32.21:853][595]PIE: Info Play in editor start time for /Game/ThirdPersonBP/Maps/UEDPIE_0_ThirdPersonExampleMap 4.56
[2016.09.29-18.32.21:854][595]LogBlueprintUserMessages: Late PlayInEditor Detection: Level '/Game/ThirdPersonBP/Maps/ThirdPersonExampleMap.ThirdPersonExampleMap:PersistentLevel' has LevelScriptBlueprint '/Game/ThirdPersonBP/Maps/ThirdPersonExampleMap.ThirdPersonExampleMap:PersistentLevel.ThirdPersonExampleMap' with GeneratedClass '/Game/ThirdPersonBP/Maps/ThirdPersonExampleMap.ThirdPersonExampleMap_C' with ClassGeneratedBy '/Game/ThirdPersonBP/Maps/ThirdPersonExampleMap.ThirdPersonExampleMap:PersistentLevel.ThirdPersonExampleMap'
[2016.09.29-18.32.38:851][567]LogBlueprintUserMessages: [BP_Pickup_Child_Hex_155] Destination Reached
[2016.09.29-18.32.43:179][912]LogBlueprintUserMessages: Early EndPlayMap Detection: Level '/Game/ThirdPersonBP/Maps/ThirdPersonExampleMap.ThirdPersonExampleMap:PersistentLevel' has LevelScriptBlueprint '/Game/ThirdPersonBP/Maps/ThirdPersonExampleMap.ThirdPersonExampleMap:PersistentLevel.ThirdPersonExampleMap' with GeneratedClass '/Game/ThirdPersonBP/Maps/ThirdPersonExampleMap.ThirdPersonExampleMap_C' with ClassGeneratedBy '/Game/ThirdPersonBP/Maps/ThirdPersonExampleMap.ThirdPersonExampleMap:PersistentLevel.ThirdPersonExampleMap'
[2016.09.29-18.32.43:228][912]LogBlueprintUserMessages: Late EndPlayMap Detection: Level '/Game/ThirdPersonBP/Maps/ThirdPersonExampleMap.ThirdPersonExampleMap:PersistentLevel' has LevelScriptBlueprint '/Game/ThirdPersonBP/Maps/ThirdPersonExampleMap.ThirdPersonExampleMap:PersistentLevel.ThirdPersonExampleMap' with GeneratedClass '/Game/ThirdPersonBP/Maps/ThirdPersonExampleMap.ThirdPersonExampleMap_C' with ClassGeneratedBy '/Game/ThirdPersonBP/Maps/ThirdPersonExampleMap.ThirdPersonExampleMap:PersistentLevel.ThirdPersonExampleMap'
[2016.09.29-18.33.52:024][ 62]SourceControl: Info Source control is disabled
[2016.09.29-18.33.59:279][918]SourceControl:Error: Error Failed to enable Git source control. You need to initialize the project as a Git repository first.
[2016.09.29-18.34.24:388][856]SourceControl:Error: Error Failed to enable Git source control. You need to initialize the project as a Git repository first.
[2016.09.29-18.42.17:200][666]SourceControl:Error: Error Failed to enable Git source control. You need to initialize the project as a Git repository first.
[2016.09.29-18.50.40:084][776]SourceControl:Error: Error Failed to enable Git source control. You need to initialize the project as a Git repository first.
[2016.09.29-19.22.59:822][295]LogBlueprintUserMessages: Early PlayInEditor Detection: Level '/Game/ThirdPersonBP/Maps/ThirdPersonExampleMap.ThirdPersonExampleMap:PersistentLevel' has LevelScriptBlueprint '/Game/ThirdPersonBP/Maps/ThirdPersonExampleMap.ThirdPersonExampleMap:PersistentLevel.ThirdPersonExampleMap' with GeneratedClass '/Game/ThirdPersonBP/Maps/ThirdPersonExampleMap.ThirdPersonExampleMap_C' with ClassGeneratedBy '/Game/ThirdPersonBP/Maps/ThirdPersonExampleMap.ThirdPersonExampleMap:PersistentLevel.ThirdPersonExampleMap'
[2016.09.29-19.22.59:822][295]BlueprintLog: New page: Pre-Play auto-recompile
[2016.09.29-19.22.59:822][295]LogPlayLevel: [PlayLevel] Compiling ThirdPersonExampleMap before play...
[2016.09.29-19.22.59:827][295]LogBlueprint:Error: Compiler Error This blueprint (self) is not a SceneComponent, therefore ' Target ' must have a connection.
[2016.09.29-19.22.59:899][295]LogBlueprint:Warning: Compiler Warning [3065.45] Compile of PersistentLevel.ThirdPersonExampleMap failed. 1 Fatal Issue(s) 0 Warning(s) [in 74 ms] (/Game/ThirdPersonBP/Maps/ThirdPersonExampleMap.ThirdPersonExampleMap:PersistentLevel.ThirdPersonExampleMap)
[2016.09.29-19.22.59:900][295]LogBlueprint:Warning: Compiler Warning [3065.46] Compile of PersistentLevel.ThirdPersonExampleMap failed. 1 Fatal Issue(s) 1 Warning(s) [in 0 ms] (/Game/ThirdPersonBP/Maps/ThirdPersonExampleMap.ThirdPersonExampleMap:PersistentLevel.ThirdPersonExampleMap)
[2016.09.29-19.22.59:900][295]LogBlueprint:Warning: Compiler Warning [3065.46] Compile of PersistentLevel.ThirdPersonExampleMap failed. 1 Fatal Issue(s) 2 Warning(s) [in 0 ms] (/Game/ThirdPersonBP/Maps/ThirdPersonExampleMap.ThirdPersonExampleMap:PersistentLevel.ThirdPersonExampleMap)
[2016.09.29-19.22.59:900][295]LogBlueprint:Warning: Compiler Warning [3065.46] Compile of PersistentLevel.ThirdPersonExampleMap failed. 1 Fatal Issue(s) 3 Warning(s) [in 0 ms] (/Game/ThirdPersonBP/Maps/ThirdPersonExampleMap.ThirdPersonExampleMap:PersistentLevel.ThirdPersonExampleMap)
[2016.09.29-19.22.59:900][295]LogBlueprint:Warning: Compiler Warning [3065.46] Compile of PersistentLevel.ThirdPersonExampleMap failed. 1 Fatal Issue(s) 4 Warning(s) [in 0 ms] (/Game/ThirdPersonBP/Maps/ThirdPersonExampleMap.ThirdPersonExampleMap:PersistentLevel.ThirdPersonExampleMap)
[2016.09.29-19.22.59:900][295]LogBlueprint:Warning: Compiler Warning [3065.46] Compile of PersistentLevel.ThirdPersonExampleMap failed. 1 Fatal Issue(s) 5 Warning(s) [in 0 ms] (/Game/ThirdPersonBP/Maps/ThirdPersonExampleMap.ThirdPersonExampleMap:PersistentLevel.ThirdPersonExampleMap)
[2016.09.29-19.22.59:901][295]LogPlayLevel: PlayLevel: Blueprint regeneration took 78 ms (1 blueprints)
[2016.09.29-19.22.59:913][295]BlueprintLog: Info Blueprint ThirdPersonExampleMap failed to compile
[2016.09.29-19.23.00:858][295]PIE: New page: PIE session: ThirdPersonExampleMap (Sep 29, 2016, 10:23:00 AM)
[2016.09.29-19.23.00:859][295]LogPlayLevel: Creating play world package: /Game/ThirdPersonBP/Maps/UEDPIE_0_ThirdPersonExampleMap
[2016.09.29-19.23.01:065][295]LogPlayLevel: PIE: StaticDuplicateObject took: (0.205766s)
[2016.09.29-19.23.01:065][295]LogAIModule: Creating AISystem for world ThirdPersonExampleMap
[2016.09.29-19.23.01:065][295]LogPlayLevel: PIE: World Init took: (0.000892s)
[2016.09.29-19.23.01:066][295]LogPlayLevel: PIE: Created PIE world by copying editor world from /Game/ThirdPersonBP/Maps/ThirdPersonExampleMap.ThirdPersonExampleMap to /Game/ThirdPersonBP/Maps/UEDPIE_0_ThirdPersonExampleMap.ThirdPersonExampleMap (0.207243s)
[2016.09.29-19.23.01:079][295]LogInit: XAudio2 using 'Speakers (Realtek High Definition Audio)' : 2 channels at 48 kHz using 32 bits per sample (channel mask 0x3)
[2016.09.29-19.23.01:086][295]LogInit: FAudioDevice initialized.
[2016.09.29-19.23.01:146][295]LogWorld: Game class is 'ThirdPersonGameMode_C'
[2016.09.29-19.23.01:231][295]LogWorld: Bringing World /Game/ThirdPersonBP/Maps/UEDPIE_0_ThirdPersonExampleMap.ThirdPersonExampleMap up for play (max tick rate 0) at 2016.09.29-15.23.01
[2016.09.29-19.23.01:249][295]LogWorld: Bringing up level for play took: 0.100286
[2016.09.29-19.23.01:251][295]PIE: Info Play in editor start time for /Game/ThirdPersonBP/Maps/UEDPIE_0_ThirdPersonExampleMap 1.764
[2016.09.29-19.23.01:251][295]LogBlueprintUserMessages: Late PlayInEditor Detection: Level '/Game/ThirdPersonBP/Maps/ThirdPersonExampleMap.ThirdPersonExampleMap:PersistentLevel' has LevelScriptBlueprint '/Game/ThirdPersonBP/Maps/ThirdPersonExampleMap.ThirdPersonExampleMap:PersistentLevel.ThirdPersonExampleMap' with GeneratedClass '/Game/ThirdPersonBP/Maps/ThirdPersonExampleMap.ThirdPersonExampleMap_C' with ClassGeneratedBy '/Game/ThirdPersonBP/Maps/ThirdPersonExampleMap.ThirdPersonExampleMap:PersistentLevel.ThirdPersonExampleMap'
[2016.09.29-19.23.04:023][412]LogBlueprintUserMessages: Early EndPlayMap Detection: Level '/Game/ThirdPersonBP/Maps/ThirdPersonExampleMap.ThirdPersonExampleMap:PersistentLevel' has LevelScriptBlueprint '/Game/ThirdPersonBP/Maps/ThirdPersonExampleMap.ThirdPersonExampleMap:PersistentLevel.ThirdPersonExampleMap' with GeneratedClass '/Game/ThirdPersonBP/Maps/ThirdPersonExampleMap.ThirdPersonExampleMap_C' with ClassGeneratedBy '/Game/ThirdPersonBP/Maps/ThirdPersonExampleMap.ThirdPersonExampleMap:PersistentLevel.ThirdPersonExampleMap'
[2016.09.29-19.23.04:078][412]LogBlueprintUserMessages: Late EndPlayMap Detection: Level '/Game/ThirdPersonBP/Maps/ThirdPersonExampleMap.ThirdPersonExampleMap:PersistentLevel' has LevelScriptBlueprint '/Game/ThirdPersonBP/Maps/ThirdPersonExampleMap.ThirdPersonExampleMap:PersistentLevel.ThirdPersonExampleMap' with GeneratedClass '/Game/ThirdPersonBP/Maps/ThirdPersonExampleMap.ThirdPersonExampleMap_C' with ClassGeneratedBy '/Game/ThirdPersonBP/Maps/ThirdPersonExampleMap.ThirdPersonExampleMap:PersistentLevel.ThirdPersonExampleMap'
[2016.09.29-19.23.05:243][527]SourceControl:Error: Error Failed to enable Git source control. You need to initialize the project as a Git repository first.
[2016.09.29-19.23.07:057][725]SourceControl: Info Source control is disabled
[2016.09.29-19.23.10:569][ 94]LogBlueprintUserMessages: Early PlayInEditor Detection: Level '/Game/ThirdPersonBP/Maps/ThirdPersonExampleMap.ThirdPersonExampleMap:PersistentLevel' has LevelScriptBlueprint '/Game/ThirdPersonBP/Maps/ThirdPersonExampleMap.ThirdPersonExampleMap:PersistentLevel.ThirdPersonExampleMap' with GeneratedClass '/Game/ThirdPersonBP/Maps/ThirdPersonExampleMap.ThirdPersonExampleMap_C' with ClassGeneratedBy '/Game/ThirdPersonBP/Maps/ThirdPersonExampleMap.ThirdPersonExampleMap:PersistentLevel.ThirdPersonExampleMap'
[2016.09.29-19.23.10:569][ 94]BlueprintLog: New page: Pre-Play auto-recompile
[2016.09.29-19.23.10:569][ 94]LogPlayLevel: [PlayLevel] Compiling ThirdPersonExampleMap before play...
[2016.09.29-19.23.10:573][ 94]LogBlueprint:Error: Compiler Error This blueprint (self) is not a SceneComponent, therefore ' Target ' must have a connection.
[2016.09.29-19.23.10:644][ 94]LogBlueprint:Warning: Compiler Warning [3076.20] Compile of PersistentLevel.ThirdPersonExampleMap failed. 1 Fatal Issue(s) 0 Warning(s) [in 73 ms] (/Game/ThirdPersonBP/Maps/ThirdPersonExampleMap.ThirdPersonExampleMap:PersistentLevel.ThirdPersonExampleMap)
[2016.09.29-19.23.10:644][ 94]LogBlueprint:Warning: Compiler Warning [3076.20] Compile of PersistentLevel.ThirdPersonExampleMap failed. 1 Fatal Issue(s) 1 Warning(s) [in 0 ms] (/Game/ThirdPersonBP/Maps/ThirdPersonExampleMap.ThirdPersonExampleMap:PersistentLevel.ThirdPersonExampleMap)
[2016.09.29-19.23.10:644][ 94]LogBlueprint:Warning: Compiler Warning [3076.20] Compile of PersistentLevel.ThirdPersonExampleMap failed. 1 Fatal Issue(s) 2 Warning(s) [in 0 ms] (/Game/ThirdPersonBP/Maps/ThirdPersonExampleMap.ThirdPersonExampleMap:PersistentLevel.ThirdPersonExampleMap)
[2016.09.29-19.23.10:644][ 94]LogBlueprint:Warning: Compiler Warning [3076.20] Compile of PersistentLevel.ThirdPersonExampleMap failed. 1 Fatal Issue(s) 3 Warning(s) [in 0 ms] (/Game/ThirdPersonBP/Maps/ThirdPersonExampleMap.ThirdPersonExampleMap:PersistentLevel.ThirdPersonExampleMap)
[2016.09.29-19.23.10:644][ 94]LogBlueprint:Warning: Compiler Warning [3076.20] Compile of PersistentLevel.ThirdPersonExampleMap failed. 1 Fatal Issue(s) 4 Warning(s) [in 0 ms] (/Game/ThirdPersonBP/Maps/ThirdPersonExampleMap.ThirdPersonExampleMap:PersistentLevel.ThirdPersonExampleMap)
[2016.09.29-19.23.10:644][ 94]LogBlueprint:Warning: Compiler Warning [3076.20] Compile of PersistentLevel.ThirdPersonExampleMap failed. 1 Fatal Issue(s) 5 Warning(s) [in 0 ms] (/Game/ThirdPersonBP/Maps/ThirdPersonExampleMap.ThirdPersonExampleMap:PersistentLevel.ThirdPersonExampleMap)
[2016.09.29-19.23.10:645][ 94]LogPlayLevel: PlayLevel: Blueprint regeneration took 76 ms (1 blueprints)
[2016.09.29-19.23.10:656][ 94]BlueprintLog: Info Blueprint ThirdPersonExampleMap failed to compile
[2016.09.29-19.23.11:623][ 94]PIE: New page: PIE session: ThirdPersonExampleMap (Sep 29, 2016, 10:23:11 AM)
[2016.09.29-19.23.11:623][ 94]LogPlayLevel: Creating play world package: /Game/ThirdPersonBP/Maps/UEDPIE_0_ThirdPersonExampleMap
[2016.09.29-19.23.11:862][ 94]LogPlayLevel: PIE: StaticDuplicateObject took: (0.238390s)
[2016.09.29-19.23.11:862][ 94]LogAIModule: Creating AISystem for world ThirdPersonExampleMap
[2016.09.29-19.23.11:863][ 94]LogPlayLevel: PIE: World Init took: (0.001002s)
[2016.09.29-19.23.11:863][ 94]LogPlayLevel: PIE: Created PIE world by copying editor world from /Game/ThirdPersonBP/Maps/ThirdPersonExampleMap.ThirdPersonExampleMap to /Game/ThirdPersonBP/Maps/UEDPIE_0_ThirdPersonExampleMap.ThirdPersonExampleMap (0.240012s)
[2016.09.29-19.23.11:874][ 94]LogInit: XAudio2 using 'Speakers (Realtek High Definition Audio)' : 2 channels at 48 kHz using 32 bits per sample (channel mask 0x3)
[2016.09.29-19.23.11:879][ 94]LogInit: FAudioDevice initialized.
[2016.09.29-19.23.11:917][ 94]LogWorld: Game class is 'ThirdPersonGameMode_C'
[2016.09.29-19.23.11:987][ 94]LogWorld: Bringing World /Game/ThirdPersonBP/Maps/UEDPIE_0_ThirdPersonExampleMap.ThirdPersonExampleMap up for play (max tick rate 0) at 2016.09.29-15.23.11
[2016.09.29-19.23.12:004][ 94]LogWorld: Bringing up level for play took: 0.085866
[2016.09.29-19.23.12:006][ 94]PIE: Info Play in editor start time for /Game/ThirdPersonBP/Maps/UEDPIE_0_ThirdPersonExampleMap 0.519
[2016.09.29-19.23.12:014][ 94]LogBlueprintUserMessages: Late PlayInEditor Detection: Level '/Game/ThirdPersonBP/Maps/ThirdPersonExampleMap.ThirdPersonExampleMap:PersistentLevel' has LevelScriptBlueprint '/Game/ThirdPersonBP/Maps/ThirdPersonExampleMap.ThirdPersonExampleMap:PersistentLevel.ThirdPersonExampleMap' with GeneratedClass '/Game/ThirdPersonBP/Maps/ThirdPersonExampleMap.ThirdPersonExampleMap_C' with ClassGeneratedBy '/Game/ThirdPersonBP/Maps/ThirdPersonExampleMap.ThirdPersonExampleMap:PersistentLevel.ThirdPersonExampleMap'
[2016.09.29-19.23.29:594][179]LogBlueprintUserMessages: [BP_Pickup_Child_Hex2] Destination Reached
[2016.09.29-19.23.59:558][223]LogBlueprintUserMessages: Early EndPlayMap Detection: Level '/Game/ThirdPersonBP/Maps/ThirdPersonExampleMap.ThirdPersonExampleMap:PersistentLevel' has LevelScriptBlueprint '/Game/ThirdPersonBP/Maps/ThirdPersonExampleMap.ThirdPersonExampleMap:PersistentLevel.ThirdPersonExampleMap' with GeneratedClass '/Game/ThirdPersonBP/Maps/ThirdPersonExampleMap.ThirdPersonExampleMap_C' with ClassGeneratedBy '/Game/ThirdPersonBP/Maps/ThirdPersonExampleMap.ThirdPersonExampleMap:PersistentLevel.ThirdPersonExampleMap'
[2016.09.29-19.23.59:621][223]LogBlueprintUserMessages: Late EndPlayMap Detection: Level '/Game/ThirdPersonBP/Maps/ThirdPersonExampleMap.ThirdPersonExampleMap:PersistentLevel' has LevelScriptBlueprint '/Game/ThirdPersonBP/Maps/ThirdPersonExampleMap.ThirdPersonExampleMap:PersistentLevel.ThirdPersonExampleMap' with GeneratedClass '/Game/ThirdPersonBP/Maps/ThirdPersonExampleMap.ThirdPersonExampleMap_C' with ClassGeneratedBy '/Game/ThirdPersonBP/Maps/ThirdPersonExampleMap.ThirdPersonExampleMap:PersistentLevel.ThirdPersonExampleMap'
[2016.09.29-19.45.10:716][570]SourceControl:Error: Error Failed to enable Git source control. You need to initialize the project as a Git repository first.
[2016.09.29-19.46.02:582][862]SourceControl:Error: Error Failed to enable Git source control. You need to initialize the project as a Git repository first.
[2016.09.29-19.46.03:969][  9]SourceControl:Error: Error Failed to enable Git source control. You need to initialize the project as a Git repository first.
[2016.09.29-19.46.04:403][ 47]SourceControl:Error: Error Failed to enable Git source control. You need to initialize the project as a Git repository first.
[2016.09.29-19.46.04:593][ 64]SourceControl:Error: Error Failed to enable Git source control. You need to initialize the project as a Git repository first.
[2016.09.29-19.46.04:771][ 75]SourceControl:Error: Error Failed to enable Git source control. You need to initialize the project as a Git repository first.
[2016.09.29-19.46.04:936][ 80]SourceControl:Error: Error Failed to enable Git source control. You need to initialize the project as a Git repository first.
[2016.09.29-19.46.35:059][842]SourceControl:Error: Error Failed to enable Git source control. You need to initialize the project as a Git repository first.
[2016.09.29-19.49.24:921][ 28]LogDirectoryWatcher:Warning: Failed to begin reading directory changes for ../../../../../../Users/anpaint19/Google Drive/SchoolRunner 4.12/Plugins/. Error: The system cannot find the file specified. (0x00000002)
[2016.09.29-19.52.30:630][642]SourceControl:Error: Error Failed to enable Git source control. You need to initialize the project as a Git repository first.
[2016.09.29-19.52.37:453][447]SourceControl:Error: Error Failed to enable Git source control. You need to initialize the project as a Git repository first.
[2016.09.29-19.52.42:052][980]Cmd: TRANSACTION UNDO
[2016.09.29-19.52.42:052][980]LogEditorTransaction: Undo Edit Company Name
[2016.09.29-20.34.24:200][596]Cmd: QUIT_EDITOR
[2016.09.29-20.34.24:266][596]LogExit: Preparing to exit.
[2016.09.29-20.34.25:445][596]LogExit: Editor shut down
[2016.09.29-20.34.25:445][596]LogExit: Transaction tracking system shut down
[2016.09.29-20.34.25:540][596]LogObj: Freed 0b from 0 cluster array pools.
[2016.09.29-20.34.25:541][596]LogExit: Object subsystem successfully closed.
[2016.09.29-20.34.25:559][596]LogD3D11RHI: Shutdown
[2016.09.29-20.34.25:559][596]LogD3D11RHI: CleanupD3DDevice
[2016.09.29-20.34.25:629][596]LogD3D11RHI: ~FD3D11DynamicRHI
[2016.09.29-20.34.25:636][596]LogModuleManager: Shutting down and abandoning module ExternalImagePicker (215)
[2016.09.29-20.34.25:636][596]LogModuleManager: Shutting down and abandoning module MovieSceneCapture (214)
[2016.09.29-20.34.25:636][596]LogModuleManager: Shutting down and abandoning module HierarchicalLODOutliner (213)
[2016.09.29-20.34.25:636][596]LogModuleManager: Shutting down and abandoning module CrashTracker (212)
[2016.09.29-20.34.25:636][596]LogModuleManager: Shutting down and abandoning module SceneOutliner (211)
[2016.09.29-20.34.25:636][596]LogModuleManager: Shutting down and abandoning module WidgetCarousel (210)
[2016.09.29-20.34.25:636][596]LogModuleManager: Shutting down and abandoning module AddContentDialog (209)
[2016.09.29-20.34.25:637][596]LogModuleManager: Shutting down and abandoning module GameplayTags (208)
[2016.09.29-20.34.25:637][596]LogModuleManager: Shutting down and abandoning module EditorWidgets (207)
[2016.09.29-20.34.25:637][596]LogModuleManager: Shutting down and abandoning module CollectionManager (206)
[2016.09.29-20.34.25:637][596]LogModuleManager: Shutting down and abandoning module StatsViewer (205)
[2016.09.29-20.34.25:637][596]LogModuleManager: Shutting down and abandoning module FoliageEdit (204)
[2016.09.29-20.34.25:637][596]LogModuleManager: Shutting down and abandoning module LandscapeEditor (203)
[2016.09.29-20.34.25:637][596]LogModuleManager: Shutting down and abandoning module SceneDepthPickerMode (202)
[2016.09.29-20.34.25:637][596]LogModuleManager: Shutting down and abandoning module ActorPickerMode (201)
[2016.09.29-20.34.25:637][596]LogModuleManager: Shutting down and abandoning module GeometryMode (200)
[2016.09.29-20.34.25:637][596]LogModuleManager: Shutting down and abandoning module TextureAlignMode (199)
[2016.09.29-20.34.25:637][596]LogModuleManager: Shutting down and abandoning module BspMode (198)
[2016.09.29-20.34.25:637][596]LogModuleManager: Shutting down and abandoning module HardwareSurvey (197)
[2016.09.29-20.34.25:637][596]LogModuleManager: Shutting down and abandoning module SequenceRecorderSections (196)
[2016.09.29-20.34.25:637][596]LogModuleManager: Shutting down and abandoning module SequenceRecorder (195)
[2016.09.29-20.34.25:638][596]LogModuleManager: Shutting down and abandoning module AutomationWorker (194)
[2016.09.29-20.34.25:638][596]LogModuleManager: Shutting down and abandoning module MatineeToLevelSequence (193)
[2016.09.29-20.34.25:638][596]LogModuleManager: Shutting down and abandoning module PlacementMode (192)
[2016.09.29-20.34.25:638][596]LogModuleManager: Shutting down and abandoning module LevelSequenceEditor (191)
[2016.09.29-20.34.25:638][596]LogModuleManager: Shutting down and abandoning module CharacterAI (190)
[2016.09.29-20.34.25:638][596]LogModuleManager: Shutting down and abandoning module SmartSnapping (189)
[2016.09.29-20.34.25:638][596]LogModuleManager: Shutting down and abandoning module SessionServices (188)
[2016.09.29-20.34.25:638][596]LogModuleManager: Shutting down and abandoning module ViewportSnapping (187)
[2016.09.29-20.34.25:638][596]LogModuleManager: Shutting down and abandoning module LogVisualizer (186)
[2016.09.29-20.34.25:638][596]LogModuleManager: Shutting down and abandoning module GameProjectGeneration (185)
[2016.09.29-20.34.25:638][596]LogModuleManager: Shutting down and abandoning module IntroTutorials (184)
[2016.09.29-20.34.25:638][596]LogModuleManager: Shutting down and abandoning module EditorLiveStreaming (183)
[2016.09.29-20.34.25:638][596]LogModuleManager: Shutting down and abandoning module IOSPlatformEditor (182)
[2016.09.29-20.34.25:638][596]LogModuleManager: Shutting down and abandoning module HTML5PlatformEditor (181)
[2016.09.29-20.34.25:638][596]LogModuleManager: Shutting down and abandoning module AndroidDeviceDetection (180)
[2016.09.29-20.34.25:938][596]LogModuleManager: Shutting down and abandoning module AndroidPlatformEditor (179)
[2016.09.29-20.34.25:938][596]LogModuleManager: Shutting down and abandoning module IOSRuntimeSettings (178)
[2016.09.29-20.34.25:938][596]LogModuleManager: Shutting down and abandoning module AndroidRuntimeSettings (177)
[2016.09.29-20.34.25:938][596]LogModuleManager: Shutting down and abandoning module MergeActors (176)
[2016.09.29-20.34.25:938][596]LogModuleManager: Shutting down and abandoning module SizeMap (175)
[2016.09.29-20.34.25:938][596]LogModuleManager: Shutting down and abandoning module TreeMap (174)
[2016.09.29-20.34.25:938][596]LogModuleManager: Shutting down and abandoning module ReferenceViewer (173)
[2016.09.29-20.34.25:938][596]LogModuleManager: Shutting down and abandoning module LocalizationService (172)
[2016.09.29-20.34.25:939][596]LogModuleManager: Shutting down and abandoning module LocalizationDashboard (171)
[2016.09.29-20.34.25:939][596]LogModuleManager: Shutting down and abandoning module HardwareTargeting (170)
[2016.09.29-20.34.25:939][596]LogModuleManager: Shutting down and abandoning module DeviceProfileEditor (169)
[2016.09.29-20.34.25:939][596]LogModuleManager: Shutting down and abandoning module UndoHistory (168)
[2016.09.29-20.34.25:939][596]LogModuleManager: Shutting down and abandoning module UserFeedback (167)
[2016.09.29-20.34.25:939][596]LogModuleManager: Shutting down and abandoning module XmlParser (166)
[2016.09.29-20.34.25:939][596]LogModuleManager: Shutting down and abandoning module Blutility (165)
[2016.09.29-20.34.25:939][596]LogModuleManager: Shutting down and abandoning module ProjectTargetPlatformEditor (164)
[2016.09.29-20.34.25:939][596]LogModuleManager: Shutting down and abandoning module ProjectSettingsViewer (163)
[2016.09.29-20.34.25:939][596]LogModuleManager: Shutting down and abandoning module InputBindingEditor (162)
[2016.09.29-20.34.25:939][596]LogModuleManager: Shutting down and abandoning module EditorSettingsViewer (161)
[2016.09.29-20.34.25:939][596]LogModuleManager: Shutting down and abandoning module SettingsEditor (160)
[2016.09.29-20.34.25:940][596]LogModuleManager: Shutting down and abandoning module ProjectLauncher (159)
[2016.09.29-20.34.25:940][596]LogModuleManager: Shutting down and abandoning module SessionFrontend (158)
[2016.09.29-20.34.25:940][596]LogModuleManager: Shutting down and abandoning module ProfilerClient (157)
[2016.09.29-20.34.25:940][596]LogModuleManager: Shutting down and abandoning module TargetDeviceServices (156)
[2016.09.29-20.34.25:940][596]LogModuleManager: Shutting down and abandoning module DeviceManager (155)
[2016.09.29-20.34.25:990][596]LogModuleManager: Shutting down and abandoning module AutomationController (154)
[2016.09.29-20.34.25:990][596]LogModuleManager: Shutting down and abandoning module AutomationWindow (153)
[2016.09.29-20.34.25:990][596]LogModuleManager: Shutting down and abandoning module Layers (152)
[2016.09.29-20.34.25:990][596]LogModuleManager: Shutting down and abandoning module ComponentVisualizers (151)
[2016.09.29-20.34.25:990][596]LogModuleManager: Shutting down and abandoning module DetailCustomizations (150)
[2016.09.29-20.34.25:990][596]LogModuleManager: Shutting down and abandoning module PackagesDialog (149)
[2016.09.29-20.34.25:990][596]LogModuleManager: Shutting down and abandoning module Persona (148)
[2016.09.29-20.34.25:990][596]LogModuleManager: Shutting down and abandoning module Kismet (147)
[2016.09.29-20.34.25:990][596]LogModuleManager: Shutting down and abandoning module GraphEditor (146)
[2016.09.29-20.34.25:990][596]LogModuleManager: Shutting down and abandoning module ClassViewer (145)
[2016.09.29-20.34.25:990][596]LogModuleManager: Shutting down and abandoning module Toolbox (144)
[2016.09.29-20.34.25:990][596]LogModuleManager: Shutting down and abandoning module ModuleUI (143)
[2016.09.29-20.34.25:990][596]LogModuleManager: Shutting down and abandoning module MovieSceneTools (142)
[2016.09.29-20.34.25:990][596]LogModuleManager: Shutting down and abandoning module OutputLog (141)
[2016.09.29-20.34.25:990][596]LogModuleManager: Shutting down and abandoning module GammaUI (140)
[2016.09.29-20.34.25:990][596]LogModuleManager: Shutting down and abandoning module Documentation (139)
[2016.09.29-20.34.25:991][596]LogModuleManager: Shutting down and abandoning module StreamingPauseRendering (138)
[2016.09.29-20.34.25:991][596]LogModuleManager: Shutting down and abandoning module AnalyticsET (137)
[2016.09.29-20.34.25:991][596]LogModuleManager: Shutting down and abandoning module Analytics (136)
[2016.09.29-20.34.25:991][596]LogModuleManager: Shutting down and abandoning module PortalServices (135)
[2016.09.29-20.34.25:991][596]LogModuleManager: Shutting down and abandoning module PortalRpc (134)
[2016.09.29-20.34.25:991][596]LogModuleManager: Shutting down and abandoning module MessagingRpc (133)
[2016.09.29-20.34.25:991][596]LogModuleManager: Shutting down and abandoning module GameplayDebugger (132)
[2016.09.29-20.34.25:991][596]LogModuleManager: Shutting down and abandoning module AITestSuite (131)
[2016.09.29-20.34.25:991][596]LogModuleManager: Shutting down and abandoning module AIModule (130)
[2016.09.29-20.34.25:991][596]LogModuleManager: Shutting down and abandoning module ProfilerService (129)
[2016.09.29-20.34.26:151][596]LogModuleManager: Shutting down and abandoning module TaskGraph (128)
[2016.09.29-20.34.26:151][596]LogModuleManager: Shutting down and abandoning module SlateRemote (127)
[2016.09.29-20.34.26:152][596]LogModuleManager: Shutting down and abandoning module SteamVRController (126)
[2016.09.29-20.34.26:152][596]LogModuleManager: Shutting down and abandoning module SteamVR (125)
[2016.09.29-20.34.26:152][596]LogModuleManager: Shutting down and abandoning module ProceduralMeshComponent (124)
[2016.09.29-20.34.26:152][596]LogModuleManager: Shutting down and abandoning module OculusLibrary (123)
[2016.09.29-20.34.26:152][596]LogModuleManager: Shutting down and abandoning module OculusInput (122)
[2016.09.29-20.34.26:152][596]LogModuleManager: Shutting down and abandoning module CustomMeshComponent (121)
[2016.09.29-20.34.26:152][596]LogModuleManager: Shutting down and abandoning module CableComponent (120)
[2016.09.29-20.34.26:152][596]LogModuleManager: Shutting down and abandoning module ArchVisCharacter (119)
[2016.09.29-20.34.26:152][596]LogModuleManager: Shutting down and abandoning module MediaPlayerEditor (118)
[2016.09.29-20.34.26:152][596]LogModuleManager: Shutting down and abandoning module HTML5Networking (117)
[2016.09.29-20.34.26:152][596]LogModuleManager: Shutting down and abandoning module SuperSearch (116)
[2016.09.29-20.34.26:152][596]LogModuleManager: Shutting down and abandoning module SuperSearchEditor (115)
[2016.09.29-20.34.26:152][596]LogModuleManager: Shutting down and abandoning module SpeedTreeImporter (114)
[2016.09.29-20.34.26:152][596]LogModuleManager: Shutting down and abandoning module PluginBrowser (113)
[2016.09.29-20.34.26:152][596]LogModuleManager: Shutting down and abandoning module EpicSurvey (112)
[2016.09.29-20.34.26:152][596]LogModuleManager: Shutting down and abandoning module DesktopPlatform (111)
[2016.09.29-20.34.26:152][596]LogModuleManager: Shutting down and abandoning module VisualStudioSourceCodeAccess (110)
[2016.09.29-20.34.26:152][596]LogModuleManager: Shutting down and abandoning module UObjectPlugin (109)
[2016.09.29-20.34.26:152][596]LogModuleManager: Shutting down and abandoning module SubversionSourceControl (108)
[2016.09.29-20.34.26:152][596]LogModuleManager: Shutting down and abandoning module PerforceSourceControl (107)
[2016.09.29-20.34.26:152][596]LogModuleManager: Shutting down and abandoning module SourceControl (106)
[2016.09.29-20.34.26:152][596]LogModuleManager: Shutting down and abandoning module GitSourceControl (105)
[2016.09.29-20.34.26:152][596]LogModuleManager: Shutting down and abandoning module LightPropagationVolumeEditor (104)
[2016.09.29-20.34.26:152][596]LogModuleManager: Shutting down and abandoning module PaperTiledImporter (103)
[2016.09.29-20.34.26:152][596]LogModuleManager: Shutting down and abandoning module PaperSpriteSheetImporter (102)
[2016.09.29-20.34.26:152][596]LogModuleManager: Shutting down and abandoning module MeshPaint (101)
[2016.09.29-20.34.26:153][596]LogModuleManager: Shutting down and abandoning module PixelInspectorModule (100)
[2016.09.29-20.34.26:153][596]LogModuleManager: Shutting down and abandoning module HotReload (99)
[2016.09.29-20.34.26:153][596]LogModuleManager: Shutting down and abandoning module MainFrame (98)
[2016.09.29-20.34.26:153][596]LogModuleManager: Shutting down and abandoning module LevelEditor (97)
[2016.09.29-20.34.26:155][596]LogModuleManager: Shutting down and abandoning module ContentBrowser (96)
[2016.09.29-20.34.26:156][596]LogModuleManager: Shutting down and abandoning module Paper2DEditor (95)
[2016.09.29-20.34.26:156][596]LogModuleManager: Shutting down and abandoning module UdpMessaging (94)
[2016.09.29-20.34.26:256][596]LogModuleManager: Shutting down and abandoning module LightPropagationVolumeRuntime (93)
[2016.09.29-20.34.26:256][596]LogModuleManager: Shutting down and abandoning module Paper2D (92)
[2016.09.29-20.34.26:256][596]LogModuleManager: Shutting down and abandoning module WindowsMoviePlayer (91)
[2016.09.29-20.34.26:256][596]LogModuleManager: Shutting down and abandoning module Media (90)
[2016.09.29-20.34.26:256][596]LogModuleManager: Shutting down and abandoning module WmfMedia (89)
[2016.09.29-20.34.26:256][596]LogModuleManager: Shutting down and abandoning module MediaAssets (88)
[2016.09.29-20.34.26:257][596]LogModuleManager: Shutting down and abandoning module GameLiveStreaming (87)
[2016.09.29-20.34.26:257][596]LogModuleManager: Shutting down and abandoning module GameplayTagsEditor (86)
[2016.09.29-20.34.26:257][596]LogModuleManager: Shutting down and abandoning module OnlineBlueprintSupport (85)
[2016.09.29-20.34.26:257][596]LogModuleManager: Shutting down and abandoning module VREditor (84)
[2016.09.29-20.34.26:257][596]LogModuleManager: Shutting down and abandoning module GameplayTasksEditor (83)
[2016.09.29-20.34.26:257][596]LogModuleManager: Shutting down and abandoning module PropertyEditor (82)
[2016.09.29-20.34.26:257][596]LogModuleManager: Shutting down and abandoning module BehaviorTreeEditor (81)
[2016.09.29-20.34.26:257][596]LogModuleManager: Shutting down and abandoning module FunctionalTesting (80)
[2016.09.29-20.34.26:257][596]LogModuleManager: Shutting down and abandoning module CollisionAnalyzer (79)
[2016.09.29-20.34.26:257][596]LogModuleManager: Shutting down and abandoning module Sequencer (78)
[2016.09.29-20.34.26:257][596]LogModuleManager: Shutting down and abandoning module WorkspaceMenuStructure (77)
[2016.09.29-20.34.26:257][596]LogModuleManager: Shutting down and abandoning module MessageLog (76)
[2016.09.29-20.34.26:257][596]LogModuleManager: Shutting down and abandoning module AssetTools (75)
[2016.09.29-20.34.26:257][596]LogModuleManager: Shutting down and abandoning module UMGEditor (74)
[2016.09.29-20.34.26:257][596]LogModuleManager: Shutting down and abandoning module UMG (73)
[2016.09.29-20.34.26:257][596]LogModuleManager: Shutting down and abandoning module SlateReflector (72)
[2016.09.29-20.34.26:258][596]LogModuleManager: Shutting down and abandoning module Slate (71)
[2016.09.29-20.34.26:258][596]LogModuleManager: Shutting down and abandoning module EditorStyle (70)
[2016.09.29-20.34.26:262][596]LogModuleManager: Shutting down and abandoning module SourceCodeAccess (69)
[2016.09.29-20.34.26:262][596]LogModuleManager: Shutting down and abandoning module HeadMountedDisplay (68)
[2016.09.29-20.34.26:262][596]LogModuleManager: Shutting down and abandoning module XAudio2 (67)
[2016.09.29-20.34.26:262][596]LogModuleManager: Shutting down and abandoning module Networking (65)
[2016.09.29-20.34.26:262][596]LogModuleManager: Shutting down and abandoning module Core (64)
[2016.09.29-20.34.26:262][596]LogModuleManager: Shutting down and abandoning module DirectoryWatcher (63)
[2016.09.29-20.34.26:263][596]LogModuleManager: Shutting down and abandoning module AssetRegistry (62)
[2016.09.29-20.34.26:464][596]LogModuleManager: Shutting down and abandoning module KismetCompiler (61)
[2016.09.29-20.34.26:464][596]LogModuleManager: Shutting down and abandoning module PhysXFormats (60)
[2016.09.29-20.34.26:464][596]LogModuleManager: Shutting down and abandoning module MeshUtilities (59)
[2016.09.29-20.34.26:464][596]LogModuleManager: Shutting down and abandoning module DerivedDataCache (58)
[2016.09.29-20.34.26:505][596]LogDerivedDataCache: Shutdown
[2016.09.29-20.34.26:505][596]LogModuleManager: Shutting down and abandoning module VulkanShaderFormat (57)
[2016.09.29-20.34.26:505][596]LogModuleManager: Shutting down and abandoning module ShaderFormatOpenGL (56)
[2016.09.29-20.34.26:505][596]LogModuleManager: Shutting down and abandoning module ShaderFormatD3D (55)
[2016.09.29-20.34.26:505][596]LogModuleManager: Shutting down and abandoning module MetalShaderFormat (54)
[2016.09.29-20.34.26:505][596]LogModuleManager: Shutting down and abandoning module TextureFormatUncompressed (53)
[2016.09.29-20.34.26:505][596]LogModuleManager: Shutting down and abandoning module TextureFormatPVR (52)
[2016.09.29-20.34.26:505][596]LogModuleManager: Shutting down and abandoning module TextureFormatIntelISPCTexComp (51)
[2016.09.29-20.34.26:505][596]LogModuleManager: Shutting down and abandoning module TextureFormatDXT (50)
[2016.09.29-20.34.26:505][596]LogModuleManager: Shutting down and abandoning module ImageWrapper (49)
[2016.09.29-20.34.26:505][596]LogModuleManager: Shutting down and abandoning module TextureFormatASTC (48)
[2016.09.29-20.34.26:505][596]LogModuleManager: Shutting down and abandoning module TextureFormatAndroid (47)
[2016.09.29-20.34.26:505][596]LogModuleManager: Shutting down and abandoning module AudioFormatOpus (46)
[2016.09.29-20.34.26:505][596]LogModuleManager: Shutting down and abandoning module AudioFormatOgg (45)
[2016.09.29-20.34.26:505][596]LogModuleManager: Shutting down and abandoning module AudioFormatADPCM (44)
[2016.09.29-20.34.26:505][596]LogModuleManager: Shutting down and abandoning module LinuxTargetPlatform (43)
[2016.09.29-20.34.26:505][596]LogModuleManager: Shutting down and abandoning module LinuxServerTargetPlatform (42)
[2016.09.29-20.34.26:505][596]LogModuleManager: Shutting down and abandoning module LinuxNoEditorTargetPlatform (41)
[2016.09.29-20.34.26:505][596]LogModuleManager: Shutting down and abandoning module TVOSTargetPlatform (40)
[2016.09.29-20.34.26:505][596]LogModuleManager: Shutting down and abandoning module Messaging (39)
[2016.09.29-20.34.26:505][596]LogModuleManager: Shutting down and abandoning module IOSTargetPlatform (38)
[2016.09.29-20.34.26:505][596]LogModuleManager: Shutting down and abandoning module HTML5TargetPlatform (37)
[2016.09.29-20.34.26:505][596]LogModuleManager: Shutting down and abandoning module Android_PVRTCTargetPlatform (36)
[2016.09.29-20.34.26:505][596]LogModuleManager: Shutting down and abandoning module Android_MultiTargetPlatform (35)
[2016.09.29-20.34.26:505][596]LogModuleManager: Shutting down and abandoning module Android_ETC2TargetPlatform (34)
[2016.09.29-20.34.26:505][596]LogModuleManager: Shutting down and abandoning module Android_ETC1TargetPlatform (33)
[2016.09.29-20.34.26:505][596]LogModuleManager: Shutting down and abandoning module Android_DXTTargetPlatform (32)
[2016.09.29-20.34.26:505][596]LogModuleManager: Shutting down and abandoning module Android_ATCTargetPlatform (31)
[2016.09.29-20.34.26:505][596]LogModuleManager: Shutting down and abandoning module Android_ASTCTargetPlatform (30)
[2016.09.29-20.34.26:505][596]LogModuleManager: Shutting down and abandoning module AndroidTargetPlatform (29)
[2016.09.29-20.34.26:505][596]LogModuleManager: Shutting down and abandoning module WindowsTargetPlatform (28)
[2016.09.29-20.34.26:505][596]LogModuleManager: Shutting down and abandoning module WindowsServerTargetPlatform (27)
[2016.09.29-20.34.26:505][596]LogModuleManager: Shutting down and abandoning module WindowsNoEditorTargetPlatform (26)
[2016.09.29-20.34.26:505][596]LogModuleManager: Shutting down and abandoning module WindowsClientTargetPlatform (25)
[2016.09.29-20.34.26:505][596]LogModuleManager: Shutting down and abandoning module AllDesktopTargetPlatform (24)
[2016.09.29-20.34.26:505][596]LogModuleManager: Shutting down and abandoning module TargetPlatform (23)
[2016.09.29-20.34.26:505][596]LogModuleManager: Shutting down and abandoning module InputCore (22)
[2016.09.29-20.34.26:505][596]LogModuleManager: Shutting down and abandoning module Settings (21)
[2016.09.29-20.34.26:505][596]LogModuleManager: Shutting down and abandoning module OnlineSubsystem (19)
[2016.09.29-20.34.26:505][596]LogModuleManager: Shutting down and abandoning module HTTP (18)
[2016.09.29-20.34.31:021][596]LogModuleManager: Shutting down and abandoning module XMPP (17)
[2016.09.29-20.34.31:021][596]LogModuleManager: Shutting down and abandoning module OculusRift (16)
[2016.09.29-20.34.31:021][596]LogModuleManager: Shutting down and abandoning module ExampleDeviceProfileSelector (15)
[2016.09.29-20.34.31:021][596]LogModuleManager: Shutting down and abandoning module TextureCompressor (14)
[2016.09.29-20.34.31:021][596]LogModuleManager: Shutting down and abandoning module ShaderCore (13)
[2016.09.29-20.34.31:021][596]LogModuleManager: Shutting down and abandoning module Landscape (12)
[2016.09.29-20.34.31:021][596]LogModuleManager: Shutting down and abandoning module SlateRHIRenderer (11)
[2016.09.29-20.34.31:023][596]LogModuleManager: Shutting down and abandoning module OpenGLDrv (10)
[2016.09.29-20.34.31:023][596]LogModuleManager: Shutting down and abandoning module D3D11RHI (9)
[2016.09.29-20.34.31:023][596]LogModuleManager: Shutting down and abandoning module AnimGraphRuntime (8)
[2016.09.29-20.34.31:023][596]LogModuleManager: Shutting down and abandoning module Renderer (7)
[2016.09.29-20.34.31:023][596]LogModuleManager: Shutting down and abandoning module Engine (6)
[2016.09.29-20.34.31:023][596]LogModuleManager: Shutting down and abandoning module CoreUObject (5)
[2016.09.29-20.34.31:023][596]LogModuleManager: Shutting down and abandoning module NetworkFile (4)
[2016.09.29-20.34.31:023][596]LogModuleManager: Shutting down and abandoning module StreamingFile (3)
[2016.09.29-20.34.31:023][596]LogModuleManager: Shutting down and abandoning module SandboxFile (2)
[2016.09.29-20.34.31:023][596]LogModuleManager: Shutting down and abandoning module PakFile (1)
[2016.09.29-20.34.31:026][596]LogExit: Exiting.
[2016.09.29-20.34.31:028][596]Log file closed, 09/29/16 16:34:31
