Log file open, 10/03/16 11:59:41
LogInit:Display: Running engine for game: SchoolRunner
LogPlatformFile: Not using cached read wrapper
LogInit:Display: RandInit(-371868577) SRandInit(-371868575).
LogTaskGraph: Started task graph with 4 named threads and 7 total threads with 1 sets of task threads.
LogStats: Stats thread started at 0.065222
LogInit: Version: 4.12.5-3039270+++UE4+Release-4.12
LogInit: API Version: 2992821
LogInit: Net Version: 3039270
LogDevObjectVersion: Number of dev versions registered: 13
LogDevObjectVersion:   Dev-Blueprints (B0D832E4-1F89-4F0D-ACCF-7EB736FD4AA2): 3
LogDevObjectVersion:   Dev-Build (E1C64328-A22C-4D53-A36C-8E866417BD8C): 0
LogDevObjectVersion:   Dev-Core (375EC13C-06E4-48FB-B500-84F0262A717E): 1
LogDevObjectVersion:   Dev-Editor (E4B068ED-F494-42E9-A231-DA0B2E46BB41): 2
LogDevObjectVersion:   Dev-Framework (CFFC743F-43B0-4480-9391-14DF171D2073): 6
LogDevObjectVersion:   Dev-Mobile (B02B49B5-BB20-44E9-A304-32B752E40360): 0
LogDevObjectVersion:   Dev-Networking (A4E4105C-59A1-49B5-A7C5-40C4547EDFEE): 0
LogDevObjectVersion:   Dev-Online (39C831C9-5AE6-47DC-9A44-9C173E1C8E7C): 0
LogDevObjectVersion:   Dev-Physics (78F01B33-EBEA-4F98-B9B4-84EACCB95AA2): 0
LogDevObjectVersion:   Dev-Platform (6631380F-2D4D-43E0-8009-CF276956A95A): 0
LogDevObjectVersion:   Dev-Rendering (12F88B9F-8875-4AFC-A67C-D90C383ABD29): 2
LogDevObjectVersion:   Dev-Sequencer (7B5AE74C-D270-4C10-A958-57980B212A5A): 0
LogDevObjectVersion:   Dev-VR (D7296918-1DD6-4BDD-9DE2-64A83CC13884): 0
LogInit: Compiled (64-bit): Jul  6 2016 09:09:46
LogInit: Compiled with Visual C++: 19.00.23026.00
LogInit: Build Configuration: Development
LogInit: Branch Name: ++UE4+Release-4.12
LogInit: Command line:  
LogInit: Base directory: C:/Program Files (x86)/Epic Games/4.12/Engine/Binaries/Win64/
LogInit: Installed Engine Build: 1
LogInit: Using libcurl 7.41.0
LogInit:  - built for x86_64-pc-win32
LogInit:  - supports SSL with WinSSL
LogInit:  - other features:
LogInit:      CURL_VERSION_SSL
LogInit:      CURL_VERSION_IPV6
LogInit:      CURL_VERSION_ASYNCHDNS
LogInit:      CURL_VERSION_LARGEFILE
LogInit:      CURL_VERSION_IDN
LogInit:  CurlRequestOptions (configurable via config and command line):
LogInit:  - bVerifyPeer = true  - Libcurl will verify peer certificate
LogInit:  - bUseHttpProxy = false  - Libcurl will NOT use HTTP proxy
LogInit:  - bDontReuseConnections = false  - Libcurl will reuse connections
LogInit:  - CertBundlePath = nullptr  - Libcurl will use whatever was configured at build time.
LogInit: Presizing for max 8388607 objects, including 0 objects not considered by GC, pre-allocating 0 bytes for permanent pool.
LogInit: Object subsystem initialized
[2016.10.03-15.59.41:605][  0]LogInit: Selected Device Profile: [Windows]
[2016.10.03-15.59.41:605][  0]LogInit: Applying CVar settings loaded from the selected device profile: [Windows]
[2016.10.03-15.59.41:611][  0]LogInit: Computer: 2016-KISER-06
[2016.10.03-15.59.41:611][  0]LogInit: User: anpaint19
[2016.10.03-15.59.41:611][  0]LogInit: CPU Page size=65536, Cores=4
[2016.10.03-15.59.41:611][  0]LogInit: High frequency timer resolution =3.328203 MHz
[2016.10.03-15.59.41:611][  0]LogMemory: Memory total: Physical=15.9GB (16GB approx)
[2016.10.03-15.59.41:611][  0]LogMemory: Platform Memory Stats for Windows
[2016.10.03-15.59.41:611][  0]LogMemory: Process Physical Memory: 191.66 MB used, 191.66 MB peak
[2016.10.03-15.59.41:611][  0]LogMemory: Process Virtual Memory: 197.00 MB used, 197.00 MB peak
[2016.10.03-15.59.41:611][  0]LogMemory: Physical Memory: 3868.97 MB used, 16304.60 MB total
[2016.10.03-15.59.41:611][  0]LogMemory: Virtual Memory: 522.00 MB used, 8388608.00 MB total
[2016.10.03-15.59.41:637][  0]LogTextLocalizationManager: No specific translations for ('en-US') exist, so ('en') translations will be used.
[2016.10.03-15.59.41:939][  0]LogD3D11RHI: D3D11 adapters:
[2016.10.03-15.59.41:954][  0]LogD3D11RHI:    0. 'NVIDIA Quadro K2200 ' (Feature Level 11_0)
[2016.10.03-15.59.41:954][  0]LogD3D11RHI:       4034/0/7896 MB DedicatedVideo/DedicatedSystem/SharedSystem, Outputs:2, VendorId:0x10de
[2016.10.03-15.59.41:954][  0]LogD3D11RHI: Chosen D3D11 Adapter: 0
[2016.10.03-15.59.41:957][  0]LogD3D11RHI: Creating new Direct3DDevice
[2016.10.03-15.59.41:957][  0]LogD3D11RHI:     GPU DeviceId: 0x13ba (for the marketing name, search the web for "GPU Device Id")
[2016.10.03-15.59.41:957][  0]LogWindows: EnumDisplayDevices:
[2016.10.03-15.59.41:957][  0]LogWindows:    0. 'NVIDIA Quadro K2200 ' (P:0 D:1)
[2016.10.03-15.59.41:957][  0]LogWindows:    1. 'NVIDIA Quadro K2200 ' (P:1 D:1)
[2016.10.03-15.59.41:958][  0]LogWindows:    2. 'NVIDIA Quadro K2200 ' (P:0 D:0)
[2016.10.03-15.59.41:958][  0]LogWindows:    3. 'NVIDIA Quadro K2200 ' (P:0 D:0)
[2016.10.03-15.59.41:958][  0]LogWindows:    4. 'RDPDD Chained DD' (P:0 D:0)
[2016.10.03-15.59.41:958][  0]LogWindows:    5. 'RDP Encoder Mirror Driver' (P:0 D:0)
[2016.10.03-15.59.41:958][  0]LogWindows:    6. 'RDP Reflector Display Driver' (P:0 D:0)
[2016.10.03-15.59.41:958][  0]LogWindows: DebugString: GetVideoDriverDetailsInvalid PrimaryIsNotTheChoosenAdapter GetVideoDriverDetailsInvalid PrimaryIsNotTheChoosenAdapter GetVideoDriverDetailsInvalid PrimaryIsNotTheChoosenAdapter FoundDriverCount:4 
[2016.10.03-15.59.41:958][  0]LogD3D11RHI:     Adapter Name: NVIDIA Quadro K2200 
[2016.10.03-15.59.41:958][  0]LogD3D11RHI:   Driver Version: 361.91 (internal:10.18.13.6191, unified:361.91)
[2016.10.03-15.59.41:958][  0]LogD3D11RHI:      Driver Date: 2-8-2016
[2016.10.03-15.59.41:958][  0]LogRHI: Texture pool is 1361 MB (70% of 1945 MB)
[2016.10.03-15.59.41:964][  0]LogD3D11RHI: Async texture creation enabled
[2016.10.03-15.59.41:977][  0]LogD3D11RHI: GPU Timing Frequency: 1000.000000 (Debug: 2 2)
[2016.10.03-15.59.41:977][  0]LogShaderCompilers: Guid format shader working directory is -15 characters bigger than the processId version (../../../../../../Users/anpaint19/Google Drive/SchoolRunner 4.12/Intermediate/Shaders/WorkingDirectory/6976/).
[2016.10.03-15.59.41:977][  0]LogShaderCompilers: Cleaned the shader compiler working directory 'C:/Users/ANPAIN~1/AppData/Local/Temp/UnrealShaderWorkingDir/C6A1DDD4480268CDB2C6C28E2F98138B/'.
[2016.10.03-15.59.41:977][  0]LogShaderCompilers:Display: Using Local Shader Compiler.
[2016.10.03-15.59.42:667][  0]LogTemp:Display: Loaded TP AllDesktopTargetPlatform
[2016.10.03-15.59.42:674][  0]LogTemp:Display: Loaded TP WindowsClientTargetPlatform
[2016.10.03-15.59.42:681][  0]LogTemp:Display: Loaded TP WindowsNoEditorTargetPlatform
[2016.10.03-15.59.42:689][  0]LogTemp:Display: Loaded TP WindowsServerTargetPlatform
[2016.10.03-15.59.42:697][  0]LogTemp:Display: Loaded TP WindowsTargetPlatform
[2016.10.03-15.59.42:703][  0]LogTemp:Display: Loaded TP AndroidTargetPlatform
[2016.10.03-15.59.42:709][  0]LogTemp:Display: Loaded TP Android_ASTCTargetPlatform
[2016.10.03-15.59.42:715][  0]LogTemp:Display: Loaded TP Android_ATCTargetPlatform
[2016.10.03-15.59.42:721][  0]LogTemp:Display: Loaded TP Android_DXTTargetPlatform
[2016.10.03-15.59.42:727][  0]LogTemp:Display: Loaded TP Android_ETC1TargetPlatform
[2016.10.03-15.59.42:733][  0]LogTemp:Display: Loaded TP Android_ETC2TargetPlatform
[2016.10.03-15.59.42:745][  0]LogTemp:Display: Loaded TP Android_MultiTargetPlatform
[2016.10.03-15.59.42:745][  0]LogTemp:Display: Loaded TP Android_PVRTCTargetPlatform
[2016.10.03-15.59.42:746][  0]LogTemp:Display: Loaded TP HTML5TargetPlatform
[2016.10.03-15.59.42:765][  0]LogTemp:Display: Loaded TP IOSTargetPlatform
[2016.10.03-15.59.42:771][  0]LogTemp:Display: Loaded TP TVOSTargetPlatform
[2016.10.03-15.59.42:776][  0]LogTemp:Display: Loaded TP LinuxNoEditorTargetPlatform
[2016.10.03-15.59.42:782][  0]LogTemp:Display: Loaded TP LinuxServerTargetPlatform
[2016.10.03-15.59.42:788][  0]LogTemp:Display: Loaded TP LinuxTargetPlatform
[2016.10.03-15.59.42:788][  0]LogTargetPlatformManager:Display: Building Assets For Windows
[2016.10.03-15.59.42:844][  0]LogDerivedDataCache:Display: Max Cache Size: 512 MB
[2016.10.03-15.59.42:884][  0]LogDerivedDataCache: Loaded boot cache 0.04s 48MB C:/Users/anpaint19/AppData/Local/UnrealEngine/4.12/DerivedDataCache/Boot.ddc.
[2016.10.03-15.59.42:885][  0]LogDerivedDataCache:Display: Loaded Boot cache: C:/Users/anpaint19/AppData/Local/UnrealEngine/4.12/DerivedDataCache/Boot.ddc
[2016.10.03-15.59.42:885][  0]LogDerivedDataCache: FDerivedDataBackendGraph:  Pak pak cache file ../../../../../../Users/anpaint19/Google Drive/SchoolRunner 4.12/DerivedDataCache/DDC.ddp not found, will not use a pak cache.
[2016.10.03-15.59.42:885][  0]LogDerivedDataCache: Unable to find inner node Pak for hierarchical cache Hierarchy.
[2016.10.03-15.59.42:885][  0]LogDerivedDataCache: FDerivedDataBackendGraph:  CompressedPak pak cache file ../../../../../../Users/anpaint19/Google Drive/SchoolRunner 4.12/DerivedDataCache/Compressed.ddp not found, will not use a pak cache.
[2016.10.03-15.59.42:885][  0]LogDerivedDataCache: Unable to find inner node CompressedPak for hierarchical cache Hierarchy.
[2016.10.03-15.59.42:898][  0]LogDerivedDataCache:Display: Pak cache opened for reading ../../../Engine/DerivedDataCache/Compressed.ddp.
[2016.10.03-15.59.42:909][  0]LogDerivedDataCache: Using Local data cache path C:/Users/anpaint19/AppData/Local/UnrealEngine/Common/DerivedDataCache: Writable
[2016.10.03-15.59.43:033][  0]LogInit: Selected Device Profile: [Windows]
[2016.10.03-15.59.43:034][  0]LogContentStreaming: Texture pool size is 0.00 MB
[2016.10.03-15.59.43:150][  0]LogMeshUtilities: No automatic mesh reduction module available
[2016.10.03-15.59.43:150][  0]LogMeshUtilities: No automatic mesh merging module available
[2016.10.03-15.59.43:150][  0]LogMeshUtilities: No distributed automatic mesh merging module available
[2016.10.03-15.59.43:342][  0]LogAssetRegistry: FAssetRegistry took 0.0198 seconds to start up
[2016.10.03-15.59.43:358][  0]LogPackageLocalizationCache: Processed 3 localized package path(s) for 2 prioritized culture(s) in 0.013264 seconds
[2016.10.03-15.59.43:362][  0]LogUObjectArray: 28741 objects as part of root set at end of initial load.
[2016.10.03-15.59.43:362][  0]LogUObjectAllocator: 5855912 out of 0 bytes used by permanent object pool.
[2016.10.03-15.59.43:362][  0]LogUObjectArray: CloseDisregardForGC: 0/0 objects in disregard for GC pool
[2016.10.03-15.59.43:368][  0]LogInit: WinSock: version 1.1 (2.2), MaxSocks=32767, MaxUdp=65467
[2016.10.03-15.59.43:502][  0]LogSlate: SlateFontCache - WITH_FREETYPE: 1, WITH_HARFBUZZ: 1
[2016.10.03-15.59.43:502][  0]LogSlate: SlateFontCache - WITH_FREETYPE: 1, WITH_HARFBUZZ: 1
[2016.10.03-15.59.43:948][  0]LogUdpMessaging: Initializing bridge on interface 0.0.0.0:0 to multicast group 230.0.0.1:6666.
[2016.10.03-15.59.44:162][  0]SourceControl: Info Source control is disabled
[2016.10.03-15.59.44:163][  0]SourceControl: Info Source control is disabled
[2016.10.03-15.59.44:169][  0]SourceControl: Info Source control is disabled
[2016.10.03-15.59.44:174][  0]SourceControl: Info Source control is disabled
[2016.10.03-15.59.44:313][  0]LogEngine: Initializing Engine...
[2016.10.03-15.59.44:313][  0]LogHMD: SteamVR failed to initialize.  Err: 110
[2016.10.03-15.59.44:314][  0]LogHMD: SteamVR failed to initialize.  Err: 110
[2016.10.03-15.59.44:418][  0]LogAIModule: Creating AISystem for world NewWorld
[2016.10.03-15.59.44:422][  0]LogInit: XAudio2 using 'Speakers (Realtek High Definition Audio)' : 2 channels at 48 kHz using 32 bits per sample (channel mask 0x3)
[2016.10.03-15.59.44:438][  0]LogInit: FAudioDevice initialized.
[2016.10.03-15.59.44:457][  0]LogDerivedDataCache: Saved boot cache 0.02s 48MB C:/Users/anpaint19/AppData/Local/UnrealEngine/4.12/DerivedDataCache/Boot.ddc.
[2016.10.03-15.59.44:460][  0]LogInit: Texture streaming: Enabled
[2016.10.03-15.59.44:477][  0]LogInit: Transaction tracking system initialized
[2016.10.03-15.59.44:496][  0]BlueprintLog: New page: Editor Load
[2016.10.03-15.59.44:554][  0]LocalizationService: Info Localization service is disabled
[2016.10.03-15.59.44:600][  0]LogConsoleResponse:Display: 
[2016.10.03-15.59.44:678][  0]LogCook:Display: Max memory allowance for cook 8192mb
[2016.10.03-15.59.44:678][  0]LogCook:Display: Mobile HDR setting 1
[2016.10.03-15.59.44:750][  0]LogFileCache: Scanning file cache for directory 'C:/Users/anpaint19/Google Drive/SchoolRunner 4.12/Content/' took 0.03s
[2016.10.03-15.59.44:750][  0]SourceControl: Info Source control is disabled
[2016.10.03-15.59.44:750][  0]Cmd: MAP LOAD FILE="../../../../../../Users/anpaint19/Google Drive/SchoolRunner 4.12/Content/ThirdPersonBP/Maps/ThirdPersonExampleMap.umap" TEMPLATE=0 SHOWPROGRESS=1 FEATURELEVEL=3
[2016.10.03-15.59.44:750][  0]LightingResults: New page: Lighting Build
[2016.10.03-15.59.44:753][  0]MapCheck: New page: Map Check
[2016.10.03-15.59.44:753][  0]LightingResults: New page: Lighting Build
[2016.10.03-15.59.44:775][  0]LogLinker:Warning: Asset '../../../../../../Users/anpaint19/Google Drive/SchoolRunner 4.12/Content/Mannequin/Animations/ThirdPerson_Jump.uasset' has been saved with empty engine version. The asset will be loaded but may be incompatible.
[2016.10.03-15.59.44:776][  0]LogLinker:Warning: Asset '../../../../../../Users/anpaint19/Google Drive/SchoolRunner 4.12/Content/Mannequin/Animations/ThirdPersonJump_Loop.uasset' has been saved with empty engine version. The asset will be loaded but may be incompatible.
[2016.10.03-15.59.44:777][  0]LogLinker:Warning: Asset '../../../../../../Users/anpaint19/Google Drive/SchoolRunner 4.12/Content/Mannequin/Animations/ThirdPersonJump_Start.uasset' has been saved with empty engine version. The asset will be loaded but may be incompatible.
[2016.10.03-15.59.44:777][  0]LogLinker:Warning: Asset '../../../../../../Users/anpaint19/Google Drive/SchoolRunner 4.12/Content/Mannequin/Animations/ThirdPerson_IdleRun_2D.uasset' has been saved with empty engine version. The asset will be loaded but may be incompatible.
[2016.10.03-15.59.44:778][  0]LogLinker:Warning: Asset '../../../../../../Users/anpaint19/Google Drive/SchoolRunner 4.12/Content/Mannequin/Animations/ThirdPersonIdle.uasset' has been saved with empty engine version. The asset will be loaded but may be incompatible.
[2016.10.03-15.59.44:778][  0]LogLinker:Warning: Asset '../../../../../../Users/anpaint19/Google Drive/SchoolRunner 4.12/Content/Mannequin/Animations/ThirdPersonRun.uasset' has been saved with empty engine version. The asset will be loaded but may be incompatible.
[2016.10.03-15.59.44:779][  0]LogLinker:Warning: Asset '../../../../../../Users/anpaint19/Google Drive/SchoolRunner 4.12/Content/Mannequin/Animations/ThirdPersonWalk.uasset' has been saved with empty engine version. The asset will be loaded but may be incompatible.
[2016.10.03-15.59.45:056][  0]LogBlueprint:Error: Compiler Error This blueprint (self) is not a SceneComponent, therefore ' Target ' must have a connection.
[2016.10.03-15.59.45:057][  0]LogBlueprint:Warning: Compiler Warning [0004.02] Compile of PersistentLevel.ThirdPersonExampleMap failed. 1 Fatal Issue(s) 0 Warning(s) [in 2 ms] (/Game/ThirdPersonBP/Maps/ThirdPersonExampleMap.ThirdPersonExampleMap:PersistentLevel.ThirdPersonExampleMap)
[2016.10.03-15.59.45:057][  0]LogBlueprint:Warning: Compiler Warning [0004.02] Compile of PersistentLevel.ThirdPersonExampleMap failed. 1 Fatal Issue(s) 1 Warning(s) [in 0 ms] (/Game/ThirdPersonBP/Maps/ThirdPersonExampleMap.ThirdPersonExampleMap:PersistentLevel.ThirdPersonExampleMap)
[2016.10.03-15.59.45:057][  0]LogBlueprint:Warning: Compiler Warning [0004.02] Compile of PersistentLevel.ThirdPersonExampleMap failed. 1 Fatal Issue(s) 2 Warning(s) [in 0 ms] (/Game/ThirdPersonBP/Maps/ThirdPersonExampleMap.ThirdPersonExampleMap:PersistentLevel.ThirdPersonExampleMap)
[2016.10.03-15.59.45:603][  0]LogAIModule: Creating AISystem for world ThirdPersonExampleMap
[2016.10.03-15.59.45:880][  0]LogEditorServer: Finished looking for orphan Actors (0.000 secs)
[2016.10.03-15.59.45:881][  0]Cmd: MAP CHECKDEP NOCLEARLOG
[2016.10.03-15.59.45:910][  0]MapCheck: Info Map check complete: 0 Error(s), 0 Warning(s), took 28.538ms to complete.
[2016.10.03-15.59.45:910][  0]LogFileHelpers: Loading map 'ThirdPersonExampleMap' took 1.160
[2016.10.03-15.59.45:991][  0]LogCollectionManager: Loaded 0 collections in 0.001741 seconds
[2016.10.03-15.59.46:029][  0]LogFileCache: Scanning file cache for directory 'C:/Users/anpaint19/Google Drive/SchoolRunner 4.12/Saved/Collections/' took 0.01s
[2016.10.03-15.59.46:029][  0]LogFileCache: Scanning file cache for directory 'C:/Users/anpaint19/Google Drive/SchoolRunner 4.12/Content/Developers/anpaint19/Collections/' took 0.01s
[2016.10.03-15.59.46:029][  0]LogFileCache: Scanning file cache for directory 'C:/Users/anpaint19/Google Drive/SchoolRunner 4.12/Content/Collections/' took 0.01s
[2016.10.03-15.59.46:029][  0]LogCollectionManager: Rebuilt the GUID cache for 0 collections in 0.000002 seconds
[2016.10.03-15.59.46:036][  0]LogContentBrowser: Native class hierarchy populated in 0.0061 seconds. Added 2047 classes and 369 folders.
[2016.10.03-15.59.46:040][  0]LogStats: UGameplayTagsManager::ConstructGameplayTagTree: Construct from data asset -  0.000 s
[2016.10.03-15.59.46:040][  0]LogStats: UGameplayTagsManager::ConstructGameplayTagTree: GameplayTagTreeChangedEvent.Broadcast -  0.000 s
[2016.10.03-15.59.46:040][  0]LogContentBrowser: Native class hierarchy updated for 'GameplayTags' in 0.0003 seconds. Added 12 classes and 0 folders.
[2016.10.03-15.59.46:044][  0]LogContentBrowser: Native class hierarchy updated for 'WidgetCarousel' in 0.0003 seconds. Added 0 classes and 0 folders.
[2016.10.03-15.59.46:070][  0]LogContentBrowser: Native class hierarchy updated for 'AddContentDialog' in 0.0003 seconds. Added 0 classes and 0 folders.
[2016.10.03-15.59.46:665][  0]LogContentBrowser: Native class hierarchy updated for 'SceneOutliner' in 0.0003 seconds. Added 1 classes and 2 folders.
[2016.10.03-15.59.46:676][  0]LogCrashTracker: Crashtracker disabled due to settings.
[2016.10.03-15.59.46:686][  0]LogUObjectGlobals:Warning: Failed to find object 'Class None.'
[2016.10.03-15.59.46:709][  0]LogContentBrowser: Native class hierarchy updated for 'HierarchicalLODOutliner' in 0.0003 seconds. Added 1 classes and 2 folders.
[2016.10.03-15.59.46:710][  0]LogLoad: Full Startup: 5.68 seconds (BP compile: 0.09 seconds)
[2016.10.03-15.59.46:710][  0]LogExternalProfiler: No external profilers were discovered.  External profiling features will not be available.
[2016.10.03-15.59.46:720][  0]LogOcInput: OculusInput pre-init called
[2016.10.03-15.59.46:740][  0]LogContentStreaming: Texture pool size now 1000 MB
[2016.10.03-15.59.46:917][  0]LogRenderer: Reallocating scene render targets to support 760x868 (Frame:2).
[2016.10.03-15.59.47:045][  2]LogAssetRegistry: Asset discovery search completed in 3.7229 seconds
[2016.10.03-15.59.47:045][  2]LogCollectionManager: Rebuilt the object cache for 0 collections in 0.000000 seconds (found 0 objects)
[2016.10.03-15.59.47:045][  2]LogCollectionManager: Fixed up redirectors for 0 collections in 0.000016 seconds (updated 0 objects)
[2016.10.03-15.59.54:272][567]LogEnum:Warning: Enum name collision: 'EIntTypes::NewEnumerator4' is in both '/Game/OtherUnrealStuff/Engine/ArtTools/RenderToTexture/Enums/EIntTypes.EIntTypes' and '/Engine/ArtTools/RenderToTexture/Enums/EIntTypes.EIntTypes'
[2016.10.03-15.59.54:272][567]LogEnum:Warning: Enum name collision: 'EIntTypes::NewEnumerator5' is in both '/Game/OtherUnrealStuff/Engine/ArtTools/RenderToTexture/Enums/EIntTypes.EIntTypes' and '/Engine/ArtTools/RenderToTexture/Enums/EIntTypes.EIntTypes'
[2016.10.03-15.59.54:272][567]LogEnum:Warning: Enum name collision: 'EIntTypes::NewEnumerator6' is in both '/Game/OtherUnrealStuff/Engine/ArtTools/RenderToTexture/Enums/EIntTypes.EIntTypes' and '/Engine/ArtTools/RenderToTexture/Enums/EIntTypes.EIntTypes'
[2016.10.03-15.59.54:272][567]LogEnum:Warning: Enum name collision: 'EIntTypes::NewEnumerator7' is in both '/Game/OtherUnrealStuff/Engine/ArtTools/RenderToTexture/Enums/EIntTypes.EIntTypes' and '/Engine/ArtTools/RenderToTexture/Enums/EIntTypes.EIntTypes'
[2016.10.03-15.59.54:272][567]LogEnum:Warning: Enum name collision: 'EIntTypes::EIntTypes_MAX' is in both '/Game/OtherUnrealStuff/Engine/ArtTools/RenderToTexture/Enums/EIntTypes.EIntTypes' and '/Engine/ArtTools/RenderToTexture/Enums/EIntTypes.EIntTypes'
[2016.10.03-15.59.54:356][567]LogEnum:Warning: Enum name collision: 'EIntTypes::NewEnumerator4' is in both '/Game/OtherUnrealStuff/Engine/ArtTools/RenderToTexture/Enums/EIntTypes.EIntTypes' and '/Engine/ArtTools/RenderToTexture/Enums/EIntTypes.EIntTypes'
[2016.10.03-15.59.54:356][567]LogEnum:Warning: Enum name collision: 'EIntTypes::NewEnumerator5' is in both '/Game/OtherUnrealStuff/Engine/ArtTools/RenderToTexture/Enums/EIntTypes.EIntTypes' and '/Engine/ArtTools/RenderToTexture/Enums/EIntTypes.EIntTypes'
[2016.10.03-15.59.54:356][567]LogEnum:Warning: Enum name collision: 'EIntTypes::NewEnumerator6' is in both '/Game/OtherUnrealStuff/Engine/ArtTools/RenderToTexture/Enums/EIntTypes.EIntTypes' and '/Engine/ArtTools/RenderToTexture/Enums/EIntTypes.EIntTypes'
[2016.10.03-15.59.54:356][567]LogEnum:Warning: Enum name collision: 'EIntTypes::NewEnumerator7' is in both '/Game/OtherUnrealStuff/Engine/ArtTools/RenderToTexture/Enums/EIntTypes.EIntTypes' and '/Engine/ArtTools/RenderToTexture/Enums/EIntTypes.EIntTypes'
[2016.10.03-15.59.54:414][567]LogEnum:Warning: Enum name collision: 'EFloatTypes::NewEnumerator0' is in both '/Game/OtherUnrealStuff/Engine/ArtTools/RenderToTexture/Enums/EFloatTypes.EFloatTypes' and '/Engine/ArtTools/RenderToTexture/Enums/EFloatTypes.EFloatTypes'
[2016.10.03-15.59.54:414][567]LogEnum:Warning: Enum name collision: 'EFloatTypes::NewEnumerator1' is in both '/Game/OtherUnrealStuff/Engine/ArtTools/RenderToTexture/Enums/EFloatTypes.EFloatTypes' and '/Engine/ArtTools/RenderToTexture/Enums/EFloatTypes.EFloatTypes'
[2016.10.03-15.59.54:414][567]LogEnum:Warning: Enum name collision: 'EFloatTypes::NewEnumerator2' is in both '/Game/OtherUnrealStuff/Engine/ArtTools/RenderToTexture/Enums/EFloatTypes.EFloatTypes' and '/Engine/ArtTools/RenderToTexture/Enums/EFloatTypes.EFloatTypes'
[2016.10.03-15.59.54:414][567]LogEnum:Warning: Enum name collision: 'EFloatTypes::NewEnumerator3' is in both '/Game/OtherUnrealStuff/Engine/ArtTools/RenderToTexture/Enums/EFloatTypes.EFloatTypes' and '/Engine/ArtTools/RenderToTexture/Enums/EFloatTypes.EFloatTypes'
[2016.10.03-15.59.54:414][567]LogEnum:Warning: Enum name collision: 'EFloatTypes::EFloatTypes_MAX' is in both '/Game/OtherUnrealStuff/Engine/ArtTools/RenderToTexture/Enums/EFloatTypes.EFloatTypes' and '/Engine/ArtTools/RenderToTexture/Enums/EFloatTypes.EFloatTypes'
[2016.10.03-15.59.54:432][567]LogEnum:Warning: Enum name collision: 'EFloatTypes::NewEnumerator0' is in both '/Game/OtherUnrealStuff/Engine/ArtTools/RenderToTexture/Enums/EFloatTypes.EFloatTypes' and '/Engine/ArtTools/RenderToTexture/Enums/EFloatTypes.EFloatTypes'
[2016.10.03-15.59.54:432][567]LogEnum:Warning: Enum name collision: 'EFloatTypes::NewEnumerator1' is in both '/Game/OtherUnrealStuff/Engine/ArtTools/RenderToTexture/Enums/EFloatTypes.EFloatTypes' and '/Engine/ArtTools/RenderToTexture/Enums/EFloatTypes.EFloatTypes'
[2016.10.03-15.59.54:432][567]LogEnum:Warning: Enum name collision: 'EFloatTypes::NewEnumerator2' is in both '/Game/OtherUnrealStuff/Engine/ArtTools/RenderToTexture/Enums/EFloatTypes.EFloatTypes' and '/Engine/ArtTools/RenderToTexture/Enums/EFloatTypes.EFloatTypes'
[2016.10.03-15.59.54:432][567]LogEnum:Warning: Enum name collision: 'EFloatTypes::NewEnumerator3' is in both '/Game/OtherUnrealStuff/Engine/ArtTools/RenderToTexture/Enums/EFloatTypes.EFloatTypes' and '/Engine/ArtTools/RenderToTexture/Enums/EFloatTypes.EFloatTypes'
[2016.10.03-15.59.54:483][567]LogEnum:Warning: Enum name collision: 'RenderToTexture_Enum::NewEnumerator10' is in both '/Game/OtherUnrealStuff/Engine/ArtTools/RenderToTexture/Enums/RenderToTexture_Enum.RenderToTexture_Enum' and '/Engine/ArtTools/RenderToTexture/Enums/RenderToTexture_Enum.RenderToTexture_Enum'
[2016.10.03-15.59.54:483][567]LogEnum:Warning: Enum name collision: 'RenderToTexture_Enum::NewEnumerator0' is in both '/Game/OtherUnrealStuff/Engine/ArtTools/RenderToTexture/Enums/RenderToTexture_Enum.RenderToTexture_Enum' and '/Engine/ArtTools/RenderToTexture/Enums/RenderToTexture_Enum.RenderToTexture_Enum'
[2016.10.03-15.59.54:483][567]LogEnum:Warning: Enum name collision: 'RenderToTexture_Enum::NewEnumerator5' is in both '/Game/OtherUnrealStuff/Engine/ArtTools/RenderToTexture/Enums/RenderToTexture_Enum.RenderToTexture_Enum' and '/Engine/ArtTools/RenderToTexture/Enums/RenderToTexture_Enum.RenderToTexture_Enum'
[2016.10.03-15.59.54:483][567]LogEnum:Warning: Enum name collision: 'RenderToTexture_Enum::NewEnumerator2' is in both '/Game/OtherUnrealStuff/Engine/ArtTools/RenderToTexture/Enums/RenderToTexture_Enum.RenderToTexture_Enum' and '/Engine/ArtTools/RenderToTexture/Enums/RenderToTexture_Enum.RenderToTexture_Enum'
[2016.10.03-15.59.54:483][567]LogEnum:Warning: Enum name collision: 'RenderToTexture_Enum::NewEnumerator3' is in both '/Game/OtherUnrealStuff/Engine/ArtTools/RenderToTexture/Enums/RenderToTexture_Enum.RenderToTexture_Enum' and '/Engine/ArtTools/RenderToTexture/Enums/RenderToTexture_Enum.RenderToTexture_Enum'
[2016.10.03-15.59.54:483][567]LogEnum:Warning: Enum name collision: 'RenderToTexture_Enum::NewEnumerator4' is in both '/Game/OtherUnrealStuff/Engine/ArtTools/RenderToTexture/Enums/RenderToTexture_Enum.RenderToTexture_Enum' and '/Engine/ArtTools/RenderToTexture/Enums/RenderToTexture_Enum.RenderToTexture_Enum'
[2016.10.03-15.59.54:483][567]LogEnum:Warning: Enum name collision: 'RenderToTexture_Enum::NewEnumerator6' is in both '/Game/OtherUnrealStuff/Engine/ArtTools/RenderToTexture/Enums/RenderToTexture_Enum.RenderToTexture_Enum' and '/Engine/ArtTools/RenderToTexture/Enums/RenderToTexture_Enum.RenderToTexture_Enum'
[2016.10.03-15.59.54:483][567]LogEnum:Warning: Enum name collision: 'RenderToTexture_Enum::NewEnumerator8' is in both '/Game/OtherUnrealStuff/Engine/ArtTools/RenderToTexture/Enums/RenderToTexture_Enum.RenderToTexture_Enum' and '/Engine/ArtTools/RenderToTexture/Enums/RenderToTexture_Enum.RenderToTexture_Enum'
[2016.10.03-15.59.54:483][567]LogEnum:Warning: Enum name collision: 'RenderToTexture_Enum::NewEnumerator9' is in both '/Game/OtherUnrealStuff/Engine/ArtTools/RenderToTexture/Enums/RenderToTexture_Enum.RenderToTexture_Enum' and '/Engine/ArtTools/RenderToTexture/Enums/RenderToTexture_Enum.RenderToTexture_Enum'
[2016.10.03-15.59.54:483][567]LogEnum:Warning: Enum name collision: 'RenderToTexture_Enum::RenderToTexture_MAX' is in both '/Game/OtherUnrealStuff/Engine/ArtTools/RenderToTexture/Enums/RenderToTexture_Enum.RenderToTexture_Enum' and '/Engine/ArtTools/RenderToTexture/Enums/RenderToTexture_Enum.RenderToTexture_Enum'
[2016.10.03-15.59.54:483][567]LogEnum:Warning: Enum name collision: 'RenderToTexture_Enum::NewEnumerator10' is in both '/Game/OtherUnrealStuff/Engine/ArtTools/RenderToTexture/Enums/RenderToTexture_Enum.RenderToTexture_Enum' and '/Engine/ArtTools/RenderToTexture/Enums/RenderToTexture_Enum.RenderToTexture_Enum'
[2016.10.03-15.59.54:483][567]LogEnum:Warning: Enum name collision: 'RenderToTexture_Enum::NewEnumerator0' is in both '/Game/OtherUnrealStuff/Engine/ArtTools/RenderToTexture/Enums/RenderToTexture_Enum.RenderToTexture_Enum' and '/Engine/ArtTools/RenderToTexture/Enums/RenderToTexture_Enum.RenderToTexture_Enum'
[2016.10.03-15.59.54:483][567]LogEnum:Warning: Enum name collision: 'RenderToTexture_Enum::NewEnumerator5' is in both '/Game/OtherUnrealStuff/Engine/ArtTools/RenderToTexture/Enums/RenderToTexture_Enum.RenderToTexture_Enum' and '/Engine/ArtTools/RenderToTexture/Enums/RenderToTexture_Enum.RenderToTexture_Enum'
[2016.10.03-15.59.54:483][567]LogEnum:Warning: Enum name collision: 'RenderToTexture_Enum::NewEnumerator2' is in both '/Game/OtherUnrealStuff/Engine/ArtTools/RenderToTexture/Enums/RenderToTexture_Enum.RenderToTexture_Enum' and '/Engine/ArtTools/RenderToTexture/Enums/RenderToTexture_Enum.RenderToTexture_Enum'
[2016.10.03-15.59.54:483][567]LogEnum:Warning: Enum name collision: 'RenderToTexture_Enum::NewEnumerator3' is in both '/Game/OtherUnrealStuff/Engine/ArtTools/RenderToTexture/Enums/RenderToTexture_Enum.RenderToTexture_Enum' and '/Engine/ArtTools/RenderToTexture/Enums/RenderToTexture_Enum.RenderToTexture_Enum'
[2016.10.03-15.59.54:483][567]LogEnum:Warning: Enum name collision: 'RenderToTexture_Enum::NewEnumerator4' is in both '/Game/OtherUnrealStuff/Engine/ArtTools/RenderToTexture/Enums/RenderToTexture_Enum.RenderToTexture_Enum' and '/Engine/ArtTools/RenderToTexture/Enums/RenderToTexture_Enum.RenderToTexture_Enum'
[2016.10.03-15.59.54:483][567]LogEnum:Warning: Enum name collision: 'RenderToTexture_Enum::NewEnumerator6' is in both '/Game/OtherUnrealStuff/Engine/ArtTools/RenderToTexture/Enums/RenderToTexture_Enum.RenderToTexture_Enum' and '/Engine/ArtTools/RenderToTexture/Enums/RenderToTexture_Enum.RenderToTexture_Enum'
[2016.10.03-15.59.54:483][567]LogEnum:Warning: Enum name collision: 'RenderToTexture_Enum::NewEnumerator8' is in both '/Game/OtherUnrealStuff/Engine/ArtTools/RenderToTexture/Enums/RenderToTexture_Enum.RenderToTexture_Enum' and '/Engine/ArtTools/RenderToTexture/Enums/RenderToTexture_Enum.RenderToTexture_Enum'
[2016.10.03-15.59.54:483][567]LogEnum:Warning: Enum name collision: 'RenderToTexture_Enum::NewEnumerator9' is in both '/Game/OtherUnrealStuff/Engine/ArtTools/RenderToTexture/Enums/RenderToTexture_Enum.RenderToTexture_Enum' and '/Engine/ArtTools/RenderToTexture/Enums/RenderToTexture_Enum.RenderToTexture_Enum'
[2016.10.03-15.59.54:484][567]LogEnum:Warning: Enum name collision: 'RenderToTexture_Flipbook_Enum::NewEnumerator0' is in both '/Game/OtherUnrealStuff/Engine/ArtTools/RenderToTexture/Enums/RenderToTexture_Flipbook_Enum.RenderToTexture_Flipbook_Enum' and '/Engine/ArtTools/RenderToTexture/Enums/RenderToTexture_Flipbook_Enum.RenderToTexture_Flipbook_Enum'
[2016.10.03-15.59.54:484][567]LogEnum:Warning: Enum name collision: 'RenderToTexture_Flipbook_Enum::NewEnumerator1' is in both '/Game/OtherUnrealStuff/Engine/ArtTools/RenderToTexture/Enums/RenderToTexture_Flipbook_Enum.RenderToTexture_Flipbook_Enum' and '/Engine/ArtTools/RenderToTexture/Enums/RenderToTexture_Flipbook_Enum.RenderToTexture_Flipbook_Enum'
[2016.10.03-15.59.54:484][567]LogEnum:Warning: Enum name collision: 'RenderToTexture_Flipbook_Enum::NewEnumerator2' is in both '/Game/OtherUnrealStuff/Engine/ArtTools/RenderToTexture/Enums/RenderToTexture_Flipbook_Enum.RenderToTexture_Flipbook_Enum' and '/Engine/ArtTools/RenderToTexture/Enums/RenderToTexture_Flipbook_Enum.RenderToTexture_Flipbook_Enum'
[2016.10.03-15.59.54:484][567]LogEnum:Warning: Enum name collision: 'RenderToTexture_Flipbook_Enum::RenderToTexture_Flipbook_MAX' is in both '/Game/OtherUnrealStuff/Engine/ArtTools/RenderToTexture/Enums/RenderToTexture_Flipbook_Enum.RenderToTexture_Flipbook_Enum' and '/Engine/ArtTools/RenderToTexture/Enums/RenderToTexture_Flipbook_Enum.RenderToTexture_Flipbook_Enum'
[2016.10.03-15.59.54:484][567]LogEnum:Warning: Enum name collision: 'RenderToTexture_Flipbook_Enum::NewEnumerator0' is in both '/Game/OtherUnrealStuff/Engine/ArtTools/RenderToTexture/Enums/RenderToTexture_Flipbook_Enum.RenderToTexture_Flipbook_Enum' and '/Engine/ArtTools/RenderToTexture/Enums/RenderToTexture_Flipbook_Enum.RenderToTexture_Flipbook_Enum'
[2016.10.03-15.59.54:484][567]LogEnum:Warning: Enum name collision: 'RenderToTexture_Flipbook_Enum::NewEnumerator1' is in both '/Game/OtherUnrealStuff/Engine/ArtTools/RenderToTexture/Enums/RenderToTexture_Flipbook_Enum.RenderToTexture_Flipbook_Enum' and '/Engine/ArtTools/RenderToTexture/Enums/RenderToTexture_Flipbook_Enum.RenderToTexture_Flipbook_Enum'
[2016.10.03-15.59.54:484][567]LogEnum:Warning: Enum name collision: 'RenderToTexture_Flipbook_Enum::NewEnumerator2' is in both '/Game/OtherUnrealStuff/Engine/ArtTools/RenderToTexture/Enums/RenderToTexture_Flipbook_Enum.RenderToTexture_Flipbook_Enum' and '/Engine/ArtTools/RenderToTexture/Enums/RenderToTexture_Flipbook_Enum.RenderToTexture_Flipbook_Enum'
[2016.10.03-15.59.54:485][567]LogEnum:Warning: Enum name collision: 'RenderToTexture_Imposter_Enum::NewEnumerator0' is in both '/Game/OtherUnrealStuff/Engine/ArtTools/RenderToTexture/Enums/RenderToTexture_Imposter_Enum.RenderToTexture_Imposter_Enum' and '/Engine/ArtTools/RenderToTexture/Enums/RenderToTexture_Imposter_Enum.RenderToTexture_Imposter_Enum'
[2016.10.03-15.59.54:485][567]LogEnum:Warning: Enum name collision: 'RenderToTexture_Imposter_Enum::NewEnumerator1' is in both '/Game/OtherUnrealStuff/Engine/ArtTools/RenderToTexture/Enums/RenderToTexture_Imposter_Enum.RenderToTexture_Imposter_Enum' and '/Engine/ArtTools/RenderToTexture/Enums/RenderToTexture_Imposter_Enum.RenderToTexture_Imposter_Enum'
[2016.10.03-15.59.54:485][567]LogEnum:Warning: Enum name collision: 'RenderToTexture_Imposter_Enum::RenderToTexture_Imposter_MAX' is in both '/Game/OtherUnrealStuff/Engine/ArtTools/RenderToTexture/Enums/RenderToTexture_Imposter_Enum.RenderToTexture_Imposter_Enum' and '/Engine/ArtTools/RenderToTexture/Enums/RenderToTexture_Imposter_Enum.RenderToTexture_Imposter_Enum'
[2016.10.03-15.59.54:485][567]LogEnum:Warning: Enum name collision: 'RenderToTexture_Imposter_Enum::NewEnumerator0' is in both '/Game/OtherUnrealStuff/Engine/ArtTools/RenderToTexture/Enums/RenderToTexture_Imposter_Enum.RenderToTexture_Imposter_Enum' and '/Engine/ArtTools/RenderToTexture/Enums/RenderToTexture_Imposter_Enum.RenderToTexture_Imposter_Enum'
[2016.10.03-15.59.54:485][567]LogEnum:Warning: Enum name collision: 'RenderToTexture_Imposter_Enum::NewEnumerator1' is in both '/Game/OtherUnrealStuff/Engine/ArtTools/RenderToTexture/Enums/RenderToTexture_Imposter_Enum.RenderToTexture_Imposter_Enum' and '/Engine/ArtTools/RenderToTexture/Enums/RenderToTexture_Imposter_Enum.RenderToTexture_Imposter_Enum'
[2016.10.03-15.59.54:486][567]LogEnum:Warning: Enum name collision: 'AnimsForHands::NewEnumerator0' is in both '/Game/OtherUnrealStuff/Engine/VREditor/Tutorial/UMG/Specialized/AnimsForHands.AnimsForHands' and '/Engine/VREditor/Tutorial/UMG/Specialized/AnimsForHands.AnimsForHands'
[2016.10.03-15.59.54:486][567]LogEnum:Warning: Enum name collision: 'AnimsForHands::NewEnumerator1' is in both '/Game/OtherUnrealStuff/Engine/VREditor/Tutorial/UMG/Specialized/AnimsForHands.AnimsForHands' and '/Engine/VREditor/Tutorial/UMG/Specialized/AnimsForHands.AnimsForHands'
[2016.10.03-15.59.54:486][567]LogEnum:Warning: Enum name collision: 'AnimsForHands::NewEnumerator2' is in both '/Game/OtherUnrealStuff/Engine/VREditor/Tutorial/UMG/Specialized/AnimsForHands.AnimsForHands' and '/Engine/VREditor/Tutorial/UMG/Specialized/AnimsForHands.AnimsForHands'
[2016.10.03-15.59.54:486][567]LogEnum:Warning: Enum name collision: 'AnimsForHands::NewEnumerator3' is in both '/Game/OtherUnrealStuff/Engine/VREditor/Tutorial/UMG/Specialized/AnimsForHands.AnimsForHands' and '/Engine/VREditor/Tutorial/UMG/Specialized/AnimsForHands.AnimsForHands'
[2016.10.03-15.59.54:486][567]LogEnum:Warning: Enum name collision: 'AnimsForHands::NewEnumerator4' is in both '/Game/OtherUnrealStuff/Engine/VREditor/Tutorial/UMG/Specialized/AnimsForHands.AnimsForHands' and '/Engine/VREditor/Tutorial/UMG/Specialized/AnimsForHands.AnimsForHands'
[2016.10.03-15.59.54:486][567]LogEnum:Warning: Enum name collision: 'AnimsForHands::NewEnumerator5' is in both '/Game/OtherUnrealStuff/Engine/VREditor/Tutorial/UMG/Specialized/AnimsForHands.AnimsForHands' and '/Engine/VREditor/Tutorial/UMG/Specialized/AnimsForHands.AnimsForHands'
[2016.10.03-15.59.54:486][567]LogEnum:Warning: Enum name collision: 'AnimsForHands::NewEnumerator6' is in both '/Game/OtherUnrealStuff/Engine/VREditor/Tutorial/UMG/Specialized/AnimsForHands.AnimsForHands' and '/Engine/VREditor/Tutorial/UMG/Specialized/AnimsForHands.AnimsForHands'
[2016.10.03-15.59.54:486][567]LogEnum:Warning: Enum name collision: 'AnimsForHands::NewEnumerator8' is in both '/Game/OtherUnrealStuff/Engine/VREditor/Tutorial/UMG/Specialized/AnimsForHands.AnimsForHands' and '/Engine/VREditor/Tutorial/UMG/Specialized/AnimsForHands.AnimsForHands'
[2016.10.03-15.59.54:486][567]LogEnum:Warning: Enum name collision: 'AnimsForHands::NewEnumerator7' is in both '/Game/OtherUnrealStuff/Engine/VREditor/Tutorial/UMG/Specialized/AnimsForHands.AnimsForHands' and '/Engine/VREditor/Tutorial/UMG/Specialized/AnimsForHands.AnimsForHands'
[2016.10.03-15.59.54:486][567]LogEnum:Warning: Enum name collision: 'AnimsForHands::AnimsForHands_MAX' is in both '/Game/OtherUnrealStuff/Engine/VREditor/Tutorial/UMG/Specialized/AnimsForHands.AnimsForHands' and '/Engine/VREditor/Tutorial/UMG/Specialized/AnimsForHands.AnimsForHands'
[2016.10.03-15.59.54:486][567]LogEnum:Warning: Enum name collision: 'AnimsForHands::NewEnumerator0' is in both '/Game/OtherUnrealStuff/Engine/VREditor/Tutorial/UMG/Specialized/AnimsForHands.AnimsForHands' and '/Engine/VREditor/Tutorial/UMG/Specialized/AnimsForHands.AnimsForHands'
[2016.10.03-15.59.54:486][567]LogEnum:Warning: Enum name collision: 'AnimsForHands::NewEnumerator1' is in both '/Game/OtherUnrealStuff/Engine/VREditor/Tutorial/UMG/Specialized/AnimsForHands.AnimsForHands' and '/Engine/VREditor/Tutorial/UMG/Specialized/AnimsForHands.AnimsForHands'
[2016.10.03-15.59.54:486][567]LogEnum:Warning: Enum name collision: 'AnimsForHands::NewEnumerator2' is in both '/Game/OtherUnrealStuff/Engine/VREditor/Tutorial/UMG/Specialized/AnimsForHands.AnimsForHands' and '/Engine/VREditor/Tutorial/UMG/Specialized/AnimsForHands.AnimsForHands'
[2016.10.03-15.59.54:486][567]LogEnum:Warning: Enum name collision: 'AnimsForHands::NewEnumerator3' is in both '/Game/OtherUnrealStuff/Engine/VREditor/Tutorial/UMG/Specialized/AnimsForHands.AnimsForHands' and '/Engine/VREditor/Tutorial/UMG/Specialized/AnimsForHands.AnimsForHands'
[2016.10.03-15.59.54:486][567]LogEnum:Warning: Enum name collision: 'AnimsForHands::NewEnumerator4' is in both '/Game/OtherUnrealStuff/Engine/VREditor/Tutorial/UMG/Specialized/AnimsForHands.AnimsForHands' and '/Engine/VREditor/Tutorial/UMG/Specialized/AnimsForHands.AnimsForHands'
[2016.10.03-15.59.54:486][567]LogEnum:Warning: Enum name collision: 'AnimsForHands::NewEnumerator5' is in both '/Game/OtherUnrealStuff/Engine/VREditor/Tutorial/UMG/Specialized/AnimsForHands.AnimsForHands' and '/Engine/VREditor/Tutorial/UMG/Specialized/AnimsForHands.AnimsForHands'
[2016.10.03-15.59.54:486][567]LogEnum:Warning: Enum name collision: 'AnimsForHands::NewEnumerator6' is in both '/Game/OtherUnrealStuff/Engine/VREditor/Tutorial/UMG/Specialized/AnimsForHands.AnimsForHands' and '/Engine/VREditor/Tutorial/UMG/Specialized/AnimsForHands.AnimsForHands'
[2016.10.03-15.59.54:486][567]LogEnum:Warning: Enum name collision: 'AnimsForHands::NewEnumerator8' is in both '/Game/OtherUnrealStuff/Engine/VREditor/Tutorial/UMG/Specialized/AnimsForHands.AnimsForHands' and '/Engine/VREditor/Tutorial/UMG/Specialized/AnimsForHands.AnimsForHands'
[2016.10.03-15.59.54:486][567]LogEnum:Warning: Enum name collision: 'AnimsForHands::NewEnumerator7' is in both '/Game/OtherUnrealStuff/Engine/VREditor/Tutorial/UMG/Specialized/AnimsForHands.AnimsForHands' and '/Engine/VREditor/Tutorial/UMG/Specialized/AnimsForHands.AnimsForHands'
[2016.10.03-15.59.54:492][567]LogContentBrowser: Native class hierarchy updated for 'BlueprintGraph' in 0.0005 seconds. Added 111 classes and 0 folders.
[2016.10.03-16.00.08:011][641]LogBlueprintUserMessages: Early PlayInEditor Detection: Level '/Game/ThirdPersonBP/Maps/ThirdPersonExampleMap.ThirdPersonExampleMap:PersistentLevel' has LevelScriptBlueprint '/Game/ThirdPersonBP/Maps/ThirdPersonExampleMap.ThirdPersonExampleMap:PersistentLevel.ThirdPersonExampleMap' with GeneratedClass '/Game/ThirdPersonBP/Maps/ThirdPersonExampleMap.ThirdPersonExampleMap_C' with ClassGeneratedBy '/Game/ThirdPersonBP/Maps/ThirdPersonExampleMap.ThirdPersonExampleMap:PersistentLevel.ThirdPersonExampleMap'
[2016.10.03-16.00.08:011][641]BlueprintLog: New page: Pre-Play auto-recompile
[2016.10.03-16.00.08:011][641]LogPlayLevel: [PlayLevel] Compiling ThirdPersonExampleMap before play...
[2016.10.03-16.00.08:167][641]LogBlueprint:Error: Compiler Error This blueprint (self) is not a SceneComponent, therefore ' Target ' must have a connection.
[2016.10.03-16.00.08:302][641]LogBlueprint:Warning: Compiler Warning [0027.27] Compile of PersistentLevel.ThirdPersonExampleMap failed. 1 Fatal Issue(s) 0 Warning(s) [in 289 ms] (/Game/ThirdPersonBP/Maps/ThirdPersonExampleMap.ThirdPersonExampleMap:PersistentLevel.ThirdPersonExampleMap)
[2016.10.03-16.00.08:303][641]LogBlueprint:Warning: Compiler Warning [0027.27] Compile of PersistentLevel.ThirdPersonExampleMap failed. 1 Fatal Issue(s) 1 Warning(s) [in 0 ms] (/Game/ThirdPersonBP/Maps/ThirdPersonExampleMap.ThirdPersonExampleMap:PersistentLevel.ThirdPersonExampleMap)
[2016.10.03-16.00.08:304][641]LogBlueprint:Warning: Compiler Warning [0027.27] Compile of PersistentLevel.ThirdPersonExampleMap failed. 1 Fatal Issue(s) 2 Warning(s) [in 0 ms] (/Game/ThirdPersonBP/Maps/ThirdPersonExampleMap.ThirdPersonExampleMap:PersistentLevel.ThirdPersonExampleMap)
[2016.10.03-16.00.08:304][641]LogBlueprint:Warning: Compiler Warning [0027.27] Compile of PersistentLevel.ThirdPersonExampleMap failed. 1 Fatal Issue(s) 3 Warning(s) [in 0 ms] (/Game/ThirdPersonBP/Maps/ThirdPersonExampleMap.ThirdPersonExampleMap:PersistentLevel.ThirdPersonExampleMap)
[2016.10.03-16.00.08:304][641]LogBlueprint:Warning: Compiler Warning [0027.27] Compile of PersistentLevel.ThirdPersonExampleMap failed. 1 Fatal Issue(s) 4 Warning(s) [in 0 ms] (/Game/ThirdPersonBP/Maps/ThirdPersonExampleMap.ThirdPersonExampleMap:PersistentLevel.ThirdPersonExampleMap)
[2016.10.03-16.00.08:304][641]LogBlueprint:Warning: Compiler Warning [0027.27] Compile of PersistentLevel.ThirdPersonExampleMap failed. 1 Fatal Issue(s) 5 Warning(s) [in 0 ms] (/Game/ThirdPersonBP/Maps/ThirdPersonExampleMap.ThirdPersonExampleMap:PersistentLevel.ThirdPersonExampleMap)
[2016.10.03-16.00.08:305][641]LogPlayLevel: PlayLevel: Blueprint regeneration took 293 ms (1 blueprints)
[2016.10.03-16.00.08:346][641]BlueprintLog: Info Blueprint ThirdPersonExampleMap failed to compile
[2016.10.03-16.00.12:595][641]PIE: New page: PIE session: ThirdPersonExampleMap (Oct 3, 2016, 7:00:12 AM)
[2016.10.03-16.00.12:595][641]LogPlayLevel: Creating play world package: /Game/ThirdPersonBP/Maps/UEDPIE_0_ThirdPersonExampleMap
[2016.10.03-16.00.12:813][641]LogPlayLevel: PIE: StaticDuplicateObject took: (0.218025s)
[2016.10.03-16.00.12:814][641]LogAIModule: Creating AISystem for world ThirdPersonExampleMap
[2016.10.03-16.00.12:814][641]LogPlayLevel: PIE: World Init took: (0.000895s)
[2016.10.03-16.00.12:814][641]LogPlayLevel: PIE: Created PIE world by copying editor world from /Game/ThirdPersonBP/Maps/ThirdPersonExampleMap.ThirdPersonExampleMap to /Game/ThirdPersonBP/Maps/UEDPIE_0_ThirdPersonExampleMap.ThirdPersonExampleMap (0.219584s)
[2016.10.03-16.00.12:833][641]LogInit: XAudio2 using 'Speakers (Realtek High Definition Audio)' : 2 channels at 48 kHz using 32 bits per sample (channel mask 0x3)
[2016.10.03-16.00.12:841][641]LogInit: FAudioDevice initialized.
[2016.10.03-16.00.12:918][641]LogWorld: Game class is 'ThirdPersonGameMode_C'
[2016.10.03-16.00.12:997][641]LogWorld: Bringing World /Game/ThirdPersonBP/Maps/UEDPIE_0_ThirdPersonExampleMap.ThirdPersonExampleMap up for play (max tick rate 0) at 2016.10.03-12.00.12
[2016.10.03-16.00.13:015][641]LogWorld: Bringing up level for play took: 0.095090
[2016.10.03-16.00.13:018][641]LogContentBrowser: Native class hierarchy updated for 'MovieSceneCapture' in 0.0003 seconds. Added 11 classes and 0 folders.
[2016.10.03-16.00.13:020][641]PIE: Info Play in editor start time for /Game/ThirdPersonBP/Maps/UEDPIE_0_ThirdPersonExampleMap 5.218
[2016.10.03-16.00.13:020][641]LogBlueprintUserMessages: Late PlayInEditor Detection: Level '/Game/ThirdPersonBP/Maps/ThirdPersonExampleMap.ThirdPersonExampleMap:PersistentLevel' has LevelScriptBlueprint '/Game/ThirdPersonBP/Maps/ThirdPersonExampleMap.ThirdPersonExampleMap:PersistentLevel.ThirdPersonExampleMap' with GeneratedClass '/Game/ThirdPersonBP/Maps/ThirdPersonExampleMap.ThirdPersonExampleMap_C' with ClassGeneratedBy '/Game/ThirdPersonBP/Maps/ThirdPersonExampleMap.ThirdPersonExampleMap:PersistentLevel.ThirdPersonExampleMap'
[2016.10.03-16.00.30:132][826]LogBlueprintUserMessages: [BP_Pickup_Child_Hex_155] Destination Reached
[2016.10.03-16.00.39:201][596]LogBlueprintUserMessages: [BP_Pickup_Child_Hex3] Destination Reached
[2016.10.03-16.01.11:937][303]LogBlueprintUserMessages: Early EndPlayMap Detection: Level '/Game/T