Log file open, 09/29/16 09:17:09
LogInit:Display: Running engine for game: SchoolRunner
LogPlatformFile: Not using cached read wrapper
LogInit:Display: RandInit(416685311) SRandInit(416685312).
LogTaskGraph: Started task graph with 4 named threads and 7 total threads with 1 sets of task threads.
LogStats: Stats thread started at 0.059889
LogInit: Version: 4.12.5-3039270+++UE4+Release-4.12
LogInit: API Version: 2992821
LogInit: Net Version: 3039270
LogDevObjectVersion: Number of dev versions registered: 13
LogDevObjectVersion:   Dev-Blueprints (B0D832E4-1F89-4F0D-ACCF-7EB736FD4AA2): 3
LogDevObjectVersion:   Dev-Build (E1C64328-A22C-4D53-A36C-8E866417BD8C): 0
LogDevObjectVersion:   Dev-Core (375EC13C-06E4-48FB-B500-84F0262A717E): 1
LogDevObjectVersion:   Dev-Editor (E4B068ED-F494-42E9-A231-DA0B2E46BB41): 2
LogDevObjectVersion:   Dev-Framework (CFFC743F-43B0-4480-9391-14DF171D2073): 6
LogDevObjectVersion:   Dev-Mobile (B02B49B5-BB20-44E9-A304-32B752E40360): 0
LogDevObjectVersion:   Dev-Networking (A4E4105C-59A1-49B5-A7C5-40C4547EDFEE): 0
LogDevObjectVersion:   Dev-Online (39C831C9-5AE6-47DC-9A44-9C173E1C8E7C): 0
LogDevObjectVersion:   Dev-Physics (78F01B33-EBEA-4F98-B9B4-84EACCB95AA2): 0
LogDevObjectVersion:   Dev-Platform (6631380F-2D4D-43E0-8009-CF276956A95A): 0
LogDevObjectVersion:   Dev-Rendering (12F88B9F-8875-4AFC-A67C-D90C383ABD29): 2
LogDevObjectVersion:   Dev-Sequencer (7B5AE74C-D270-4C10-A958-57980B212A5A): 0
LogDevObjectVersion:   Dev-VR (D7296918-1DD6-4BDD-9DE2-64A83CC13884): 0
LogInit: Compiled (64-bit): Jul  6 2016 09:09:46
LogInit: Compiled with Visual C++: 19.00.23026.00
LogInit: Build Configuration: Development
LogInit: Branch Name: ++UE4+Release-4.12
LogInit: Command line:  
LogInit: Base directory: C:/Program Files (x86)/Epic Games/4.12/Engine/Binaries/Win64/
LogInit: Installed Engine Build: 1
LogInit: Using libcurl 7.41.0
LogInit:  - built for x86_64-pc-win32
LogInit:  - supports SSL with WinSSL
LogInit:  - other features:
LogInit:      CURL_VERSION_SSL
LogInit:      CURL_VERSION_IPV6
LogInit:      CURL_VERSION_ASYNCHDNS
LogInit:      CURL_VERSION_LARGEFILE
LogInit:      CURL_VERSION_IDN
LogInit:  CurlRequestOptions (configurable via config and command line):
LogInit:  - bVerifyPeer = true  - Libcurl will verify peer certificate
LogInit:  - bUseHttpProxy = false  - Libcurl will NOT use HTTP proxy
LogInit:  - bDontReuseConnections = false  - Libcurl will reuse connections
LogInit:  - CertBundlePath = nullptr  - Libcurl will use whatever was configured at build time.
LogInit: Presizing for max 8388607 objects, including 0 objects not considered by GC, pre-allocating 0 bytes for permanent pool.
LogInit: Object subsystem initialized
[2016.09.29-13.17.09:423][  0]LogInit: Selected Device Profile: [Windows]
[2016.09.29-13.17.09:423][  0]LogInit: Applying CVar settings loaded from the selected device profile: [Windows]
[2016.09.29-13.17.09:432][  0]LogInit: Computer: 2016-KISER-04
[2016.09.29-13.17.09:432][  0]LogInit: User: iarodri17
[2016.09.29-13.17.09:432][  0]LogInit: CPU Page size=65536, Cores=4
[2016.09.29-13.17.09:432][  0]LogInit: High frequency timer resolution =3.328339 MHz
[2016.09.29-13.17.09:432][  0]LogMemory: Memory total: Physical=15.9GB (16GB approx)
[2016.09.29-13.17.09:432][  0]LogMemory: Platform Memory Stats for Windows
[2016.09.29-13.17.09:432][  0]LogMemory: Process Physical Memory: 191.76 MB used, 191.76 MB peak
[2016.09.29-13.17.09:432][  0]LogMemory: Process Virtual Memory: 197.00 MB used, 197.00 MB peak
[2016.09.29-13.17.09:432][  0]LogMemory: Physical Memory: 4575.05 MB used, 16304.60 MB total
[2016.09.29-13.17.09:432][  0]LogMemory: Virtual Memory: 522.00 MB used, 8388608.00 MB total
[2016.09.29-13.17.09:456][  0]LogTextLocalizationManager: No specific translations for ('en-US') exist, so ('en') translations will be used.
[2016.09.29-13.17.09:757][  0]LogD3D11RHI: D3D11 adapters:
[2016.09.29-13.17.09:772][  0]LogD3D11RHI:    0. 'NVIDIA Quadro K2200 ' (Feature Level 11_0)
[2016.09.29-13.17.09:772][  0]LogD3D11RHI:       4034/0/7896 MB DedicatedVideo/DedicatedSystem/SharedSystem, Outputs:2, VendorId:0x10de
[2016.09.29-13.17.09:772][  0]LogD3D11RHI: Chosen D3D11 Adapter: 0
[2016.09.29-13.17.09:775][  0]LogD3D11RHI: Creating new Direct3DDevice
[2016.09.29-13.17.09:775][  0]LogD3D11RHI:     GPU DeviceId: 0x13ba (for the marketing name, search the web for "GPU Device Id")
[2016.09.29-13.17.09:775][  0]LogWindows: EnumDisplayDevices:
[2016.09.29-13.17.09:775][  0]LogWindows:    0. 'NVIDIA Quadro K2200 ' (P:1 D:1)
[2016.09.29-13.17.09:776][  0]LogWindows:    1. 'NVIDIA Quadro K2200 ' (P:0 D:1)
[2016.09.29-13.17.09:776][  0]LogWindows:    2. 'NVIDIA Quadro K2200 ' (P:0 D:0)
[2016.09.29-13.17.09:776][  0]LogWindows:    3. 'NVIDIA Quadro K2200 ' (P:0 D:0)
[2016.09.29-13.17.09:776][  0]LogWindows:    4. 'RDPDD Chained DD' (P:0 D:0)
[2016.09.29-13.17.09:776][  0]LogWindows:    5. 'RDP Encoder Mirror Driver' (P:0 D:0)
[2016.09.29-13.17.09:776][  0]LogWindows:    6. 'RDP Reflector Display Driver' (P:0 D:0)
[2016.09.29-13.17.09:776][  0]LogWindows: DebugString: GetVideoDriverDetailsInvalid PrimaryIsNotTheChoosenAdapter GetVideoDriverDetailsInvalid PrimaryIsNotTheChoosenAdapter GetVideoDriverDetailsInvalid PrimaryIsNotTheChoosenAdapter FoundDriverCount:4 
[2016.09.29-13.17.09:776][  0]LogD3D11RHI:     Adapter Name: NVIDIA Quadro K2200 
[2016.09.29-13.17.09:776][  0]LogD3D11RHI:   Driver Version: 361.91 (internal:10.18.13.6191, unified:361.91)
[2016.09.29-13.17.09:776][  0]LogD3D11RHI:      Driver Date: 2-8-2016
[2016.09.29-13.17.09:776][  0]LogRHI: Texture pool is 1361 MB (70% of 1945 MB)
[2016.09.29-13.17.09:782][  0]LogD3D11RHI: Async texture creation enabled
[2016.09.29-13.17.09:795][  0]LogD3D11RHI: GPU Timing Frequency: 1000.000000 (Debug: 2 2)
[2016.09.29-13.17.09:795][  0]LogShaderCompilers: Guid format shader working directory is -15 characters bigger than the processId version (../../../../../../Users/iarodri17/Google Drive/SchoolRunner 4.12/Intermediate/Shaders/WorkingDirectory/5636/).
[2016.09.29-13.17.09:795][  0]LogShaderCompilers: Cleaned the shader compiler working directory 'C:/Users/IARODR~1/AppData/Local/Temp/UnrealShaderWorkingDir/367232FF409CE902A6ADA99168A3CF1F/'.
[2016.09.29-13.17.09:795][  0]LogShaderCompilers:Display: Using Local Shader Compiler.
[2016.09.29-13.17.10:491][  0]LogTemp:Display: Loaded TP AllDesktopTargetPlatform
[2016.09.29-13.17.10:499][  0]LogTemp:Display: Loaded TP WindowsClientTargetPlatform
[2016.09.29-13.17.10:506][  0]LogTemp:Display: Loaded TP WindowsNoEditorTargetPlatform
[2016.09.29-13.17.10:513][  0]LogTemp:Display: Loaded TP WindowsServerTargetPlatform
[2016.09.29-13.17.10:521][  0]LogTemp:Display: Loaded TP WindowsTargetPlatform
[2016.09.29-13.17.10:528][  0]LogTemp:Display: Loaded TP AndroidTargetPlatform
[2016.09.29-13.17.10:534][  0]LogTemp:Display: Loaded TP Android_ASTCTargetPlatform
[2016.09.29-13.17.10:541][  0]LogTemp:Display: Loaded TP Android_ATCTargetPlatform
[2016.09.29-13.17.10:548][  0]LogTemp:Display: Loaded TP Android_DXTTargetPlatform
[2016.09.29-13.17.10:554][  0]LogTemp:Display: Loaded TP Android_ETC1TargetPlatform
[2016.09.29-13.17.10:561][  0]LogTemp:Display: Loaded TP Android_ETC2TargetPlatform
[2016.09.29-13.17.10:574][  0]LogTemp:Display: Loaded TP Android_MultiTargetPlatform
[2016.09.29-13.17.10:574][  0]LogTemp:Display: Loaded TP Android_PVRTCTargetPlatform
[2016.09.29-13.17.10:575][  0]LogTemp:Display: Loaded TP HTML5TargetPlatform
[2016.09.29-13.17.10:593][  0]LogTemp:Display: Loaded TP IOSTargetPlatform
[2016.09.29-13.17.10:600][  0]LogTemp:Display: Loaded TP TVOSTargetPlatform
[2016.09.29-13.17.10:606][  0]LogTemp:Display: Loaded TP LinuxNoEditorTargetPlatform
[2016.09.29-13.17.10:613][  0]LogTemp:Display: Loaded TP LinuxServerTargetPlatform
[2016.09.29-13.17.10:620][  0]LogTemp:Display: Loaded TP LinuxTargetPlatform
[2016.09.29-13.17.10:620][  0]LogTargetPlatformManager:Display: Building Assets For Windows
[2016.09.29-13.17.10:662][  0]LogDerivedDataCache:Display: Max Cache Size: 512 MB
[2016.09.29-13.17.10:699][  0]LogDerivedDataCache: Loaded boot cache 0.04s 48MB C:/Users/iarodri17/AppData/Local/UnrealEngine/4.12/DerivedDataCache/Boot.ddc.
[2016.09.29-13.17.10:699][  0]LogDerivedDataCache:Display: Loaded Boot cache: C:/Users/iarodri17/AppData/Local/UnrealEngine/4.12/DerivedDataCache/Boot.ddc
[2016.09.29-13.17.10:699][  0]LogDerivedDataCache: FDerivedDataBackendGraph:  Pak pak cache file ../../../../../../Users/iarodri17/Google Drive/SchoolRunner 4.12/DerivedDataCache/DDC.ddp not found, will not use a pak cache.
[2016.09.29-13.17.10:699][  0]LogDerivedDataCache: Unable to find inner node Pak for hierarchical cache Hierarchy.
[2016.09.29-13.17.10:699][  0]LogDerivedDataCache: FDerivedDataBackendGraph:  CompressedPak pak cache file ../../../../../../Users/iarodri17/Google Drive/SchoolRunner 4.12/DerivedDataCache/Compressed.ddp not found, will not use a pak cache.
[2016.09.29-13.17.10:699][  0]LogDerivedDataCache: Unable to find inner node CompressedPak for hierarchical cache Hierarchy.
[2016.09.29-13.17.10:713][  0]LogDerivedDataCache:Display: Pak cache opened for reading ../../../Engine/DerivedDataCache/Compressed.ddp.
[2016.09.29-13.17.10:724][  0]LogDerivedDataCache: Using Local data cache path C:/Users/iarodri17/AppData/Local/UnrealEngine/Common/DerivedDataCache: Writable
[2016.09.29-13.17.10:847][  0]LogInit: Selected Device Profile: [Windows]
[2016.09.29-13.17.10:848][  0]LogContentStreaming: Texture pool size is 0.00 MB
[2016.09.29-13.17.10:964][  0]LogMeshUtilities: No automatic mesh reduction module available
[2016.09.29-13.17.10:964][  0]LogMeshUtilities: No automatic mesh merging module available
[2016.09.29-13.17.10:964][  0]LogMeshUtilities: No distributed automatic mesh merging module available
[2016.09.29-13.17.11:152][  0]LogAssetRegistry: FAssetRegistry took 0.0196 seconds to start up
[2016.09.29-13.17.11:170][  0]LogPackageLocalizationCache: Processed 3 localized package path(s) for 2 prioritized culture(s) in 0.016098 seconds
[2016.09.29-13.17.11:174][  0]LogUObjectArray: 28733 objects as part of root set at end of initial load.
[2016.09.29-13.17.11:174][  0]LogUObjectAllocator: 5853352 out of 0 bytes used by permanent object pool.
[2016.09.29-13.17.11:174][  0]LogUObjectArray: CloseDisregardForGC: 0/0 objects in disregard for GC pool
[2016.09.29-13.17.11:180][  0]LogInit: WinSock: version 1.1 (2.2), MaxSocks=32767, MaxUdp=65467
[2016.09.29-13.17.11:302][  0]LogFileManager:Warning: MoveFile was unable to move '../../../../../../Users/iarodri17/Google Drive/SchoolRunner 4.12/Intermediate/CachedAssetRegistry.bin.tmp' to '../../../../../../Users/iarodri17/Google Drive/SchoolRunner 4.12/Intermediate/CachedAssetRegistry.bin', retrying in .5s...
[2016.09.29-13.17.11:302][  0]LogSlate: SlateFontCache - WITH_FREETYPE: 1, WITH_HARFBUZZ: 1
[2016.09.29-13.17.11:302][  0]LogSlate: SlateFontCache - WITH_FREETYPE: 1, WITH_HARFBUZZ: 1
[2016.09.29-13.17.11:742][  0]LogFileManager:Warning: MoveFile was unable to move '../../../../../../Users/iarodri17/Google Drive/SchoolRunner 4.12/Intermediate/CachedAssetRegistry.bin.tmp' to '../../../../../../Users/iarodri17/Google Drive/SchoolRunner 4.12/Intermediate/CachedAssetRegistry.bin', retrying in .5s...
[2016.09.29-13.17.11:742][  0]LogUdpMessaging: Initializing bridge on interface 0.0.0.0:0 to multicast group 230.0.0.1:6666.
[2016.09.29-13.17.11:962][  0]SourceControl: Info Source control is disabled
[2016.09.29-13.17.11:962][  0]SourceControl: Info Source control is disabled
[2016.09.29-13.17.11:967][  0]SourceControl: Info Source control is disabled
[2016.09.29-13.17.11:970][  0]SourceControl: Info Source control is disabled
[2016.09.29-13.17.12:082][  0]LogEngine: Initializing Engine...
[2016.09.29-13.17.12:082][  0]LogHMD: SteamVR failed to initialize.  Err: 110
[2016.09.29-13.17.12:083][  0]LogHMD: SteamVR failed to initialize.  Err: 110
[2016.09.29-13.17.12:187][  0]LogAIModule: Creating AISystem for world NewWorld
[2016.09.29-13.17.12:190][  0]LogInit: XAudio2 using 'Speakers (Realtek High Definition Audio)' : 2 channels at 48 kHz using 32 bits per sample (channel mask 0x3)
[2016.09.29-13.17.12:195][  0]LogInit: FAudioDevice initialized.
[2016.09.29-13.17.12:215][  0]LogDerivedDataCache: Saved boot cache 0.02s 48MB C:/Users/iarodri17/AppData/Local/UnrealEngine/4.12/DerivedDataCache/Boot.ddc.
[2016.09.29-13.17.12:218][  0]LogInit: Texture streaming: Enabled
[2016.09.29-13.17.12:231][  0]LogFileManager:Warning: MoveFile was unable to move '../../../../../../Users/iarodri17/Google Drive/SchoolRunner 4.12/Intermediate/CachedAssetRegistry.bin.tmp' to '../../../../../../Users/iarodri17/Google Drive/SchoolRunner 4.12/Intermediate/CachedAssetRegistry.bin', retrying in .5s...
[2016.09.29-13.17.12:232][  0]LogInit: Transaction tracking system initialized
[2016.09.29-13.17.12:246][  0]BlueprintLog: New page: Editor Load
[2016.09.29-13.17.12:287][  0]LocalizationService: Info Localization service is disabled
[2016.09.29-13.17.12:325][  0]LogConsoleResponse:Display: 
[2016.09.29-13.17.12:403][  0]LogCook:Display: Max memory allowance for cook 8192mb
[2016.09.29-13.17.12:403][  0]LogCook:Display: Mobile HDR setting 1
[2016.09.29-13.17.12:462][  0]LogFileCache: Scanning file cache for directory 'C:/Users/iarodri17/Google Drive/SchoolRunner 4.12/Content/' took 0.02s
[2016.09.29-13.17.12:462][  0]SourceControl: Info Source control is disabled
[2016.09.29-13.17.12:462][  0]Cmd: MAP LOAD FILE="../../../../../../Users/iarodri17/Google Drive/SchoolRunner 4.12/Content/ThirdPersonBP/Maps/ThirdPersonExampleMap.umap" TEMPLATE=0 SHOWPROGRESS=1 FEATURELEVEL=3
[2016.09.29-13.17.12:462][  0]LightingResults: New page: Lighting Build
[2016.09.29-13.17.12:464][  0]MapCheck: New page: Map Check
[2016.09.29-13.17.12:464][  0]LightingResults: New page: Lighting Build
[2016.09.29-13.17.12:488][  0]LogLinker:Warning: Asset '../../../../../../Users/iarodri17/Google Drive/SchoolRunner 4.12/Content/Mannequin/Animations/ThirdPerson_Jump.uasset' has been saved with empty engine version. The asset will be loaded but may be incompatible.
[2016.09.29-13.17.12:489][  0]LogLinker:Warning: Asset '../../../../../../Users/iarodri17/Google Drive/SchoolRunner 4.12/Content/Mannequin/Animations/ThirdPersonJump_Loop.uasset' has been saved with empty engine version. The asset will be loaded but may be incompatible.
[2016.09.29-13.17.12:490][  0]LogLinker:Warning: Asset '../../../../../../Users/iarodri17/Google Drive/SchoolRunner 4.12/Content/Mannequin/Animations/ThirdPersonJump_Start.uasset' has been saved with empty engine version. The asset will be loaded but may be incompatible.
[2016.09.29-13.17.12:490][  0]LogLinker:Warning: Asset '../../../../../../Users/iarodri17/Google Drive/SchoolRunner 4.12/Content/Mannequin/Animations/ThirdPerson_IdleRun_2D.uasset' has been saved with empty engine version. The asset will be loaded but may be incompatible.
[2016.09.29-13.17.12:490][  0]LogLinker:Warning: Asset '../../../../../../Users/iarodri17/Google Drive/SchoolRunner 4.12/Content/Mannequin/Animations/ThirdPersonIdle.uasset' has been saved with empty engine version. The asset will be loaded but may be incompatible.
[2016.09.29-13.17.12:491][  0]LogLinker:Warning: Asset '../../../../../../Users/iarodri17/Google Drive/SchoolRunner 4.12/Content/Mannequin/Animations/ThirdPersonRun.uasset' has been saved with empty engine version. The asset will be loaded but may be incompatible.
[2016.09.29-13.17.12:491][  0]LogLinker:Warning: Asset '../../../../../../Users/iarodri17/Google Drive/SchoolRunner 4.12/Content/Mannequin/Animations/ThirdPersonWalk.uasset' has been saved with empty engine version. The asset will be loaded but may be incompatible.
[2016.09.29-13.17.12:764][  0]LogFileManager:Warning: MoveFile was unable to move '../../../../../../Users/iarodri17/Google Drive/SchoolRunner 4.12/Intermediate/CachedAssetRegistry.bin.tmp' to '../../../../../../Users/iarodri17/Google Drive/SchoolRunner 4.12/Intermediate/CachedAssetRegistry.bin', retrying in .5s...
[2016.09.29-13.17.12:764][  0]LogBlueprint:Error: Compiler Error This blueprint (self) is not a SceneComponent, therefore ' Target ' must have a connection.
[2016.09.29-13.17.12:765][  0]LogBlueprint:Warning: Compiler Warning [0003.93] Compile of PersistentLevel.ThirdPersonExampleMap failed. 1 Fatal Issue(s) 0 Warning(s) [in 2 ms] (/Game/ThirdPersonBP/Maps/ThirdPersonExampleMap.ThirdPersonExampleMap:PersistentLevel.ThirdPersonExampleMap)
[2016.09.29-13.17.12:765][  0]LogBlueprint:Warning: Compiler Warning [0003.93] Compile of PersistentLevel.ThirdPersonExampleMap failed. 1 Fatal Issue(s) 1 Warning(s) [in 0 ms] (/Game/ThirdPersonBP/Maps/ThirdPersonExampleMap.ThirdPersonExampleMap:PersistentLevel.ThirdPersonExampleMap)
[2016.09.29-13.17.12:765][  0]LogBlueprint:Warning: Compiler Warning [0003.93] Compile of PersistentLevel.ThirdPersonExampleMap failed. 1 Fatal Issue(s) 2 Warning(s) [in 0 ms] (/Game/ThirdPersonBP/Maps/ThirdPersonExampleMap.ThirdPersonExampleMap:PersistentLevel.ThirdPersonExampleMap)
[2016.09.29-13.17.13:297][  0]LogFileManager:Warning: MoveFile was unable to move '../../../../../../Users/iarodri17/Google Drive/SchoolRunner 4.12/Intermediate/CachedAssetRegistry.bin.tmp' to '../../../../../../Users/iarodri17/Google Drive/SchoolRunner 4.12/Intermediate/CachedAssetRegistry.bin', retrying in .5s...
[2016.09.29-13.17.13:297][  0]LogAIModule: Creating AISystem for world ThirdPersonExampleMap
[2016.09.29-13.17.13:589][  0]LogEditorServer: Finished looking for orphan Actors (0.000 secs)
[2016.09.29-13.17.13:590][  0]Cmd: MAP CHECKDEP NOCLEARLOG
[2016.09.29-13.17.13:619][  0]MapCheck: Info Map check complete: 0 Error(s), 0 Warning(s), took 28.761ms to complete.
[2016.09.29-13.17.13:619][  0]LogFileHelpers: Loading map 'ThirdPersonExampleMap' took 1.157
[2016.09.29-13.17.14:376][  0]LogFileManager:Warning: MoveFile was unable to move '../../../../../../Users/iarodri17/Google Drive/SchoolRunner 4.12/Intermediate/CachedAssetRegistry.bin.tmp' to '../../../../../../Users/iarodri17/Google Drive/SchoolRunner 4.12/Intermediate/CachedAssetRegistry.bin', retrying in .5s...
[2016.09.29-13.17.14:376][  0]LogFileManager:Warning: MoveFile was unable to move '../../../../../../Users/iarodri17/Google Drive/SchoolRunner 4.12/Intermediate/CachedAssetRegistry.bin.tmp' to '../../../../../../Users/iarodri17/Google Drive/SchoolRunner 4.12/Intermediate/CachedAssetRegistry.bin', retrying in .5s...
[2016.09.29-13.17.14:376][  0]LogCollectionManager: Loaded 0 collections in 0.000958 seconds
[2016.09.29-13.17.14:413][  0]LogFileCache: Scanning file cache for directory 'C:/Users/iarodri17/Google Drive/SchoolRunner 4.12/Saved/Collections/' took 0.01s
[2016.09.29-13.17.14:413][  0]LogFileCache: Scanning file cache for directory 'C:/Users/iarodri17/Google Drive/SchoolRunner 4.12/Content/Developers/iarodri17/Collections/' took 0.01s
[2016.09.29-13.17.14:413][  0]LogFileCache: Scanning file cache for directory 'C:/Users/iarodri17/Google Drive/SchoolRunner 4.12/Content/Collections/' took 0.01s
[2016.09.29-13.17.14:413][  0]LogCollectionManager: Rebuilt the GUID cache for 0 collections in 0.000002 seconds
[2016.09.29-13.17.14:419][  0]LogContentBrowser: Native class hierarchy populated in 0.0065 seconds. Added 2047 classes and 369 folders.
[2016.09.29-13.17.14:423][  0]LogStats: UGameplayTagsManager::ConstructGameplayTagTree: Construct from data asset -  0.000 s
[2016.09.29-13.17.14:423][  0]LogStats: UGameplayTagsManager::ConstructGameplayTagTree: GameplayTagTreeChangedEvent.Broadcast -  0.000 s
[2016.09.29-13.17.14:423][  0]LogContentBrowser: Native class hierarchy updated for 'GameplayTags' in 0.0003 seconds. Added 12 classes and 0 folders.
[2016.09.29-13.17.14:426][  0]LogContentBrowser: Native class hierarchy updated for 'WidgetCarousel' in 0.0003 seconds. Added 0 classes and 0 folders.
[2016.09.29-13.17.14:449][  0]LogContentBrowser: Native class hierarchy updated for 'AddContentDialog' in 0.0003 seconds. Added 0 classes and 0 folders.
[2016.09.29-13.17.14:451][  0]LogContentBrowser: Native class hierarchy updated for 'SceneOutliner' in 0.0002 seconds. Added 1 classes and 2 folders.
[2016.09.29-13.17.14:462][  0]LogCrashTracker: Crashtracker disabled due to settings.
[2016.09.29-13.17.14:466][  0]LogUObjectGlobals:Warning: Failed to find object 'Class None.'
[2016.09.29-13.17.14:489][  0]LogContentBrowser: Native class hierarchy updated for 'HierarchicalLODOutliner' in 0.0003 seconds. Added 1 classes and 2 folders.
[2016.09.29-13.17.14:490][  0]LogLoad: Full Startup: 5.65 seconds (BP compile: 0.10 seconds)
[2016.09.29-13.17.14:490][  0]LogExternalProfiler: No external profilers were discovered.  External profiling features will not be available.
[2016.09.29-13.17.14:499][  0]LogOcInput: OculusInput pre-init called
[2016.09.29-13.17.14:538][  0]LogContentStreaming: Texture pool size now 700 MB
[2016.09.29-13.17.14:642][  0]LogRenderer: Reallocating scene render targets to support 848x540 (Frame:2).
[2016.09.29-13.17.14:720][  0]LogFileManager:Warning: MoveFile was unable to move '../../../../../../Users/iarodri17/Google Drive/SchoolRunner 4.12/Intermediate/CachedAssetRegistry.bin.tmp' to '../../../../../../Users/iarodri17/Google Drive/SchoolRunner 4.12/Intermediate/CachedAssetRegistry.bin', retrying in .5s...
[2016.09.29-13.17.14:799][  1]LogFileCache: Retrieving MD5 hashes for directory 'C:/Users/iarodri17/Google Drive/SchoolRunner 4.12/Content/' took 0.29s
[2016.09.29-13.17.14:876][  2]LogAssetRegistry: Asset discovery search completed in 3.7434 seconds
[2016.09.29-13.17.14:876][  2]LogCollectionManager: Rebuilt the object cache for 0 collections in 0.000001 seconds (found 0 objects)
[2016.09.29-13.17.14:876][  2]LogCollectionManager: Fixed up redirectors for 0 collections in 0.000099 seconds (updated 0 objects)
[2016.09.29-13.17.15:225][ 37]LogFileManager:Warning: MoveFile was unable to move '../../../../../../Users/iarodri17/Google Drive/SchoolRunner 4.12/Intermediate/CachedAssetRegistry.bin.tmp' to '../../../../../../Users/iarodri17/Google Drive/SchoolRunner 4.12/Intermediate/CachedAssetRegistry.bin', retrying in .5s...
[2016.09.29-13.17.15:721][ 96]LogFileManager:Warning: MoveFile was unable to move '../../../../../../Users/iarodri17/Google Drive/SchoolRunner 4.12/Intermediate/CachedAssetRegistry.bin.tmp' to '../../../../../../Users/iarodri17/Google Drive/SchoolRunner 4.12/Intermediate/CachedAssetRegistry.bin', retrying in .5s...
[2016.09.29-13.17.16:221][156]LogFileManager:Error: Error moving file '../../../../../../Users/iarodri17/Google Drive/SchoolRunner 4.12/Intermediate/CachedAssetRegistry.bin.tmp' to '../../../../../../Users/iarodri17/Google Drive/SchoolRunner 4.12/Intermediate/CachedAssetRegistry.bin'.
[2016.09.29-13.17.37:189][600]AssetReimport: New page: Outstanding source content changes 4:17:37 AM
[2016.09.29-13.17.37:218][600]LogEditorFactories: Performing atomic reimport of [C:/Users/iarodri17/Google Drive/SchoolRunner 4.12/Content/OtherUnrealStuff/Engine/VREditor/WorldMovementGrid/SimpleGrid.png]
[2016.09.29-13.17.37:218][600]LogFactory: FactoryCreateFile: Texture2D with ReimportTextureFactory (0 0 C:/Users/iarodri17/Google Drive/SchoolRunner 4.12/Content/OtherUnrealStuff/Engine/VREditor/WorldMovementGrid/SimpleGrid.png)
[2016.09.29-13.17.37:251][600]LogEditorFactories: -- imported successfully
[2016.09.29-13.17.37:351][601]LogSavePackage: Save=12.26ms
[2016.09.29-13.17.37:351][601]LogSavePackage: Moving '../../../../../../Users/iarodri17/Google Drive/SchoolRunner 4.12/Saved/SimpleGrid9216B0A84A6ED36C327C5EB2D29987D5.tmp' to '../../../../../../Users/iarodri17/Google Drive/SchoolRunner 4.12/Content/OtherUnrealStuff/Engine/VREditor/WorldMovementGrid/SimpleGrid.uasset'
[2016.09.29-13.17.37:353][601]LogSavePackage:Display: Finished SavePackage ../../../../../../Users/iarodri17/Google Drive/SchoolRunner 4.12/Content/OtherUnrealStuff/Engine/VREditor/WorldMovementGrid/SimpleGrid.uasset
[2016.09.29-13.17.40:548][963]AssetReimport: Info Reimported asset SimpleGrid from C:/Users/iarodri17/Google Drive/SchoolRunner 4.12/Content/OtherUnrealStuff/Engine/VREditor/WorldMovementGrid/SimpleGrid.png.
[2016.09.29-13.17.50:514][151]LogBlueprintUserMessages: Early PlayInEditor Detection: Level '/Game/ThirdPersonBP/Maps/ThirdPersonExampleMap.ThirdPersonExampleMap:PersistentLevel' has LevelScriptBlueprint '/Game/ThirdPersonBP/Maps/ThirdPersonExampleMap.ThirdPersonExampleMap:PersistentLevel.ThirdPersonExampleMap' with GeneratedClass '/Game/ThirdPersonBP/Maps/ThirdPersonExampleMap.ThirdPersonExampleMap_C' with ClassGeneratedBy '/Game/ThirdPersonBP/Maps/ThirdPersonExampleMap.ThirdPersonExampleMap:PersistentLevel.ThirdPersonExampleMap'
[2016.09.29-13.17.50:514][151]BlueprintLog: New page: Pre-Play auto-recompile
[2016.09.29-13.17.50:514][151]LogPlayLevel: [PlayLevel] Compiling ThirdPersonExampleMap before play...
[2016.09.29-13.17.50:525][151]LogBlueprint:Error: Compiler Error This blueprint (self) is not a SceneComponent, therefore ' Target ' must have a connection.
[2016.09.29-13.17.50:616][151]LogBlueprint:Warning: Compiler Warning [0041.77] Compile of PersistentLevel.ThirdPersonExampleMap failed. 1 Fatal Issue(s) 0 Warning(s) [in 100 ms] (/Game/ThirdPersonBP/Maps/ThirdPersonExampleMap.ThirdPersonExampleMap:PersistentLevel.ThirdPersonExampleMap)
[2016.09.29-13.17.50:617][151]LogBlueprint:Warning: Compiler Warning [0041.78] Compile of PersistentLevel.ThirdPersonExampleMap failed. 1 Fatal Issue(s) 1 Warning(s) [in 0 ms] (/Game/ThirdPersonBP/Maps/ThirdPersonExampleMap.ThirdPersonExampleMap:PersistentLevel.ThirdPersonExampleMap)
[2016.09.29-13.17.50:618][151]LogBlueprint:Warning: Compiler Warning [0041.78] Compile of PersistentLevel.ThirdPersonExampleMap failed. 1 Fatal Issue(s) 2 Warning(s) [in 0 ms] (/Game/ThirdPersonBP/Maps/ThirdPersonExampleMap.ThirdPersonExampleMap:PersistentLevel.ThirdPersonExampleMap)
[2016.09.29-13.17.50:618][151]LogBlueprint:Warning: Compiler Warning [0041.78] Compile of PersistentLevel.ThirdPersonExampleMap failed. 1 Fatal Issue(s) 3 Warning(s) [in 0 ms] (/Game/ThirdPersonBP/Maps/ThirdPersonExampleMap.ThirdPersonExampleMap:PersistentLevel.ThirdPersonExampleMap)
[2016.09.29-13.17.50:618][151]LogBlueprint:Warning: Compiler Warning [0041.78] Compile of PersistentLevel.ThirdPersonExampleMap failed. 1 Fatal Issue(s) 4 Warning(s) [in 0 ms] (/Game/ThirdPersonBP/Maps/ThirdPersonExampleMap.ThirdPersonExampleMap:PersistentLevel.ThirdPersonExampleMap)
[2016.09.29-13.17.50:618][151]LogBlueprint:Warning: Compiler Warning [0041.78] Compile of PersistentLevel.ThirdPersonExampleMap failed. 1 Fatal Issue(s) 5 Warning(s) [in 0 ms] (/Game/ThirdPersonBP/Maps/ThirdPersonExampleMap.ThirdPersonExampleMap:PersistentLevel.ThirdPersonExampleMap)
[2016.09.29-13.17.50:618][151]LogPlayLevel: PlayLevel: Blueprint regeneration took 104 ms (1 blueprints)
[2016.09.29-13.17.50:645][151]BlueprintLog: Info Blueprint ThirdPersonExampleMap failed to compile
[2016.09.29-13.17.57:176][151]PIE: New page: PIE session: ThirdPersonExampleMap (Sep 29, 2016, 4:17:57 AM)
[2016.09.29-13.17.57:176][151]LogPlayLevel: Creating play world package: /Game/ThirdPersonBP/Maps/UEDPIE_0_ThirdPersonExampleMap
[2016.09.29-13.17.57:397][151]LogPlayLevel: PIE: StaticDuplicateObject took: (0.220826s)
[2016.09.29-13.17.57:397][151]LogAIModule: Creating AISystem for world ThirdPersonExampleMap
[2016.09.29-13.17.57:398][151]LogPlayLevel: PIE: World Init took: (0.000712s)
[2016.09.29-13.17.57:398][151]LogPlayLevel: PIE: Created PIE world by copying editor world from /Game/ThirdPersonBP/Maps/ThirdPersonExampleMap.ThirdPersonExampleMap to /Game/ThirdPersonBP/Maps/UEDPIE_0_ThirdPersonExampleMap.ThirdPersonExampleMap (0.222119s)
[2016.09.29-13.17.57:409][151]LogInit: XAudio2 using 'Speakers (Realtek High Definition Audio)' : 2 channels at 48 kHz using 32 bits per sample (channel mask 0x3)
[2016.09.29-13.17.57:414][151]LogInit: FAudioDevice initialized.
[2016.09.29-13.17.57:474][151]LogWorld: Game class is 'ThirdPersonGameMode_C'
[2016.09.29-13.17.57:551][151]LogWorld: Bringing World /Game/ThirdPersonBP/Maps/UEDPIE_0_ThirdPersonExampleMap.ThirdPersonExampleMap up for play (max tick rate 0) at 2016.09.29-09.17.57
[2016.09.29-13.17.57:568][151]LogWorld: Bringing up level for play took: 0.091835
[2016.09.29-13.17.57:570][151]LogContentBrowser: Native class hierarchy updated for 'MovieSceneCapture' in 0.0003 seconds. Added 11 classes and 0 folders.
[2016.09.29-13.17.57:572][151]PIE: Info Play in editor start time for /Game/ThirdPersonBP/Maps/UEDPIE_0_ThirdPersonExampleMap 7.558
[2016.09.29-13.17.57:573][151]LogBlueprintUserMessages: Late PlayInEditor Detection: Level '/Game/ThirdPersonBP/Maps/ThirdPersonExampleMap.ThirdPersonExampleMap:PersistentLevel' has LevelScriptBlueprint '/Game/ThirdPersonBP/Maps/ThirdPersonExampleMap.ThirdPersonExampleMap:PersistentLevel.ThirdPersonExampleMap' with GeneratedClass '/Game/ThirdPersonBP/Maps/ThirdPersonExampleMap.ThirdPersonExampleMap_C' with ClassGeneratedBy '/Game/ThirdPersonBP/Maps/ThirdPersonExampleMap.ThirdPersonExampleMap:PersistentLevel.ThirdPersonExampleMap'
[2016.09.29-13.18.17:035][122]LogBlueprintUserMessages: [BP_Pickup_Child_Hex2] Destination Reached
[2016.09.29-13.18.20:675][437]LogBlueprintUserMessages: Early EndPlayMap Detection: Level '/Game/ThirdPersonBP/Maps/ThirdPersonExampleMap.ThirdPersonExampleMap:PersistentLevel' has LevelScriptBlueprint '/Game/ThirdPersonBP/Maps/ThirdPersonExampleMap.ThirdPersonExampleMap:PersistentLevel.ThirdPersonExampleMap' with GeneratedClass '/Game/ThirdPersonBP/Maps/ThirdPersonExampleMap.ThirdPersonExampleMap_C' with ClassGeneratedBy '/Game/ThirdPersonBP/Maps/ThirdPersonExampleMap.ThirdPersonExampleMap:PersistentLevel.ThirdPersonExampleMap'
[2016.09.29-13.18.20:714][437]LogBlueprintUserMessages: Late EndPlayMap Detection: Level '/Game/ThirdPersonBP/Maps/ThirdPersonExampleMap.ThirdPersonExampleMap:PersistentLevel' has LevelScriptBlueprint '/Game/ThirdPersonBP/Maps/ThirdPersonExampleMap.ThirdPersonExampleMap:PersistentLevel.ThirdPersonExampleMap' with GeneratedClass '/Game/ThirdPersonBP/Maps/ThirdPersonExampleMap.ThirdPersonExampleMap_C' with ClassGeneratedBy '/Game/ThirdPersonBP/Maps/ThirdPersonExampleMap.ThirdPersonExampleMap:PersistentLevel.ThirdPersonExampleMap'
[2016.09.29-13.18.22:426][630]AssetReimport: New page: Outstanding source content changes 4:18:22 AM
[2016.09.29-13.18.22:428][630]LogEditorFactories: Performing atomic reimport of [C:/Users/iarodri17/Google Drive/SchoolRunner 4.12/Content/StarterContent/Architecture/CeilingTile/TILE_OPT2.jpg]
[2016.09.29-13.18.22:428][630]LogFactory: FactoryCreateFile: Texture2D with ReimportTextureFactory (0 0 C:/Users/iarodri17/Google Drive/SchoolRunner 4.12/Content/StarterContent/Architecture/CeilingTile/TILE_OPT2.jpg)
[2016.09.29-13.18.22:442][630]LogEditorFactories: -- imported successfully
[2016.09.29-13.18.22:527][631]LogSavePackage: Save=20.38ms
[2016.09.29-13.18.22:527][631]LogSavePackage: Moving '../../../../../../Users/iarodri17/Google Drive/SchoolRunner 4.12/Saved/TILE_OPT2408D2A8447F8A2330AA8F5B86E0CA9CD.tmp' to '../../../../../../Users/iarodri17/Google Drive/SchoolRunner 4.12/Content/StarterContent/Architecture/CeilingTile/TILE_OPT2.uasset'
[2016.09.29-13.18.22:528][631]LogSavePackage:Display: Finished SavePackage ../../../../../../Users/iarodri17/Google Drive/SchoolRunner 4.12/Content/StarterContent/Architecture/CeilingTile/TILE_OPT2.uasset
[2016.09.29-13.18.26:548][ 94]AssetReimport: Info Reimported asset TILE_OPT2 from C:/Users/iarodri17/Google Drive/SchoolRunner 4.12/Content/StarterContent/Architecture/CeilingTile/TILE_OPT2.jpg.
[2016.09.29-13.18.31:132][631]LogBlueprintUserMessages: Early PlayInEditor Detection: Level '/Game/ThirdPersonBP/Maps/ThirdPersonExampleMap.ThirdPersonExampleMap:PersistentLevel' has LevelScriptBlueprint '/Game/ThirdPersonBP/Maps/ThirdPersonExampleMap.ThirdPersonExampleMap:PersistentLevel.ThirdPersonExampleMap' with GeneratedClass '/Game/ThirdPersonBP/Maps/ThirdPersonExampleMap.ThirdPersonExampleMap_C' with ClassGeneratedBy '/Game/ThirdPersonBP/Maps/ThirdPersonExampleMap.ThirdPersonExampleMap:PersistentLevel.ThirdPersonExampleMap'
[2016.09.29-13.18.31:132][631]BlueprintLog: New page: Pre-Play auto-recompile
[2016.09.29-13.18.31:132][631]LogPlayLevel: [PlayLevel] Compiling ThirdPersonExampleMap before play...
[2016.09.29-13.18.31:136][631]LogBlueprint:Error: Compiler Error This blueprint (self) is not a SceneComponent, therefore ' Target ' must have a connection.
[2016.09.29-13.18.31:206][631]LogBlueprint:Warning: Compiler Warning [0082.36] Compile of PersistentLevel.ThirdPersonExampleMap failed. 1 Fatal Issue(s) 0 Warning(s) [in 72 ms] (/Game/ThirdPersonBP/Maps/ThirdPersonExampleMap.ThirdPersonExampleMap:PersistentLevel.ThirdPersonExampleMap)
[2016.09.29-13.18.31:207][631]LogBlueprint:Warning: Compiler Warning [0082.36] Compile of PersistentLevel.ThirdPersonExampleMap failed. 1 Fatal Issue(s) 1 Warning(s) [in 0 ms] (/Game/ThirdPersonBP/Maps/ThirdPersonExampleMap.ThirdPersonExampleMap:PersistentLevel.ThirdPersonExampleMap)
[2016.09.29-13.18.31:207][631]LogBlueprint:Warning: Compiler Warning [0082.36] Compile of PersistentLevel.ThirdPersonExampleMap failed. 1 Fatal Issue(s) 2 Warning(s) [in 0 ms] (/Game/ThirdPersonBP/Maps/ThirdPersonExampleMap.ThirdPersonExampleMap:PersistentLevel.ThirdPersonExampleMap)
[2016.09.29-13.18.31:207][631]LogBlueprint:Warning: Compiler Warning [0082.36] Compile of PersistentLevel.ThirdPersonExampleMap failed. 1 Fatal Issue(s) 3 Warning(s) [in 0 ms] (/Game/ThirdPersonBP/Maps/ThirdPersonExampleMap.ThirdPersonExampleMap:PersistentLevel.ThirdPersonExampleMap)
[2016.09.29-13.18.31:207][631]LogBlueprint:Warning: Compiler Warning [0082.36] Compile of PersistentLevel.ThirdPersonExampleMap failed. 1 Fatal Issue(s) 4 Warning(s) [in 0 ms] (/Game/ThirdPersonBP/Maps/ThirdPersonExampleMap.ThirdPersonExampleMap:PersistentLevel.ThirdPersonExampleMap)
[2016.09.29-13.18.31:207][631]LogBlueprint:Warning: Compiler Warning [0082.36] Compile of PersistentLevel.ThirdPersonExampleMap failed. 1 Fatal Issue(s) 5 Warning(s) [in 0 ms] (/Game/ThirdPersonBP/Maps/ThirdPersonExampleMap.ThirdPersonExampleMap:PersistentLevel.ThirdPersonExampleMap)
[2016.09.29-13.18.31:208][631]LogPlayLevel: PlayLevel: Blueprint regeneration took 75 ms (1 blueprints)
[2016.09.29-13.18.31:216][631]BlueprintLog: Info Blueprint ThirdPersonExampleMap failed to compile
[2016.09.29-13.18.33:782][631]PIE: New page: PIE session: ThirdPersonExampleMap (Sep 29, 2016, 4:18:33 AM)
[2016.09.29-13.18.33:783][631]LogPlayLevel: Creating play world package: /Game/ThirdPersonBP/Maps/UEDPIE_0_ThirdPersonExampleMap
[2016.09.29-13.18.34:010][631]LogPlayLevel: PIE: StaticDuplicateObject took: (0.227650s)
[2016.09.29-13.18.34:011][631]LogAIModule: Creating AISystem for world ThirdPersonExampleMap
[2016.09.29-13.18.34:011][631]LogPlayLevel: PIE: World Init took: (0.000812s)
[2016.09.29-13.18.34:012][631]LogPlayLevel: PIE: Created PIE world by copying editor world from /Game/ThirdPersonBP/Maps/ThirdPersonExampleMap.ThirdPersonExampleMap to /Game/ThirdPersonBP/Maps/UEDPIE_0_ThirdPersonExampleMap.ThirdPersonExampleMap (0.229217s)
[2016.09.29-13.18.34:023][631]LogInit: XAudio2 using 'Speakers (Realtek High Definition Audio)' : 2 channels at 48 kHz using 32 bits per sample (channel mask 0x3)
[2016.09.29-13.18.34:030][631]LogInit: FAudioDevice initialized.
[2016.09.29-13.18.34:072][631]LogWorld: Game class is 'ThirdPersonGameMode_C'
[2016.09.29-13.18.34:140][631]LogWorld: Bringing World /Game/ThirdPersonBP/Maps/UEDPIE_0_ThirdPersonExampleMap.ThirdPersonExampleMap up for play (max tick rate 0) at 2016.09.29-09.18.34
[2016.09.29-13.18.34:157][631]LogWorld: Bringing up level for play took: 0.083101
[2016.09.29-13.18.34:159][631]PIE: Info Play in editor start time for /Game/ThirdPersonBP/Maps/UEDPIE_0_ThirdPersonExampleMap 2.142
[2016.09.29-13.18.34:159][631]LogBlueprintUserMessages: Late PlayInEditor Detection: Level '/Game/ThirdPersonBP/Maps/ThirdPersonExampleMap.ThirdPersonExampleMap:PersistentLevel' has LevelScriptBlueprint '/Game/ThirdPersonBP/Maps/ThirdPersonExampleMap.ThirdPersonExampleMap:PersistentLevel.ThirdPersonExampleMap' with GeneratedClass '/Game/ThirdPersonBP/Maps/ThirdPersonExampleMap.ThirdPersonExampleMap_C' with ClassGeneratedBy '/Game/ThirdPersonBP/Maps/ThirdPersonExampleMap.ThirdPersonExampleMap:PersistentLevel.ThirdPersonExampleMap'
[2016.09.29-13.18.42:521][184]LogBlueprintUserMessages: [BP_Pickup_Child_Hex_155] Destination Reached
[2016.09.29-13.18.51:307][727]LogBlueprintUserMessages: [BP_Pickup_Child_Hex3] Destination Reached
[2016.09.29-13.18.54:621][944]LogBlueprintUserMessages: Early EndPlayMap Detection: Level '/Game/ThirdPersonBP/Maps/ThirdPersonExampleMap.ThirdPersonExampleMap:PersistentLevel' has LevelScriptBlueprint '/Game/ThirdPersonBP/Maps/ThirdPersonExampleMap.ThirdPersonExampleMap:PersistentLevel.ThirdPersonExampleMap' with GeneratedClass '/Game/ThirdPersonBP/Maps/ThirdPersonExampleMap.ThirdPersonExampleMap_C' with ClassGeneratedBy '/Game/ThirdPersonBP/Maps/ThirdPersonExampleMap.ThirdPersonExampleMap:PersistentLevel.ThirdPersonExampleMap'
[2016.09.29-13.18.54:669][944]LogBlueprintUserMessages: Late EndPlayMap Detection: Level '/Game/ThirdPersonBP/Maps/ThirdPersonExampleMap.ThirdPersonExampleMap:PersistentLevel' has LevelScriptBlueprint '/Game/ThirdPersonBP/Maps/ThirdPersonExampleMap.ThirdPersonExampleMap:PersistentLevel.ThirdPersonExampleMap' with GeneratedClass '/Game/ThirdPersonBP/Maps/ThirdPersonExampleMap.ThirdPersonExampleMap_C' with ClassGeneratedBy '/Game/ThirdPersonBP/Maps/ThirdPersonExampleMap.ThirdPersonExampleMap:PersistentLevel.ThirdPersonExampleMap'
[2016.09.29-13.18.56:178][ 85]Cmd: QUIT_EDITOR
[2016.09.29-13.18.56:251][ 85]LogExit: Preparing to exit.
[2016.09.29-13.18.56:913][ 85]LogExit: Editor shut down
[2016.09.29-13.18.56:914][ 85]LogExit: Transaction tracking system shut down
[2016.09.29-13.18.56:994][ 85]LogObj: Freed 0b from 0 cluster array pools.
[2016.09.29-13.18.56:995][ 85]LogExit: Object subsystem successfully closed.
[2016.09.29-13.18.57:003][ 85]LogD3D11RHI: Shutdown
[2016.09.29-13.18.57:003][ 85]LogD3D11RHI: CleanupD3DDevice
[2016.09.29-13.18.57:062][ 85]LogD3D11RHI: ~FD3D11DynamicRHI
[2016.09.29-13.18.57:069][ 85]LogModuleManager: Shutting down and abandoning module MovieSceneCapture (214)
[2016.09.29-13.18.57:069][ 85]LogModuleManager: Shutting down and abandoning module HierarchicalLODOutliner (213)
[2016.09.29-13.18.57:069][ 85]LogModuleManager: Shutting down and abandoning module CrashTracker (212)
[2016.09.29-13.18.57:069][ 85]LogModuleManager: Shutting down and abandoning module SceneOutliner (211)
[2016.09.29-13.18.57:069][ 85]LogModuleManager: Shutting down and abandoning module WidgetCarousel (210)
[2016.09.29-13.18.57:069][ 85]LogModuleManager: Shutting down and abandoning module AddContentDialog (209)
[2016.09.29-13.18.57:070][ 85]LogModuleManager: Shutting down and abandoning module GameplayTags (208)
[2016.09.29-13.18.57:070][ 85]LogModuleManager: Shutting down and abandoning module EditorWidgets (207)
[2016.09.29-13.18.57:070][ 85]LogModuleManager: Shutting down and abandoning module CollectionManager (206)
[2016.09.29-13.18.57:070][ 85]LogModuleManager: Shutting down and abandoning module StatsViewer (205)
[2016.09.29-13.18.57:070][ 85]LogModuleManager: Shutting down and abandoning module FoliageEdit (204)
[2016.09.29-13.18.57:070][ 85]LogModuleManager: Shutting down and abandoning module LandscapeEditor (203)
[2016.09.29-13.18.57:070][ 85]LogModuleManager: Shutting down and abandoning module SceneDepthPickerMode (202)
[2016.09.29-13.18.57:070][ 85]LogModuleManager: Shutting down and abandoning module ActorPickerMode (201)
[2016.09.29-13.18.57:070][ 85]LogModuleManager: Shutting down and abandoning module GeometryMode (200)
[2016.09.29-13.18.57:070][ 85]LogModuleManager: Shutting down and abandoning module TextureAlignMode (199)
[2016.09.29-13.18.57:070][ 85]LogModuleManager: Shutting down and abandoning module BspMode (198)
[2016.09.29-13.18.57:070][ 85]LogModuleManager: Shutting down and abandoning module HardwareSurvey (197)
[2016.09.29-13.18.57:070][ 85]LogModuleManager: Shutting down and abandoning module SequenceRecorderSections (196)
[2016.09.29-13.18.57:070][ 85]LogModuleManager: Shutting down and abandoning module SequenceRecorder (195)
[2016.09.29-13.18.57:070][ 85]LogModuleManager: Shutting down and abandoning module AutomationWorker (194)
[2016.09.29-13.18.57:070][ 85]LogModuleManager: Shutting down and abandoning module MatineeToLevelSequence (193)
[2016.09.29-13.18.57:070][ 85]LogModuleManager: Shutting down and abandoning module PlacementMode (192)
[2016.09.29-13.18.57:070][ 85]LogModuleManager: Shutting down and abandoning module LevelSequenceEditor (191)
[2016.09.29-13.18.57:070][ 85]LogModuleManager: Shutting down and abandoning module CharacterAI (190)
[2016.09.29-13.18.57:070][ 85]LogModuleManager: Shutting down and abandoning module SmartSnapping (189)
[2016.09.29-13.18.57:070][ 85]LogModuleManager: Shutting down and abandoning module SessionServices (188)
[2016.09.29-13.18.57:070][ 85]LogModuleManager: Shutting down and abandoning module ViewportSnapping (187)
[2016.09.29-13.18.57:070][ 85]LogModuleManager: Shutting down and abandoning module LogVisualizer (186)
[2016.09.29-13.18.57:070][ 85]LogModuleManager: Shutting down and abandoning module GameProjectGeneration (185)
[2016.09.29-13.18.57:070][ 85]LogModuleManager: Shutting down and abandoning module IntroTutorials (184)
[2016.09.29-13.18.57:070][ 85]LogModuleManager: Shutting down and abandoning module EditorLiveStreaming (183)
[2016.09.29-13.18.57:070][ 85]LogModuleManager: Shutting down and abandoning module IOSPlatformEditor (182)
[2016.09.29-13.18.57:070][ 85]LogModuleManager: Shutting down and abandoning module HTML5PlatformEditor (181)
[2016.09.29-13.18.57:070][ 85]LogModuleManager: Shutting down and abandoning module AndroidDeviceDetection (180)
[2016.09.29-13.18.57:306][ 85]LogModuleManager: Shutting down and abandoning module AndroidPlatformEditor (179)
[2016.09.29-13.18.57:306][ 85]LogModuleManager: Shutting down and abandoning module IOSRuntimeSettings (178)
[2016.09.29-13.18.57:306][ 85]LogModuleManager: Shutting down and abandoning module AndroidRuntimeSettings (177)
[2016.09.29-13.18.57:306][ 85]LogModuleManager: Shutting down and abandoning module MergeActors (176)
[2016.09.29-13.18.57:306][ 85]LogModuleManager: Shutting down and abandoning module SizeMap (175)
[2016.09.29-13.18.57:306][ 85]LogModuleManager: Shutting down and abandoning module TreeMap (174)
[2016.09.29-13.18.57:306][ 85]LogModuleManager: Shutting down and abandoning module ReferenceViewer (173)
[2016.09.29-13.18.57:306][ 85]LogModuleManager: Shutting down and abandoning module LocalizationService (172)
[2016.09.29-13.18.57:306][ 85]LogModuleManager: Shutting down and abandoning module LocalizationDashboard (171)
[2016.09.29-13.18.57:306][ 85]LogModuleManager: Shutting down and abandoning module HardwareTargeting (170)
[2016.09.29-13.18.57:306][ 85]LogModuleManager: Shutting down and abandoning module DeviceProfileEditor (169)
[2016.09.29-13.18.57:307][ 85]LogModuleManager: Shutting down and abandoning module UndoHistory (168)
[2016.09.29-13.18.57:307][ 85]LogModuleManager: Shutting down and abandoning module UserFeedback (167)
[2016.09.29-13.18.57:307][ 85]LogModuleManager: Shutting down and abandoning module XmlParser (166)
[2016.09.29-13.18.57:307][ 85]LogModuleManager: Shutting down and abandoning module Blutility (165)
[2016.09.29-13.18.57:307][ 85]LogModuleManager: Shutting down and abandoning module ProjectTargetPlatformEditor (164)
[2016.09.29-13.18.57:307][ 85]LogModuleManager: Shutting down and abandoning module ProjectSettingsViewer (163)
[2016.09.29-13.18.57:307][ 85]LogModuleManager: Shutting down and abandoning module InputBindingEditor (162)
[2016.09.29-13.18.57:307][ 85]LogModuleManager: Shutting down and abandoning module EditorSettingsViewer (161)
[2016.09.29-13.18.57:307][ 85]LogModuleManager: Shutting down and abandoning module SettingsEditor (160)
[2016.09.29-13.18.57:307][ 85]LogModuleManager: Shutting down and abandoning module ProjectLauncher (159)
[2016.09.29-13.18.57:307][ 85]LogModuleManager: Shutting down and abandoning module SessionFrontend (158)
[2016.09.29-13.18.57:307][ 85]LogModuleManager: Shutting down and abandoning module ProfilerClient (157)
[2016.09.29-13.18.57:307][ 85]LogModuleManager: Shutting down and abandoning module TargetDeviceServices (156)
[2016.09.29-13.18.57:307][ 85]LogModuleManager: Shutting down and abandoning module DeviceManager (155)
[2016.09.29-13.18.57:357][ 85]LogModuleManager: Shutting down and abandoning module AutomationController (154)
[2016.09.29-13.18.57:357][ 85]LogModuleManager: Shutting down and abandoning module AutomationWindow (153)
[2016.09.29-13.18.57:357][ 85]LogModuleManager: Shutting down and abandoning module Layers (152)
[2016.09.29-13.18.57:357][ 85]LogModuleManager: Shutting down and abandoning module ComponentVisualizers (151)
[2016.09.29-13.18.57:357][ 85]LogModuleManager: Shutting down and abandoning module DetailCustomizations (150)
[2016.09.29-13.18.57:357][ 85]LogModuleManager: Shutting down and abandoning module PackagesDialog (149)
[2016.09.29-13.18.57:358][ 85]LogModuleManager: Shutting down and abandoning module Persona (148)
[2016.09.29-13.18.57:358][ 85]LogModuleManager: Shutting down and abandoning module Kismet (147)
[2016.09.29-13.18.57:358][ 85]LogModuleManager: Shutting down and abandoning module GraphEditor (146)
[2016.09.29-13.18.57:358][ 85]LogModuleManager: Shutting down and abandoning module ClassViewer (145)
[2016.09.29-13.18.57:358][ 85]LogModuleManager: Shutting down and abandoning module Toolbox (144)
[2016.09.29-13.18.57:358][ 85]LogModuleManager: Shutting down and abandoning module ModuleUI (143)
[2016.09.29-13.18.57:358][ 85]LogModuleManager: Shutting down and abandoning module MovieSceneTools (142)
[2016.09.29-13.18.57:358][ 85]LogModuleManager: Shutting down and abandoning module OutputLog (141)
[2016.09.29-13.18.57:358][ 85]LogModuleManager: Shutting down and abandoning module GammaUI (140)
[2016.09.29-13.18.57:358][ 85]LogModuleManager: Shutting down and abandoning module Documentation (139)
[2016.09.29-13.18.57:358][ 85]LogModuleManager: Shutting down and abandoning module StreamingPauseRendering (138)
[2016.09.29-13.18.57:358][ 85]LogModuleManager: Shutting down and abandoning module AnalyticsET (137)
[2016.09.29-13.18.57:358][ 85]LogModuleManager: Shutting down and abandoning module Analytics (136)
[2016.09.29-13.18.57:358][ 85]LogModuleManager: Shutting down and abandoning module PortalServices (135)
[2016.09.29-13.18.57:358][ 85]LogModuleManager: Shutting down and abandoning module PortalRpc (134)
[2016.09.29-13.18.57:358][ 85]LogModuleManager: Shutting down and abandoning module MessagingRpc (133)
[2016.09.29-13.18.57:358][ 85]LogModuleManager: Shutting down and abandoning module GameplayDebugger (132)
[2016.09.29-13.18.57:359][ 85]LogModuleManager: Shutting down and abandoning module AITestSuite (131)
[2016.09.29-13.18.57:359][ 85]LogModuleManager: Shutting down and abandoning module AIModule (130)
[2016.09.29-13.18.57:359][ 85]LogModuleManager: Shutting down and abandoning module ProfilerService (129)
[2016.09.29-13.18.57:545][ 85]LogModuleManager: Shutting down and abandoning module TaskGraph (128)
[2016.09.29-13.18.57:546][ 85]LogModuleManager: Shutting down and abandoning module SlateRemote (127)
[2016.09.29-13.18.57:546][ 85]LogModuleManager: Shutting down and abandoning module SteamVRController (126)
[2016.09.29-13.18.57:546][ 85]LogModuleManager: Shutting down and abandoning module SteamVR (125)
[2016.09.29-13.18.57:546][ 85]LogModuleManager: Shutting down and abandoning module ProceduralMeshComponent (124)
[2016.09.29-13.18.57:546][ 85]LogModuleManager: Shutting down and abandoning module OculusLibrary (123)
[2016.09.29-13.18.57:546][ 85]LogModuleManager: Shutting down and abandoning module OculusInput (122)
[2016.09.29-13.18.57:546][ 85]LogModuleManager: Shutting down and abandoning module CustomMeshComponent (121)
[2016.09.29-13.18.57:546][ 85]LogModuleManager: Shutting down and abandoning module CableComponent (120)
[2016.09.29-13.18.57:546][ 85]LogModuleManager: Shutting down and abandoning module ArchVisCharacter (119)
[2016.09.29-13.18.57:546][ 85]LogModuleManager: Shutting down and abandoning module MediaPlayerEditor (118)
[2016.09.29-13.18.57:546][ 85]LogModuleManager: Shutting down and abandoning module HTML5Networking (117)
[2016.09.29-13.18.57:546][ 85]LogModuleManager: Shutting down and abandoning module SuperSearch (116)
[2016.09.29-13.18.57:546][ 85]LogModuleManager: Shutting down and abandoning module SuperSearchEditor (115)
[2016.09.29-13.18.57:546][ 85]LogModuleManager: Shutting down and abandoning module SpeedTreeImporter (114)
[2016.09.29-13.18.57:546][ 85]LogModuleManager: Shutting down and abandoning module PluginBrowser (113)
[2016.09.29-13.18.57:546][ 85]LogModuleManager: Shutting down and abandoning module EpicSurvey (112)
[2016.09.29-13.18.57:546][ 85]LogModuleManager: Shutting down and abandoning module DesktopPlatform (111)
[2016.09.29-13.18.57:546][ 85]LogModuleManager: Shutting down and abandoning module VisualStudioSourceCodeAccess (110)
[2016.09.29-13.18.57:546][ 85]LogModuleManager: Shutting down and abandoning module UObjectPlugin (109)
[2016.09.29-13.18.57:547][ 85]LogModuleManager: Shutting down and abandoning module SubversionSourceControl (108)
[2016.09.29-13.18.57:547][ 85]LogModuleManager: Shutting down and abandoning module PerforceSourceControl (107)
[2016.09.29-13.18.57:547][ 85]LogModuleManager: Shutting down and abandoning module SourceControl (106)
[2016.09.29-13.18.57:547][ 85]LogModuleManager: Shutting down and abandoning module GitSourceControl (105)
[2016.09.29-13.18.57:547][ 85]LogModuleManager: Shutting down and abandoning module LightPropagationVolumeEditor (104)
[2016.09.29-13.18.57:547][ 85]LogModuleManager: Shutting down and abandoning module PaperTiledImporter (103)
[2016.09.29-13.18.57:547][ 85]LogModuleManager: Shutting down and abandoning module PaperSpriteSheetImporter (102)
[2016.09.29-13.18.57:547][ 85]LogModuleManager: Shutting down and abandoning module MeshPaint (101)
[2016.09.29-13.18.57:547][ 85]LogModuleManager: Shutting down and abandoning module PixelInspectorModule (100)
[2016.09.29-13.18.57:547][ 85]LogModuleManager: Shutting down and abandoning module HotReload (99)
[2016.09.29-13.18.57:548][ 85]LogModuleManager: Shutting down and abandoning module MainFrame (98)
[2016.09.29-13.18.57:548][ 85]LogModuleManager: Shutting down and abandoning module LevelEditor (97)
[2016.09.29-13.18.57:550][ 85]LogModuleManager: Shutting down and abandoning module ContentBrowser (96)
[2016.09.29-13.18.57:552][ 85]LogModuleManager: Shutting down and abandoning module Paper2DEditor (95)
[2016.09.29-13.18.57:552][ 85]LogModuleManager: Shutting down and abandoning module UdpMessaging (94)
[2016.09.29-13.18.57:652][ 85]LogModuleManager: Shutting down and abandoning module LightPropagationVolumeRuntime (93)
[2016.09.29-13.18.57:652][ 85]LogModuleManager: Shutting down and abandoning module Paper2D (92)
[2016.09.29-13.18.57:652][ 85]LogModuleManager: Shutting down and abandoning module WindowsMoviePlayer (91)
[2016.09.29-13.18.57:652][ 85]LogModuleManager: Shutting down and abandoning module Media (90)
[2016.09.29-13.18.57:652][ 85]LogModuleManager: Shutting down and abandoning module WmfMedia (89)
[2016.09.29-13.18.57:653][ 85]LogModuleManager: Shutting down and abandoning module MediaAssets (88)
[2016.09.29-13.18.57:653][ 85]LogModuleManager: Shutting down and abandoning module GameLiveStreaming (87)
[2016.09.29-13.18.57:653][ 85]LogModuleManager: Shutting down and abandoning module GameplayTagsEditor (86)
[2016.09.29-13.18.57:653][ 85]LogModuleManager: Shutting down and abandoning module OnlineBlueprintSupport (85)
[2016.09.29-13.18.57:653][ 85]LogModuleManager: Shutting down and abandoning module VREditor (84)
[2016.09.29-13.18.57:653][ 85]LogModuleManager: Shutting down and abandoning module GameplayTasksEditor (83)
[2016.09.29-13.18.57:653][ 85]LogModuleManager: Shutting down and abandoning module PropertyEditor (82)
[2016.09.29-13.18.57:653][ 85]LogModuleManager: Shutting down and abandoning module BehaviorTreeEditor (81)
[2016.09.29-13.18.57:653][ 85]LogModuleManager: Shutting down and abandoning module FunctionalTesting (80)
[2016.09.29-13.18.57:654][ 85]LogModuleManager: Shutting down and abandoning module CollisionAnalyzer (79)
[2016.09.29-13.18.57:654][ 85]LogModuleManager: Shutting down and abandoning module Sequencer (78)
[2016.09.29-13.18.57:654][ 85]LogModuleManager: Shutting down and abandoning module WorkspaceMenuStructure (77)
[2016.09.29-13.18.57:654][ 85]LogModuleManager: Shutting down and abandoning module MessageLog (76)
[2016.09.29-13.18.57:654][ 85]LogModuleManager: Shutting down and abandoning module AssetTools (75)
[2016.09.29-13.18.57:654][ 85]LogModuleManager: Shutting down and abandoning module UMGEditor (74)
[2016.09.29-13.18.57:654][ 85]LogModuleManager: Shutting down and abandoning module UMG (73)
[2016.09.29-13.18.57:654][ 85]LogModuleManager: Shutting down and abandoning module SlateReflector (72)
[2016.09.29-13.18.57:654][ 85]LogModuleManager: Shutting down and abandoning module Slate (71)
[2016.09.29-13.18.57:654][ 85]LogModuleManager: Shutting down and abandoning module EditorStyle (70)
[2016.09.29-13.18.57:661][ 85]LogModuleManager: Shutting down and abandoning module SourceCodeAccess (69)
[2016.09.29-13.18.57:661][ 85]LogModuleManager: Shutting down and abandoning module HeadMountedDisplay (68)
[2016.09.29-13.18.57:661][ 85]LogModuleManager: Shutting down and abandoning module XAudio2 (67)
[2016.09.29-13.18.57:661][ 85]LogModuleManager: Shutting down and abandoning module Networking (65)
[2016.09.29-13.18.57:661][ 85]LogModuleManager: Shutting down and abandoning module Core (64)
[2016.09.29-13.18.57:661][ 85]LogModuleManager: Shutting down and abandoning module DirectoryWatcher (63)
[2016.09.29-13.18.57:662][ 85]LogModuleManager: Shutting down and abandoning module AssetRegistry (62)
[2016.09.29-13.19.02:805][ 85]LogFileManager:Warning: MoveFile was unable to move '../../../../../../Users/iarodri17/Google Drive/SchoolRunner 4.12/Intermediate/CachedAssetRegistry.bin.tmp' to '../../../../../../Users/iarodri17/Google Drive/SchoolRunner 4.12/Intermediate/CachedAssetRegistry.bin', retrying in .5s...
[2016.09.29-13.19.02:805][ 85]LogFileManager:Warning: MoveFile was unable to move '../../../../../../Users/iarodri17/Google Drive/SchoolRunner 4.12/Intermediate/CachedAssetRegistry.bin.tmp' to '../../../../../../Users/iarodri17/Google Drive/SchoolRunner 4.12/Intermediate/CachedAssetRegistry.bin', retrying in .5s...
[2016.09.29-13.19.02:805][ 85]LogFileManager:Warning: MoveFile was unable to move '../../../../../../Users/iarodri17/Google Drive/SchoolRunner 4.12/Intermediate/CachedAssetRegistry.bin.tmp' to '../../../../../../Users/iarodri17/Google Drive/SchoolRunner 4.12/Intermediate/CachedAssetRegistry.bin', retrying in .5s...
[2016.09.29-13.19.02:805][ 85]LogFileManager:Warning: MoveFile was unable to move '../../../../../../Users/iarodri17/Google Drive/SchoolRunner 4.12/Intermediate/CachedAssetRegistry.bin.tmp' to '../../../../../../Users/iarodri17/Google Drive/SchoolRunner 4.12/Intermediate/CachedAssetRegistry.bin', retrying in .5s...
[2016.09.29-13.19.02:805][ 85]LogFileManager:Warning: MoveFile was unable to move '../../../../../../Users/iarodri17/Google Drive/SchoolRunner 4.12/Intermediate/CachedAssetRegistry.bin.tmp' to '../../../../../../Users/iarodri17/Google Drive/SchoolRunner 4.12/Intermediate/CachedAssetRegistry.bin', retrying in .5s...
[2016.09.29-13.19.02:805][ 85]LogFileManager:Warning: MoveFile was unable to move '../../../../../../Users/iarodri17/Google Drive/SchoolRunner 4.12/Intermediate/CachedAssetRegistry.bin.tmp' to '../../../../../../Users/iarodri17/Google Drive/SchoolRunner 4.12/Intermediate/CachedAssetRegistry.bin', retrying in .5s...
[2016.09.29-13.19.02:805][ 85]LogFileManager:Warning: MoveFile was unable to move '../../../../../../Users/iarodri17/Google Drive/SchoolRunner 4.12/Intermediate/CachedAssetRegistry.bin.tmp' to '../../../../../../Users/iarodri17/Google Drive/SchoolRunner 4.12/Intermediate/CachedAssetRegistry.bin', retrying in .5s...
[2016.09.29-13.19.02:805][ 85]LogFileManager:Warning: MoveFile was unable to move '../../../../../../Users/iarodri17/Google Drive/SchoolRunner 4.12/Intermediate/CachedAssetRegistry.bin.tmp' to '../../../../../../Users/iarodri17/Google Drive/SchoolRunner 4.12/Intermediate/CachedAssetRegistry.bin', retrying in .5s...
[2016.09.29-13.19.02:805][ 85]LogFileManager:Warning: MoveFile was unable to move '../../../../../../Users/iarodri17/Google Drive/SchoolRunner 4.12/Intermediate/CachedAssetRegistry.bin.tmp' to '../../../../../../Users/iarodri17/Google Drive/SchoolRunner 4.12/Intermediate/CachedAssetRegistry.bin', retrying in .5s...
[2016.09.29-13.19.02:805][ 85]LogFileManager:Warning: MoveFile was unable to move '../../../../../../Users/iarodri17/Google Drive/SchoolRunner 4.12/Intermediate/CachedAssetRegistry.bin.tmp' to '../../../../../../Users/iarodri17/Google Drive/SchoolRunner 4.12/Intermediate/CachedAssetRegistry.bin', retrying in .5s...
[2016.09.29-13.19.02:805][ 85]LogFileManager:Error: Error moving file '../../../../../../Users/iarodri17/Google Drive/SchoolRunner 4.12/Intermediate/CachedAssetRegistry.bin.tmp' to '../../../../../../Users/iarodri17/Google Drive/SchoolRunner 4.12/Intermediate/CachedAssetRegistry.bin'.
[2016.09.29-13.19.02:805][ 85]LogModuleManager: Shutting down and abandoning module KismetCompiler (61)
[2016.09.29-13.19.02:805][ 85]LogModuleManager: Shutting down and abandoning module PhysXFormats (60)
[2016.09.29-13.19.02:805][ 85]LogModuleManager: Shutting down and abandoning module MeshUtilities (59)
[2016.09.29-13.19.02:805][ 85]LogModuleManager: Shutting down and abandoning module DerivedDataCache (58)
[2016.09.29-13.19.03:215][ 85]LogDerivedDataCache: Shutdown
[2016.09.29-13.19.03:215][ 85]LogModuleManager: Shutting down and abandoning module VulkanShaderFormat (57)
[2016.09.29-13.19.03:215][ 85]LogModuleManager: Shutting down and abandoning module ShaderFormatOpenGL (56)
[2016.09.29-13.19.03:215][ 85]LogModuleManager: Shutting down and abandoning module ShaderFormatD3D (55)
[2016.09.29-13.19.03:215][ 85]LogModuleManager: Shutting down and abandoning module MetalShaderFormat (54)
[2016.09.29-13.19.03:215][ 85]LogModuleManager: Shutting down and abandoning module TextureFormatUncompressed (53)
[2016.09.29-13.19.03:215][ 85]LogModuleManager: Shutting down and abandoning module TextureFormatPVR (52)
[2016.09.29-13.19.03:215][ 85]LogModuleManager: Shutting down and abandoning module TextureFormatIntelISPCTexComp (51)
[2016.09.29-13.19.03:215][ 85]LogModuleManager: Shutting down and abandoning module TextureFormatDXT (50)
[2016.09.29-13.19.03:215][ 85]LogModuleManager: Shutting down and abandoning module ImageWrapper (49)
[2016.09.29-13.19.03:215][ 85]LogModuleManager: Shutting down and abandoning module TextureFormatASTC (48)
[2016.09.29-13.19.03:215][ 85]LogModuleManager: Shutting down and abandoning module TextureFormatAndroid (47)
[2016.09.29-13.19.03:215][ 85]LogModuleManager: Shutting down and abandoning module AudioFormatOpus (46)
[2016.09.29-13.19.03:215][ 85]LogModuleManager: Shutting down and abandoning module AudioFormatOgg (45)
[2016.09.29-13.19.03:215][ 85]LogModuleManager: Shutting down and abandoning module AudioFormatADPCM (44)
[2016.09.29-13.19.03:215][ 85]LogModuleManager: Shutting down and abandoning module LinuxTargetPlatform (43)
[2016.09.29-13.19.03:215][ 85]LogModuleManager: Shutting down and abandoning module LinuxServerTargetPlatform (42)
[2016.09.29-13.19.03:215][ 85]LogModuleManager: Shutting down and abandoning module LinuxNoEditorTargetPlatform (41)
[2016.09.29-13.19.03:215][ 85]LogModuleManager: Shutting down and abandoning module TVOSTargetPlatform (40)
[2016.09.29-13.19.03:215][ 85]LogModuleManager: Shutting down and abandoning module Messaging (39)
[2016.09.29-13.19.03:215][ 85]LogModuleManager: Shutting down and abandoning module IOSTargetPlatform (38)
[2016.09.29-13.19.03:215][ 85]LogModuleManager: Shutting down and abandoning module HTML5TargetPlatform (37)
[2016.09.29-13.19.03:215][ 85]LogModuleManager: Shutting down and abandoning module Android_PVRTCTargetPlatform (36)
[2016.09.29-13.19.03:215][ 85]LogModuleManager: Shutting down and abandoning module Android_MultiTargetPlatform (35)
[2016.09.29-13.19.03:215][ 85]LogModuleManager: Shutting down and abandoning module Android_ETC2TargetPlatform (34)
[2016.09.29-13.19.03:215][ 85]LogModuleManager: Shutting down and abandoning module Android_ETC1TargetPlatform (33)
[2016.09.29-13.19.03:215][ 85]LogModuleManager: Shutting down and abandoning module Android_DXTTargetPlatform (32)
[2016.09.29-13.19.03:215][ 85]LogModuleManager: Shutting down and abandoning module Android_ATCTargetPlatform (31)
[2016.09.29-13.19.03:215][ 85]LogModuleManager: Shutting down and abandoning module Android_ASTCTargetPlatform (30)
[2016.09.29-13.19.03:215][ 85]LogModuleManager: Shutting down and abandoning module AndroidTargetPlatform (29)
[2016.09.29-13.19.03:215][ 85]LogModuleManager: Shutting down and abandoning module WindowsTargetPlatform (28)
[2016.09.29-13.19.03:215][ 85]LogModuleManager: Shutting down and abandoning module WindowsServerTargetPlatform (27)
[2016.09.29-13.19.03:215][ 85]LogModuleManager: Shutting down and abandoning module WindowsNoEditorTargetPlatform (26)
[2016.09.29-13.19.03:215][ 85]LogModuleManager: Shutting down and abandoning module WindowsClientTargetPlatform (25)
[2016.09.29-13.19.03:215][ 85]LogModuleManager: Shutting down and abandoning module AllDesktopTargetPlatform (24)
[2016.09.29-13.19.03:216][ 85]LogModuleManager: Shutting down and abandoning module TargetPlatform (23)
[2016.09.29-13.19.03:216][ 85]LogModuleManager: Shutting down and abandoning module InputCore (22)
[2016.09.29-13.19.03:216][ 85]LogModuleManager: Shutting down and abandoning module Settings (21)
[2016.09.29-13.19.03:216][ 85]LogModuleManager: Shutting down and abandoning module OnlineSubsystem (19)
[2016.09.29-13.19.03:216][ 85]LogModuleManager: Shutting down and abandoning module HTTP (18)
[2016.09.29-13.19.04:717][ 85]LogModuleManager: Shutting down and abandoning module XMPP (17)
[2016.09.29-13.19.04:718][ 85]LogModuleManager: Shutting down and abandoning module OculusRift (16)
[2016.09.29-13.19.04:718][ 85]LogModuleManager: Shutting down and abandoning module ExampleDeviceProfileSelector (15)
[2016.09.29-13.19.04:718][ 85]LogModuleManager: Shutting down and abandoning module TextureCompressor (14)
[2016.09.29-13.19.04:718][ 85]LogModuleManager: Shutting down and abandoning module ShaderCore (13)
[2016.09.29-13.19.04:718][ 85]LogModuleManager: Shutting down and abandoning module Landscape (12)
[2016.09.29-13.19.04:718][ 85]LogModuleManager: Shutting down and abandoning module SlateRHIRenderer (11)
[2016.09.29-13.19.04:719][ 85]LogModuleManager: Shutting down and abandoning module OpenGLDrv (10)
[2016.09.29-13.19.04:719][ 85]LogModuleManager: Shutting down and abandoning module D3D11RHI (9)
[2016.09.29-13.19.04:719][ 85]LogModuleManager: Shutting down and abandoning module AnimGraphRuntime (8)
[2016.09.29-13.19.04:719][ 85]LogModuleManager: Shutting down and abandoning module Renderer (7)
[2016.09.29-13.19.04:719][ 85]LogModuleManager: Shutting down and abandoning module Engine (6)
[2016.09.29-13.19.04:719][ 85]LogModuleManager: Shutting down and abandoning module CoreUObject (5)
[2016.09.29-13.19.04:719][ 85]LogModuleManager: Shutting down and abandoning module NetworkFile (4)
[2016.09.29-13.19.04:719][ 85]LogModuleManager: Shutting down and abandoning module StreamingFile (3)
[2016.09.29-13.19.04:719][ 85]LogModuleManager: Shutting down and abandoning module SandboxFile (2)
[2016.09.29-13.19.04:719][ 85]LogModuleManager: Shutting down and abandoning module PakFile (1)
[2016.09.29-13.19.04:722][ 85]LogExit: Exiting.
[2016.09.29-13.19.04:725][ 85]Log file closed, 09/29/16 09:19:04
