Log file open, 10/06/16 08:34:17
LogInit:Display: Running engine without a game
LogPlatformFile: Not using cached read wrapper
LogInit:Display: Loading recent project file: ../../../../../../Ivan/SchoolRunner-4.12-SchoolRunnerAaronUpdate/SchoolRunner.uproject
LogInit:Display: RandInit(-1033094419) SRandInit(-1033094417).
LogTaskGraph: Started task graph with 4 named threads and 7 total threads with 1 sets of task threads.
LogStats: Stats thread started at 0.070730
LogInit: Version: 4.12.5-3039270+++UE4+Release-4.12
LogInit: API Version: 2992821
LogInit: Net Version: 3039270
LogDevObjectVersion: Number of dev versions registered: 13
LogDevObjectVersion:   Dev-Blueprints (B0D832E4-1F89-4F0D-ACCF-7EB736FD4AA2): 3
LogDevObjectVersion:   Dev-Build (E1C64328-A22C-4D53-A36C-8E866417BD8C): 0
LogDevObjectVersion:   Dev-Core (375EC13C-06E4-48FB-B500-84F0262A717E): 1
LogDevObjectVersion:   Dev-Editor (E4B068ED-F494-42E9-A231-DA0B2E46BB41): 2
LogDevObjectVersion:   Dev-Framework (CFFC743F-43B0-4480-9391-14DF171D2073): 6
LogDevObjectVersion:   Dev-Mobile (B02B49B5-BB20-44E9-A304-32B752E40360): 0
LogDevObjectVersion:   Dev-Networking (A4E4105C-59A1-49B5-A7C5-40C4547EDFEE): 0
LogDevObjectVersion:   Dev-Online (39C831C9-5AE6-47DC-9A44-9C173E1C8E7C): 0
LogDevObjectVersion:   Dev-Physics (78F01B33-EBEA-4F98-B9B4-84EACCB95AA2): 0
LogDevObjectVersion:   Dev-Platform (6631380F-2D4D-43E0-8009-CF276956A95A): 0
LogDevObjectVersion:   Dev-Rendering (12F88B9F-8875-4AFC-A67C-D90C383ABD29): 2
LogDevObjectVersion:   Dev-Sequencer (7B5AE74C-D270-4C10-A958-57980B212A5A): 0
LogDevObjectVersion:   Dev-VR (D7296918-1DD6-4BDD-9DE2-64A83CC13884): 0
LogInit: Compiled (64-bit): Jul  6 2016 09:09:46
LogInit: Compiled with Visual C++: 19.00.23026.00
LogInit: Build Configuration: Development
LogInit: Branch Name: ++UE4+Release-4.12
LogInit: Command line: -EpicPortal 
LogInit: Base directory: C:/Program Files (x86)/Epic Games/4.12/Engine/Binaries/Win64/
LogInit: Installed Engine Build: 1
LogInit: Using libcurl 7.41.0
LogInit:  - built for x86_64-pc-win32
LogInit:  - supports SSL with WinSSL
LogInit:  - other features:
LogInit:      CURL_VERSION_SSL
LogInit:      CURL_VERSION_IPV6
LogInit:      CURL_VERSION_ASYNCHDNS
LogInit:      CURL_VERSION_LARGEFILE
LogInit:      CURL_VERSION_IDN
LogInit:  CurlRequestOptions (configurable via config and command line):
LogInit:  - bVerifyPeer = true  - Libcurl will verify peer certificate
LogInit:  - bUseHttpProxy = false  - Libcurl will NOT use HTTP proxy
LogInit:  - bDontReuseConnections = false  - Libcurl will reuse connections
LogInit:  - CertBundlePath = nullptr  - Libcurl will use whatever was configured at build time.
LogInit: Presizing for max 8388607 objects, including 0 objects not considered by GC, pre-allocating 0 bytes for permanent pool.
LogInit: Object subsystem initialized
[2016.10.06-12.34.17:262][  0]LogInit: Selected Device Profile: [Windows]
[2016.10.06-12.34.17:262][  0]LogInit: Applying CVar settings loaded from the selected device profile: [Windows]
[2016.10.06-12.34.17:270][  0]LogInit: Computer: 2016-KISER-04
[2016.10.06-12.34.17:270][  0]LogInit: User: iarodri17
[2016.10.06-12.34.17:270][  0]LogInit: CPU Page size=65536, Cores=4
[2016.10.06-12.34.17:270][  0]LogInit: High frequency timer resolution =3.328339 MHz
[2016.10.06-12.34.17:270][  0]LogMemory: Memory total: Physical=15.9GB (16GB approx)
[2016.10.06-12.34.17:270][  0]LogMemory: Platform Memory Stats for Windows
[2016.10.06-12.34.17:270][  0]LogMemory: Process Physical Memory: 191.62 MB used, 191.62 MB peak
[2016.10.06-12.34.17:270][  0]LogMemory: Process Virtual Memory: 196.89 MB used, 196.89 MB peak
[2016.10.06-12.34.17:270][  0]LogMemory: Physical Memory: 5131.84 MB used, 16304.60 MB total
[2016.10.06-12.34.17:270][  0]LogMemory: Virtual Memory: 522.00 MB used, 8388608.00 MB total
[2016.10.06-12.34.17:297][  0]LogTextLocalizationManager: No specific translations for ('en-US') exist, so ('en') translations will be used.
[2016.10.06-12.34.17:579][  0]LogD3D11RHI: D3D11 adapters:
[2016.10.06-12.34.17:593][  0]LogD3D11RHI:    0. 'NVIDIA Quadro K2200 ' (Feature Level 11_0)
[2016.10.06-12.34.17:593][  0]LogD3D11RHI:       4034/0/7896 MB DedicatedVideo/DedicatedSystem/SharedSystem, Outputs:2, VendorId:0x10de
[2016.10.06-12.34.17:593][  0]LogD3D11RHI: Chosen D3D11 Adapter: 0
[2016.10.06-12.34.17:597][  0]LogD3D11RHI: Creating new Direct3DDevice
[2016.10.06-12.34.17:597][  0]LogD3D11RHI:     GPU DeviceId: 0x13ba (for the marketing name, search the web for "GPU Device Id")
[2016.10.06-12.34.17:597][  0]LogWindows: EnumDisplayDevices:
[2016.10.06-12.34.17:597][  0]LogWindows:    0. 'NVIDIA Quadro K2200 ' (P:1 D:1)
[2016.10.06-12.34.17:597][  0]LogWindows:    1. 'NVIDIA Quadro K2200 ' (P:0 D:1)
[2016.10.06-12.34.17:597][  0]LogWindows:    2. 'NVIDIA Quadro K2200 ' (P:0 D:0)
[2016.10.06-12.34.17:597][  0]LogWindows:    3. 'NVIDIA Quadro K2200 ' (P:0 D:0)
[2016.10.06-12.34.17:597][  0]LogWindows:    4. 'RDPDD Chained DD' (P:0 D:0)
[2016.10.06-12.34.17:597][  0]LogWindows:    5. 'RDP Encoder Mirror Driver' (P:0 D:0)
[2016.10.06-12.34.17:597][  0]LogWindows:    6. 'RDP Reflector Display Driver' (P:0 D:0)
[2016.10.06-12.34.17:597][  0]LogWindows: DebugString: GetVideoDriverDetailsInvalid PrimaryIsNotTheChoosenAdapter GetVideoDriverDetailsInvalid PrimaryIsNotTheChoosenAdapter GetVideoDriverDetailsInvalid PrimaryIsNotTheChoosenAdapter FoundDriverCount:4 
[2016.10.06-12.34.17:597][  0]LogD3D11RHI:     Adapter Name: NVIDIA Quadro K2200 
[2016.10.06-12.34.17:597][  0]LogD3D11RHI:   Driver Version: 361.91 (internal:10.18.13.6191, unified:361.91)
[2016.10.06-12.34.17:597][  0]LogD3D11RHI:      Driver Date: 2-8-2016
[2016.10.06-12.34.17:597][  0]LogRHI: Texture pool is 1361 MB (70% of 1945 MB)
[2016.10.06-12.34.17:603][  0]LogD3D11RHI: Async texture creation enabled
[2016.10.06-12.34.17:617][  0]LogD3D11RHI: GPU Timing Frequency: 1000.000000 (Debug: 2 2)
[2016.10.06-12.34.17:617][  0]LogShaderCompilers: Guid format shader working directory is -15 characters bigger than the processId version (../../../../../../Ivan/SchoolRunner-4.12-SchoolRunnerAaronUpdate/Intermediate/Shaders/WorkingDirectory/1512/).
[2016.10.06-12.34.17:617][  0]LogShaderCompilers: Cleaned the shader compiler working directory 'C:/Users/IARODR~1/AppData/Local/Temp/UnrealShaderWorkingDir/F57B97574813D63F8C396699DFF96360/'.
[2016.10.06-12.34.17:617][  0]LogShaderCompilers:Display: Using Local Shader Compiler.
[2016.10.06-12.34.18:310][  0]LogTemp:Display: Loaded TP AllDesktopTargetPlatform
[2016.10.06-12.34.18:317][  0]LogTemp:Display: Loaded TP WindowsClientTargetPlatform
[2016.10.06-12.34.18:325][  0]LogTemp:Display: Loaded TP WindowsNoEditorTargetPlatform
[2016.10.06-12.34.18:333][  0]LogTemp:Display: Loaded TP WindowsServerTargetPlatform
[2016.10.06-12.34.18:341][  0]LogTemp:Display: Loaded TP WindowsTargetPlatform
[2016.10.06-12.34.18:348][  0]LogTemp:Display: Loaded TP AndroidTargetPlatform
[2016.10.06-12.34.18:355][  0]LogTemp:Display: Loaded TP Android_ASTCTargetPlatform
[2016.10.06-12.34.18:362][  0]LogTemp:Display: Loaded TP Android_ATCTargetPlatform
[2016.10.06-12.34.18:369][  0]LogTemp:Display: Loaded TP Android_DXTTargetPlatform
[2016.10.06-12.34.18:375][  0]LogTemp:Display: Loaded TP Android_ETC1TargetPlatform
[2016.10.06-12.34.18:382][  0]LogTemp:Display: Loaded TP Android_ETC2TargetPlatform
[2016.10.06-12.34.18:396][  0]LogTemp:Display: Loaded TP Android_MultiTargetPlatform
[2016.10.06-12.34.18:396][  0]LogTemp:Display: Loaded TP Android_PVRTCTargetPlatform
[2016.10.06-12.34.18:397][  0]LogTemp:Display: Loaded TP HTML5TargetPlatform
[2016.10.06-12.34.18:415][  0]LogTemp:Display: Loaded TP IOSTargetPlatform
[2016.10.06-12.34.18:421][  0]LogTemp:Display: Loaded TP TVOSTargetPlatform
[2016.10.06-12.34.18:428][  0]LogTemp:Display: Loaded TP LinuxNoEditorTargetPlatform
[2016.10.06-12.34.18:435][  0]LogTemp:Display: Loaded TP LinuxServerTargetPlatform
[2016.10.06-12.34.18:442][  0]LogTemp:Display: Loaded TP LinuxTargetPlatform
[2016.10.06-12.34.18:442][  0]LogTargetPlatformManager:Display: Building Assets For Windows
[2016.10.06-12.34.18:485][  0]LogDerivedDataCache:Display: Max Cache Size: 512 MB
[2016.10.06-12.34.18:522][  0]LogDerivedDataCache: Loaded boot cache 0.04s 48MB C:/Users/iarodri17/AppData/Local/UnrealEngine/4.12/DerivedDataCache/Boot.ddc.
[2016.10.06-12.34.18:522][  0]LogDerivedDataCache:Display: Loaded Boot cache: C:/Users/iarodri17/AppData/Local/UnrealEngine/4.12/DerivedDataCache/Boot.ddc
[2016.10.06-12.34.18:522][  0]LogDerivedDataCache: FDerivedDataBackendGraph:  Pak pak cache file ../../../../../../Ivan/SchoolRunner-4.12-SchoolRunnerAaronUpdate/DerivedDataCache/DDC.ddp not found, will not use a pak cache.
[2016.10.06-12.34.18:522][  0]LogDerivedDataCache: Unable to find inner node Pak for hierarchical cache Hierarchy.
[2016.10.06-12.34.18:522][  0]LogDerivedDataCache: FDerivedDataBackendGraph:  CompressedPak pak cache file ../../../../../../Ivan/SchoolRunner-4.12-SchoolRunnerAaronUpdate/DerivedDataCache/Compressed.ddp not found, will not use a pak cache.
[2016.10.06-12.34.18:522][  0]LogDerivedDataCache: Unable to find inner node CompressedPak for hierarchical cache Hierarchy.
[2016.10.06-12.34.18:536][  0]LogDerivedDataCache:Display: Pak cache opened for reading ../../../Engine/DerivedDataCache/Compressed.ddp.
[2016.10.06-12.34.18:547][  0]LogDerivedDataCache: Using Local data cache path C:/Users/iarodri17/AppData/Local/UnrealEngine/Common/DerivedDataCache: Writable
[2016.10.06-12.34.18:670][  0]LogInit: Selected Device Profile: [Windows]
[2016.10.06-12.34.18:671][  0]LogContentStreaming: Texture pool size is 0.00 MB
[2016.10.06-12.34.18:785][  0]LogMeshUtilities: No automatic mesh reduction module available
[2016.10.06-12.34.18:785][  0]LogMeshUtilities: No automatic mesh merging module available
[2016.10.06-12.34.18:785][  0]LogMeshUtilities: No distributed automatic mesh merging module available
[2016.10.06-12.34.18:974][  0]LogAssetRegistry: FAssetRegistry took 0.0204 seconds to start up
[2016.10.06-12.34.18:990][  0]LogPackageLocalizationCache: Processed 3 localized package path(s) for 2 prioritized culture(s) in 0.014140 seconds
[2016.10.06-12.34.18:994][  0]LogUObjectArray: 28741 objects as part of root set at end of initial load.
[2016.10.06-12.34.18:994][  0]LogUObjectAllocator: 5855912 out of 0 bytes used by permanent object pool.
[2016.10.06-12.34.18:994][  0]LogUObjectArray: CloseDisregardForGC: 0/0 objects in disregard for GC pool
[2016.10.06-12.34.18:998][  0]LogInit: WinSock: version 1.1 (2.2), MaxSocks=32767, MaxUdp=65467
[2016.10.06-12.34.19:120][  0]LogSlate: SlateFontCache - WITH_FREETYPE: 1, WITH_HARFBUZZ: 1
[2016.10.06-12.34.19:120][  0]LogSlate: SlateFontCache - WITH_FREETYPE: 1, WITH_HARFBUZZ: 1
[2016.10.06-12.34.19:566][  0]LogUdpMessaging: Initializing bridge on interface 0.0.0.0:0 to multicast group 230.0.0.1:6666.
[2016.10.06-12.34.19:760][  0]SourceControl: Info Source control is disabled
[2016.10.06-12.34.19:760][  0]SourceControl: Info Source control is disabled
[2016.10.06-12.34.19:764][  0]SourceControl: Info Source control is disabled
[2016.10.06-12.34.19:768][  0]SourceControl: Info Source control is disabled
[2016.10.06-12.34.19:881][  0]LogEngine: Initializing Engine...
[2016.10.06-12.34.19:881][  0]LogHMD: SteamVR failed to initialize.  Err: 110
[2016.10.06-12.34.19:882][  0]LogHMD: SteamVR failed to initialize.  Err: 110
[2016.10.06-12.34.19:987][  0]LogAIModule: Creating AISystem for world NewWorld
[2016.10.06-12.34.19:990][  0]LogInit: XAudio2 using 'Speakers (Realtek High Definition Audio)' : 2 channels at 48 kHz using 32 bits per sample (channel mask 0x3)
[2016.10.06-12.34.20:027][  0]LogInit: FAudioDevice initialized.
[2016.10.06-12.34.20:046][  0]LogDerivedDataCache: Saved boot cache 0.02s 48MB C:/Users/iarodri17/AppData/Local/UnrealEngine/4.12/DerivedDataCache/Boot.ddc.
[2016.10.06-12.34.20:049][  0]LogInit: Texture streaming: Enabled
[2016.10.06-12.34.20:064][  0]LogInit: Transaction tracking system initialized
[2016.10.06-12.34.20:078][  0]BlueprintLog: New page: Editor Load
[2016.10.06-12.34.20:122][  0]LocalizationService: Info Localization service is disabled
[2016.10.06-12.34.20:158][  0]LogConsoleResponse:Display: 
[2016.10.06-12.34.20:235][  0]LogCook:Display: Max memory allowance for cook 8192mb
[2016.10.06-12.34.20:235][  0]LogCook:Display: Mobile HDR setting 1
[2016.10.06-12.34.20:289][  0]LogFileCache: Scanning file cache for directory 'C:/Ivan/SchoolRunner-4.12-SchoolRunnerAaronUpdate/Content/' took 0.02s
[2016.10.06-12.34.20:289][  0]SourceControl: Info Source control is disabled
[2016.10.06-12.34.20:289][  0]Cmd: MAP LOAD FILE="../../../../../../Ivan/SchoolRunner-4.12-SchoolRunnerAaronUpdate/Content/ThirdPersonBP/Maps/ThirdPersonExampleMap.umap" TEMPLATE=0 SHOWPROGRESS=1 FEATURELEVEL=3
[2016.10.06-12.34.20:289][  0]LightingResults: New page: Lighting Build
[2016.10.06-12.34.20:291][  0]MapCheck: New page: Map Check
[2016.10.06-12.34.20:291][  0]LightingResults: New page: Lighting Build
[2016.10.06-12.34.20:315][  0]LogLinker:Warning: Asset '../../../../../../Ivan/SchoolRunner-4.12-SchoolRunnerAaronUpdate/Content/Mannequin/Animations/ThirdPerson_Jump.uasset' has been saved with empty engine version. The asset will be loaded but may be incompatible.
[2016.10.06-12.34.20:316][  0]LogLinker:Warning: Asset '../../../../../../Ivan/SchoolRunner-4.12-SchoolRunnerAaronUpdate/Content/Mannequin/Animations/ThirdPersonJump_Loop.uasset' has been saved with empty engine version. The asset will be loaded but may be incompatible.
[2016.10.06-12.34.20:317][  0]LogLinker:Warning: Asset '../../../../../../Ivan/SchoolRunner-4.12-SchoolRunnerAaronUpdate/Content/Mannequin/Animations/ThirdPersonJump_Start.uasset' has been saved with empty engine version. The asset will be loaded but may be incompatible.
[2016.10.06-12.34.20:317][  0]LogLinker:Warning: Asset '../../../../../../Ivan/SchoolRunner-4.12-SchoolRunnerAaronUpdate/Content/Mannequin/Animations/ThirdPerson_IdleRun_2D.uasset' has been saved with empty engine version. The asset will be loaded but may be incompatible.
[2016.10.06-12.34.20:317][  0]LogLinker:Warning: Asset '../../../../../../Ivan/SchoolRunner-4.12-SchoolRunnerAaronUpdate/Content/Mannequin/Animations/ThirdPersonIdle.uasset' has been saved with empty engine version. The asset will be loaded but may be incompatible.
[2016.10.06-12.34.20:318][  0]LogLinker:Warning: Asset '../../../../../../Ivan/SchoolRunner-4.12-SchoolRunnerAaronUpdate/Content/Mannequin/Animations/ThirdPersonRun.uasset' has been saved with empty engine version. The asset will be loaded but may be incompatible.
[2016.10.06-12.34.20:318][  0]LogLinker:Warning: Asset '../../../../../../Ivan/SchoolRunner-4.12-SchoolRunnerAaronUpdate/Content/Mannequin/Animations/ThirdPersonWalk.uasset' has been saved with empty engine version. The asset will be loaded but may be incompatible.
[2016.10.06-12.34.20:566][  0]LogLinker:Warning: Can't find file '/Engine/EngineDebugMaterials/MAT_Green'
[2016.10.06-12.34.20:566][  0]LogLinker:Warning: Can't find file for asset '/Engine/EngineDebugMaterials/MAT_Green' while loading ../../../../../../Ivan/SchoolRunner-4.12-SchoolRunnerAaronUpdate/Content/ThirdPersonBP/Maps/ThirdPersonExampleMap.umap.
[2016.10.06-12.34.20:566][  0]LoadErrors:Error: Error /Game/ThirdPersonBP/Maps/ThirdPersonExampleMap : Can't find file for asset. /Engine/EngineDebugMaterials/MAT_Green
[2016.10.06-12.34.20:586][  0]LogLinker:Warning: Can't find file '/Engine/EngineDebugMaterials/MAT_Green'
[2016.10.06-12.34.20:586][  0]LogLinker:Warning: Can't find file for asset '/Engine/EngineDebugMaterials/MAT_Green' while loading ../../../../../../Ivan/SchoolRunner-4.12-SchoolRunnerAaronUpdate/Content/ThirdPersonBP/Maps/ThirdPersonExampleMap.umap.
[2016.10.06-12.34.20:586][  0]LoadErrors:Error: Error /Game/ThirdPersonBP/Maps/ThirdPersonExampleMap : Can't find file for asset. /Engine/EngineDebugMaterials/MAT_Green
[2016.10.06-12.34.20:595][  0]LogLinker:Warning: Can't find file '/Engine/EngineDebugMaterials/MAT_Green'
[2016.10.06-12.34.20:595][  0]LogLinker:Warning: Can't find file for asset '/Engine/EngineDebugMaterials/MAT_Green' while loading NULL.
[2016.10.06-12.34.20:595][  0]LogLinker:Warning: Can't find file '/Engine/EngineDebugMaterials/MAT_Green'
[2016.10.06-12.34.20:595][  0]LogLinker:Warning: Can't find file for asset '/Engine/EngineDebugMaterials/MAT_Green' while loading NULL.
[2016.10.06-12.34.20:600][  0]LogBlueprint:Error: Compiler Error This blueprint (self) is not a SceneComponent, therefore ' Target ' must have a connection.
[2016.10.06-12.34.20:601][  0]LogBlueprint:Warning: Compiler Warning [0003.92] Compile of PersistentLevel.ThirdPersonExampleMap failed. 1 Fatal Issue(s) 0 Warning(s) [in 2 ms] (/Game/ThirdPersonBP/Maps/ThirdPersonExampleMap.ThirdPersonExampleMap:PersistentLevel.ThirdPersonExampleMap)
[2016.10.06-12.34.20:602][  0]LogBlueprint:Warning: Compiler Warning [0003.92] Compile of PersistentLevel.ThirdPersonExampleMap failed. 1 Fatal Issue(s) 1 Warning(s) [in 0 ms] (/Game/ThirdPersonBP/Maps/ThirdPersonExampleMap.ThirdPersonExampleMap:PersistentLevel.ThirdPersonExampleMap)
[2016.10.06-12.34.20:602][  0]LogBlueprint:Warning: Compiler Warning [0003.92] Compile of PersistentLevel.ThirdPersonExampleMap failed. 1 Fatal Issue(s) 2 Warning(s) [in 0 ms] (/Game/ThirdPersonBP/Maps/ThirdPersonExampleMap.ThirdPersonExampleMap:PersistentLevel.ThirdPersonExampleMap)
[2016.10.06-12.34.20:869][  0]LogLinker:Warning: Can't find file '/Engine/EngineDebugMaterials/MAT_Green'
[2016.10.06-12.34.20:869][  0]LoadErrors: Info Failed to load /Engine/EngineDebugMaterials/MAT_Green.MAT_Green Referenced by StaticMeshComponent0
[2016.10.06-12.34.20:869][  0]LogLinker:Warning: Can't find file for asset '/Engine/EngineDebugMaterials/MAT_Green' while loading NULL.
[2016.10.06-12.34.20:869][  0]LoadErrors: Info Failed to load /Engine/EngineDebugMaterials/MAT_Green.MAT_Green Referenced by StaticMeshComponent0
[2016.10.06-12.34.20:869][  0]LogLinker:Warning: Can't find file '/Engine/EngineDebugMaterials/MAT_Green'
[2016.10.06-12.34.20:869][  0]LoadErrors: Info Failed to load /Engine/EngineDebugMaterials/MAT_Green.MAT_Green Referenced by StaticMeshComponent0
[2016.10.06-12.34.20:869][  0]LogLinker:Warning: Can't find file for asset '/Engine/EngineDebugMaterials/MAT_Green' while loading NULL.
[2016.10.06-12.34.20:869][  0]LoadErrors: Info Failed to load /Engine/EngineDebugMaterials/MAT_Green.MAT_Green Referenced by StaticMeshComponent0
[2016.10.06-12.34.20:869][  0]LogLinker:Warning: Can't find file '/Engine/EngineDebugMaterials/MAT_Green'
[2016.10.06-12.34.20:869][  0]LoadErrors: Info Failed to load /Engine/EngineDebugMaterials/MAT_Green.MAT_Green Referenced by StaticMeshComponent0
[2016.10.06-12.34.20:869][  0]LogLinker:Warning: Can't find file for asset '/Engine/EngineDebugMaterials/MAT_Green' while loading NULL.
[2016.10.06-12.34.20:869][  0]LoadErrors: Info Failed to load /Engine/EngineDebugMaterials/MAT_Green.MAT_Green Referenced by StaticMeshComponent0
[2016.10.06-12.34.20:870][  0]LogLinker:Warning: Can't find file '/Engine/EngineDebugMaterials/MAT_Green'
[2016.10.06-12.34.20:870][  0]LoadErrors: Info Failed to load /Engine/EngineDebugMaterials/MAT_Green.MAT_Green Referenced by StaticMeshComponent0
[2016.10.06-12.34.20:870][  0]LogLinker:Warning: Can't find file for asset '/Engine/EngineDebugMaterials/MAT_Green' while loading NULL.
[2016.10.06-12.34.20:870][  0]LoadErrors: Info Failed to load /Engine/EngineDebugMaterials/MAT_Green.MAT_Green Referenced by StaticMeshComponent0
[2016.10.06-12.34.20:870][  0]LogLinker:Warning: Can't find file '/Engine/EngineDebugMaterials/MAT_Green'
[2016.10.06-12.34.20:870][  0]LoadErrors: Info Failed to load /Engine/EngineDebugMaterials/MAT_Green.MAT_Green Referenced by StaticMeshComponent0
[2016.10.06-12.34.20:870][  0]LogLinker:Warning: Can't find file for asset '/Engine/EngineDebugMaterials/MAT_Green' while loading NULL.
[2016.10.06-12.34.20:870][  0]LoadErrors: Info Failed to load /Engine/EngineDebugMaterials/MAT_Green.MAT_Green Referenced by StaticMeshComponent0
[2016.10.06-12.34.21:149][  0]LogAIModule: Creating AISystem for world ThirdPersonExampleMap
[2016.10.06-12.34.21:434][  0]LogEditorServer: Finished looking for orphan Actors (0.000 secs)
[2016.10.06-12.34.21:435][  0]Cmd: MAP CHECKDEP NOCLEARLOG
[2016.10.06-12.34.21:464][  0]MapCheck: Info Map check complete: 0 Error(s), 0 Warning(s), took 28.545ms to complete.
[2016.10.06-12.34.21:464][  0]LogFileHelpers: Loading map 'ThirdPersonExampleMap' took 1.175
[2016.10.06-12.34.22:162][  0]LogCollectionManager: Loaded 0 collections in 0.001178 seconds
[2016.10.06-12.34.22:199][  0]LogFileCache: Scanning file cache for directory 'C:/Ivan/SchoolRunner-4.12-SchoolRunnerAaronUpdate/Saved/Collections/' took 0.01s
[2016.10.06-12.34.22:199][  0]LogFileCache: Scanning file cache for directory 'C:/Ivan/SchoolRunner-4.12-SchoolRunnerAaronUpdate/Content/Developers/iarodri17/Collections/' took 0.01s
[2016.10.06-12.34.22:199][  0]LogFileCache: Scanning file cache for directory 'C:/Ivan/SchoolRunner-4.12-SchoolRunnerAaronUpdate/Content/Collections/' took 0.01s
[2016.10.06-12.34.22:199][  0]LogCollectionManager: Rebuilt the GUID cache for 0 collections in 0.000002 seconds
[2016.10.06-12.34.22:205][  0]LogContentBrowser: Native class hierarchy populated in 0.0062 seconds. Added 2047 classes and 369 folders.
[2016.10.06-12.34.22:208][  0]LogStats: UGameplayTagsManager::ConstructGameplayTagTree: Construct from data asset -  0.000 s
[2016.10.06-12.34.22:208][  0]LogStats: UGameplayTagsManager::ConstructGameplayTagTree: GameplayTagTreeChangedEvent.Broadcast -  0.000 s
[2016.10.06-12.34.22:209][  0]LogContentBrowser: Native class hierarchy updated for 'GameplayTags' in 0.0003 seconds. Added 12 classes and 0 folders.
[2016.10.06-12.34.22:211][  0]LogContentBrowser: Native class hierarchy updated for 'WidgetCarousel' in 0.0002 seconds. Added 0 classes and 0 folders.
[2016.10.06-12.34.22:235][  0]LogContentBrowser: Native class hierarchy updated for 'AddContentDialog' in 0.0003 seconds. Added 0 classes and 0 folders.
[2016.10.06-12.34.22:237][  0]LogContentBrowser: Native class hierarchy updated for 'SceneOutliner' in 0.0002 seconds. Added 1 classes and 2 folders.
[2016.10.06-12.34.22:247][  0]LogCrashTracker: Crashtracker disabled due to settings.
[2016.10.06-12.34.22:256][  0]LogUObjectGlobals:Warning: Failed to find object 'Class None.'
[2016.10.06-12.34.22:278][  0]LogContentBrowser: Native class hierarchy updated for 'HierarchicalLODOutliner' in 0.0005 seconds. Added 1 classes and 2 folders.
[2016.10.06-12.34.22:279][  0]LogLoad: Full Startup: 5.60 seconds (BP compile: 0.09 seconds)
[2016.10.06-12.34.22:279][  0]LogExternalProfiler: No external profilers were discovered.  External profiling features will not be available.
[2016.10.06-12.34.22:289][  0]LogOcInput: OculusInput pre-init called
[2016.10.06-12.34.22:320][  0]LogContentStreaming: Texture pool size now 700 MB
[2016.10.06-12.34.22:478][  0]LogRenderer: Reallocating scene render targets to support 848x540 (Frame:2).
[2016.10.06-12.34.22:546][  1]LogFileCache: Retrieving MD5 hashes for directory 'C:/Ivan/SchoolRunner-4.12-SchoolRunnerAaronUpdate/Content/' took 0.25s
[2016.10.06-12.34.22:607][  2]LogAssetRegistry: Asset discovery search completed in 3.6537 seconds
[2016.10.06-12.34.22:607][  2]LogCollectionManager: Rebuilt the object cache for 0 collections in 0.000001 seconds (found 0 objects)
[2016.10.06-12.34.22:607][  2]LogCollectionManager: Fixed up redirectors for 0 collections in 0.000015 seconds (updated 0 objects)
[2016.10.06-12.58.58:334][ 67]Cmd: EDIT COPY
[2016.10.06-12.59.00:287][291]Cmd: EDIT PASTE
[2016.10.06-12.59.10:605][403]Cmd: EDIT COPY
[2016.10.06-12.59.11:479][498]Cmd: EDIT PASTE
[2016.10.06-12.59.29:980][369]Cmd: EDIT COPY
[2016.10.06-12.59.30:418][413]Cmd: EDIT PASTE
[2016.10.06-12.59.41:178][508]Cmd: EDIT COPY
[2016.10.06-12.59.41:683][561]Cmd: EDIT PASTE
[2016.10.06-12.59.46:126][981]Cmd: TRANSACTION UNDO
[2016.10.06-12.59.46:126][981]LogEditorTransaction: Undo Move Actors
[2016.10.06-13.00.57:952][294]Cmd: EDIT COPY
[2016.10.06-13.00.58:411][344]Cmd: EDIT PASTE
[2016.10.06-13.01.06:771][214]Cmd: EDIT COPY
[2016.10.06-13.01.07:144][256]Cmd: EDIT PASTE
[2016.10.06-13.01.14:390][ 29]Cmd: EDIT COPY
[2016.10.06-13.01.14:738][ 68]Cmd: EDIT PASTE
[2016.10.06-13.01.20:737][703]Cmd: EDIT COPY
[2016.10.06-13.01.21:122][745]Cmd: EDIT PASTE
[2016.10.06-13.01.33:931][148]Cmd: EDIT COPY
[2016.10.06-13.01.34:524][218]Cmd: EDIT PASTE
[2016.10.06-13.01.41:956][ 61]Cmd: EDIT COPY
[2016.10.06-13.01.42:454][119]Cmd: EDIT PASTE
[2016.10.06-13.12.43:474][659]LogEditorViewport: Clicking on Actor (LMB): SpotLight (SpotLight2)
[2016.10.06-13.12.45:413][846]Cmd: EDIT COPY
[2016.10.06-13.12.45:857][890]Cmd: EDIT PASTE
[2016.10.06-13.13.07:598][704]LogEditorViewport: Clicking on Actor (LMB): SpotLight (SpotLight)
[2016.10.06-13.13.10:138][947]Cmd: EDIT COPY
[2016.10.06-13.13.10:529][984]Cmd: EDIT PASTE
[2016.10.06-13.24.10:219][768]LogEditorViewport: Clicking on Actor (LMB): SpotLight (SpotLight)
[2016.10.06-13.24.15:043][220]LogEditorViewport: Clicking on Actor (LMB): SpotLight (SpotLight2)
[2016.10.06-13.24.22:256][828]LogEditorViewport: Clicking on Actor (LMB): SpotLight (SpotLight3)
[2016.10.06-13.24.29:584][415]LogEditorViewport: Clicking on Actor (LMB): SpotLight (SpotLight4)
[2016.10.06-13.24.38:297][202]LogEditorViewport: Clicking on Actor (LMB): SpotLight (SpotLight6)
[2016.10.06-13.24.47:201][ 88]LogEditorViewport: Clicking on Actor (LMB): SpotLight (SpotLight7)
[2016.10.06-13.24.52:562][665]LogEditorViewport: Clicking on Actor (LMB): SpotLight (SpotLight8)
[2016.10.06-13.25.01:147][603]LogEditorViewport: Clicking on Actor (LMB): SpotLight (SpotLight9)
[2016.10.06-13.25.06:193][169]LogEditorViewport: Clicking on Actor (LMB): SpotLight (SpotLight10)
[2016.10.06-13.25.13:610][ 12]LogEditorViewport: Clicking on Actor (LMB): SpotLight (SpotLight11)
[2016.10.06-13.25.57:027][941]LogBlueprint:Error: Compiler Error This blueprint (self) is not a SceneComponent, therefore ' Target ' must have a connection.
[2016.10.06-13.25.57:101][941]LogBlueprint:Warning: Compiler Warning [3100.22] Compile of PersistentLevel.ThirdPersonExampleMap failed. 1 Fatal Issue(s) 0 Warning(s) [in 76 ms] (/Game/ThirdPersonBP/Maps/ThirdPersonExampleMap.ThirdPersonExampleMap:PersistentLevel.ThirdPersonExampleMap)
[2016.10.06-13.25.57:102][941]LogBlueprint:Warning: Compiler Warning [3100.22] Compile of PersistentLevel.ThirdPersonExampleMap failed. 1 Fatal Issue(s) 1 Warning(s) [in 0 ms] (/Game/ThirdPersonBP/Maps/ThirdPersonExampleMap.ThirdPersonExampleMap:PersistentLevel.ThirdPersonExampleMap)
[2016.10.06-13.25.57:102][941]LogBlueprint:Warning: Compiler Warning [3100.22] Compile of PersistentLevel.ThirdPersonExampleMap failed. 1 Fatal Issue(s) 2 Warning(s) [in 0 ms] (/Game/ThirdPersonBP/Maps/ThirdPersonExampleMap.ThirdPersonExampleMap:PersistentLevel.ThirdPersonExampleMap)
[2016.10.06-13.25.57:102][941]LogBlueprint:Warning: Compiler Warning [3100.22] Compile of PersistentLevel.ThirdPersonExampleMap failed. 1 Fatal Issue(s) 3 Warning(s) [in 0 ms] (/Game/ThirdPersonBP/Maps/ThirdPersonExampleMap.ThirdPersonExampleMap:PersistentLevel.ThirdPersonExampleMap)
[2016.10.06-13.25.57:102][941]LogBlueprint:Warning: Compiler Warning [3100.22] Compile of PersistentLevel.ThirdPersonExampleMap failed. 1 Fatal Issue(s) 4 Warning(s) [in 0 ms] (/Game/ThirdPersonBP/Maps/ThirdPersonExampleMap.ThirdPersonExampleMap:PersistentLevel.ThirdPersonExampleMap)
[2016.10.06-13.25.57:102][941]LogBlueprint:Warning: Compiler Warning [3100.22] Compile of PersistentLevel.ThirdPersonExampleMap failed. 1 Fatal Issue(s) 5 Warning(s) [in 0 ms] (/Game/ThirdPersonBP/Maps/ThirdPersonExampleMap.ThirdPersonExampleMap:PersistentLevel.ThirdPersonExampleMap)
[2016.10.06-13.25.58:558][941]LogSavePackage: Save=1535.04ms
[2016.10.06-13.25.58:558][941]LogSavePackage: Moving '../../../../../../Ivan/SchoolRunner-4.12-SchoolRunnerAaronUpdate/Saved/ThirdPersonExampleMapBC85EADB4D024631C29CA2AA22BA71F5.tmp' to '../../../../../../Ivan/SchoolRunner-4.12-SchoolRunnerAaronUpdate/Content/ThirdPersonBP/Maps/ThirdPersonExampleMap.umap'
[2016.10.06-13.25.58:563][941]LogSavePackage:Display: Finished SavePackage ../../../../../../Ivan/SchoolRunner-4.12-SchoolRunne