Log file open, 09/29/16 09:15:10
LogInit:Display: Running engine for game: SchoolRunner
LogPlatformFile: Not using cached read wrapper
LogInit:Display: RandInit(19671246) SRandInit(19671247).
LogTaskGraph: Started task graph with 4 named threads and 7 total threads with 1 sets of task threads.
LogStats: Stats thread started at 0.065645
LogInit: Version: 4.12.5-3039270+++UE4+Release-4.12
LogInit: API Version: 2992821
LogInit: Net Version: 3039270
LogDevObjectVersion: Number of dev versions registered: 13
LogDevObjectVersion:   Dev-Blueprints (B0D832E4-1F89-4F0D-ACCF-7EB736FD4AA2): 3
LogDevObjectVersion:   Dev-Build (E1C64328-A22C-4D53-A36C-8E866417BD8C): 0
LogDevObjectVersion:   Dev-Core (375EC13C-06E4-48FB-B500-84F0262A717E): 1
LogDevObjectVersion:   Dev-Editor (E4B068ED-F494-42E9-A231-DA0B2E46BB41): 2
LogDevObjectVersion:   Dev-Framework (CFFC743F-43B0-4480-9391-14DF171D2073): 6
LogDevObjectVersion:   Dev-Mobile (B02B49B5-BB20-44E9-A304-32B752E40360): 0
LogDevObjectVersion:   Dev-Networking (A4E4105C-59A1-49B5-A7C5-40C4547EDFEE): 0
LogDevObjectVersion:   Dev-Online (39C831C9-5AE6-47DC-9A44-9C173E1C8E7C): 0
LogDevObjectVersion:   Dev-Physics (78F01B33-EBEA-4F98-B9B4-84EACCB95AA2): 0
LogDevObjectVersion:   Dev-Platform (6631380F-2D4D-43E0-8009-CF276956A95A): 0
LogDevObjectVersion:   Dev-Rendering (12F88B9F-8875-4AFC-A67C-D90C383ABD29): 2
LogDevObjectVersion:   Dev-Sequencer (7B5AE74C-D270-4C10-A958-57980B212A5A): 0
LogDevObjectVersion:   Dev-VR (D7296918-1DD6-4BDD-9DE2-64A83CC13884): 0
LogInit: Compiled (64-bit): Jul  6 2016 09:09:46
LogInit: Compiled with Visual C++: 19.00.23026.00
LogInit: Build Configuration: Development
LogInit: Branch Name: ++UE4+Release-4.12
LogInit: Command line:  
LogInit: Base directory: C:/Program Files (x86)/Epic Games/4.12/Engine/Binaries/Win64/
LogInit: Installed Engine Build: 1
LogInit: Using libcurl 7.41.0
LogInit:  - built for x86_64-pc-win32
LogInit:  - supports SSL with WinSSL
LogInit:  - other features:
LogInit:      CURL_VERSION_SSL
LogInit:      CURL_VERSION_IPV6
LogInit:      CURL_VERSION_ASYNCHDNS
LogInit:      CURL_VERSION_LARGEFILE
LogInit:      CURL_VERSION_IDN
LogInit:  CurlRequestOptions (configurable via config and command line):
LogInit:  - bVerifyPeer = true  - Libcurl will verify peer certificate
LogInit:  - bUseHttpProxy = false  - Libcurl will NOT use HTTP proxy
LogInit:  - bDontReuseConnections = false  - Libcurl will reuse connections
LogInit:  - CertBundlePath = nullptr  - Libcurl will use whatever was configured at build time.
LogInit: Presizing for max 8388607 objects, including 0 objects not considered by GC, pre-allocating 0 bytes for permanent pool.
LogInit: Object subsystem initialized
[2016.09.29-13.15.10:121][  0]LogInit: Selected Device Profile: [Windows]
[2016.09.29-13.15.10:121][  0]LogInit: Applying CVar settings loaded from the selected device profile: [Windows]
[2016.09.29-13.15.10:130][  0]LogInit: Computer: 2016-KISER-04
[2016.09.29-13.15.10:130][  0]LogInit: User: iarodri17
[2016.09.29-13.15.10:130][  0]LogInit: CPU Page size=65536, Cores=4
[2016.09.29-13.15.10:130][  0]LogInit: High frequency timer resolution =3.328339 MHz
[2016.09.29-13.15.10:130][  0]LogMemory: Memory total: Physical=15.9GB (16GB approx)
[2016.09.29-13.15.10:130][  0]LogMemory: Platform Memory Stats for Windows
[2016.09.29-13.15.10:130][  0]LogMemory: Process Physical Memory: 191.73 MB used, 191.73 MB peak
[2016.09.29-13.15.10:130][  0]LogMemory: Process Virtual Memory: 197.00 MB used, 197.00 MB peak
[2016.09.29-13.15.10:130][  0]LogMemory: Physical Memory: 4539.95 MB used, 16304.60 MB total
[2016.09.29-13.15.10:130][  0]LogMemory: Virtual Memory: 522.00 MB used, 8388608.00 MB total
[2016.09.29-13.15.10:153][  0]LogTextLocalizationManager: No specific translations for ('en-US') exist, so ('en') translations will be used.
[2016.09.29-13.15.10:455][  0]LogD3D11RHI: D3D11 adapters:
[2016.09.29-13.15.10:470][  0]LogD3D11RHI:    0. 'NVIDIA Quadro K2200 ' (Feature Level 11_0)
[2016.09.29-13.15.10:470][  0]LogD3D11RHI:       4034/0/7896 MB DedicatedVideo/DedicatedSystem/SharedSystem, Outputs:2, VendorId:0x10de
[2016.09.29-13.15.10:470][  0]LogD3D11RHI: Chosen D3D11 Adapter: 0
[2016.09.29-13.15.10:474][  0]LogD3D11RHI: Creating new Direct3DDevice
[2016.09.29-13.15.10:474][  0]LogD3D11RHI:     GPU DeviceId: 0x13ba (for the marketing name, search the web for "GPU Device Id")
[2016.09.29-13.15.10:474][  0]LogWindows: EnumDisplayDevices:
[2016.09.29-13.15.10:474][  0]LogWindows:    0. 'NVIDIA Quadro K2200 ' (P:1 D:1)
[2016.09.29-13.15.10:474][  0]LogWindows:    1. 'NVIDIA Quadro K2200 ' (P:0 D:1)
[2016.09.29-13.15.10:474][  0]LogWindows:    2. 'NVIDIA Quadro K2200 ' (P:0 D:0)
[2016.09.29-13.15.10:474][  0]LogWindows:    3. 'NVIDIA Quadro K2200 ' (P:0 D:0)
[2016.09.29-13.15.10:474][  0]LogWindows:    4. 'RDPDD Chained DD' (P:0 D:0)
[2016.09.29-13.15.10:474][  0]LogWindows:    5. 'RDP Encoder Mirror Driver' (P:0 D:0)
[2016.09.29-13.15.10:474][  0]LogWindows:    6. 'RDP Reflector Display Driver' (P:0 D:0)
[2016.09.29-13.15.10:474][  0]LogWindows: DebugString: GetVideoDriverDetailsInvalid PrimaryIsNotTheChoosenAdapter GetVideoDriverDetailsInvalid PrimaryIsNotTheChoosenAdapter GetVideoDriverDetailsInvalid PrimaryIsNotTheChoosenAdapter FoundDriverCount:4 
[2016.09.29-13.15.10:474][  0]LogD3D11RHI:     Adapter Name: NVIDIA Quadro K2200 
[2016.09.29-13.15.10:474][  0]LogD3D11RHI:   Driver Version: 361.91 (internal:10.18.13.6191, unified:361.91)
[2016.09.29-13.15.10:474][  0]LogD3D11RHI:      Driver Date: 2-8-2016
[2016.09.29-13.15.10:474][  0]LogRHI: Texture pool is 1361 MB (70% of 1945 MB)
[2016.09.29-13.15.10:480][  0]LogD3D11RHI: Async texture creation enabled
[2016.09.29-13.15.10:493][  0]LogD3D11RHI: GPU Timing Frequency: 1000.000000 (Debug: 2 2)
[2016.09.29-13.15.10:493][  0]LogShaderCompilers: Guid format shader working directory is -15 characters bigger than the processId version (../../../../../../Users/iarodri17/Google Drive/SchoolRunner 4.12/Intermediate/Shaders/WorkingDirectory/8216/).
[2016.09.29-13.15.10:493][  0]LogShaderCompilers: Cleaned the shader compiler working directory 'C:/Users/IARODR~1/AppData/Local/Temp/UnrealShaderWorkingDir/0CCF3CD94E3CC0907457B9AC38F5BEC3/'.
[2016.09.29-13.15.10:493][  0]LogShaderCompilers:Display: Using Local Shader Compiler.
[2016.09.29-13.15.11:186][  0]LogTemp:Display: Loaded TP AllDesktopTargetPlatform
[2016.09.29-13.15.11:194][  0]LogTemp:Display: Loaded TP WindowsClientTargetPlatform
[2016.09.29-13.15.11:201][  0]LogTemp:Display: Loaded TP WindowsNoEditorTargetPlatform
[2016.09.29-13.15.11:209][  0]LogTemp:Display: Loaded TP WindowsServerTargetPlatform
[2016.09.29-13.15.11:216][  0]LogTemp:Display: Loaded TP WindowsTargetPlatform
[2016.09.29-13.15.11:223][  0]LogTemp:Display: Loaded TP AndroidTargetPlatform
[2016.09.29-13.15.11:230][  0]LogTemp:Display: Loaded TP Android_ASTCTargetPlatform
[2016.09.29-13.15.11:236][  0]LogTemp:Display: Loaded TP Android_ATCTargetPlatform
[2016.09.29-13.15.11:243][  0]LogTemp:Display: Loaded TP Android_DXTTargetPlatform
[2016.09.29-13.15.11:249][  0]LogTemp:Display: Loaded TP Android_ETC1TargetPlatform
[2016.09.29-13.15.11:256][  0]LogTemp:Display: Loaded TP Android_ETC2TargetPlatform
[2016.09.29-13.15.11:269][  0]LogTemp:Display: Loaded TP Android_MultiTargetPlatform
[2016.09.29-13.15.11:269][  0]LogTemp:Display: Loaded TP Android_PVRTCTargetPlatform
[2016.09.29-13.15.11:270][  0]LogTemp:Display: Loaded TP HTML5TargetPlatform
[2016.09.29-13.15.11:289][  0]LogTemp:Display: Loaded TP IOSTargetPlatform
[2016.09.29-13.15.11:295][  0]LogTemp:Display: Loaded TP TVOSTargetPlatform
[2016.09.29-13.15.11:302][  0]LogTemp:Display: Loaded TP LinuxNoEditorTargetPlatform
[2016.09.29-13.15.11:308][  0]LogTemp:Display: Loaded TP LinuxServerTargetPlatform
[2016.09.29-13.15.11:315][  0]LogTemp:Display: Loaded TP LinuxTargetPlatform
[2016.09.29-13.15.11:315][  0]LogTargetPlatformManager:Display: Building Assets For Windows
[2016.09.29-13.15.11:357][  0]LogDerivedDataCache:Display: Max Cache Size: 512 MB
[2016.09.29-13.15.11:393][  0]LogDerivedDataCache: Loaded boot cache 0.04s 48MB C:/Users/iarodri17/AppData/Local/UnrealEngine/4.12/DerivedDataCache/Boot.ddc.
[2016.09.29-13.15.11:394][  0]LogDerivedDataCache:Display: Loaded Boot cache: C:/Users/iarodri17/AppData/Local/UnrealEngine/4.12/DerivedDataCache/Boot.ddc
[2016.09.29-13.15.11:394][  0]LogDerivedDataCache: FDerivedDataBackendGraph:  Pak pak cache file ../../../../../../Users/iarodri17/Google Drive/SchoolRunner 4.12/DerivedDataCache/DDC.ddp not found, will not use a pak cache.
[2016.09.29-13.15.11:394][  0]LogDerivedDataCache: Unable to find inner node Pak for hierarchical cache Hierarchy.
[2016.09.29-13.15.11:394][  0]LogDerivedDataCache: FDerivedDataBackendGraph:  CompressedPak pak cache file ../../../../../../Users/iarodri17/Google Drive/SchoolRunner 4.12/DerivedDataCache/Compressed.ddp not found, will not use a pak cache.
[2016.09.29-13.15.11:394][  0]LogDerivedDataCache: Unable to find inner node CompressedPak for hierarchical cache Hierarchy.
[2016.09.29-13.15.11:408][  0]LogDerivedDataCache:Display: Pak cache opened for reading ../../../Engine/DerivedDataCache/Compressed.ddp.
[2016.09.29-13.15.11:419][  0]LogDerivedDataCache: Using Local data cache path C:/Users/iarodri17/AppData/Local/UnrealEngine/Common/DerivedDataCache: Writable
[2016.09.29-13.15.11:543][  0]LogInit: Selected Device Profile: [Windows]
[2016.09.29-13.15.11:544][  0]LogContentStreaming: Texture pool size is 0.00 MB
[2016.09.29-13.15.11:660][  0]LogMeshUtilities: No automatic mesh reduction module available
[2016.09.29-13.15.11:660][  0]LogMeshUtilities: No automatic mesh merging module available
[2016.09.29-13.15.11:660][  0]LogMeshUtilities: No distributed automatic mesh merging module available
[2016.09.29-13.15.11:842][  0]LogAssetRegistry: FAssetRegistry took 0.0201 seconds to start up
[2016.09.29-13.15.11:858][  0]LogPackageLocalizationCache: Processed 3 localized package path(s) for 2 prioritized culture(s) in 0.014265 seconds
[2016.09.29-13.15.11:862][  0]LogUObjectArray: 28733 objects as part of root set at end of initial load.
[2016.09.29-13.15.11:862][  0]LogUObjectAllocator: 5853352 out of 0 bytes used by permanent object pool.
[2016.09.29-13.15.11:862][  0]LogUObjectArray: CloseDisregardForGC: 0/0 objects in disregard for GC pool
[2016.09.29-13.15.11:867][  0]LogInit: WinSock: version 1.1 (2.2), MaxSocks=32767, MaxUdp=65467
[2016.09.29-13.15.11:987][  0]LogSlate: SlateFontCache - WITH_FREETYPE: 1, WITH_HARFBUZZ: 1
[2016.09.29-13.15.11:987][  0]LogSlate: SlateFontCache - WITH_FREETYPE: 1, WITH_HARFBUZZ: 1
[2016.09.29-13.15.12:441][  0]LogUdpMessaging: Initializing bridge on interface 0.0.0.0:0 to multicast group 230.0.0.1:6666.
[2016.09.29-13.15.12:597][  0]SourceControl: Info Source control is disabled
[2016.09.29-13.15.12:598][  0]SourceControl: Info Source control is disabled
[2016.09.29-13.15.12:602][  0]SourceControl: Info Source control is disabled
[2016.09.29-13.15.12:606][  0]SourceControl: Info Source control is disabled
[2016.09.29-13.15.12:720][  0]LogEngine: Initializing Engine...
[2016.09.29-13.15.12:720][  0]LogHMD: SteamVR failed to initialize.  Err: 110
[2016.09.29-13.15.12:721][  0]LogHMD: SteamVR failed to initialize.  Err: 110
[2016.09.29-13.15.12:824][  0]LogAIModule: Creating AISystem for world NewWorld
[2016.09.29-13.15.12:827][  0]LogInit: XAudio2 using 'Speakers (Realtek High Definition Audio)' : 2 channels at 48 kHz using 32 bits per sample (channel mask 0x3)
[2016.09.29-13.15.12:834][  0]LogInit: FAudioDevice initialized.
[2016.09.29-13.15.12:852][  0]LogDerivedDataCache: Saved boot cache 0.02s 48MB C:/Users/iarodri17/AppData/Local/UnrealEngine/4.12/DerivedDataCache/Boot.ddc.
[2016.09.29-13.15.12:856][  0]LogInit: Texture streaming: Enabled
[2016.09.29-13.15.12:869][  0]LogInit: Transaction tracking system initialized
[2016.09.29-13.15.12:881][  0]BlueprintLog: New page: Editor Load
[2016.09.29-13.15.12:924][  0]LocalizationService: Info Localization service is disabled
[2016.09.29-13.15.12:961][  0]LogConsoleResponse:Display: 
[2016.09.29-13.15.13:040][  0]LogCook:Display: Max memory allowance for cook 8192mb
[2016.09.29-13.15.13:040][  0]LogCook:Display: Mobile HDR setting 1
[2016.09.29-13.15.13:097][  0]LogFileCache: Scanning file cache for directory 'C:/Users/iarodri17/Google Drive/SchoolRunner 4.12/Content/' took 0.02s
[2016.09.29-13.15.13:097][  0]SourceControl: Info Source control is disabled
[2016.09.29-13.15.13:097][  0]Cmd: MAP LOAD FILE="../../../../../../Users/iarodri17/Google Drive/SchoolRunner 4.12/Content/ThirdPersonBP/Maps/ThirdPersonExampleMap.umap" TEMPLATE=0 SHOWPROGRESS=1 FEATURELEVEL=3
[2016.09.29-13.15.13:097][  0]LightingResults: New page: Lighting Build
[2016.09.29-13.15.13:099][  0]MapCheck: New page: Map Check
[2016.09.29-13.15.13:099][  0]LightingResults: New page: Lighting Build
[2016.09.29-13.15.13:125][  0]LogLinker:Warning: Asset '../../../../../../Users/iarodri17/Google Drive/SchoolRunner 4.12/Content/Mannequin/Animations/ThirdPerson_Jump.uasset' has been saved with empty engine version. The asset will be loaded but may be incompatible.
[2016.09.29-13.15.13:126][  0]LogLinker:Warning: Asset '../../../../../../Users/iarodri17/Google Drive/SchoolRunner 4.12/Content/Mannequin/Animations/ThirdPersonJump_Loop.uasset' has been saved with empty engine version. The asset will be loaded but may be incompatible.
[2016.09.29-13.15.13:127][  0]LogLinker:Warning: Asset '../../../../../../Users/iarodri17/Google Drive/SchoolRunner 4.12/Content/Mannequin/Animations/ThirdPersonJump_Start.uasset' has been saved with empty engine version. The asset will be loaded but may be incompatible.
[2016.09.29-13.15.13:128][  0]LogLinker:Warning: Asset '../../../../../../Users/iarodri17/Google Drive/SchoolRunner 4.12/Content/Mannequin/Animations/ThirdPerson_IdleRun_2D.uasset' has been saved with empty engine version. The asset will be loaded but may be incompatible.
[2016.09.29-13.15.13:128][  0]LogLinker:Warning: Asset '../../../../../../Users/iarodri17/Google Drive/SchoolRunner 4.12/Content/Mannequin/Animations/ThirdPersonIdle.uasset' has been saved with empty engine version. The asset will be loaded but may be incompatible.
[2016.09.29-13.15.13:128][  0]LogLinker:Warning: Asset '../../../../../../Users/iarodri17/Google Drive/SchoolRunner 4.12/Content/Mannequin/Animations/ThirdPersonRun.uasset' has been saved with empty engine version. The asset will be loaded but may be incompatible.
[2016.09.29-13.15.13:129][  0]LogLinker:Warning: Asset '../../../../../../Users/iarodri17/Google Drive/SchoolRunner 4.12/Content/Mannequin/Animations/ThirdPersonWalk.uasset' has been saved with empty engine version. The asset will be loaded but may be incompatible.
[2016.09.29-13.15.13:412][  0]LogBlueprint:Error: Compiler Error This blueprint (self) is not a SceneComponent, therefore ' Target ' must have a connection.
[2016.09.29-13.15.13:413][  0]LogBlueprint:Warning: Compiler Warning [0003.87] Compile of PersistentLevel.ThirdPersonExampleMap failed. 1 Fatal Issue(s) 0 Warning(s) [in 2 ms] (/Game/ThirdPersonBP/Maps/ThirdPersonExampleMap.ThirdPersonExampleMap:PersistentLevel.ThirdPersonExampleMap)
[2016.09.29-13.15.13:413][  0]LogBlueprint:Warning: Compiler Warning [0003.87] Compile of PersistentLevel.ThirdPersonExampleMap failed. 1 Fatal Issue(s) 1 Warning(s) [in 0 ms] (/Game/ThirdPersonBP/Maps/ThirdPersonExampleMap.ThirdPersonExampleMap:PersistentLevel.ThirdPersonExampleMap)
[2016.09.29-13.15.13:413][  0]LogBlueprint:Warning: Compiler Warning [0003.87] Compile of PersistentLevel.ThirdPersonExampleMap failed. 1 Fatal Issue(s) 2 Warning(s) [in 0 ms] (/Game/ThirdPersonBP/Maps/ThirdPersonExampleMap.ThirdPersonExampleMap:PersistentLevel.ThirdPersonExampleMap)
[2016.09.29-13.15.13:951][  0]LogAIModule: Creating AISystem for world ThirdPersonExampleMap
[2016.09.29-13.15.14:246][  0]LogEditorServer: Finished looking for orphan Actors (0.000 secs)
[2016.09.29-13.15.14:247][  0]Cmd: MAP CHECKDEP NOCLEARLOG
[2016.09.29-13.15.14:275][  0]MapCheck: Info Map check complete: 0 Error(s), 0 Warning(s), took 27.97ms to complete.
[2016.09.29-13.15.14:275][  0]LogFileHelpers: Loading map 'ThirdPersonExampleMap' took 1.178
[2016.09.29-13.15.15:050][  0]LogCollectionManager: Loaded 0 collections in 0.000957 seconds
[2016.09.29-13.15.15:087][  0]LogFileCache: Scanning file cache for directory 'C:/Users/iarodri17/Google Drive/SchoolRunner 4.12/Saved/Collections/' took 0.01s
[2016.09.29-13.15.15:087][  0]LogFileCache: Scanning file cache for directory 'C:/Users/iarodri17/Google Drive/SchoolRunner 4.12/Content/Developers/iarodri17/Collections/' took 0.01s
[2016.09.29-13.15.15:087][  0]LogFileCache: Scanning file cache for directory 'C:/Users/iarodri17/Google Drive/SchoolRunner 4.12/Content/Collections/' took 0.01s
[2016.09.29-13.15.15:087][  0]LogCollectionManager: Rebuilt the GUID cache for 0 collections in 0.000002 seconds
[2016.09.29-13.15.15:093][  0]LogContentBrowser: Native class hierarchy populated in 0.0059 seconds. Added 2047 classes and 369 folders.
[2016.09.29-13.15.15:096][  0]LogStats: UGameplayTagsManager::ConstructGameplayTagTree: Construct from data asset -  0.000 s
[2016.09.29-13.15.15:096][  0]LogStats: UGameplayTagsManager::ConstructGameplayTagTree: GameplayTagTreeChangedEvent.Broadcast -  0.000 s
[2016.09.29-13.15.15:096][  0]LogContentBrowser: Native class hierarchy updated for 'GameplayTags' in 0.0003 seconds. Added 12 classes and 0 folders.
[2016.09.29-13.15.15:099][  0]LogContentBrowser: Native class hierarchy updated for 'WidgetCarousel' in 0.0002 seconds. Added 0 classes and 0 folders.
[2016.09.29-13.15.15:122][  0]LogContentBrowser: Native class hierarchy updated for 'AddContentDialog' in 0.0003 seconds. Added 0 classes and 0 folders.
[2016.09.29-13.15.15:125][  0]LogContentBrowser: Native class hierarchy updated for 'SceneOutliner' in 0.0003 seconds. Added 1 classes and 2 folders.
[2016.09.29-13.15.15:135][  0]LogCrashTracker: Crashtracker disabled due to settings.
[2016.09.29-13.15.15:140][  0]LogUObjectGlobals:Warning: Failed to find object 'Class None.'
[2016.09.29-13.15.15:163][  0]LogContentBrowser: Native class hierarchy updated for 'HierarchicalLODOutliner' in 0.0003 seconds. Added 1 classes and 2 folders.
[2016.09.29-13.15.15:163][  0]LogLoad: Full Startup: 5.62 seconds (BP compile: 0.09 seconds)
[2016.09.29-13.15.15:163][  0]LogExternalProfiler: No external profilers were discovered.  External profiling features will not be available.
[2016.09.29-13.15.15:175][  0]LogOcInput: OculusInput pre-init called
[2016.09.29-13.15.15:200][  0]LogContentStreaming: Texture pool size now 700 MB
[2016.09.29-13.15.15:306][  0]LogRenderer: Reallocating scene render targets to support 848x540 (Frame:2).
[2016.09.29-13.15.15:559][  2]LogAssetRegistry: Asset discovery search completed in 3.7371 seconds
[2016.09.29-13.15.15:559][  2]LogCollectionManager: Rebuilt the object cache for 0 collections in 0.000000 seconds (found 0 objects)
[2016.09.29-13.15.15:559][  2]LogCollectionManager: Fixed up redirectors for 0 collections in 0.000016 seconds (updated 0 objects)
[2016.09.29-13.15.25:499][153]LogEditorViewport: Clicking on Actor (LMB): BP_Pickup_No_Text_C (BP_Pickup_No_Text4)
[2016.09.29-13.15.29:405][599]LogBlueprintUserMessages: Early PlayInEditor Detection: Level '/Game/ThirdPersonBP/Maps/ThirdPersonExampleMap.ThirdPersonExampleMap:PersistentLevel' has LevelScriptBlueprint '/Game/ThirdPersonBP/Maps/ThirdPersonExampleMap.ThirdPersonExampleMap:PersistentLevel.ThirdPersonExampleMap' with GeneratedClass '/Game/ThirdPersonBP/Maps/ThirdPersonExampleMap.ThirdPersonExampleMap_C' with ClassGeneratedBy '/Game/ThirdPersonBP/Maps/ThirdPersonExampleMap.ThirdPersonExampleMap:PersistentLevel.ThirdPersonExampleMap'
[2016.09.29-13.15.29:405][599]BlueprintLog: New page: Pre-Play auto-recompile
[2016.09.29-13.15.29:405][599]LogPlayLevel: [PlayLevel] Compiling ThirdPersonExampleMap before play...
[2016.09.29-13.15.29:416][599]LogBlueprint:Error: Compiler Error This blueprint (self) is not a SceneComponent, therefore ' Target ' must have a connection.
[2016.09.29-13.15.29:499][599]LogBlueprint:Warning: Compiler Warning [0019.95] Compile of PersistentLevel.ThirdPersonExampleMap failed. 1 Fatal Issue(s) 0 Warning(s) [in 92 ms] (/Game/ThirdPersonBP/Maps/ThirdPersonExampleMap.ThirdPersonExampleMap:PersistentLevel.ThirdPersonExampleMap)
[2016.09.29-13.15.29:502][599]LogBlueprint:Warning: Compiler Warning [0019.96] Compile of PersistentLevel.ThirdPersonExampleMap failed. 1 Fatal Issue(s) 1 Warning(s) [in 0 ms] (/Game/ThirdPersonBP/Maps/ThirdPersonExampleMap.ThirdPersonExampleMap:PersistentLevel.ThirdPersonExampleMap)
[2016.09.29-13.15.29:502][599]LogBlueprint:Warning: Compiler Warning [0019.96] Compile of PersistentLevel.ThirdPersonExampleMap failed. 1 Fatal Issue(s) 2 Warning(s) [in 0 ms] (/Game/ThirdPersonBP/Maps/ThirdPersonExampleMap.ThirdPersonExampleMap:PersistentLevel.ThirdPersonExampleMap)
[2016.09.29-13.15.29:502][599]LogBlueprint:Warning: Compiler Warning [0019.96] Compile of PersistentLevel.ThirdPersonExampleMap failed. 1 Fatal Issue(s) 3 Warning(s) [in 0 ms] (/Game/ThirdPersonBP/Maps/ThirdPersonExampleMap.ThirdPersonExampleMap:PersistentLevel.ThirdPersonExampleMap)
[2016.09.29-13.15.29:502][599]LogBlueprint:Warning: Compiler Warning [0019.96] Compile of PersistentLevel.ThirdPersonExampleMap failed. 1 Fatal Issue(s) 4 Warning(s) [in 0 ms] (/Game/ThirdPersonBP/Maps/ThirdPersonExampleMap.ThirdPersonExampleMap:PersistentLevel.ThirdPersonExampleMap)
[2016.09.29-13.15.29:502][599]LogBlueprint:Warning: Compiler Warning [0019.96] Compile of PersistentLevel.ThirdPersonExampleMap failed. 1 Fatal Issue(s) 5 Warning(s) [in 0 ms] (/Game/ThirdPersonBP/Maps/ThirdPersonExampleMap.ThirdPersonExampleMap:PersistentLevel.ThirdPersonExampleMap)
[2016.09.29-13.15.29:503][599]LogPlayLevel: PlayLevel: Blueprint regeneration took 98 ms (1 blueprints)
[2016.09.29-13.15.29:529][599]BlueprintLog: Info Blueprint ThirdPersonExampleMap failed to compile
[2016.09.29-13.15.30:435][599]PIE: New page: PIE session: ThirdPersonExampleMap (Sep 29, 2016, 4:15:30 AM)
[2016.09.29-13.15.30:435][599]LogPlayLevel: Creating play world package: /Game/ThirdPersonBP/Maps/UEDPIE_0_ThirdPersonExampleMap
[2016.09.29-13.15.30:722][599]LogPlayLevel: PIE: StaticDuplicateObject took: (0.286281s)
[2016.09.29-13.15.30:722][599]LogAIModule: Creating AISystem for world ThirdPersonExampleMap
[2016.09.29-13.15.30:722][599]LogPlayLevel: PIE: World Init took: (0.000625s)
[2016.09.29-13.15.30:723][599]LogPlayLevel: PIE: Created PIE world by copying editor world from /Game/ThirdPersonBP/Maps/ThirdPersonExampleMap.ThirdPersonExampleMap to /Game/ThirdPersonBP/Maps/UEDPIE_0_ThirdPersonExampleMap.ThirdPersonExampleMap (0.287548s)
[2016.09.29-13.15.30:734][599]LogInit: XAudio2 using 'Speakers (Realtek High Definition Audio)' : 2 channels at 48 kHz using 32 bits per sample (channel mask 0x3)
[2016.09.29-13.15.30:742][599]LogInit: FAudioDevice initialized.
[2016.09.29-13.15.30:826][599]LogWorld: Game class is 'ThirdPersonGameMode_C'
[2016.09.29-13.15.30:895][599]LogWorld: Bringing World /Game/ThirdPersonBP/Maps/UEDPIE_0_ThirdPersonExampleMap.ThirdPersonExampleMap up for play (max tick rate 0) at 2016.09.29-09.15.30
[2016.09.29-13.15.30:912][599]LogWorld: Bringing up level for play took: 0.084522
[2016.09.29-13.15.30:915][599]LogContentBrowser: Native class hierarchy updated for 'MovieSceneCapture' in 0.0003 seconds. Added 11 classes and 0 folders.
[2016.09.29-13.15.30:917][599]PIE: Info Play in editor start time for /Game/ThirdPersonBP/Maps/UEDPIE_0_ThirdPersonExampleMap 0.912
[2016.09.29-13.15.30:922][599]LogBlueprintUserMessages: Late PlayInEditor Detection: Level '/Game/ThirdPersonBP/Maps/ThirdPersonExampleMap.ThirdPersonExampleMap:PersistentLevel' has LevelScriptBlueprint '/Game/ThirdPersonBP/Maps/ThirdPersonExampleMap.ThirdPersonExampleMap:PersistentLevel.ThirdPersonExampleMap' with GeneratedClass '/Game/ThirdPersonBP/Maps/ThirdPersonExampleMap.ThirdPersonExampleMap_C' with ClassGeneratedBy '/Game/ThirdPersonBP/Maps/ThirdPersonExampleMap.ThirdPersonExampleMap:PersistentLevel.ThirdPersonExampleMap'
[2016.09.29-13.15.40:966][249]LogBlueprintUserMessages: [BP_Pickup_Child_Hex_155] Destination Reached
[2016.09.29-13.15.49:074][816]LogBlueprintUserMessages: Early EndPlayMap Detection: Level '/Game/ThirdPersonBP/Maps/ThirdPersonExampleMap.ThirdPersonExampleMap:PersistentLevel' has LevelScriptBlueprint '/Game/ThirdPersonBP/Maps/ThirdPersonExampleMap.ThirdPersonExampleMap:PersistentLevel.ThirdPersonExampleMap' with GeneratedClass '/Game/ThirdPersonBP/Maps/ThirdPersonExampleMap.ThirdPersonExampleMap_C' with ClassGeneratedBy '/Game/ThirdPersonBP/Maps/ThirdPersonExampleMap.ThirdPersonExampleMap:PersistentLevel.ThirdPersonExampleMap'
[2016.09.29-13.15.49:131][816]LogBlueprintUserMessages: Late EndPlayMap Detection: Level '/Game/ThirdPersonBP/Maps/ThirdPersonExampleMap.ThirdPersonExampleMap:PersistentLevel' has LevelScriptBlueprint '/Game/ThirdPersonBP/Maps/ThirdPersonExampleMap.ThirdPersonExampleMap:PersistentLevel.ThirdPersonExampleMap' with GeneratedClass '/Game/ThirdPersonBP/Maps/ThirdPersonExampleMap.ThirdPersonExampleMap_C' with ClassGeneratedBy '/Game/ThirdPersonBP/Maps/ThirdPersonExampleMap.ThirdPersonExampleMap:PersistentLevel.ThirdPersonExampleMap'
[2016.09.29-13.16.12:237][159]Cmd: QUIT_EDITOR
[2016.09.29-13.16.12:355][159]LogExit: Preparing to exit.
[2016.09.29-13.16.13:636][159]LogExit: Editor shut down
[2016.09.29-13.16.13:636][159]LogExit: Transaction tracking system shut down
[2016.09.29-13.16.13:723][159]LogObj: Freed 0b from 0 cluster array pools.
[2016.09.29-13.16.13:723][159]LogExit: Object subsystem successfully closed.
[2016.09.29-13.16.13:737][159]LogD3D11RHI: Shutdown
[2016.09.29-13.16.13:737][159]LogD3D11RHI: CleanupD3DDevice
[2016.09.29-13.16.13:790][159]LogD3D11RHI: ~FD3D11DynamicRHI
[2016.09.29-13.16.13:797][159]LogModuleManager: Shutting down and abandoning module MovieSceneCapture (214)
[2016.09.29-13.16.13:797][159]LogModuleManager: Shutting down and abandoning module HierarchicalLODOutliner (213)
[2016.09.29-13.16.13:797][159]LogModuleManager: Shutting down and abandoning module CrashTracker (212)
[2016.09.29-13.16.13:797][159]LogModuleManager: Shutting down and abandoning module SceneOutliner (211)
[2016.09.29-13.16.13:797][159]LogModuleManager: Shutting down and abandoning module WidgetCarousel (210)
[2016.09.29-13.16.13:797][159]LogModuleManager: Shutting down and abandoning module AddContentDialog (209)
[2016.09.29-13.16.13:797][159]LogModuleManager: Shutting down and abandoning module GameplayTags (208)
[2016.09.29-13.16.13:797][159]LogModuleManager: Shutting down and abandoning module EditorWidgets (207)
[2016.09.29-13.16.13:797][159]LogModuleManager: Shutting down and abandoning module CollectionManager (206)
[2016.09.29-13.16.13:797][159]LogModuleManager: Shutting down and abandoning module StatsViewer (205)
[2016.09.29-13.16.13:797][159]LogModuleManager: Shutting down and abandoning module FoliageEdit (204)
[2016.09.29-13.16.13:797][159]LogModuleManager: Shutting down and abandoning module LandscapeEditor (203)
[2016.09.29-13.16.13:798][159]LogModuleManager: Shutting down and abandoning module SceneDepthPickerMode (202)
[2016.09.29-13.16.13:798][159]LogModuleManager: Shutting down and abandoning module ActorPickerMode (201)
[2016.09.29-13.16.13:798][159]LogModuleManager: Shutting down and abandoning module GeometryMode (200)
[2016.09.29-13.16.13:798][159]LogModuleManager: Shutting down and abandoning module TextureAlignMode (199)
[2016.09.29-13.16.13:798][159]LogModuleManager: Shutting down and abandoning module BspMode (198)
[2016.09.29-13.16.13:798][159]LogModuleManager: Shutting down and abandoning module HardwareSurvey (197)
[2016.09.29-13.16.13:798][159]LogModuleManager: Shutting down and abandoning module SequenceRecorderSections (196)
[2016.09.29-13.16.13:798][159]LogModuleManager: Shutting down and abandoning module SequenceRecorder (195)
[2016.09.29-13.16.13:798][159]LogModuleManager: Shutting down and abandoning module AutomationWorker (194)
[2016.09.29-13.16.13:798][159]LogModuleManager: Shutting down and abandoning module MatineeToLevelSequence (193)
[2016.09.29-13.16.13:798][159]LogModuleManager: Shutting down and abandoning module PlacementMode (192)
[2016.09.29-13.16.13:798][159]LogModuleManager: Shutting down and abandoning module LevelSequenceEditor (191)
[2016.09.29-13.16.13:798][159]LogModuleManager: Shutting down and abandoning module CharacterAI (190)
[2016.09.29-13.16.13:798][159]LogModuleManager: Shutting down and abandoning module SmartSnapping (189)
[2016.09.29-13.16.13:798][159]LogModuleManager: Shutting down and abandoning module SessionServices (188)
[2016.09.29-13.16.13:798][159]LogModuleManager: Shutting down and abandoning module ViewportSnapping (187)
[2016.09.29-13.16.13:798][159]LogModuleManager: Shutting down and abandoning module LogVisualizer (186)
[2016.09.29-13.16.13:798][159]LogModuleManager: Shutting down and abandoning module GameProjectGeneration (185)
[2016.09.29-13.16.13:798][159]LogModuleManager: Shutting down and abandoning module IntroTutorials (184)
[2016.09.29-13.16.13:798][159]LogModuleManager: Shutting down and abandoning module EditorLiveStreaming (183)
[2016.09.29-13.16.13:798][159]LogModuleManager: Shutting down and abandoning module IOSPlatformEditor (182)
[2016.09.29-13.16.13:798][159]LogModuleManager: Shutting down and abandoning module HTML5PlatformEditor (181)
[2016.09.29-13.16.13:798][159]LogModuleManager: Shutting down and abandoning module AndroidDeviceDetection (180)
[2016.09.29-13.16.13:940][159]LogModuleManager: Shutting down and abandoning module AndroidPlatformEditor (179)
[2016.09.29-13.16.13:941][159]LogModuleManager: Shutting down and abandoning module IOSRuntimeSettings (178)
[2016.09.29-13.16.13:941][159]LogModuleManager: Shutting down and abandoning module AndroidRuntimeSettings (177)
[2016.09.29-13.16.13:941][159]LogModuleManager: Shutting down and abandoning module MergeActors (176)
[2016.09.29-13.16.13:941][159]LogModuleManager: Shutting down and abandoning module SizeMap (175)
[2016.09.29-13.16.13:941][159]LogModuleManager: Shutting down and abandoning module TreeMap (174)
[2016.09.29-13.16.13:941][159]LogModuleManager: Shutting down and abandoning module ReferenceViewer (173)
[2016.09.29-13.16.13:941][159]LogModuleManager: Shutting down and abandoning module LocalizationService (172)
[2016.09.29-13.16.13:941][159]LogModuleManager: Shutting down and abandoning module LocalizationDashboard (171)
[2016.09.29-13.16.13:941][159]LogModuleManager: Shutting down and abandoning module HardwareTargeting (170)
[2016.09.29-13.16.13:941][159]LogModuleManager: Shutting down and abandoning module DeviceProfileEditor (169)
[2016.09.29-13.16.13:941][159]LogModuleManager: Shutting down and abandoning module UndoHistory (168)
[2016.09.29-13.16.13:941][159]LogModuleManager: Shutting down and abandoning module UserFeedback (167)
[2016.09.29-13.16.13:941][159]LogModuleManager: Shutting down and abandoning module XmlParser (166)
[2016.09.29-13.16.13:941][159]LogModuleManager: Shutting down and abandoning module Blutility (165)
[2016.09.29-13.16.13:941][159]LogModuleManager: Shutting down and abandoning module ProjectTargetPlatformEditor (164)
[2016.09.29-13.16.13:942][159]LogModuleManager: Shutting down and abandoning module ProjectSettingsViewer (163)
[2016.09.29-13.16.13:942][159]LogModuleManager: Shutting down and abandoning module InputBindingEditor (162)
[2016.09.29-13.16.13:942][159]LogModuleManager: Shutting down and abandoning module EditorSettingsViewer (161)
[2016.09.29-13.16.13:942][159]LogModuleManager: Shutting down and abandoning module SettingsEditor (160)
[2016.09.29-13.16.13:942][159]LogModuleManager: Shutting down and abandoning module ProjectLauncher (159)
[2016.09.29-13.16.13:942][159]LogModuleManager: Shutting down and abandoning module SessionFrontend (158)
[2016.09.29-13.16.13:942][159]LogModuleManager: Shutting down and abandoning module ProfilerClient (157)
[2016.09.29-13.16.13:942][159]LogModuleManager: Shutting down and abandoning module TargetDeviceServices (156)
[2016.09.29-13.16.13:942][159]LogModuleManager: Shutting down and abandoning module DeviceManager (155)
[2016.09.29-13.16.13:993][159]LogModuleManager: Shutting down and abandoning module AutomationController (154)
[2016.09.29-13.16.13:993][159]LogModuleManager: Shutting down and abandoning module AutomationWindow (153)
[2016.09.29-13.16.13:993][159]LogModuleManager: Shutting down and abandoning module Layers (152)
[2016.09.29-13.16.13:993][159]LogModuleManager: Shutting down and abandoning module ComponentVisualizers (151)
[2016.09.29-13.16.13:993][159]LogModuleManager: Shutting down and abandoning module DetailCustomizations (150)
[2016.09.29-13.16.13:993][159]LogModuleManager: Shutting down and abandoning module PackagesDialog (149)
[2016.09.29-13.16.13:993][159]LogModuleManager: Shutting down and abandoning module Persona (148)
[2016.09.29-13.16.13:993][159]LogModuleManager: Shutting down and abandoning module Kismet (147)
[2016.09.29-13.16.13:993][159]LogModuleManager: Shutting down and abandoning module GraphEditor (146)
[2016.09.29-13.16.13:993][159]LogModuleManager: Shutting down and abandoning module ClassViewer (145)
[2016.09.29-13.16.13:994][159]LogModuleManager: Shutting down and abandoning module Toolbox (144)
[2016.09.29-13.16.13:994][159]LogModuleManager: Shutting down and abandoning module ModuleUI (143)
[2016.09.29-13.16.13:994][159]LogModuleManager: Shutting down and abandoning module MovieSceneTools (142)
[2016.09.29-13.16.13:994][159]LogModuleManager: Shutting down and abandoning module OutputLog (141)
[2016.09.29-13.16.13:994][159]LogModuleManager: Shutting down and abandoning module GammaUI (140)
[2016.09.29-13.16.13:994][159]LogModuleManager: Shutting down and abandoning module Documentation (139)
[2016.09.29-13.16.13:994][159]LogModuleManager: Shutting down and abandoning module StreamingPauseRendering (138)
[2016.09.29-13.16.13:994][159]LogModuleManager: Shutting down and abandoning module AnalyticsET (137)
[2016.09.29-13.16.13:994][159]LogModuleManager: Shutting down and abandoning module Analytics (136)
[2016.09.29-13.16.13:994][159]LogModuleManager: Shutting down and abandoning module PortalServices (135)
[2016.09.29-13.16.13:994][159]LogModuleManager: Shutting down and abandoning module PortalRpc (134)
[2016.09.29-13.16.13:994][159]LogModuleManager: Shutting down and abandoning module MessagingRpc (133)
[2016.09.29-13.16.13:994][159]LogModuleManager: Shutting down and abandoning module GameplayDebugger (132)
[2016.09.29-13.16.13:994][159]LogModuleManager: Shutting down and abandoning module AITestSuite (131)
[2016.09.29-13.16.13:994][159]LogModuleManager: Shutting down and abandoning module AIModule (130)
[2016.09.29-13.16.13:994][159]LogModuleManager: Shutting down and abandoning module ProfilerService (129)
[2016.09.29-13.16.14:183][159]LogModuleManager: Shutting down and abandoning module TaskGraph (128)
[2016.09.29-13.16.14:183][159]LogModuleManager: Shutting down and abandoning module SlateRemote (127)
[2016.09.29-13.16.14:183][159]LogModuleManager: Shutting down and abandoning module SteamVRController (126)
[2016.09.29-13.16.14:183][159]LogModuleManager: Shutting down and abandoning module SteamVR (125)
[2016.09.29-13.16.14:183][159]LogModuleManager: Shutting down and abandoning module ProceduralMeshComponent (124)
[2016.09.29-13.16.14:183][159]LogModuleManager: Shutting down and abandoning module OculusLibrary (123)
[2016.09.29-13.16.14:183][159]LogModuleManager: Shutting down and abandoning module OculusInput (122)
[2016.09.29-13.16.14:183][159]LogModuleManager: Shutting down and abandoning module CustomMeshComponent (121)
[2016.09.29-13.16.14:183][159]LogModuleManager: Shutting down and abandoning module CableComponent (120)
[2016.09.29-13.16.14:183][159]LogModuleManager: Shutting down and abandoning module ArchVisCharacter (119)
[2016.09.29-13.16.14:183][159]LogModuleManager: Shutting down and abandoning module MediaPlayerEditor (118)
[2016.09.29-13.16.14:183][159]LogModuleManager: Shutting down and abandoning module HTML5Networking (117)
[2016.09.29-13.16.14:183][159]LogModuleManager: Shutting down and abandoning module SuperSearch (116)
[2016.09.29-13.16.14:183][159]LogModuleManager: Shutting down and abandoning module SuperSearchEditor (115)
[2016.09.29-13.16.14:183][159]LogModuleManager: Shutting down and abandoning module SpeedTreeImporter (114)
[2016.09.29-13.16.14:183][159]LogModuleManager: Shutting down and abandoning module PluginBrowser (113)
[2016.09.29-13.16.14:183][159]LogModuleManager: Shutting down and abandoning module EpicSurvey (112)
[2016.09.29-13.16.14:183][159]LogModuleManager: Shutting down and abandoning module DesktopPlatform (111)
[2016.09.29-13.16.14:184][159]LogModuleManager: Shutting down and abandoning module VisualStudioSourceCodeAccess (110)
[2016.09.29-13.16.14:184][159]LogModuleManager: Shutting down and abandoning module UObjectPlugin (109)
[2016.09.29-13.16.14:184][159]LogModuleManager: Shutting down and abandoning module SubversionSourceControl (108)
[2016.09.29-13.16.14:184][159]LogModuleManager: Shutting down and abandoning module PerforceSourceControl (107)
[2016.09.29-13.16.14:184][159]LogModuleManager: Shutting down and abandoning module SourceControl (106)
[2016.09.29-13.16.14:184][159]LogModuleManager: Shutting down and abandoning module GitSourceControl (105)
[2016.09.29-13.16.14:184][159]LogModuleManager: Shutting down and abandoning module LightPropagationVolumeEditor (104)
[2016.09.29-13.16.14:184][159]LogModuleManager: Shutting down and abandoning module PaperTiledImporter (103)
[2016.09.29-13.16.14:184][159]LogModuleManager: Shutting down and abandoning module PaperSpriteSheetImporter (102)
[2016.09.29-13.16.14:184][159]LogModuleManager: Shutting down and abandoning module MeshPaint (101)
[2016.09.29-13.16.14:184][159]LogModuleManager: Shutting down and abandoning module PixelInspectorModule (100)
[2016.09.29-13.16.14:184][159]LogModuleManager: Shutting down and abandoning module HotReload (99)
[2016.09.29-13.16.14:185][159]LogModuleManager: Shutting down and abandoning module MainFrame (98)
[2016.09.29-13.16.14:185][159]LogModuleManager: Shutting down and abandoning module LevelEditor (97)
[2016.09.29-13.16.14:187][159]LogModuleManager: Shutting down and abandoning module ContentBrowser (96)
[2016.09.29-13.16.14:188][159]LogModuleManager: Shutting down and abandoning module Paper2DEditor (95)
[2016.09.29-13.16.14:189][159]LogModuleManager: Shutting down and abandoning module UdpMessaging (94)
[2016.09.29-13.16.14:289][159]LogModuleManager: Shutting down and abandoning module LightPropagationVolumeRuntime (93)
[2016.09.29-13.16.14:289][159]LogModuleManager: Shutting down and abandoning module Paper2D (92)
[2016.09.29-13.16.14:289][159]LogModuleManager: Shutting down and abandoning module WindowsMoviePlayer (91)
[2016.09.29-13.16.14:289][159]LogModuleManager: Shutting down and abandoning module Media (90)
[2016.09.29-13.16.14:289][159]LogModuleManager: Shutting down and abandoning module WmfMedia (89)
[2016.09.29-13.16.14:290][159]LogModuleManager: Shutting down and abandoning module MediaAssets (88)
[2016.09.29-13.16.14:290][159]LogModuleManager: Shutting down and abandoning module GameLiveStreaming (87)
[2016.09.29-13.16.14:290][159]LogModuleManager: Shutting down and abandoning module GameplayTagsEditor (86)
[2016.09.29-13.16.14:290][159]LogModuleManager: Shutting down and abandoning module OnlineBlueprintSupport (85)
[2016.09.29-13.16.14:290][159]LogModuleManager: Shutting down and abandoning module VREditor (84)
[2016.09.29-13.16.14:290][159]LogModuleManager: Shutting down and abandoning module GameplayTasksEditor (83)
[2016.09.29-13.16.14:290][159]LogModuleManager: Shutting down and abandoning module PropertyEditor (82)
[2016.09.29-13.16.14:290][159]LogModuleManager: Shutting down and abandoning module BehaviorTreeEditor (81)
[2016.09.29-13.16.14:290][159]LogModuleManager: Shutting down and abandoning module FunctionalTesting (80)
[2016.09.29-13.16.14:291][159]LogModuleManager: Shutting down and abandoning module CollisionAnalyzer (79)
[2016.09.29-13.16.14:291][159]LogModuleManager: Shutting down and abandoning module Sequencer (78)
[2016.09.29-13.16.14:291][159]LogModuleManager: Shutting down and abandoning module WorkspaceMenuStructure (77)
[2016.09.29-13.16.14:291][159]LogModuleManager: Shutting down and abandoning module MessageLog (76)
[2016.09.29-13.16.14:291][159]LogModuleManager: Shutting down and abandoning module AssetTools (75)
[2016.09.29-13.16.14:291][159]LogModuleManager: Shutting down and abandoning module UMGEditor (74)
[2016.09.29-13.16.14:291][159]LogModuleManager: Shutting down and abandoning module UMG (73)
[2016.09.29-13.16.14:291][159]LogModuleManager: Shutting down and abandoning module SlateReflector (72)
[2016.09.29-13.16.14:291][159]LogModuleManager: Shutting down and abandoning module Slate (71)
[2016.09.29-13.16.14:291][159]LogModuleManager: Shutting down and abandoning module EditorStyle (70)
[2016.09.29-13.16.14:298][159]LogModuleManager: Shutting down and abandoning module SourceCodeAccess (69)
[2016.09.29-13.16.14:298][159]LogModuleManager: Shutting down and abandoning module HeadMountedDisplay (68)
[2016.09.29-13.16.14:298][159]LogModuleManager: Shutting down and abandoning module XAudio2 (67)
[2016.09.29-13.16.14:298][159]LogModuleManager: Shutting down and abandoning module Networking (65)
[2016.09.29-13.16.14:298][159]LogModuleManager: Shutting down and abandoning module Core (64)
[2016.09.29-13.16.14:298][159]LogModuleManager: Shutting down and abandoning module DirectoryWatcher (63)
[2016.09.29-13.16.14:299][159]LogModuleManager: Shutting down and abandoning module AssetRegistry (62)
[2016.09.29-13.16.14:527][159]LogModuleManager: Shutting down and abandoning module KismetCompiler (61)
[2016.09.29-13.16.14:527][159]LogModuleManager: Shutting down and abandoning module PhysXFormats (60)
[2016.09.29-13.16.14:527][159]LogModuleManager: Shutting down and abandoning module MeshUtilities (59)
[2016.09.29-13.16.14:527][159]LogModuleManager: Shutting down and abandoning module DerivedDataCache (58)
[2016.09.29-13.16.14:910][159]LogDerivedDataCache: Shutdown
[2016.09.29-13.16.14:910][159]LogModuleManager: Shutting down and abandoning module VulkanShaderFormat (57)
[2016.09.29-13.16.14:910][159]LogModuleManager: Shutting down and abandoning module ShaderFormatOpenGL (56)
[2016.09.29-13.16.14:910][159]LogModuleManager: Shutting down and abandoning module ShaderFormatD3D (55)
[2016.09.29-13.16.14:910][159]LogModuleManager: Shutting down and abandoning module MetalShaderFormat (54)
[2016.09.29-13.16.14:910][159]LogModuleManager: Shutting down and abandoning module TextureFormatUncompressed (53)
[2016.09.29-13.16.14:910][159]LogModuleManager: Shutting down and abandoning module TextureFormatPVR (52)
[2016.09.29-13.16.14:910][159]LogModuleManager: Shutting down and abandoning module TextureFormatIntelISPCTexComp (51)
[2016.09.29-13.16.14:910][159]LogModuleManager: Shutting down and abandoning module TextureFormatDXT (50)
[2016.09.29-13.16.14:910][159]LogModuleManager: Shutting down and abandoning module ImageWrapper (49)
[2016.09.29-13.16.14:910][159]LogModuleManager: Shutting down and abandoning module TextureFormatASTC (48)
[2016.09.29-13.16.14:911][159]LogModuleManager: Shutting down and abandoning module TextureFormatAndroid (47)
[2016.09.29-13.16.14:911][159]LogModuleManager: Shutting down and abandoning module AudioFormatOpus (46)
[2016.09.29-13.16.14:911][159]LogModuleManager: Shutting down and abandoning module AudioFormatOgg (45)
[2016.09.29-13.16.14:911][159]LogModuleManager: Shutting down and abandoning module AudioFormatADPCM (44)
[2016.09.29-13.16.14:911][159]LogModuleManager: Shutting down and abandoning module LinuxTargetPlatform (43)
[2016.09.29-13.16.14:911][159]LogModuleManager: Shutting down and abandoning module LinuxServerTargetPlatform (42)
[2016.09.29-13.16.14:911][159]LogModuleManager: Shutting down and abandoning module LinuxNoEditorTargetPlatform (41)
[2016.09.29-13.16.14:911][159]LogModuleManager: Shutting down and abandoning module TVOSTargetPlatform (40)
[2016.09.29-13.16.14:911][159]LogModuleManager: Shutting down and abandoning module Messaging (39)
[2016.09.29-13.16.14:911][159]LogModuleManager: Shutting down and abandoning module IOSTargetPlatform (38)
[2016.09.29-13.16.14:911][159]LogModuleManager: Shutting down and abandoning module HTML5TargetPlatform (37)
[2016.09.29-13.16.14:911][159]LogModuleManager: Shutting down and abandoning module Android_PVRTCTargetPlatform (36)
[2016.09.29-13.16.14:911][159]LogModuleManager: Shutting down and abandoning module Android_MultiTargetPlatform (35)
[2016.09.29-13.16.14:911][159]LogModuleManager: Shutting down and abandoning module Android_ETC2TargetPlatform (34)
[2016.09.29-13.16.14:911][159]LogModuleManager: Shutting down and abandoning module Android_ETC1TargetPlatform (33)
[2016.09.29-13.16.14:911][159]LogModuleManager: Shutting down and abandoning module Android_DXTTargetPlatform (32)
[2016.09.29-13.16.14:911][159]LogModuleManager: Shutting down and abandoning module Android_ATCTargetPlatform (31)
[2016.09.29-13.16.14:911][159]LogModuleManager: Shutting down and abandoning module Android_ASTCTargetPlatform (30)
[2016.09.29-13.16.14:911][159]LogModuleManager: Shutting down and abandoning module AndroidTargetPlatform (29)
[2016.09.29-13.16.14:911][159]LogModuleManager: Shutting down and abandoning module WindowsTargetPlatform (28)
[2016.09.29-13.16.14:911][159]LogModuleManager: Shutting down and abandoning module WindowsServerTargetPlatform (27)
[2016.09.29-13.16.14:911][159]LogModuleManager: Shutting down and abandoning module WindowsNoEditorTargetPlatform (26)
[2016.09.29-13.16.14:911][159]LogModuleManager: Shutting down and abandoning module WindowsClientTargetPlatform (25)
[2016.09.29-13.16.14:911][159]LogModuleManager: Shutting down and abandoning module AllDesktopTargetPlatform (24)
[2016.09.29-13.16.14:911][159]LogModuleManager: Shutting down and abandoning module TargetPlatform (23)
[2016.09.29-13.16.14:912][159]LogModuleManager: Shutting down and abandoning module InputCore (22)
[2016.09.29-13.16.14:912][159]LogModuleManager: Shutting down and abandoning module Settings (21)
[2016.09.29-13.16.14:912][159]LogModuleManager: Shutting down and abandoning module OnlineSubsystem (19)
[2016.09.29-13.16.14:912][159]LogModuleManager: Shutting down and abandoning module HTTP (18)
[2016.09.29-13.16.19:439][159]LogModuleManager: Shutting down and abandoning module XMPP (17)
[2016.09.29-13.16.19:439][159]LogModuleManager: Shutting down and abandoning module OculusRift (16)
[2016.09.29-13.16.19:439][159]LogModuleManager: Shutting down and abandoning module ExampleDeviceProfileSelector (15)
[2016.09.29-13.16.19:439][159]LogModuleManager: Shutting down and abandoning module TextureCompressor (14)
[2016.09.29-13.16.19:440][159]LogModuleManager: Shutting down and abandoning module ShaderCore (13)
[2016.09.29-13.16.19:440][159]LogModuleManager: Shutting down and abandoning module Landscape (12)
[2016.09.29-13.16.19:440][159]LogModuleManager: Shutting down and abandoning module SlateRHIRenderer (11)
[2016.09.29-13.16.19:441][159]LogModuleManager: Shutting down and abandoning module OpenGLDrv (10)
[2016.09.29-13.16.19:441][159]LogModuleManager: Shutting down and abandoning module D3D11RHI (9)
[2016.09.29-13.16.19:441][159]LogModuleManager: Shutting down and abandoning module AnimGraphRuntime (8)
[2016.09.29-13.16.19:441][159]LogModuleManager: Shutting down and abandoning module Renderer (7)
[2016.09.29-13.16.19:441][159]LogModuleManager: Shutting down and abandoning module Engine (6)
[2016.09.29-13.16.19:442][159]LogModuleManager: Shutting down and abandoning module CoreUObject (5)
[2016.09.29-13.16.19:442][159]LogModuleManager: Shutting down and abandoning module NetworkFile (4)
[2016.09.29-13.16.19:442][159]LogModuleManager: Shutting down and abandoning module StreamingFile (3)
[2016.09.29-13.16.19:442][159]LogModuleManager: Shutting down and abandoning module SandboxFile (2)
[2016.09.29-13.16.19:442][159]LogModuleManager: Shutting down and abandoning module PakFile (1)
[2016.09.29-13.16.19:445][159]LogExit: Exiting.
[2016.09.29-13.16.19:481][159]Log file closed, 09/29/16 09:16:19
