Log file open, 10/04/16 09:38:14
LogInit:Display: Running engine for game: SchoolRunner
LogPlatformFile: Not using cached read wrapper
LogInit:Display: RandInit(-725304289) SRandInit(-725304288).
LogTaskGraph: Started task graph with 4 named threads and 7 total threads with 1 sets of task threads.
LogStats: Stats thread started at 0.061545
LogInit: Version: 4.12.5-3039270+++UE4+Release-4.12
LogInit: API Version: 2992821
LogInit: Net Version: 3039270
LogDevObjectVersion: Number of dev versions registered: 13
LogDevObjectVersion:   Dev-Blueprints (B0D832E4-1F89-4F0D-ACCF-7EB736FD4AA2): 3
LogDevObjectVersion:   Dev-Build (E1C64328-A22C-4D53-A36C-8E866417BD8C): 0
LogDevObjectVersion:   Dev-Core (375EC13C-06E4-48FB-B500-84F0262A717E): 1
LogDevObjectVersion:   Dev-Editor (E4B068ED-F494-42E9-A231-DA0B2E46BB41): 2
LogDevObjectVersion:   Dev-Framework (CFFC743F-43B0-4480-9391-14DF171D2073): 6
LogDevObjectVersion:   Dev-Mobile (B02B49B5-BB20-44E9-A304-32B752E40360): 0
LogDevObjectVersion:   Dev-Networking (A4E4105C-59A1-49B5-A7C5-40C4547EDFEE): 0
LogDevObjectVersion:   Dev-Online (39C831C9-5AE6-47DC-9A44-9C173E1C8E7C): 0
LogDevObjectVersion:   Dev-Physics (78F01B33-EBEA-4F98-B9B4-84EACCB95AA2): 0
LogDevObjectVersion:   Dev-Platform (6631380F-2D4D-43E0-8009-CF276956A95A): 0
LogDevObjectVersion:   Dev-Rendering (12F88B9F-8875-4AFC-A67C-D90C383ABD29): 2
LogDevObjectVersion:   Dev-Sequencer (7B5AE74C-D270-4C10-A958-57980B212A5A): 0
LogDevObjectVersion:   Dev-VR (D7296918-1DD6-4BDD-9DE2-64A83CC13884): 0
LogInit: Compiled (64-bit): Jul  6 2016 09:09:46
LogInit: Compiled with Visual C++: 19.00.23026.00
LogInit: Build Configuration: Development
LogInit: Branch Name: ++UE4+Release-4.12
LogInit: Command line:  
LogInit: Base directory: C:/Program Files (x86)/Epic Games/4.12/Engine/Binaries/Win64/
LogInit: Installed Engine Build: 1
LogInit: Using libcurl 7.41.0
LogInit:  - built for x86_64-pc-win32
LogInit:  - supports SSL with WinSSL
LogInit:  - other features:
LogInit:      CURL_VERSION_SSL
LogInit:      CURL_VERSION_IPV6
LogInit:      CURL_VERSION_ASYNCHDNS
LogInit:      CURL_VERSION_LARGEFILE
LogInit:      CURL_VERSION_IDN
LogInit:  CurlRequestOptions (configurable via config and command line):
LogInit:  - bVerifyPeer = true  - Libcurl will verify peer certificate
LogInit:  - bUseHttpProxy = false  - Libcurl will NOT use HTTP proxy
LogInit:  - bDontReuseConnections = false  - Libcurl will reuse connections
LogInit:  - CertBundlePath = nullptr  - Libcurl will use whatever was configured at build time.
LogInit: Presizing for max 8388607 objects, including 0 objects not considered by GC, pre-allocating 0 bytes for permanent pool.
LogInit: Object subsystem initialized
[2016.10.04-13.38.14:259][  0]LogInit: Selected Device Profile: [Windows]
[2016.10.04-13.38.14:259][  0]LogInit: Applying CVar settings loaded from the selected device profile: [Windows]
[2016.10.04-13.38.14:267][  0]LogInit: Computer: 2016-KISER-04
[2016.10.04-13.38.14:267][  0]LogInit: User: iarodri17
[2016.10.04-13.38.14:267][  0]LogInit: CPU Page size=65536, Cores=4
[2016.10.04-13.38.14:267][  0]LogInit: High frequency timer resolution =3.328339 MHz
[2016.10.04-13.38.14:267][  0]LogMemory: Memory total: Physical=15.9GB (16GB approx)
[2016.10.04-13.38.14:267][  0]LogMemory: Platform Memory Stats for Windows
[2016.10.04-13.38.14:267][  0]LogMemory: Process Physical Memory: 191.73 MB used, 191.73 MB peak
[2016.10.04-13.38.14:267][  0]LogMemory: Process Virtual Memory: 197.02 MB used, 197.02 MB peak
[2016.10.04-13.38.14:267][  0]LogMemory: Physical Memory: 5636.53 MB used, 16304.60 MB total
[2016.10.04-13.38.14:267][  0]LogMemory: Virtual Memory: 522.00 MB used, 8388608.00 MB total
[2016.10.04-13.38.14:292][  0]LogTextLocalizationManager: No specific translations for ('en-US') exist, so ('en') translations will be used.
[2016.10.04-13.38.14:583][  0]LogD3D11RHI: D3D11 adapters:
[2016.10.04-13.38.14:599][  0]LogD3D11RHI:    0. 'NVIDIA Quadro K2200 ' (Feature Level 11_0)
[2016.10.04-13.38.14:599][  0]LogD3D11RHI:       4034/0/7896 MB DedicatedVideo/DedicatedSystem/SharedSystem, Outputs:2, VendorId:0x10de
[2016.10.04-13.38.14:599][  0]LogD3D11RHI: Chosen D3D11 Adapter: 0
[2016.10.04-13.38.14:602][  0]LogD3D11RHI: Creating new Direct3DDevice
[2016.10.04-13.38.14:602][  0]LogD3D11RHI:     GPU DeviceId: 0x13ba (for the marketing name, search the web for "GPU Device Id")
[2016.10.04-13.38.14:602][  0]LogWindows: EnumDisplayDevices:
[2016.10.04-13.38.14:602][  0]LogWindows:    0. 'NVIDIA Quadro K2200 ' (P:1 D:1)
[2016.10.04-13.38.14:603][  0]LogWindows:    1. 'NVIDIA Quadro K2200 ' (P:0 D:1)
[2016.10.04-13.38.14:603][  0]LogWindows:    2. 'NVIDIA Quadro K2200 ' (P:0 D:0)
[2016.10.04-13.38.14:603][  0]LogWindows:    3. 'NVIDIA Quadro K2200 ' (P:0 D:0)
[2016.10.04-13.38.14:603][  0]LogWindows:    4. 'RDPDD Chained DD' (P:0 D:0)
[2016.10.04-13.38.14:603][  0]LogWindows:    5. 'RDP Encoder Mirror Driver' (P:0 D:0)
[2016.10.04-13.38.14:603][  0]LogWindows:    6. 'RDP Reflector Display Driver' (P:0 D:0)
[2016.10.04-13.38.14:603][  0]LogWindows: DebugString: GetVideoDriverDetailsInvalid PrimaryIsNotTheChoosenAdapter GetVideoDriverDetailsInvalid PrimaryIsNotTheChoosenAdapter GetVideoDriverDetailsInvalid PrimaryIsNotTheChoosenAdapter FoundDriverCount:4 
[2016.10.04-13.38.14:603][  0]LogD3D11RHI:     Adapter Name: NVIDIA Quadro K2200 
[2016.10.04-13.38.14:603][  0]LogD3D11RHI:   Driver Version: 361.91 (internal:10.18.13.6191, unified:361.91)
[2016.10.04-13.38.14:603][  0]LogD3D11RHI:      Driver Date: 2-8-2016
[2016.10.04-13.38.14:603][  0]LogRHI: Texture pool is 1361 MB (70% of 1945 MB)
[2016.10.04-13.38.14:609][  0]LogD3D11RHI: Async texture creation enabled
[2016.10.04-13.38.14:622][  0]LogD3D11RHI: GPU Timing Frequency: 1000.000000 (Debug: 2 2)
[2016.10.04-13.38.14:622][  0]LogShaderCompilers: Guid format shader working directory is -15 characters bigger than the processId version (../../../../../../Ivan/SchoolRunner-4.12-SchoolRunnerAaronUpdate/Intermediate/Shaders/WorkingDirectory/8892/).
[2016.10.04-13.38.14:622][  0]LogShaderCompilers: Cleaned the shader compiler working directory 'C:/Users/IARODR~1/AppData/Local/Temp/UnrealShaderWorkingDir/99C4B78D429A03D62A55948D80771379/'.
[2016.10.04-13.38.14:622][  0]LogShaderCompilers:Display: Using Local Shader Compiler.
[2016.10.04-13.38.15:307][  0]LogTemp:Display: Loaded TP AllDesktopTargetPlatform
[2016.10.04-13.38.15:314][  0]LogTemp:Display: Loaded TP WindowsClientTargetPlatform
[2016.10.04-13.38.15:321][  0]LogTemp:Display: Loaded TP WindowsNoEditorTargetPlatform
[2016.10.04-13.38.15:328][  0]LogTemp:Display: Loaded TP WindowsServerTargetPlatform
[2016.10.04-13.38.15:335][  0]LogTemp:Display: Loaded TP WindowsTargetPlatform
[2016.10.04-13.38.15:343][  0]LogTemp:Display: Loaded TP AndroidTargetPlatform
[2016.10.04-13.38.15:351][  0]LogTemp:Display: Loaded TP Android_ASTCTargetPlatform
[2016.10.04-13.38.15:357][  0]LogTemp:Display: Loaded TP Android_ATCTargetPlatform
[2016.10.04-13.38.15:364][  0]LogTemp:Display: Loaded TP Android_DXTTargetPlatform
[2016.10.04-13.38.15:370][  0]LogTemp:Display: Loaded TP Android_ETC1TargetPlatform
[2016.10.04-13.38.15:376][  0]LogTemp:Display: Loaded TP Android_ETC2TargetPlatform
[2016.10.04-13.38.15:388][  0]LogTemp:Display: Loaded TP Android_MultiTargetPlatform
[2016.10.04-13.38.15:388][  0]LogTemp:Display: Loaded TP Android_PVRTCTargetPlatform
[2016.10.04-13.38.15:388][  0]LogTemp:Display: Loaded TP HTML5TargetPlatform
[2016.10.04-13.38.15:406][  0]LogTemp:Display: Loaded TP IOSTargetPlatform
[2016.10.04-13.38.15:412][  0]LogTemp:Display: Loaded TP TVOSTargetPlatform
[2016.10.04-13.38.15:419][  0]LogTemp:Display: Loaded TP LinuxNoEditorTargetPlatform
[2016.10.04-13.38.15:426][  0]LogTemp:Display: Loaded TP LinuxServerTargetPlatform
[2016.10.04-13.38.15:432][  0]LogTemp:Display: Loaded TP LinuxTargetPlatform
[2016.10.04-13.38.15:432][  0]LogTargetPlatformManager:Display: Building Assets For Windows
[2016.10.04-13.38.15:477][  0]LogDerivedDataCache:Display: Max Cache Size: 512 MB
[2016.10.04-13.38.15:513][  0]LogDerivedDataCache: Loaded boot cache 0.04s 48MB C:/Users/iarodri17/AppData/Local/UnrealEngine/4.12/DerivedDataCache/Boot.ddc.
[2016.10.04-13.38.15:513][  0]LogDerivedDataCache:Display: Loaded Boot cache: C:/Users/iarodri17/AppData/Local/UnrealEngine/4.12/DerivedDataCache/Boot.ddc
[2016.10.04-13.38.15:513][  0]LogDerivedDataCache: FDerivedDataBackendGraph:  Pak pak cache file ../../../../../../Ivan/SchoolRunner-4.12-SchoolRunnerAaronUpdate/DerivedDataCache/DDC.ddp not found, will not use a pak cache.
[2016.10.04-13.38.15:513][  0]LogDerivedDataCache: Unable to find inner node Pak for hierarchical cache Hierarchy.
[2016.10.04-13.38.15:513][  0]LogDerivedDataCache: FDerivedDataBackendGraph:  CompressedPak pak cache file ../../../../../../Ivan/SchoolRunner-4.12-SchoolRunnerAaronUpdate/DerivedDataCache/Compressed.ddp not found, will not use a pak cache.
[2016.10.04-13.38.15:513][  0]LogDerivedDataCache: Unable to find inner node CompressedPak for hierarchical cache Hierarchy.
[2016.10.04-13.38.15:528][  0]LogDerivedDataCache:Display: Pak cache opened for reading ../../../Engine/DerivedDataCache/Compressed.ddp.
[2016.10.04-13.38.15:538][  0]LogDerivedDataCache: Using Local data cache path C:/Users/iarodri17/AppData/Local/UnrealEngine/Common/DerivedDataCache: Writable
[2016.10.04-13.38.15:667][  0]LogInit: Selected Device Profile: [Windows]
[2016.10.04-13.38.15:668][  0]LogContentStreaming: Texture pool size is 0.00 MB
[2016.10.04-13.38.15:778][  0]LogMeshUtilities: No automatic mesh reduction module available
[2016.10.04-13.38.15:778][  0]LogMeshUtilities: No automatic mesh merging module available
[2016.10.04-13.38.15:778][  0]LogMeshUtilities: No distributed automatic mesh merging module available
[2016.10.04-13.38.15:964][  0]LogAssetRegistry: FAssetRegistry took 0.0198 seconds to start up
[2016.10.04-13.38.15:978][  0]LogPackageLocalizationCache: Processed 3 localized package path(s) for 2 prioritized culture(s) in 0.013131 seconds
[2016.10.04-13.38.15:983][  0]LogUObjectArray: 28741 objects as part of root set at end of initial load.
[2016.10.04-13.38.15:983][  0]LogUObjectAllocator: 5855920 out of 0 bytes used by permanent object pool.
[2016.10.04-13.38.15:983][  0]LogUObjectArray: CloseDisregardForGC: 0/0 objects in disregard for GC pool
[2016.10.04-13.38.15:988][  0]LogInit: WinSock: version 1.1 (2.2), MaxSocks=32767, MaxUdp=65467
[2016.10.04-13.38.16:115][  0]LogSlate: SlateFontCache - WITH_FREETYPE: 1, WITH_HARFBUZZ: 1
[2016.10.04-13.38.16:115][  0]LogSlate: SlateFontCache - WITH_FREETYPE: 1, WITH_HARFBUZZ: 1
[2016.10.04-13.38.16:591][  0]LogUdpMessaging: Initializing bridge on interface 0.0.0.0:0 to multicast group 230.0.0.1:6666.
[2016.10.04-13.38.16:754][  0]SourceControl: Info Source control is disabled
[2016.10.04-13.38.16:754][  0]SourceControl: Info Source control is disabled
[2016.10.04-13.38.16:759][  0]SourceControl: Info Source control is disabled
[2016.10.04-13.38.16:763][  0]SourceControl: Info Source control is disabled
[2016.10.04-13.38.16:879][  0]LogEngine: Initializing Engine...
[2016.10.04-13.38.16:879][  0]LogHMD: SteamVR failed to initialize.  Err: 110
[2016.10.04-13.38.16:879][  0]LogHMD: SteamVR failed to initialize.  Err: 110
[2016.10.04-13.38.16:986][  0]LogAIModule: Creating AISystem for world NewWorld
[2016.10.04-13.38.16:990][  0]LogInit: XAudio2 using 'Speakers (Realtek High Definition Audio)' : 2 channels at 48 kHz using 32 bits per sample (channel mask 0x3)
[2016.10.04-13.38.17:003][  0]LogInit: FAudioDevice initialized.
[2016.10.04-13.38.17:022][  0]LogDerivedDataCache: Saved boot cache 0.02s 48MB C:/Users/iarodri17/AppData/Local/UnrealEngine/4.12/DerivedDataCache/Boot.ddc.
[2016.10.04-13.38.17:025][  0]LogInit: Texture streaming: Enabled
[2016.10.04-13.38.17:039][  0]LogInit: Transaction tracking system initialized
[2016.10.04-13.38.17:051][  0]BlueprintLog: New page: Editor Load
[2016.10.04-13.38.17:092][  0]LocalizationService: Info Localization service is disabled
[2016.10.04-13.38.17:129][  0]LogConsoleResponse:Display: 
[2016.10.04-13.38.17:205][  0]LogCook:Display: Max memory allowance for cook 8192mb
[2016.10.04-13.38.17:205][  0]LogCook:Display: Mobile HDR setting 1
[2016.10.04-13.38.17:257][  0]LogFileCache: Scanning file cache for directory 'C:/Ivan/SchoolRunner-4.12-SchoolRunnerAaronUpdate/Content/' took 0.02s
[2016.10.04-13.38.17:257][  0]SourceControl: Info Source control is disabled
[2016.10.04-13.38.17:257][  0]Cmd: MAP LOAD FILE="../../../../../../Ivan/SchoolRunner-4.12-SchoolRunnerAaronUpdate/Content/ThirdPersonBP/Maps/ThirdPersonExampleMap.umap" TEMPLATE=0 SHOWPROGRESS=1 FEATURELEVEL=3
[2016.10.04-13.38.17:258][  0]LightingResults: New page: Lighting Build
[2016.10.04-13.38.17:259][  0]MapCheck: New page: Map Check
[2016.10.04-13.38.17:259][  0]LightingResults: New page: Lighting Build
[2016.10.04-13.38.17:282][  0]LogLinker:Warning: Asset '../../../../../../Ivan/SchoolRunner-4.12-SchoolRunnerAaronUpdate/Content/Mannequin/Animations/ThirdPerson_Jump.uasset' has been saved with empty engine version. The asset will be loaded but may be incompatible.
[2016.10.04-13.38.17:283][  0]LogLinker:Warning: Asset '../../../../../../Ivan/SchoolRunner-4.12-SchoolRunnerAaronUpdate/Content/Mannequin/Animations/ThirdPersonJump_Loop.uasset' has been saved with empty engine version. The asset will be loaded but may be incompatible.
[2016.10.04-13.38.17:283][  0]LogLinker:Warning: Asset '../../../../../../Ivan/SchoolRunner-4.12-SchoolRunnerAaronUpdate/Content/Mannequin/Animations/ThirdPersonJump_Start.uasset' has been saved with empty engine version. The asset will be loaded but may be incompatible.
[2016.10.04-13.38.17:284][  0]LogLinker:Warning: Asset '../../../../../../Ivan/SchoolRunner-4.12-SchoolRunnerAaronUpdate/Content/Mannequin/Animations/ThirdPerson_IdleRun_2D.uasset' has been saved with empty engine version. The asset will be loaded but may be incompatible.
[2016.10.04-13.38.17:284][  0]LogLinker:Warning: Asset '../../../../../../Ivan/SchoolRunner-4.12-SchoolRunnerAaronUpdate/Content/Mannequin/Animations/ThirdPersonIdle.uasset' has been saved with empty engine version. The asset will be loaded but may be incompatible.
[2016.10.04-13.38.17:284][  0]LogLinker:Warning: Asset '../../../../../../Ivan/SchoolRunner-4.12-SchoolRunnerAaronUpdate/Content/Mannequin/Animations/ThirdPersonRun.uasset' has been saved with empty engine version. The asset will be loaded but may be incompatible.
[2016.10.04-13.38.17:285][  0]LogLinker:Warning: Asset '../../../../../../Ivan/SchoolRunner-4.12-SchoolRunnerAaronUpdate/Content/Mannequin/Animations/ThirdPersonWalk.uasset' has been saved with empty engine version. The asset will be loaded but may be incompatible.
[2016.10.04-13.38.17:537][  0]LogLinker:Warning: Can't find file '/Engine/EngineDebugMaterials/MAT_Green'
[2016.10.04-13.38.17:537][  0]LogLinker:Warning: Can't find file for asset '/Engine/EngineDebugMaterials/MAT_Green' while loading ../../../../../../Ivan/SchoolRunner-4.12-SchoolRunnerAaronUpdate/Content/ThirdPersonBP/Maps/ThirdPersonExampleMap.umap.
[2016.10.04-13.38.17:537][  0]LoadErrors:Error: Error /Game/ThirdPersonBP/Maps/ThirdPersonExampleMap : Can't find file for asset. /Engine/EngineDebugMaterials/MAT_Green
[2016.10.04-13.38.17:555][  0]LogLinker:Warning: Can't find file '/Engine/EngineDebugMaterials/MAT_Green'
[2016.10.04-13.38.17:555][  0]LogLinker:Warning: Can't find file for asset '/Engine/EngineDebugMaterials/MAT_Green' while loading ../../../../../../Ivan/SchoolRunner-4.12-SchoolRunnerAaronUpdate/Content/ThirdPersonBP/Maps/ThirdPersonExampleMap.umap.
[2016.10.04-13.38.17:555][  0]LoadErrors:Error: Error /Game/ThirdPersonBP/Maps/ThirdPersonExampleMap : Can't find file for asset. /Engine/EngineDebugMaterials/MAT_Green
[2016.10.04-13.38.17:563][  0]LogLinker:Warning: Can't find file '/Engine/EngineDebugMaterials/MAT_Green'
[2016.10.04-13.38.17:563][  0]LogLinker:Warning: Can't find file for asset '/Engine/EngineDebugMaterials/MAT_Green' while loading NULL.
[2016.10.04-13.38.17:563][  0]LogLinker:Warning: Can't find file '/Engine/EngineDebugMaterials/MAT_Green'
[2016.10.04-13.38.17:563][  0]LogLinker:Warning: Can't find file for asset '/Engine/EngineDebugMaterials/MAT_Green' while loading NULL.
[2016.10.04-13.38.17:568][  0]LogBlueprint:Error: Compiler Error This blueprint (self) is not a SceneComponent, therefore ' Target ' must have a connection.
[2016.10.04-13.38.17:569][  0]LogBlueprint:Warning: Compiler Warning [0003.89] Compile of PersistentLevel.ThirdPersonExampleMap failed. 1 Fatal Issue(s) 0 Warning(s) [in 2 ms] (/Game/ThirdPersonBP/Maps/ThirdPersonExampleMap.ThirdPersonExampleMap:PersistentLevel.ThirdPersonExampleMap)
[2016.10.04-13.38.17:570][  0]LogBlueprint:Warning: Compiler Warning [0003.89] Compile of PersistentLevel.ThirdPersonExampleMap failed. 1 Fatal Issue(s) 1 Warning(s) [in 0 ms] (/Game/ThirdPersonBP/Maps/ThirdPersonExampleMap.ThirdPersonExampleMap:PersistentLevel.ThirdPersonExampleMap)
[2016.10.04-13.38.17:570][  0]LogBlueprint:Warning: Compiler Warning [0003.89] Compile of PersistentLevel.ThirdPersonExampleMap failed. 1 Fatal Issue(s) 2 Warning(s) [in 0 ms] (/Game/ThirdPersonBP/Maps/ThirdPersonExampleMap.ThirdPersonExampleMap:PersistentLevel.ThirdPersonExampleMap)
[2016.10.04-13.38.17:849][  0]LogLinker:Warning: Can't find file '/Engine/EngineDebugMaterials/MAT_Green'
[2016.10.04-13.38.17:849][  0]LoadErrors: Info Failed to load /Engine/EngineDebugMaterials/MAT_Green.MAT_Green Referenced by StaticMeshComponent0
[2016.10.04-13.38.17:849][  0]LogLinker:Warning: Can't find file for asset '/Engine/EngineDebugMaterials/MAT_Green' while loading NULL.
[2016.10.04-13.38.17:849][  0]LoadErrors: Info Failed to load /Engine/EngineDebugMaterials/MAT_Green.MAT_Green Referenced by StaticMeshComponent0
[2016.10.04-13.38.17:849][  0]LogLinker:Warning: Can't find file '/Engine/EngineDebugMaterials/MAT_Green'
[2016.10.04-13.38.17:849][  0]LoadErrors: Info Failed to load /Engine/EngineDebugMaterials/MAT_Green.MAT_Green Referenced by StaticMeshComponent0
[2016.10.04-13.38.17:849][  0]LogLinker:Warning: Can't find file for asset '/Engine/EngineDebugMaterials/MAT_Green' while loading NULL.
[2016.10.04-13.38.17:849][  0]LoadErrors: Info Failed to load /Engine/EngineDebugMaterials/MAT_Green.MAT_Green Referenced by StaticMeshComponent0
[2016.10.04-13.38.17:849][  0]LogLinker:Warning: Can't find file '/Engine/EngineDebugMaterials/MAT_Green'
[2016.10.04-13.38.17:849][  0]LoadErrors: Info Failed to load /Engine/EngineDebugMaterials/MAT_Green.MAT_Green Referenced by StaticMeshComponent0
[2016.10.04-13.38.17:849][  0]LogLinker:Warning: Can't find file for asset '/Engine/EngineDebugMaterials/MAT_Green' while loading NULL.
[2016.10.04-13.38.17:849][  0]LoadErrors: Info Failed to load /Engine/EngineDebugMaterials/MAT_Green.MAT_Green Referenced by StaticMeshComponent0
[2016.10.04-13.38.17:849][  0]LogLinker:Warning: Can't find file '/Engine/EngineDebugMaterials/MAT_Green'
[2016.10.04-13.38.17:849][  0]LoadErrors: Info Failed to load /Engine/EngineDebugMaterials/MAT_Green.MAT_Green Referenced by StaticMeshComponent0
[2016.10.04-13.38.17:849][  0]LogLinker:Warning: Can't find file for asset '/Engine/EngineDebugMaterials/MAT_Green' while loading NULL.
[2016.10.04-13.38.17:850][  0]LoadErrors: Info Failed to load /Engine/EngineDebugMaterials/MAT_Green.MAT_Green Referenced by StaticMeshComponent0
[2016.10.04-13.38.17:850][  0]LogLinker:Warning: Can't find file '/Engine/EngineDebugMaterials/MAT_Green'
[2016.10.04-13.38.17:850][  0]LoadErrors: Info Failed to load /Engine/EngineDebugMaterials/MAT_Green.MAT_Green Referenced by StaticMeshComponent0
[2016.10.04-13.38.17:850][  0]LogLinker:Warning: Can't find file for asset '/Engine/EngineDebugMaterials/MAT_Green' while loading NULL.
[2016.10.04-13.38.17:850][  0]LoadErrors: Info Failed to load /Engine/EngineDebugMaterials/MAT_Green.MAT_Green Referenced by StaticMeshComponent0
[2016.10.04-13.38.18:143][  0]LogTexture:Display: Building textures: HQ_Lightmap0_1 (AutoDXT)
[2016.10.04-13.38.18:416][  0]LogTexture:Display: Building textures: HQ_Lightmap0_2 (AutoDXT)
[2016.10.04-13.38.18:632][  0]LogTexture:Display: Building textures: HQ_Lightmap0_3 (AutoDXT)
[2016.10.04-13.38.18:789][  0]LogTexture:Display: Building textures: HQ_Lightmap0_4 (AutoDXT)
[2016.10.04-13.38.18:878][  0]LogTexture:Display: Building textures: HQ_Lightmap1_5 (AutoDXT)
[2016.10.04-13.38.18:896][  0]LogTexture:Display: Building textures: LQ_Lightmap_0_1 (DXT1)
[2016.10.04-13.38.19:016][  0]LogTexture:Display: Building textures: LQ_Lightmap_0_2 (DXT1)
[2016.10.04-13.38.19:120][  0]LogTexture:Display: Building textures: LQ_Lightmap_0_3 (DXT1)
[2016.10.04-13.38.19:190][  0]LogTexture:Display: Building textures: LQ_Lightmap_0_4 (DXT1)
[2016.10.04-13.38.19:237][  0]LogTexture:Display: Building textures: LQ_Lightmap_1_5 (DXT1)
[2016.10.04-13.38.19:250][  0]LogTexture:Display: Building textures: SkyOcclusion0_1 (AutoDXT)
[2016.10.04-13.38.19:397][  0]LogTexture:Display: Building textures: SkyOcclusion0_2 (AutoDXT)
[2016.10.04-13.38.19:505][  0]LogTexture:Display: Building textures: SkyOcclusion0_3 (AutoDXT)
[2016.10.04-13.38.19:564][  0]LogTexture:Display: Building textures: SkyOcclusion0_4 (AutoDXT)
[2016.10.04-13.38.19:603][  0]LogTexture:Display: Building textures: SkyOcclusion1_5 (AutoDXT)
[2016.10.04-13.38.19:635][  0]LogTexture:Display: Building textures: ShadowMapTexture2D_10 (BGRA8)
[2016.10.04-13.38.19:727][  0]LogTexture:Display: Building textures: ShadowMapTexture2D_11 (BGRA8)
[2016.10.04-13.38.19:743][  0]LogTexture:Display: Building textures: ShadowMapTexture2D_12 (BGRA8)
[2016.10.04-13.38.19:816][  0]LogMaterial: Missing cached shader map for material MAT_Green, compiling. 
[2016.10.04-13.38.19:855][  0]LogAIModule: Creating AISystem for world ThirdPersonExampleMap
[2016.10.04-13.38.20:241][  0]LogEditorServer: Finished looking for orphan Actors (0.000 secs)
[2016.10.04-13.38.20:242][  0]Cmd: MAP CHECKDEP NOCLEARLOG
[2016.10.04-13.38.20:275][  0]MapCheck: Info Map check complete: 0 Error(s), 0 Warning(s), took 32.791ms to complete.
[2016.10.04-13.38.20:275][  0]LogFileHelpers: Loading map 'ThirdPersonExampleMap' took 3.018
[2016.10.04-13.38.21:202][  0]LogCollectionManager: Loaded 0 collections in 0.001549 seconds
[2016.10.04-13.38.21:239][  0]LogFileCache: Scanning file cache for directory 'C:/Ivan/SchoolRunner-4.12-SchoolRunnerAaronUpdate/Saved/Collections/' took 0.01s
[2016.10.04-13.38.21:239][  0]LogFileCache: Scanning file cache for directory 'C:/Ivan/SchoolRunner-4.12-SchoolRunnerAaronUpdate/Content/Developers/iarodri17/Collections/' took 0.01s
[2016.10.04-13.38.21:239][  0]LogFileCache: Scanning file cache for directory 'C:/Ivan/SchoolRunner-4.12-SchoolRunnerAaronUpdate/Content/Collections/' took 0.01s
[2016.10.04-13.38.21:239][  0]LogCollectionManager: Rebuilt the GUID cache for 0 collections in 0.000002 seconds
[2016.10.04-13.38.21:245][  0]LogContentBrowser: Native class hierarchy populated in 0.0062 seconds. Added 2047 classes and 369 folders.
[2016.10.04-13.38.21:249][  0]LogStats: UGameplayTagsManager::ConstructGameplayTagTree: Construct from data asset -  0.000 s
[2016.10.04-13.38.21:249][  0]LogStats: UGameplayTagsManager::ConstructGameplayTagTree: GameplayTagTreeChangedEvent.Broadcast -  0.000 s
[2016.10.04-13.38.21:249][  0]LogContentBrowser: Native class hierarchy updated for 'GameplayTags' in 0.0003 seconds. Added 12 classes and 0 folders.
[2016.10.04-13.38.21:252][  0]LogContentBrowser: Native class hierarchy updated for 'WidgetCarousel' in 0.0003 seconds. Added 0 classes and 0 folders.
[2016.10.04-13.38.21:284][  0]LogContentBrowser: Native class hierarchy updated for 'AddContentDialog' in 0.0004 seconds. Added 0 classes and 0 folders.
[2016.10.04-13.38.21:286][  0]LogContentBrowser: Native class hierarchy updated for 'SceneOutliner' in 0.0003 seconds. Added 1 classes and 2 folders.
[2016.10.04-13.38.21:300][  0]LogCrashTracker: Crashtracker disabled due to settings.
[2016.10.04-13.38.21:308][  0]LogUObjectGlobals:Warning: Failed to find object 'Class None.'
[2016.10.04-13.38.21:332][  0]LogContentBrowser: Native class hierarchy updated for 'HierarchicalLODOutliner' in 0.0004 seconds. Added 1 classes and 2 folders.
[2016.10.04-13.38.21:332][  0]LogLoad: Full Startup: 7.66 seconds (BP compile: 0.09 seconds)
[2016.10.04-13.38.21:332][  0]LogExternalProfiler: No external profilers were discovered.  External profiling features will not be available.
[2016.10.04-13.38.21:343][  0]LogOcInput: OculusInput pre-init called
[2016.10.04-13.38.21:378][  0]LogContentStreaming: Texture pool size now 700 MB
[2016.10.04-13.38.21:594][  0]LogRenderer: Reallocating scene render targets to support 848x540 (Frame:2).
[2016.10.04-13.38.21:648][  1]LogFileCache: Retrieving MD5 hashes for directory 'C:/Ivan/SchoolRunner-4.12-SchoolRunnerAaronUpdate/Content/' took 0.29s
[2016.10.04-13.38.21:712][  2]LogAssetRegistry: Asset discovery search completed in 5.7680 seconds
[2016.10.04-13.38.21:712][  2]LogCollectionManager: Rebuilt the object cache for 0 collections in 0.000001 seconds (found 0 objects)
[2016.10.04-13.38.21:712][  2]LogCollectionManager: Fixed up redirectors for 0 collections in 0.000024 seconds (updated 0 objects)
[2016.10.04-13.38.31:131][916]LogBlueprintUserMessages: Early PlayInEditor Detection: Level '/Game/ThirdPersonBP/Maps/ThirdPersonExampleMap.ThirdPersonExampleMap:PersistentLevel' has LevelScriptBlueprint '/Game/ThirdPersonBP/Maps/ThirdPersonExampleMap.ThirdPersonExampleMap:PersistentLevel.ThirdPersonExampleMap' with GeneratedClass '/Game/ThirdPersonBP/Maps/ThirdPersonExampleMap.ThirdPersonExampleMap_C' with ClassGeneratedBy '/Game/ThirdPersonBP/Maps/ThirdPersonExampleMap.ThirdPersonExampleMap:PersistentLevel.ThirdPersonExampleMap'
[2016.10.04-13.38.31:131][916]BlueprintLog: New page: Pre-Play auto-recompile
[2016.10.04-13.38.31:131][916]LogPlayLevel: [PlayLevel] Compiling ThirdPersonExampleMap before play...
[2016.10.04-13.38.31:143][916]LogBlueprint:Error: Compiler Error This blueprint (self) is not a SceneComponent, therefore ' Target ' must have a connection.
[2016.10.04-13.38.31:230][916]LogBlueprint:Warning: Compiler Warning [0017.55] Compile of PersistentLevel.ThirdPersonExampleMap failed. 1 Fatal Issue(s) 0 Warning(s) [in 97 ms] (/Game/ThirdPersonBP/Maps/ThirdPersonExampleMap.ThirdPersonExampleMap:PersistentLevel.ThirdPersonExampleMap)
[2016.10.04-13.38.31:231][916]LogBlueprint:Warning: Compiler Warning [0017.56] Compile of PersistentLevel.ThirdPersonExampleMap failed. 1 Fatal Issue(s) 1 Warning(s) [in 0 ms] (/Game/ThirdPersonBP/Maps/ThirdPersonExampleMap.ThirdPersonExampleMap:PersistentLevel.ThirdPersonExampleMap)
[2016.10.04-13.38.31:231][916]LogBlueprint:Warning: Compiler Warning [0017.56] Compile of PersistentLevel.ThirdPersonExampleMap failed. 1 Fatal Issue(s) 2 Warning(s) [in 0 ms] (/Game/ThirdPersonBP/Maps/ThirdPersonExampleMap.ThirdPersonExampleMap:PersistentLevel.ThirdPersonExampleMap)
[2016.10.04-13.38.31:231][916]LogBlueprint:Warning: Compiler Warning [0017.56] Compile of PersistentLevel.ThirdPersonExampleMap failed. 1 Fatal Issue(s) 3 Warning(s) [in 0 ms] (/Game/ThirdPersonBP/Maps/ThirdPersonExampleMap.ThirdPersonExampleMap:PersistentLevel.ThirdPersonExampleMap)
[2016.10.04-13.38.31:231][916]LogBlueprint:Warning: Compiler Warning [0017.56] Compile of PersistentLevel.ThirdPersonExampleMap failed. 1 Fatal Issue(s) 4 Warning(s) [in 0 ms] (/Game/ThirdPersonBP/Maps/ThirdPersonExampleMap.ThirdPersonExampleMap:PersistentLevel.ThirdPersonExampleMap)
[2016.10.04-13.38.31:231][916]LogBlueprint:Warning: Compiler Warning [0017.56] Compile of PersistentLevel.ThirdPersonExampleMap failed. 1 Fatal Issue(s) 5 Warning(s) [in 0 ms] (/Game/ThirdPersonBP/Maps/ThirdPersonExampleMap.ThirdPersonExampleMap:PersistentLevel.ThirdPersonExampleMap)
[2016.10.04-13.38.31:232][916]LogPlayLevel: PlayLevel: Blueprint regeneration took 100 ms (1 blueprints)
[2016.10.04-13.38.31:254][916]BlueprintLog: Info Blueprint ThirdPersonExampleMap failed to compile
[2016.10.04-13.38.32:657][916]PIE: New page: PIE session: ThirdPersonExampleMap (Oct 4, 2016, 4:38:32 AM)
[2016.10.04-13.38.32:657][916]LogPlayLevel: Creating play world package: /Game/ThirdPersonBP/Maps/UEDPIE_0_ThirdPersonExampleMap
[2016.10.04-13.38.32:872][916]LogPlayLevel: PIE: StaticDuplicateObject took: (0.214623s)
[2016.10.04-13.38.32:873][916]LogAIModule: Creating AISystem for world ThirdPersonExampleMap
[2016.10.04-13.38.32:873][916]LogPlayLevel: PIE: World Init took: (0.000833s)
[2016.10.04-13.38.32:873][916]LogPlayLevel: PIE: Created PIE world by copying editor world from /Game/ThirdPersonBP/Maps/ThirdPersonExampleMap.ThirdPersonExampleMap to /Game/ThirdPersonBP/Maps/UEDPIE_0_ThirdPersonExampleMap.ThirdPersonExampleMap (0.216132s)
[2016.10.04-13.38.32:886][916]LogInit: XAudio2 using 'Speakers (Realtek High Definition Audio)' : 2 channels at 48 kHz using 32 bits per sample (channel mask 0x3)
[2016.10.04-13.38.32:893][916]LogInit: FAudioDevice initialized.
[2016.10.04-13.38.32:951][916]LogWorld: Game class is 'ThirdPersonGameMode_C'
[2016.10.04-13.38.33:022][916]LogWorld: Bringing World /Game/ThirdPersonBP/Maps/UEDPIE_0_ThirdPersonExampleMap.ThirdPersonExampleMap up for play (max tick rate 0) at 2016.10.04-09.38.33
[2016.10.04-13.38.33:039][916]LogWorld: Bringing up level for play took: 0.086384
[2016.10.04-13.38.33:041][916]LogContentBrowser: Native class hierarchy updated for 'MovieSceneCapture' in 0.0003 seconds. Added 11 classes and 0 folders.
[2016.10.04-13.38.33:043][916]PIE: Info Play in editor start time for /Game/ThirdPersonBP/Maps/UEDPIE_0_ThirdPersonExampleMap 1.423
[2016.10.04-13.38.33:044][916]LogBlueprintUserMessages: Late PlayInEditor Detection: Level '/Game/ThirdPersonBP/Maps/ThirdPersonExampleMap.ThirdPersonExampleMap:PersistentLevel' has LevelScriptBlueprint '/Game/ThirdPersonBP/Maps/ThirdPersonExampleMap.ThirdPersonExampleMap:PersistentLevel.ThirdPersonExampleMap' with GeneratedClass '/Game/ThirdPersonBP/Maps/ThirdPersonExampleMap.ThirdPersonExampleMap_C' with ClassGeneratedBy '/Game/ThirdPersonBP/Maps/ThirdPersonExampleMap.ThirdPersonExampleMap:PersistentLevel.ThirdPersonExampleMap'
[2016.10.04-13.38.41:336][593]LogBlueprintUserMessages: Early EndPlayMap Detection: Level '/Game/ThirdPersonBP/Maps/ThirdPersonExampleMap.ThirdPersonExampleMap:PersistentLevel' has LevelScriptBlueprint '/Game/ThirdPersonBP/Maps/ThirdPersonExampleMap.ThirdPersonExampleMap:PersistentLevel.ThirdPersonExampleMap' with GeneratedClass '/Game/ThirdPersonBP/Maps/ThirdPersonExampleMap.ThirdPersonExampleMap_C' with ClassGeneratedBy '/Game/ThirdPersonBP/Maps/ThirdPersonExampleMap.ThirdPersonExampleMap:PersistentLevel.ThirdPersonExampleMap'
[2016.10.04-13.38.41:379][593]LogBlueprintUserMessages: Late EndPlayMap Detection: Level '/Game/ThirdPersonBP/Maps/ThirdPersonExampleMap.ThirdPersonExampleMap:PersistentLevel' has LevelScriptBlueprint '/Game/ThirdPersonBP/Maps/ThirdPersonExampleMap.ThirdPersonExampleMap:PersistentLevel.ThirdPersonExampleMap' with GeneratedClass '/Game/ThirdPersonBP/Maps/ThirdPersonExampleMap.ThirdPersonExampleMap_C' with ClassGeneratedBy '/Game/ThirdPersonBP/Maps/ThirdPersonExampleMap.ThirdPersonExampleMap:PersistentLevel.ThirdPersonExampleMap'
[2016.10.04-13.39.07:271][341]Cmd: QUIT_EDITOR
[2016.10.04-13.39.07:355][341]LogExit: Preparing to exit.
[2016.10.04-13.39.07:769][341]LogExit: Editor shut down
[2016.10.04-13.39.07:769][341]LogExit: Transaction tracking system shut down
[2016.10.04-13.39.07:858][341]LogObj: Freed 0b from 0 cluster array pools.
[2016.10.04-13.39.07:858][341]LogExit: Object subsystem successfully closed.
[2016.10.04-13.39.07:879][341]LogD3D11RHI: Shutdown
[2016.10.04-13.39.07:879][341]LogD3D11RHI: CleanupD3DDevice
[2016.10.04-13.39.07:953][341]LogD3D11RHI: ~FD3D11DynamicRHI
[2016.10.04-13.39.07:959][341]LogModuleManager: Shutting down and abandoning module MovieSceneCapture (214)
[2016.10.04-13.39.07:959][341]LogModuleManager: Shutting down and abandoning module HierarchicalLODOutliner (213)
[2016.10.04-13.39.07:959][341]LogModuleManager: Shutting down and abandoning module CrashTracker (212)
[2016.10.04-13.39.07:959][341]LogModuleManager: Shutting down and abandoning module SceneOutliner (211)
[2016.10.04-13.39.07:959][341]LogModuleManager: Shutting down and abandoning module WidgetCarousel (210)
[2016.10.04-13.39.07:959][341]LogModuleManager: Shutting down and abandoning module AddContentDialog (209)
[2016.10.04-13.39.07:960][341]LogModuleManager: Shutting down and abandoning module GameplayTags (208)
[2016.10.04-13.39.07:960][341]LogModuleManager: Shutting down and abandoning module EditorWidgets (207)
[2016.10.04-13.39.07:960][341]LogModuleManager: Shutting down and abandoning module CollectionManager (206)
[2016.10.04-13.39.07:960][341]LogModuleManager: Shutting down and abandoning module StatsViewer (205)
[2016.10.04-13.39.07:960][341]LogModuleManager: Shutting down and abandoning module FoliageEdit (204)
[2016.10.04-13.39.07:960][341]LogModuleManager: Shutting down and abandoning module LandscapeEditor (203)
[2016.10.04-13.39.07:960][341]LogModuleManager: Shutting down and abandoning module SceneDepthPickerMode (202)
[2016.10.04-13.39.07:960][341]LogModuleManager: Shutting down and abandoning module ActorPickerMode (201)
[2016.10.04-13.39.07:960][341]LogModuleManager: Shutting down and abandoning module GeometryMode (200)
[2016.10.04-13.39.07:960][341]LogModuleManager: Shutting down and abandoning module TextureAlignMode (199)
[2016.10.04-13.39.07:960][341]LogModuleManager: Shutting down and abandoning module BspMode (198)
[2016.10.04-13.39.07:960][341]LogModuleManager: Shutting down and abandoning module HardwareSurvey (197)
[2016.10.04-13.39.07:960][341]LogModuleManager: Shutting down and abandoning module SequenceRecorderSections (196)
[2016.10.04-13.39.07:960][341]LogModuleManager: Shutting down and abandoning module SequenceRecorder (195)
[2016.10.04-13.39.07:960][341]LogModuleManager: Shutting down and abandoning module AutomationWorker (194)
[2016.10.04-13.39.07:960][341]LogModuleManager: Shutting down and abandoning module MatineeToLevelSequence (193)
[2016.10.04-13.39.07:960][341]LogModuleManager: Shutting down and abandoning module PlacementMode (192)
[2016.10.04-13.39.07:960][341]LogModuleManager: Shutting down and abandoning module LevelSequenceEditor (191)
[2016.10.04-13.39.07:960][341]LogModuleManager: Shutting down and abandoning module CharacterAI (190)
[2016.10.04-13.39.07:960][341]LogModuleManager: Shutting down and abandoning module SmartSnapping (189)
[2016.10.04-13.39.07:960][341]LogModuleManager: Shutting down and abandoning module SessionServices (188)
[2016.10.04-13.39.07:960][341]LogModuleManager: Shutting down and abandoning module ViewportSnapping (187)
[2016.10.04-13.39.07:960][341]LogModuleManager: Shutting down and abandoning module LogVisualizer (186)
[2016.10.04-13.39.07:960][341]LogModuleManager: Shutting down and abandoning module GameProjectGeneration (185)
[2016.10.04-13.39.07:960][341]LogModuleManager: Shutting down and abandoning module IntroTutorials (184)
[2016.10.04-13.39.07:960][341]LogModuleManager: Shutting down and abandoning module EditorLiveStreaming (183)
[2016.10.04-13.39.07:960][341]LogModuleManager: Shutting down and abandoning module IOSPlatformEditor (182)
[2016.10.04-13.39.07:960][341]LogModuleManager: Shutting down and abandoning module HTML5PlatformEditor (181)
[2016.10.04-13.39.07:960][341]LogModuleManager: Shutting down and abandoning module AndroidDeviceDetection (180)
[2016.10.04-13.39.08:108][341]LogModuleManager: Shutting down and abandoning module AndroidPlatformEditor (179)
[2016.10.04-13.39.08:108][341]LogModuleManager: Shutting down and abandoning module IOSRuntimeSettings (178)
[2016.10.04-13.39.08:108][341]LogModuleManager: Shutting down and abandoning module AndroidRuntimeSettings (177)
[2016.10.04-13.39.08:109][341]LogModuleManager: Shutting down and abandoning module MergeActors (176)
[2016.10.04-13.39.08:109][341]LogModuleManager: Shutting down and abandoning module SizeMap (175)
[2016.10.04-13.39.08:109][341]LogModuleManager: Shutting down and abandoning module TreeMap (174)
[2016.10.04-13.39.08:109][341]LogModuleManager: Shutting down and abandoning module ReferenceViewer (173)
[2016.10.04-13.39.08:109][341]LogModuleManager: Shutting down and abandoning module LocalizationService (172)
[2016.10.04-13.39.08:109][341]LogModuleManager: Shutting down and abandoning module LocalizationDashboard (171)
[2016.10.04-13.39.08:109][341]LogModuleManager: Shutting down and abandoning module HardwareTargeting (170)
[2016.10.04-13.39.08:109][341]LogModuleManager: Shutting down and abandoning module DeviceProfileEditor (169)
[2016.10.04-13.39.08:109][341]LogModuleManager: Shutting down and abandoning module UndoHistory (168)
[2016.10.04-13.39.08:109][341]LogModuleManager: Shutting down and abandoning module UserFeedback (167)
[2016.10.04-13.39.08:109][341]LogModuleManager: Shutting down and abandoning module XmlParser (166)
[2016.10.04-13.39.08:109][341]LogModuleManager: Shutting down and abandoning module Blutility (165)
[2016.10.04-13.39.08:109][341]LogModuleManager: Shutting down and abandoning module ProjectTargetPlatformEditor (164)
[2016.10.04-13.39.08:109][341]LogModuleManager: Shutting down and abandoning module ProjectSettingsViewer (163)
[2016.10.04-13.39.08:109][341]LogModuleManager: Shutting down and abandoning module InputBindingEditor (162)
[2016.10.04-13.39.08:110][341]LogModuleManager: Shutting down and abandoning module EditorSettingsViewer (161)
[2016.10.04-13.39.08:110][341]LogModuleManager: Shutting down and abandoning module SettingsEditor (160)
[2016.10.04-13.39.08:110][341]LogModuleManager: Shutting down and abandoning module ProjectLauncher (159)
[2016.10.04-13.39.08:110][341]LogModuleManager: Shutting down and abandoning module SessionFrontend (158)
[2016.10.04-13.39.08:110][341]LogModuleManager: Shutting down and abandoning module ProfilerClient (157)
[2016.10.04-13.39.08:110][341]LogModuleManager: Shutting down and abandoning module TargetDeviceServices (156)
[2016.10.04-13.39.08:110][341]LogModuleManager: Shutting down and abandoning module DeviceManager (155)
[2016.10.04-13.39.08:160][341]LogModuleManager: Shutting down and abandoning module AutomationController (154)
[2016.10.04-13.39.08:160][341]LogModuleManager: Shutting down and abandoning module AutomationWindow (153)
[2016.10.04-13.39.08:160][341]LogModuleManager: Shutting down and abandoning module Layers (152)
[2016.10.04-13.39.08:160][341]LogModuleManager: Shutting down and abandoning module ComponentVisualizers (151)
[2016.10.04-13.39.08:160][341]LogModuleManager: Shutting down and abandoning module DetailCustomizations (150)
[2016.10.04-13.39.08:160][341]LogModuleManager: Shutting down and abandoning module PackagesDialog (149)
[2016.10.04-13.39.08:160][341]LogModuleManager: Shutting down and abandoning module Persona (148)
[2016.10.04-13.39.08:160][341]LogModuleManager: Shutting down and abandoning module Kismet (147)
[2016.10.04-13.39.08:160][341]LogModuleManager: Shutting down and abandoning module GraphEditor (146)
[2016.10.04-13.39.08:160][341]LogModuleManager: Shutting down and abandoning module ClassViewer (145)
[2016.10.04-13.39.08:161][341]LogModuleManager: Shutting down and abandoning module Toolbox (144)
[2016.10.04-13.39.08:161][341]LogModuleManager: Shutting down and abandoning module ModuleUI (143)
[2016.10.04-13.39.08:161][341]LogModuleManager: Shutting down and abandoning module MovieSceneTools (142)
[2016.10.04-13.39.08:161][341]LogModuleManager: Shutting down and abandoning module OutputLog (141)
[2016.10.04-13.39.08:161][341]LogModuleManager: Shutting down and abandoning module GammaUI (140)
[2016.10.04-13.39.08:161][341]LogModuleManager: Shutting down and abandoning module Documentation (139)
[2016.10.04-13.39.08:161][341]LogModuleManager: Shutting down and abandoning module StreamingPauseRendering (138)
[2016.10.04-13.39.08:161][341]LogModuleManager: Shutting down and abandoning module AnalyticsET (137)
[2016.10.04-13.39.08:161][341]LogModuleManager: Shutting down and abandoning module Analytics (136)
[2016.10.04-13.39.08:161][341]LogModuleManager: Shutting down and abandoning module PortalServices (135)
[2016.10.04-13.39.08:161][341]LogModuleManager: Shutting down and abandoning module PortalRpc (134)
[2016.10.04-13.39.08:161][341]LogModuleManager: Shutting down and abandoning module MessagingRpc (133)
[2016.10.04-13.39.08:161][341]LogModuleManager: Shutting down and abandoning module GameplayDebugger (132)
[2016.10.04-13.39.08:161][341]LogModuleManager: Shutting down and abandoning module AITestSuite (131)
[2016.10.04-13.39.08:161][341]LogModuleManager: Shutting down and abandoning module AIModule (130)
[2016.10.04-13.39.08:161][341]LogModuleManager: Shutting down and abandoning module ProfilerService (129)
[2016.10.04-13.39.08:346][341]LogModuleManager: Shutting down and abandoning module TaskGraph (128)
[2016.10.04-13.39.08:347][341]LogModuleManager: Shutting down and abandoning module SlateRemote (127)
[2016.10.04-13.39.08:347][341]LogModuleManager: Shutting down and abandoning module SteamVRController (126)
[2016.10.04-13.39.08:347][341]LogModuleManager: Shutting down and abandoning module SteamVR (125)
[2016.10.04-13.39.08:347][341]LogModuleManager: Shutting down and abandoning module ProceduralMeshComponent (124)
[2016.10.04-13.39.08:347][341]LogModuleManager: Shutting down and abandoning module OculusLibrary (123)
[2016.10.04-13.39.08:347][341]LogModuleManager: Shutting down and abandoning module OculusInput (122)
[2016.10.04-13.39.08:347][341]LogModuleManager: Shutting down and abandoning module CustomMeshComponent (121)
[2016.10.04-13.39.08:347][341]LogModuleManager: Shutting down and abandoning module CableComponent (120)
[2016.10.04-13.39.08:347][341]LogModuleManager: Shutting down and abandoning module ArchVisCharacter (119)
[2016.10.04-13.39.08:347][341]LogModuleManager: Shutting down and abandoning module MediaPlayerEditor (118)
[2016.10.04-13.39.08:347][341]LogModuleManager: Shutting down and abandoning module HTML5Networking (117)
[2016.10.04-13.39.08:347][341]LogModuleManager: Shutting down and abandoning module SuperSearch (116)
[2016.10.04-13.39.08:347][341]LogModuleManager: Shutting down and abandoning module SuperSearchEditor (115)
[2016.10.04-13.39.08:347][341]LogModuleManager: Shutting down and abandoning module SpeedTreeImporter (114)
[2016.10.04-13.39.08:347][341]LogModuleManager: Shutting down and abandoning module PluginBrowser (113)
[2016.10.04-13.39.08:347][341]LogModuleManager: Shutting down and abandoning module EpicSurvey (112)
[2016.10.04-13.39.08:347][341]LogModuleManager: Shutting down and abandoning module DesktopPlatform (111)
[2016.10.04-13.39.08:347][341]LogModuleManager: Shutting down and abandoning module VisualStudioSourceCodeAccess (110)
[2016.10.04-13.39.08:347][341]LogModuleManager: Shutting down and abandoning module UObjectPlugin (109)
[2016.10.04-13.39.08:347][341]LogModuleManager: Shutting down and abandoning module SubversionSourceControl (108)
[2016.10.04-13.39.08:348][341]LogModuleManager: Shutting down and abandoning module PerforceSourceControl (107)
[2016.10.04-13.39.08:348][341]LogModuleManager: Shutting down and abandoning module SourceControl (106)
[2016.10.04-13.39.08:348][341]LogModuleManager: Shutting down and abandoning module GitSourceControl (105)
[2016.10.04-13.39.08:348][341]LogModuleManager: Shutting down and abandoning module LightPropagationVolumeEditor (104)
[2016.10.04-13.39.08:348][341]LogModuleManager: Shutting down and abandoning module PaperTiledImporter (103)
[2016.10.04-13.39.08:348][341]LogModuleManager: Shutting down and abandoning module PaperSpriteSheetImporter (102)
[2016.10.04-13.39.08:348][341]LogModuleManager: Shutting down and abandoning module MeshPaint (101)
[2016.10.04-13.39.08:348][341]LogModuleManager: Shutting down and abandoning module PixelInspectorModule (100)
[2016.10.04-13.39.08:348][341]LogModuleManager: Shutting down and abandoning module HotReload (99)
[2016.10.04-13.39.08:349][341]LogModuleManager: Shutting down and abandoning module MainFrame (98)
[2016.10.04-13.39.08:349][341]LogModuleManager: Shutting down and abandoning module LevelEditor (97)
[2016.10.04-13.39.08:350][341]LogModuleManager: Shutting down and abandoning module ContentBrowser (96)
[2016.10.04-13.39.08:352][341]LogModuleManager: Shutting down and abandoning module Paper2DEditor (95)
[2016.10.04-13.39.08:352][341]LogModuleManager: Shutting down and abandoning module UdpMessaging (94)
[2016.10.04-13.39.08:452][341]LogModuleManager: Shutting down and abandoning module LightPropagationVolumeRuntime (93)
[2016.10.04-13.39.08:452][341]LogModuleManager: Shutting down and abandoning module Paper2D (92)
[2016.10.04-13.39.08:452][341]LogModuleManager: Shutting down and abandoning module WindowsMoviePlayer (91)
[2016.10.04-13.39.08:452][341]LogModuleManager: Shutting down and abandoning module Media (90)
[2016.10.04-13.39.08:452][341]LogModuleManager: Shutting down and abandoning module WmfMedia (89)
[2016.10.04-13.39.08:453][341]LogModuleManager: Shutting down and abandoning module MediaAssets (88)
[2016.10.04-13.39.08:453][341]LogModuleManager: Shutting down and abandoning module GameLiveStreaming (87)
[2016.10.04-13.39.08:453][341]LogModuleManager: Shutting down and abandoning module GameplayTagsEditor (86)
[2016.10.04-13.39.08:453][341]LogModuleManager: Shutting down and abandoning module OnlineBlueprintSupport (85)
[2016.10.04-13.39.08:453][341]LogModuleManager: Shutting down and abandoning module VREditor (84)
[2016.10.04-13.39.08:453][341]LogModuleManager: Shutting down and abandoning module GameplayTasksEditor (83)
[2016.10.04-13.39.08:453][341]LogModuleManager: Shutting down and abandoning module PropertyEditor (82)
[2016.10.04-13.39.08:453][341]LogModuleManager: Shutting down and abandoning module BehaviorTreeEditor (81)
[2016.10.04-13.39.08:453][341]LogModuleManager: Shutting down and abandoning module FunctionalTesting (80)
[2016.10.04-13.39.08:453][341]LogModuleManager: Shutting down and abandoning module CollisionAnalyzer (79)
[2016.10.04-13.39.08:453][341]LogModuleManager: Shutting down and abandoning module Sequencer (78)
[2016.10.04-13.39.08:454][341]LogModuleManager: Shutting down and abandoning module WorkspaceMenuStructure (77)
[2016.10.04-13.39.08:454][341]LogModuleManager: Shutting down and abandoning module MessageLog (76)
[2016.10.04-13.39.08:454][341]LogModuleManager: Shutting down and abandoning module AssetTools (75)
[2016.10.04-13.39.08:454][341]LogModuleManager: Shutting down and abandoning module UMGEditor (74)
[2016.10.04-13.39.08:454][341]LogModuleManager: Shutting down and abandoning module UMG (73)
[2016.10.04-13.39.08:454][341]LogModuleManager: Shutting down and abandoning module SlateReflector (72)
[2016.10.04-13.39.08:454][341]LogModuleManager: Shutting down and abandoning module Slate (71)
[2016.10.04-13.39.08:454][341]LogModuleManager: Shutting down and abandoning module EditorStyle (70)
[2016.10.04-13.39.08:461][341]LogModuleManager: Shutting down and abandoning module SourceCodeAccess (69)
[2016.10.04-13.39.08:461][341]LogModuleManager: Shutting down and abandoning module HeadMountedDisplay (68)
[2016.10.04-13.39.08:461][341]LogModuleManager: Shutting down and abandoning module XAudio2 (67)
[2016.10.04-13.39.08:461][341]LogModuleManager: Shutting down and abandoning module Networking (65)
[2016.10.04-13.39.08:461][341]LogModuleManager: Shutting down and abandoning module Core (64)
[2016.10.04-13.39.08:461][341]LogModuleManager: Shutting down and abandoning module DirectoryWatcher (63)
[2016.10.04-13.39.08:462][341]LogModuleManager: Shutting down and abandoning module AssetRegistry (62)
[2016.10.04-13.39.08:573][341]LogModuleManager: Shutting down and abandoning module KismetCompiler (61)
[2016.10.04-13.39.08:573][341]LogModuleManager: Shutting down and abandoning module PhysXFormats (60)
[2016.10.04-13.39.08:573][341]LogModuleManager: Shutting down and abandoning module MeshUtilities (59)
[2016.10.04-13.39.08:573][341]LogModuleManager: Shutting down and abandoning module DerivedDataCache (58)
[2016.10.04-13.39.09:030][341]LogDerivedDataCache: Shutdown
[2016.10.04-13.39.09:030][341]LogModuleManager: Shutting down and abandoning module VulkanShaderFormat (57)
[2016.10.04-13.39.09:030][341]LogModuleManager: Shutting down and abandoning module ShaderFormatOpenGL (56)
[2016.10.04-13.39.09:030][341]LogModuleManager: Shutting down and abandoning module ShaderFormatD3D (55)
[2016.10.04-13.39.0